{"level":"info","message":"(cycling) check for queueing executions","timestamp":"2025-02-14 04:26:20"}
{"level":"info","message":"no execution in db queued to process","timestamp":"2025-02-14 04:26:32"}
{"level":"info","message":"(cycling) check for queueing executions","timestamp":"2025-02-14 04:31:11"}
{"level":"info","message":"no execution in db queued to process","timestamp":"2025-02-14 04:31:14"}
{"level":"info","message":"(cycling) check for queueing executions","timestamp":"2025-02-14 04:36:11"}
{"level":"info","message":"no execution in db queued to process","timestamp":"2025-02-14 04:36:12"}
{"level":"info","message":"(cycling) check for queueing executions","timestamp":"2025-02-14 04:41:11"}
{"level":"info","message":"no execution in db queued to process","timestamp":"2025-02-14 04:41:11"}
{"level":"info","message":"no more events need to be prepared, dispatching...","timestamp":"2025-02-14 04:44:10"}
{"level":"info","message":"last process finished, will do another dispatch","timestamp":"2025-02-14 04:44:10"}
{"level":"info","message":"no execution in db queued to process","timestamp":"2025-02-14 04:44:10"}
{"level":"info","message":"no more events need to be prepared, dispatching...","timestamp":"2025-02-14 04:44:12"}
{"level":"info","message":"last process finished, will do another dispatch","timestamp":"2025-02-14 04:44:13"}
{"level":"info","message":"no execution in db queued to process","timestamp":"2025-02-14 04:44:13"}
{"level":"info","message":"no more events need to be prepared, dispatching...","timestamp":"2025-02-14 04:44:15"}
{"level":"info","message":"last process finished, will do another dispatch","timestamp":"2025-02-14 04:44:15"}
{"level":"info","message":"no execution in db queued to process","timestamp":"2025-02-14 04:44:15"}
{"level":"info","message":"last process finished, will do another dispatch","timestamp":"2025-02-14 04:44:20"}
{"level":"warn","message":"workflow executing is not finished, new dispatching will be ignored","timestamp":"2025-02-14 04:44:20"}
{"level":"warn","message":"workflow executing is not finished, new dispatching will be ignored","timestamp":"2025-02-14 04:44:20"}
{"level":"info","message":"last process finished, will do another dispatch","timestamp":"2025-02-14 04:44:20"}
{"level":"info","message":"last process finished, will do another dispatch","timestamp":"2025-02-14 04:44:21"}
{"level":"info","message":"no execution in db queued to process","timestamp":"2025-02-14 04:44:21"}
{"level":"info","message":"(cycling) check for queueing executions","timestamp":"2025-02-14 04:46:11"}
{"level":"info","message":"no execution in db queued to process","timestamp":"2025-02-14 04:46:11"}
{"level":"info","message":"(cycling) check for queueing executions","timestamp":"2025-02-14 04:51:11"}
{"level":"info","message":"no execution in db queued to process","timestamp":"2025-02-14 04:51:12"}
{"level":"info","message":"(cycling) check for queueing executions","timestamp":"2025-02-14 04:56:11"}
{"level":"info","message":"no execution in db queued to process","timestamp":"2025-02-14 04:56:12"}
{"level":"info","message":"(cycling) check for queueing executions","timestamp":"2025-02-14 05:01:11"}
{"level":"info","message":"no execution in db queued to process","timestamp":"2025-02-14 05:01:12"}
{"level":"info","message":"(cycling) check for queueing executions","timestamp":"2025-02-14 05:06:11"}
{"level":"info","message":"no execution in db queued to process","timestamp":"2025-02-14 05:06:11"}
{"level":"info","message":"(cycling) check for queueing executions","timestamp":"2025-02-14 05:11:11"}
{"level":"info","message":"no execution in db queued to process","timestamp":"2025-02-14 05:11:11"}
{"level":"info","message":"(cycling) check for queueing executions","timestamp":"2025-02-14 05:16:11"}
{"level":"info","message":"no execution in db queued to process","timestamp":"2025-02-14 05:16:11"}
{"level":"info","message":"(cycling) check for queueing executions","timestamp":"2025-02-14 05:21:11"}
{"level":"info","message":"no execution in db queued to process","timestamp":"2025-02-14 05:21:11"}
{"level":"info","message":"(cycling) check for queueing executions","timestamp":"2025-02-14 05:26:11"}
{"level":"info","message":"no execution in db queued to process","timestamp":"2025-02-14 05:26:12"}
{"level":"info","message":"(cycling) check for queueing executions","timestamp":"2025-02-14 05:31:11"}
{"level":"info","message":"no execution in db queued to process","timestamp":"2025-02-14 05:31:11"}
{"level":"info","message":"(cycling) check for queueing executions","timestamp":"2025-02-14 05:36:11"}
{"level":"info","message":"no execution in db queued to process","timestamp":"2025-02-14 05:36:11"}
{"level":"info","message":"(cycling) check for queueing executions","timestamp":"2025-02-14 05:41:11"}
{"level":"info","message":"no execution in db queued to process","timestamp":"2025-02-14 05:41:12"}
{"level":"info","message":"(cycling) check for queueing executions","timestamp":"2025-02-14 05:46:11"}
{"level":"info","message":"no execution in db queued to process","timestamp":"2025-02-14 05:46:11"}
{"level":"info","message":"(cycling) check for queueing executions","timestamp":"2025-02-14 05:51:11"}
{"level":"info","message":"no execution in db queued to process","timestamp":"2025-02-14 05:51:12"}
{"level":"info","message":"(cycling) check for queueing executions","timestamp":"2025-02-14 05:56:12"}
{"level":"info","message":"no execution in db queued to process","timestamp":"2025-02-14 05:56:18"}
{"level":"info","message":"(cycling) check for queueing executions","timestamp":"2025-02-14 06:01:10"}
{"level":"info","message":"no execution in db queued to process","timestamp":"2025-02-14 06:01:11"}
{"level":"info","message":"no more events need to be prepared, dispatching...","timestamp":"2025-02-14 06:03:28"}
{"level":"info","message":"last process finished, will do another dispatch","timestamp":"2025-02-14 06:03:29"}
{"level":"info","message":"no execution in db queued to process","timestamp":"2025-02-14 06:03:29"}
{"level":"info","message":"last process finished, will do another dispatch","timestamp":"2025-02-14 06:03:34"}
{"level":"info","message":"no execution in db queued to process","timestamp":"2025-02-14 06:03:34"}
{"level":"info","message":"(cycling) check for queueing executions","timestamp":"2025-02-14 06:06:10"}
{"level":"info","message":"no execution in db queued to process","timestamp":"2025-02-14 06:06:10"}
{"level":"info","message":"no more events need to be prepared, dispatching...","timestamp":"2025-02-14 06:06:13"}
{"level":"info","message":"last process finished, will do another dispatch","timestamp":"2025-02-14 06:06:13"}
{"level":"info","message":"no execution in db queued to process","timestamp":"2025-02-14 06:06:13"}
{"level":"info","message":"last process finished, will do another dispatch","timestamp":"2025-02-14 06:06:15"}
{"level":"info","message":"no execution in db queued to process","timestamp":"2025-02-14 06:06:15"}
{"level":"info","message":"no more events need to be prepared, dispatching...","timestamp":"2025-02-14 06:08:12"}
{"level":"info","message":"last process finished, will do another dispatch","timestamp":"2025-02-14 06:08:13"}
{"level":"info","message":"no execution in db queued to process","timestamp":"2025-02-14 06:08:13"}
{"level":"info","message":"last process finished, will do another dispatch","timestamp":"2025-02-14 06:08:18"}
{"level":"info","message":"no execution in db queued to process","timestamp":"2025-02-14 06:08:18"}
{"level":"info","message":"no more events need to be prepared, dispatching...","timestamp":"2025-02-14 06:09:58"}
{"level":"info","message":"last process finished, will do another dispatch","timestamp":"2025-02-14 06:09:59"}
{"level":"info","message":"no execution in db queued to process","timestamp":"2025-02-14 06:09:59"}
{"level":"info","message":"last process finished, will do another dispatch","timestamp":"2025-02-14 06:10:00"}
{"level":"info","message":"no execution in db queued to process","timestamp":"2025-02-14 06:10:00"}
{"level":"info","message":"(cycling) check for queueing executions","timestamp":"2025-02-14 06:11:10"}
{"level":"info","message":"no execution in db queued to process","timestamp":"2025-02-14 06:11:10"}
{"level":"info","message":"no more events need to be prepared, dispatching...","timestamp":"2025-02-14 06:12:07"}
{"level":"info","message":"last process finished, will do another dispatch","timestamp":"2025-02-14 06:12:08"}
{"level":"info","message":"no execution in db queued to process","timestamp":"2025-02-14 06:12:08"}
{"level":"info","message":"last process finished, will do another dispatch","timestamp":"2025-02-14 06:12:13"}
{"level":"info","message":"no execution in db queued to process","timestamp":"2025-02-14 06:12:13"}
{"level":"info","message":"(cycling) check for queueing executions","timestamp":"2025-02-14 06:16:10"}
{"level":"info","message":"no execution in db queued to process","timestamp":"2025-02-14 06:16:11"}
{"level":"info","message":"(cycling) check for queueing executions","timestamp":"2025-02-14 06:21:10"}
{"level":"info","message":"no execution in db queued to process","timestamp":"2025-02-14 06:21:11"}
{"level":"info","message":"no more events need to be prepared, dispatching...","timestamp":"2025-02-14 06:24:14"}
{"level":"info","message":"last process finished, will do another dispatch","timestamp":"2025-02-14 06:24:14"}
{"level":"info","message":"no execution in db queued to process","timestamp":"2025-02-14 06:24:14"}
{"level":"info","message":"last process finished, will do another dispatch","timestamp":"2025-02-14 06:24:15"}
{"level":"info","message":"no execution in db queued to process","timestamp":"2025-02-14 06:24:15"}
{"level":"info","message":"no more events need to be prepared, dispatching...","timestamp":"2025-02-14 06:24:27"}
{"level":"info","message":"last process finished, will do another dispatch","timestamp":"2025-02-14 06:24:27"}
{"level":"info","message":"no execution in db queued to process","timestamp":"2025-02-14 06:24:27"}
{"level":"info","message":"last process finished, will do another dispatch","timestamp":"2025-02-14 06:24:27"}
{"level":"info","message":"no execution in db queued to process","timestamp":"2025-02-14 06:24:27"}
{"level":"info","message":"no more events need to be prepared, dispatching...","timestamp":"2025-02-14 06:24:48"}
{"level":"info","message":"last process finished, will do another dispatch","timestamp":"2025-02-14 06:24:49"}
{"level":"info","message":"no execution in db queued to process","timestamp":"2025-02-14 06:24:49"}
{"level":"info","message":"last process finished, will do another dispatch","timestamp":"2025-02-14 06:24:49"}
{"level":"info","message":"no execution in db queued to process","timestamp":"2025-02-14 06:24:49"}
{"level":"info","message":"(cycling) check for queueing executions","timestamp":"2025-02-14 06:26:10"}
{"level":"info","message":"no execution in db queued to process","timestamp":"2025-02-14 06:26:10"}
{"level":"info","message":"no more events need to be prepared, dispatching...","timestamp":"2025-02-14 06:30:59"}
{"level":"info","message":"last process finished, will do another dispatch","timestamp":"2025-02-14 06:30:59"}
{"level":"info","message":"no execution in db queued to process","timestamp":"2025-02-14 06:30:59"}
{"level":"info","message":"last process finished, will do another dispatch","timestamp":"2025-02-14 06:31:04"}
{"level":"info","message":"no execution in db queued to process","timestamp":"2025-02-14 06:31:04"}
{"level":"info","message":"(cycling) check for queueing executions","timestamp":"2025-02-14 06:31:10"}
{"level":"info","message":"no execution in db queued to process","timestamp":"2025-02-14 06:31:10"}
{"level":"info","message":"no more events need to be prepared, dispatching...","timestamp":"2025-02-14 06:32:10"}
{"level":"info","message":"last process finished, will do another dispatch","timestamp":"2025-02-14 06:32:10"}
{"level":"info","message":"no execution in db queued to process","timestamp":"2025-02-14 06:32:11"}
{"level":"info","message":"last process finished, will do another dispatch","timestamp":"2025-02-14 06:32:12"}
{"level":"info","message":"no execution in db queued to process","timestamp":"2025-02-14 06:32:12"}
{"level":"info","message":"(cycling) check for queueing executions","timestamp":"2025-02-14 06:36:10"}
{"level":"info","message":"no execution in db queued to process","timestamp":"2025-02-14 06:36:10"}
{"level":"info","message":"(cycling) check for queueing executions","timestamp":"2025-02-14 06:41:10"}
{"level":"info","message":"no execution in db queued to process","timestamp":"2025-02-14 06:41:10"}
{"level":"info","message":"no more events need to be prepared, dispatching...","timestamp":"2025-02-14 06:42:49"}
{"level":"info","message":"last process finished, will do another dispatch","timestamp":"2025-02-14 06:42:49"}
{"level":"info","message":"no execution in db queued to process","timestamp":"2025-02-14 06:42:49"}
{"level":"info","message":"last process finished, will do another dispatch","timestamp":"2025-02-14 06:42:51"}
{"level":"info","message":"no execution in db queued to process","timestamp":"2025-02-14 06:42:51"}
{"level":"info","message":"no more events need to be prepared, dispatching...","timestamp":"2025-02-14 06:43:25"}
{"level":"info","message":"last process finished, will do another dispatch","timestamp":"2025-02-14 06:43:26"}
{"level":"info","message":"no execution in db queued to process","timestamp":"2025-02-14 06:43:26"}
{"level":"info","message":"last process finished, will do another dispatch","timestamp":"2025-02-14 06:43:27"}
{"level":"info","message":"no execution in db queued to process","timestamp":"2025-02-14 06:43:27"}
{"level":"info","message":"no more events need to be prepared, dispatching...","timestamp":"2025-02-14 06:44:42"}
{"level":"info","message":"last process finished, will do another dispatch","timestamp":"2025-02-14 06:44:42"}
{"level":"info","message":"no execution in db queued to process","timestamp":"2025-02-14 06:44:42"}
{"level":"info","message":"last process finished, will do another dispatch","timestamp":"2025-02-14 06:44:45"}
{"level":"info","message":"no execution in db queued to process","timestamp":"2025-02-14 06:44:45"}
{"level":"info","message":"last process finished, will do another dispatch","timestamp":"2025-02-14 06:44:45"}
{"level":"info","message":"no execution in db queued to process","timestamp":"2025-02-14 06:44:45"}
{"level":"info","message":"last process finished, will do another dispatch","timestamp":"2025-02-14 06:44:48"}
{"level":"info","message":"no execution in db queued to process","timestamp":"2025-02-14 06:44:48"}
{"level":"info","message":"(cycling) check for queueing executions","timestamp":"2025-02-14 06:46:10"}
{"level":"info","message":"no execution in db queued to process","timestamp":"2025-02-14 06:46:11"}
{"level":"info","message":"no more events need to be prepared, dispatching...","timestamp":"2025-02-14 06:48:45"}
{"level":"info","message":"last process finished, will do another dispatch","timestamp":"2025-02-14 06:48:45"}
{"level":"info","message":"no execution in db queued to process","timestamp":"2025-02-14 06:48:45"}
{"level":"info","message":"last process finished, will do another dispatch","timestamp":"2025-02-14 06:48:50"}
{"level":"info","message":"no execution in db queued to process","timestamp":"2025-02-14 06:48:50"}
{"level":"info","message":"last process finished, will do another dispatch","timestamp":"2025-02-14 06:48:50"}
{"level":"info","message":"no execution in db queued to process","timestamp":"2025-02-14 06:48:50"}
{"level":"info","message":"last process finished, will do another dispatch","timestamp":"2025-02-14 06:48:52"}
{"level":"info","message":"no execution in db queued to process","timestamp":"2025-02-14 06:48:52"}
{"level":"info","message":"(cycling) check for queueing executions","timestamp":"2025-02-14 06:51:09"}
{"level":"info","message":"no execution in db queued to process","timestamp":"2025-02-14 06:51:10"}
{"level":"info","message":"no more events need to be prepared, dispatching...","timestamp":"2025-02-14 06:51:28"}
{"level":"info","message":"last process finished, will do another dispatch","timestamp":"2025-02-14 06:51:29"}
{"level":"info","message":"no execution in db queued to process","timestamp":"2025-02-14 06:51:29"}
{"level":"info","message":"last process finished, will do another dispatch","timestamp":"2025-02-14 06:51:37"}
{"level":"info","message":"no execution in db queued to process","timestamp":"2025-02-14 06:51:37"}
{"level":"info","message":"last process finished, will do another dispatch","timestamp":"2025-02-14 06:51:37"}
{"level":"info","message":"no execution in db queued to process","timestamp":"2025-02-14 06:51:39"}
{"level":"info","message":"last process finished, will do another dispatch","timestamp":"2025-02-14 06:51:42"}
{"level":"info","message":"no execution in db queued to process","timestamp":"2025-02-14 06:51:42"}
{"level":"info","message":"no more events need to be prepared, dispatching...","timestamp":"2025-02-14 06:53:46"}
{"level":"info","message":"last process finished, will do another dispatch","timestamp":"2025-02-14 06:53:47"}
{"level":"info","message":"no execution in db queued to process","timestamp":"2025-02-14 06:53:47"}
{"level":"info","message":"last process finished, will do another dispatch","timestamp":"2025-02-14 06:53:48"}
{"level":"info","message":"no execution in db queued to process","timestamp":"2025-02-14 06:53:48"}
{"level":"info","message":"last process finished, will do another dispatch","timestamp":"2025-02-14 06:53:48"}
{"level":"info","message":"no execution in db queued to process","timestamp":"2025-02-14 06:53:48"}
{"level":"info","message":"last process finished, will do another dispatch","timestamp":"2025-02-14 06:53:51"}
{"level":"info","message":"no execution in db queued to process","timestamp":"2025-02-14 06:53:51"}
{"level":"info","message":"last process finished, will do another dispatch","timestamp":"2025-02-14 06:53:51"}
{"level":"info","message":"no execution in db queued to process","timestamp":"2025-02-14 06:53:51"}
{"level":"info","message":"(cycling) check for queueing executions","timestamp":"2025-02-14 06:56:09"}
{"level":"info","message":"no execution in db queued to process","timestamp":"2025-02-14 06:56:20"}
{"level":"info","message":"(cycling) check for queueing executions","timestamp":"2025-02-14 07:01:08"}
{"level":"info","message":"no execution in db queued to process","timestamp":"2025-02-14 07:01:09"}
{"level":"info","message":"(cycling) check for queueing executions","timestamp":"2025-02-14 07:06:08"}
{"level":"info","message":"no execution in db queued to process","timestamp":"2025-02-14 07:06:09"}
{"level":"info","message":"(starting) check for queueing executions","timestamp":"2025-02-14 08:57:50"}
{"level":"info","message":"no execution in db queued to process","timestamp":"2025-02-14 08:57:50"}
{"level":"info","message":"(cycling) check for queueing executions","timestamp":"2025-02-14 09:02:50"}
{"level":"info","message":"no execution in db queued to process","timestamp":"2025-02-14 09:02:50"}
{"level":"info","message":"(cycling) check for queueing executions","timestamp":"2025-02-14 09:07:50"}
{"level":"info","message":"no execution in db queued to process","timestamp":"2025-02-14 09:07:50"}
{"level":"info","message":"(cycling) check for queueing executions","timestamp":"2025-02-14 09:12:50"}
{"level":"info","message":"no execution in db queued to process","timestamp":"2025-02-14 09:12:51"}
{"level":"info","message":"(cycling) check for queueing executions","timestamp":"2025-02-14 09:17:50"}
{"level":"info","message":"no execution in db queued to process","timestamp":"2025-02-14 09:17:50"}
{"level":"info","message":"(cycling) check for queueing executions","timestamp":"2025-02-14 09:22:50"}
{"level":"info","message":"no execution in db queued to process","timestamp":"2025-02-14 09:22:50"}
{"level":"info","message":"no more events need to be prepared, dispatching...","timestamp":"2025-02-14 09:24:30"}
{"level":"info","message":"last process finished, will do another dispatch","timestamp":"2025-02-14 09:24:30"}
{"level":"info","message":"no execution in db queued to process","timestamp":"2025-02-14 09:24:30"}
{"level":"info","message":"last process finished, will do another dispatch","timestamp":"2025-02-14 09:24:34"}
{"level":"info","message":"no execution in db queued to process","timestamp":"2025-02-14 09:24:34"}
{"level":"info","message":"no more events need to be prepared, dispatching...","timestamp":"2025-02-14 09:25:36"}
{"level":"info","message":"last process finished, will do another dispatch","timestamp":"2025-02-14 09:25:36"}
{"level":"info","message":"no execution in db queued to process","timestamp":"2025-02-14 09:25:36"}
{"level":"info","message":"last process finished, will do another dispatch","timestamp":"2025-02-14 09:25:37"}
{"level":"info","message":"no execution in db queued to process","timestamp":"2025-02-14 09:25:37"}
{"level":"info","message":"(cycling) check for queueing executions","timestamp":"2025-02-14 09:27:50"}
{"level":"info","message":"no execution in db queued to process","timestamp":"2025-02-14 09:27:50"}
{"level":"info","message":"no more events need to be prepared, dispatching...","timestamp":"2025-02-14 09:30:17"}
{"level":"info","message":"last process finished, will do another dispatch","timestamp":"2025-02-14 09:30:17"}
{"level":"info","message":"no execution in db queued to process","timestamp":"2025-02-14 09:30:17"}
{"level":"info","message":"last process finished, will do another dispatch","timestamp":"2025-02-14 09:30:18"}
{"level":"info","message":"no execution in db queued to process","timestamp":"2025-02-14 09:30:18"}
{"level":"info","message":"(cycling) check for queueing executions","timestamp":"2025-02-14 09:32:50"}
{"level":"info","message":"no execution in db queued to process","timestamp":"2025-02-14 09:32:50"}
{"level":"info","message":"no more events need to be prepared, dispatching...","timestamp":"2025-02-14 09:33:14"}
{"level":"info","message":"last process finished, will do another dispatch","timestamp":"2025-02-14 09:33:14"}
{"level":"info","message":"no execution in db queued to process","timestamp":"2025-02-14 09:33:14"}
{"level":"info","message":"last process finished, will do another dispatch","timestamp":"2025-02-14 09:33:14"}
{"level":"info","message":"no execution in db queued to process","timestamp":"2025-02-14 09:33:14"}
{"level":"info","message":"no more events need to be prepared, dispatching...","timestamp":"2025-02-14 09:35:55"}
{"level":"info","message":"last process finished, will do another dispatch","timestamp":"2025-02-14 09:35:55"}
{"level":"info","message":"no execution in db queued to process","timestamp":"2025-02-14 09:35:55"}
{"level":"info","message":"last process finished, will do another dispatch","timestamp":"2025-02-14 09:35:58"}
{"level":"info","message":"no execution in db queued to process","timestamp":"2025-02-14 09:35:58"}
{"level":"info","message":"(cycling) check for queueing executions","timestamp":"2025-02-14 09:37:50"}
{"level":"info","message":"no execution in db queued to process","timestamp":"2025-02-14 09:37:50"}
{"level":"info","message":"no more events need to be prepared, dispatching...","timestamp":"2025-02-14 09:38:32"}
{"level":"info","message":"last process finished, will do another dispatch","timestamp":"2025-02-14 09:38:33"}
{"level":"info","message":"no execution in db queued to process","timestamp":"2025-02-14 09:38:33"}
{"level":"info","message":"last process finished, will do another dispatch","timestamp":"2025-02-14 09:38:35"}
{"level":"info","message":"no execution in db queued to process","timestamp":"2025-02-14 09:38:35"}
{"level":"info","message":"no more events need to be prepared, dispatching...","timestamp":"2025-02-14 09:38:44"}
{"level":"info","message":"last process finished, will do another dispatch","timestamp":"2025-02-14 09:38:44"}
{"level":"info","message":"no execution in db queued to process","timestamp":"2025-02-14 09:38:44"}
{"level":"info","message":"last process finished, will do another dispatch","timestamp":"2025-02-14 09:38:44"}
{"level":"info","message":"no execution in db queued to process","timestamp":"2025-02-14 09:38:44"}
{"level":"info","message":"no more events need to be prepared, dispatching...","timestamp":"2025-02-14 09:38:50"}
{"level":"info","message":"last process finished, will do another dispatch","timestamp":"2025-02-14 09:38:50"}
{"level":"info","message":"no execution in db queued to process","timestamp":"2025-02-14 09:38:50"}
{"level":"info","message":"last process finished, will do another dispatch","timestamp":"2025-02-14 09:38:50"}
{"level":"info","message":"no execution in db queued to process","timestamp":"2025-02-14 09:38:51"}
{"level":"info","message":"no more events need to be prepared, dispatching...","timestamp":"2025-02-14 09:39:48"}
{"level":"info","message":"last process finished, will do another dispatch","timestamp":"2025-02-14 09:39:48"}
{"level":"info","message":"no execution in db queued to process","timestamp":"2025-02-14 09:39:48"}
{"level":"info","message":"last process finished, will do another dispatch","timestamp":"2025-02-14 09:39:49"}
{"level":"info","message":"no execution in db queued to process","timestamp":"2025-02-14 09:39:49"}
{"level":"info","message":"no more events need to be prepared, dispatching...","timestamp":"2025-02-14 09:42:50"}
{"level":"info","message":"last process finished, will do another dispatch","timestamp":"2025-02-14 09:42:50"}
{"level":"info","message":"(cycling) check for queueing executions","timestamp":"2025-02-14 09:42:50"}
{"level":"warn","message":"workflow executing is not finished, new dispatching will be ignored","timestamp":"2025-02-14 09:42:50"}
{"level":"info","message":"no execution in db queued to process","timestamp":"2025-02-14 09:42:50"}
{"level":"info","message":"last process finished, will do another dispatch","timestamp":"2025-02-14 09:42:51"}
{"level":"info","message":"no execution in db queued to process","timestamp":"2025-02-14 09:42:51"}
{"level":"info","message":"no more events need to be prepared, dispatching...","timestamp":"2025-02-14 09:44:38"}
{"level":"info","message":"last process finished, will do another dispatch","timestamp":"2025-02-14 09:44:38"}
{"level":"info","message":"no execution in db queued to process","timestamp":"2025-02-14 09:44:38"}
{"level":"info","message":"last process finished, will do another dispatch","timestamp":"2025-02-14 09:44:39"}
{"level":"info","message":"no execution in db queued to process","timestamp":"2025-02-14 09:44:39"}
{"level":"info","message":"last process finished, will do another dispatch","timestamp":"2025-02-14 09:44:39"}
{"level":"info","message":"no execution in db queued to process","timestamp":"2025-02-14 09:44:39"}
{"level":"info","message":"last process finished, will do another dispatch","timestamp":"2025-02-14 09:44:41"}
{"level":"info","message":"no execution in db queued to process","timestamp":"2025-02-14 09:44:41"}
{"level":"info","message":"last process finished, will do another dispatch","timestamp":"2025-02-14 09:44:42"}
{"level":"info","message":"no execution in db queued to process","timestamp":"2025-02-14 09:44:42"}
{"level":"info","message":"(cycling) check for queueing executions","timestamp":"2025-02-14 09:47:50"}
{"level":"info","message":"no execution in db queued to process","timestamp":"2025-02-14 09:47:50"}
{"level":"info","message":"(cycling) check for queueing executions","timestamp":"2025-02-14 09:52:50"}
{"level":"info","message":"no execution in db queued to process","timestamp":"2025-02-14 09:52:50"}
{"level":"info","message":"(cycling) check for queueing executions","timestamp":"2025-02-14 09:57:50"}
{"level":"info","message":"no execution in db queued to process","timestamp":"2025-02-14 09:57:50"}
{"level":"info","message":"(cycling) check for queueing executions","timestamp":"2025-02-14 10:02:50"}
{"level":"info","message":"no execution in db queued to process","timestamp":"2025-02-14 10:02:50"}
{"level":"info","message":"(cycling) check for queueing executions","timestamp":"2025-02-14 10:07:50"}
{"level":"info","message":"no execution in db queued to process","timestamp":"2025-02-14 10:07:50"}
{"level":"info","message":"(cycling) check for queueing executions","timestamp":"2025-02-14 10:12:50"}
{"level":"info","message":"no execution in db queued to process","timestamp":"2025-02-14 10:12:50"}
{"level":"info","message":"(cycling) check for queueing executions","timestamp":"2025-02-14 10:17:50"}
{"level":"info","message":"no execution in db queued to process","timestamp":"2025-02-14 10:17:50"}
{"level":"info","message":"(cycling) check for queueing executions","timestamp":"2025-02-14 10:22:50"}
{"level":"info","message":"no execution in db queued to process","timestamp":"2025-02-14 10:22:50"}
{"level":"info","message":"no more events need to be prepared, dispatching...","timestamp":"2025-02-14 10:26:46"}
{"level":"info","message":"last process finished, will do another dispatch","timestamp":"2025-02-14 10:26:46"}
{"level":"info","message":"no execution in db queued to process","timestamp":"2025-02-14 10:26:47"}
{"level":"info","message":"last process finished, will do another dispatch","timestamp":"2025-02-14 10:26:49"}
{"level":"info","message":"no execution in db queued to process","timestamp":"2025-02-14 10:26:49"}
{"level":"info","message":"last process finished, will do another dispatch","timestamp":"2025-02-14 10:26:49"}
{"level":"info","message":"no execution in db queued to process","timestamp":"2025-02-14 10:26:49"}
{"level":"info","message":"last process finished, will do another dispatch","timestamp":"2025-02-14 10:26:50"}
{"level":"info","message":"no execution in db queued to process","timestamp":"2025-02-14 10:26:50"}
{"level":"info","message":"last process finished, will do another dispatch","timestamp":"2025-02-14 10:26:50"}
{"level":"info","message":"no execution in db queued to process","timestamp":"2025-02-14 10:26:50"}
{"level":"info","message":"(cycling) check for queueing executions","timestamp":"2025-02-14 10:27:50"}
{"level":"info","message":"no execution in db queued to process","timestamp":"2025-02-14 10:27:50"}
{"level":"info","message":"(cycling) check for queueing executions","timestamp":"2025-02-14 10:32:50"}
{"level":"info","message":"no execution in db queued to process","timestamp":"2025-02-14 10:32:50"}
{"level":"info","message":"(cycling) check for queueing executions","timestamp":"2025-02-14 10:37:49"}
{"level":"info","message":"no execution in db queued to process","timestamp":"2025-02-14 10:37:50"}
{"level":"info","message":"(cycling) check for queueing executions","timestamp":"2025-02-14 10:42:49"}
{"level":"info","message":"no execution in db queued to process","timestamp":"2025-02-14 10:42:50"}
{"level":"info","message":"(cycling) check for queueing executions","timestamp":"2025-02-14 10:47:49"}
{"level":"info","message":"no execution in db queued to process","timestamp":"2025-02-14 10:47:50"}
{"level":"info","message":"(cycling) check for queueing executions","timestamp":"2025-02-14 10:52:49"}
{"level":"info","message":"no execution in db queued to process","timestamp":"2025-02-14 10:52:50"}
{"level":"info","message":"(cycling) check for queueing executions","timestamp":"2025-02-14 10:57:49"}
{"level":"info","message":"no execution in db queued to process","timestamp":"2025-02-14 10:57:50"}
{"level":"info","message":"(cycling) check for queueing executions","timestamp":"2025-02-14 11:02:49"}
{"level":"info","message":"no execution in db queued to process","timestamp":"2025-02-14 11:02:50"}
{"level":"info","message":"(cycling) check for queueing executions","timestamp":"2025-02-14 11:07:49"}
{"level":"info","message":"no execution in db queued to process","timestamp":"2025-02-14 11:07:49"}
{"level":"info","message":"(cycling) check for queueing executions","timestamp":"2025-02-14 11:12:49"}
{"level":"info","message":"no execution in db queued to process","timestamp":"2025-02-14 11:12:49"}
{"level":"info","message":"(cycling) check for queueing executions","timestamp":"2025-02-14 11:17:49"}
{"level":"info","message":"no execution in db queued to process","timestamp":"2025-02-14 11:17:50"}
{"level":"info","message":"(cycling) check for queueing executions","timestamp":"2025-02-14 11:22:49"}
{"level":"info","message":"no execution in db queued to process","timestamp":"2025-02-14 11:22:49"}
{"level":"info","message":"(cycling) check for queueing executions","timestamp":"2025-02-14 11:27:49"}
{"level":"info","message":"no execution in db queued to process","timestamp":"2025-02-14 11:27:49"}
{"level":"info","message":"(cycling) check for queueing executions","timestamp":"2025-02-14 11:32:49"}
{"level":"info","message":"no execution in db queued to process","timestamp":"2025-02-14 11:32:51"}
{"level":"info","message":"no more events need to be prepared, dispatching...","timestamp":"2025-02-14 11:33:10"}
{"level":"info","message":"last process finished, will do another dispatch","timestamp":"2025-02-14 11:33:10"}
{"level":"info","message":"no execution in db queued to process","timestamp":"2025-02-14 11:33:10"}
{"level":"info","message":"last process finished, will do another dispatch","timestamp":"2025-02-14 11:33:14"}
{"level":"info","message":"no execution in db queued to process","timestamp":"2025-02-14 11:33:14"}
{"level":"info","message":"last process finished, will do another dispatch","timestamp":"2025-02-14 11:33:14"}
{"level":"info","message":"no execution in db queued to process","timestamp":"2025-02-14 11:33:14"}
{"level":"info","message":"last process finished, will do another dispatch","timestamp":"2025-02-14 11:33:15"}
{"level":"info","message":"no execution in db queued to process","timestamp":"2025-02-14 11:33:15"}
{"level":"info","message":"last process finished, will do another dispatch","timestamp":"2025-02-14 11:33:15"}
{"level":"info","message":"no execution in db queued to process","timestamp":"2025-02-14 11:33:15"}
{"level":"info","message":"no more events need to be prepared, dispatching...","timestamp":"2025-02-14 11:33:43"}
{"level":"info","message":"last process finished, will do another dispatch","timestamp":"2025-02-14 11:33:43"}
{"level":"info","message":"no execution in db queued to process","timestamp":"2025-02-14 11:33:44"}
{"level":"info","message":"last process finished, will do another dispatch","timestamp":"2025-02-14 11:33:44"}
{"level":"info","message":"no execution in db queued to process","timestamp":"2025-02-14 11:33:44"}
{"level":"info","message":"last process finished, will do another dispatch","timestamp":"2025-02-14 11:33:44"}
{"level":"info","message":"no execution in db queued to process","timestamp":"2025-02-14 11:33:44"}
{"level":"info","message":"(cycling) check for queueing executions","timestamp":"2025-02-14 11:37:49"}
{"level":"info","message":"no execution in db queued to process","timestamp":"2025-02-14 11:37:50"}
{"level":"info","message":"(cycling) check for queueing executions","timestamp":"2025-02-14 11:42:49"}
{"level":"info","message":"no execution in db queued to process","timestamp":"2025-02-14 11:42:50"}
{"level":"info","message":"(cycling) check for queueing executions","timestamp":"2025-02-14 11:47:49"}
{"level":"info","message":"no execution in db queued to process","timestamp":"2025-02-14 11:47:49"}
{"level":"info","message":"(cycling) check for queueing executions","timestamp":"2025-02-14 11:52:49"}
{"level":"info","message":"no execution in db queued to process","timestamp":"2025-02-14 11:52:49"}
{"level":"info","message":"no more events need to be prepared, dispatching...","timestamp":"2025-02-14 11:53:52"}
{"level":"info","message":"last process finished, will do another dispatch","timestamp":"2025-02-14 11:53:53"}
{"level":"info","message":"no execution in db queued to process","timestamp":"2025-02-14 11:53:53"}
{"level":"info","message":"last process finished, will do another dispatch","timestamp":"2025-02-14 11:53:55"}
{"level":"info","message":"no execution in db queued to process","timestamp":"2025-02-14 11:53:55"}
{"level":"info","message":"no more events need to be prepared, dispatching...","timestamp":"2025-02-14 11:57:44"}
{"level":"info","message":"last process finished, will do another dispatch","timestamp":"2025-02-14 11:57:44"}
{"level":"info","message":"no execution in db queued to process","timestamp":"2025-02-14 11:57:44"}
{"level":"info","message":"last process finished, will do another dispatch","timestamp":"2025-02-14 11:57:45"}
{"level":"info","message":"no execution in db queued to process","timestamp":"2025-02-14 11:57:45"}
{"level":"info","message":"(cycling) check for queueing executions","timestamp":"2025-02-14 11:57:49"}
{"level":"info","message":"no execution in db queued to process","timestamp":"2025-02-14 11:57:49"}
{"level":"info","message":"no more events need to be prepared, dispatching...","timestamp":"2025-02-14 12:02:22"}
{"level":"info","message":"last process finished, will do another dispatch","timestamp":"2025-02-14 12:02:22"}
{"level":"info","message":"no execution in db queued to process","timestamp":"2025-02-14 12:02:22"}
{"level":"info","message":"last process finished, will do another dispatch","timestamp":"2025-02-14 12:02:24"}
{"level":"info","message":"no execution in db queued to process","timestamp":"2025-02-14 12:02:24"}
{"level":"info","message":"(cycling) check for queueing executions","timestamp":"2025-02-14 12:02:49"}
{"level":"info","message":"no execution in db queued to process","timestamp":"2025-02-14 12:02:49"}
{"level":"info","message":"no more events need to be prepared, dispatching...","timestamp":"2025-02-14 12:03:00"}
{"level":"info","message":"last process finished, will do another dispatch","timestamp":"2025-02-14 12:03:01"}
{"level":"info","message":"no execution in db queued to process","timestamp":"2025-02-14 12:03:01"}
{"level":"info","message":"last process finished, will do another dispatch","timestamp":"2025-02-14 12:03:01"}
{"level":"info","message":"no execution in db queued to process","timestamp":"2025-02-14 12:03:01"}
{"level":"info","message":"(cycling) check for queueing executions","timestamp":"2025-02-14 12:07:49"}
{"level":"info","message":"no execution in db queued to process","timestamp":"2025-02-14 12:07:49"}
{"level":"info","message":"(cycling) check for queueing executions","timestamp":"2025-02-14 12:12:49"}
{"level":"info","message":"no execution in db queued to process","timestamp":"2025-02-14 12:12:49"}
{"level":"info","message":"(cycling) check for queueing executions","timestamp":"2025-02-14 12:17:49"}
{"level":"info","message":"no execution in db queued to process","timestamp":"2025-02-14 12:17:49"}
{"level":"info","message":"(cycling) check for queueing executions","timestamp":"2025-02-14 12:22:49"}
{"level":"info","message":"no execution in db queued to process","timestamp":"2025-02-14 12:22:49"}
{"level":"info","message":"(cycling) check for queueing executions","timestamp":"2025-02-14 12:27:49"}
{"level":"info","message":"no execution in db queued to process","timestamp":"2025-02-14 12:27:49"}
{"level":"info","message":"(cycling) check for queueing executions","timestamp":"2025-02-14 12:32:49"}
{"level":"info","message":"no execution in db queued to process","timestamp":"2025-02-14 12:32:49"}
{"level":"info","message":"(cycling) check for queueing executions","timestamp":"2025-02-14 12:37:49"}
{"level":"info","message":"no execution in db queued to process","timestamp":"2025-02-14 12:37:49"}
{"level":"info","message":"(cycling) check for queueing executions","timestamp":"2025-02-14 12:42:49"}
{"level":"info","message":"no execution in db queued to process","timestamp":"2025-02-14 12:42:49"}
{"level":"info","message":"(cycling) check for queueing executions","timestamp":"2025-02-14 12:47:49"}
{"level":"info","message":"no execution in db queued to process","timestamp":"2025-02-14 12:47:49"}
{"level":"info","message":"(cycling) check for queueing executions","timestamp":"2025-02-14 12:52:49"}
{"level":"info","message":"no execution in db queued to process","timestamp":"2025-02-14 12:52:49"}
{"level":"info","message":"(cycling) check for queueing executions","timestamp":"2025-02-14 12:57:49"}
{"level":"info","message":"no execution in db queued to process","timestamp":"2025-02-14 12:57:49"}
{"level":"info","message":"(cycling) check for queueing executions","timestamp":"2025-02-14 13:02:49"}
{"level":"info","message":"no execution in db queued to process","timestamp":"2025-02-14 13:02:49"}
{"level":"info","message":"(cycling) check for queueing executions","timestamp":"2025-02-14 13:07:49"}
{"level":"info","message":"no execution in db queued to process","timestamp":"2025-02-14 13:07:49"}
{"level":"info","message":"no more events need to be prepared, dispatching...","timestamp":"2025-02-14 13:09:48"}
{"level":"info","message":"last process finished, will do another dispatch","timestamp":"2025-02-14 13:09:49"}
{"level":"info","message":"no execution in db queued to process","timestamp":"2025-02-14 13:09:49"}
{"level":"info","message":"last process finished, will do another dispatch","timestamp":"2025-02-14 13:09:49"}
{"level":"info","message":"no execution in db queued to process","timestamp":"2025-02-14 13:09:49"}
{"level":"info","message":"no more events need to be prepared, dispatching...","timestamp":"2025-02-14 13:10:08"}
{"level":"info","message":"last process finished, will do another dispatch","timestamp":"2025-02-14 13:10:08"}
{"level":"info","message":"no execution in db queued to process","timestamp":"2025-02-14 13:10:08"}
{"level":"info","message":"last process finished, will do another dispatch","timestamp":"2025-02-14 13:10:09"}
{"level":"info","message":"no execution in db queued to process","timestamp":"2025-02-14 13:10:09"}
{"level":"info","message":"no more events need to be prepared, dispatching...","timestamp":"2025-02-14 13:12:49"}
{"level":"info","message":"(cycling) check for queueing executions","timestamp":"2025-02-14 13:12:49"}
{"level":"warn","message":"workflow executing is not finished, new dispatching will be ignored","timestamp":"2025-02-14 13:12:49"}
{"level":"info","message":"last process finished, will do another dispatch","timestamp":"2025-02-14 13:12:49"}
{"level":"info","message":"no execution in db queued to process","timestamp":"2025-02-14 13:12:49"}
{"level":"info","message":"last process finished, will do another dispatch","timestamp":"2025-02-14 13:12:52"}
{"level":"info","message":"no execution in db queued to process","timestamp":"2025-02-14 13:12:52"}
{"level":"info","message":"no more events need to be prepared, dispatching...","timestamp":"2025-02-14 13:13:31"}
{"level":"info","message":"last process finished, will do another dispatch","timestamp":"2025-02-14 13:13:31"}
{"level":"info","message":"no execution in db queued to process","timestamp":"2025-02-14 13:13:31"}
{"level":"info","message":"last process finished, will do another dispatch","timestamp":"2025-02-14 13:13:32"}
{"level":"info","message":"no execution in db queued to process","timestamp":"2025-02-14 13:13:32"}
{"level":"info","message":"no more events need to be prepared, dispatching...","timestamp":"2025-02-14 13:13:59"}
{"level":"info","message":"last process finished, will do another dispatch","timestamp":"2025-02-14 13:13:59"}
{"level":"info","message":"no execution in db queued to process","timestamp":"2025-02-14 13:13:59"}
{"level":"info","message":"last process finished, will do another dispatch","timestamp":"2025-02-14 13:13:59"}
{"level":"info","message":"no execution in db queued to process","timestamp":"2025-02-14 13:13:59"}
{"level":"info","message":"no more events need to be prepared, dispatching...","timestamp":"2025-02-14 13:14:20"}
{"level":"info","message":"last process finished, will do another dispatch","timestamp":"2025-02-14 13:14:20"}
{"level":"info","message":"no execution in db queued to process","timestamp":"2025-02-14 13:14:20"}
{"level":"info","message":"last process finished, will do another dispatch","timestamp":"2025-02-14 13:14:21"}
{"level":"info","message":"no execution in db queued to process","timestamp":"2025-02-14 13:14:21"}
{"level":"info","message":"no more events need to be prepared, dispatching...","timestamp":"2025-02-14 13:17:00"}
{"level":"info","message":"last process finished, will do another dispatch","timestamp":"2025-02-14 13:17:00"}
{"level":"info","message":"no execution in db queued to process","timestamp":"2025-02-14 13:17:00"}
{"level":"info","message":"last process finished, will do another dispatch","timestamp":"2025-02-14 13:17:04"}
{"level":"info","message":"no execution in db queued to process","timestamp":"2025-02-14 13:17:04"}
{"level":"info","message":"no more events need to be prepared, dispatching...","timestamp":"2025-02-14 13:17:28"}
{"level":"info","message":"last process finished, will do another dispatch","timestamp":"2025-02-14 13:17:28"}
{"level":"info","message":"no execution in db queued to process","timestamp":"2025-02-14 13:17:28"}
{"level":"info","message":"last process finished, will do another dispatch","timestamp":"2025-02-14 13:17:29"}
{"level":"info","message":"no execution in db queued to process","timestamp":"2025-02-14 13:17:29"}
{"level":"info","message":"last process finished, will do another dispatch","timestamp":"2025-02-14 13:17:30"}
{"level":"info","message":"no execution in db queued to process","timestamp":"2025-02-14 13:17:30"}
{"level":"info","message":"last process finished, will do another dispatch","timestamp":"2025-02-14 13:17:30"}
{"level":"info","message":"no execution in db queued to process","timestamp":"2025-02-14 13:17:30"}
{"level":"info","message":"(cycling) check for queueing executions","timestamp":"2025-02-14 13:17:48"}
{"level":"info","message":"no execution in db queued to process","timestamp":"2025-02-14 13:17:49"}
{"level":"info","message":"(cycling) check for queueing executions","timestamp":"2025-02-14 13:22:49"}
{"level":"info","message":"no execution in db queued to process","timestamp":"2025-02-14 13:22:49"}
{"level":"info","message":"no more events need to be prepared, dispatching...","timestamp":"2025-02-14 13:23:48"}
{"level":"info","message":"last process finished, will do another dispatch","timestamp":"2025-02-14 13:23:48"}
{"level":"info","message":"no execution in db queued to process","timestamp":"2025-02-14 13:23:48"}
{"level":"info","message":"last process finished, will do another dispatch","timestamp":"2025-02-14 13:23:49"}
{"level":"info","message":"no execution in db queued to process","timestamp":"2025-02-14 13:23:49"}
{"level":"info","message":"no more events need to be prepared, dispatching...","timestamp":"2025-02-14 13:24:22"}
{"level":"info","message":"last process finished, will do another dispatch","timestamp":"2025-02-14 13:24:22"}
{"level":"info","message":"no execution in db queued to process","timestamp":"2025-02-14 13:24:22"}
{"level":"info","message":"last process finished, will do another dispatch","timestamp":"2025-02-14 13:24:23"}
{"level":"info","message":"no execution in db queued to process","timestamp":"2025-02-14 13:24:23"}
{"level":"info","message":"last process finished, will do another dispatch","timestamp":"2025-02-14 13:24:23"}
{"level":"info","message":"no execution in db queued to process","timestamp":"2025-02-14 13:24:23"}
{"level":"info","message":"last process finished, will do another dispatch","timestamp":"2025-02-14 13:24:23"}
{"level":"info","message":"no execution in db queued to process","timestamp":"2025-02-14 13:24:23"}
{"level":"info","message":"no more events need to be prepared, dispatching...","timestamp":"2025-02-14 13:26:02"}
{"level":"info","message":"last process finished, will do another dispatch","timestamp":"2025-02-14 13:26:02"}
{"level":"info","message":"no execution in db queued to process","timestamp":"2025-02-14 13:26:02"}
{"level":"info","message":"last process finished, will do another dispatch","timestamp":"2025-02-14 13:26:02"}
{"level":"info","message":"no execution in db queued to process","timestamp":"2025-02-14 13:26:02"}
{"level":"info","message":"(cycling) check for queueing executions","timestamp":"2025-02-14 13:27:48"}
{"level":"info","message":"no execution in db queued to process","timestamp":"2025-02-14 13:27:49"}
{"level":"info","message":"no more events need to be prepared, dispatching...","timestamp":"2025-02-14 13:30:34"}
{"level":"info","message":"last process finished, will do another dispatch","timestamp":"2025-02-14 13:30:34"}
{"level":"info","message":"no execution in db queued to process","timestamp":"2025-02-14 13:30:34"}
{"level":"info","message":"last process finished, will do another dispatch","timestamp":"2025-02-14 13:30:35"}
{"level":"info","message":"no execution in db queued to process","timestamp":"2025-02-14 13:30:35"}
{"level":"info","message":"last process finished, will do another dispatch","timestamp":"2025-02-14 13:30:36"}
{"level":"info","message":"no execution in db queued to process","timestamp":"2025-02-14 13:30:36"}
{"level":"info","message":"last process finished, will do another dispatch","timestamp":"2025-02-14 13:30:36"}
{"level":"info","message":"no execution in db queued to process","timestamp":"2025-02-14 13:30:36"}
{"level":"info","message":"no more events need to be prepared, dispatching...","timestamp":"2025-02-14 13:32:39"}
{"level":"info","message":"last process finished, will do another dispatch","timestamp":"2025-02-14 13:32:40"}
{"level":"info","message":"no execution in db queued to process","timestamp":"2025-02-14 13:32:40"}
{"level":"info","message":"last process finished, will do another dispatch","timestamp":"2025-02-14 13:32:43"}
{"level":"info","message":"no execution in db queued to process","timestamp":"2025-02-14 13:32:43"}
{"level":"info","message":"(cycling) check for queueing executions","timestamp":"2025-02-14 13:32:48"}
{"level":"info","message":"no execution in db queued to process","timestamp":"2025-02-14 13:32:48"}
{"level":"info","message":"no more events need to be prepared, dispatching...","timestamp":"2025-02-14 13:33:22"}
{"level":"info","message":"last process finished, will do another dispatch","timestamp":"2025-02-14 13:33:22"}
{"level":"info","message":"no execution in db queued to process","timestamp":"2025-02-14 13:33:22"}
{"level":"info","message":"last process finished, will do another dispatch","timestamp":"2025-02-14 13:33:23"}
{"level":"info","message":"no execution in db queued to process","timestamp":"2025-02-14 13:33:23"}
{"level":"info","message":"last process finished, will do another dispatch","timestamp":"2025-02-14 13:33:24"}
{"level":"info","message":"no execution in db queued to process","timestamp":"2025-02-14 13:33:24"}
{"level":"info","message":"last process finished, will do another dispatch","timestamp":"2025-02-14 13:33:24"}
{"level":"info","message":"no execution in db queued to process","timestamp":"2025-02-14 13:33:24"}
{"level":"info","message":"no more events need to be prepared, dispatching...","timestamp":"2025-02-14 13:36:46"}
{"level":"info","message":"last process finished, will do another dispatch","timestamp":"2025-02-14 13:36:47"}
{"level":"info","message":"no execution in db queued to process","timestamp":"2025-02-14 13:36:47"}
{"level":"info","message":"last process finished, will do another dispatch","timestamp":"2025-02-14 13:36:49"}
{"level":"info","message":"no execution in db queued to process","timestamp":"2025-02-14 13:36:49"}
{"level":"info","message":"(cycling) check for queueing executions","timestamp":"2025-02-14 13:37:48"}
{"level":"info","message":"no execution in db queued to process","timestamp":"2025-02-14 13:37:48"}
{"level":"info","message":"no more events need to be prepared, dispatching...","timestamp":"2025-02-14 13:38:02"}
{"level":"info","message":"last process finished, will do another dispatch","timestamp":"2025-02-14 13:38:03"}
{"level":"info","message":"no execution in db queued to process","timestamp":"2025-02-14 13:38:03"}
{"level":"info","message":"last process finished, will do another dispatch","timestamp":"2025-02-14 13:38:04"}
{"level":"info","message":"no execution in db queued to process","timestamp":"2025-02-14 13:38:04"}
{"level":"info","message":"last process finished, will do another dispatch","timestamp":"2025-02-14 13:38:04"}
{"level":"info","message":"no execution in db queued to process","timestamp":"2025-02-14 13:38:04"}
{"level":"info","message":"last process finished, will do another dispatch","timestamp":"2025-02-14 13:38:05"}
{"level":"info","message":"no execution in db queued to process","timestamp":"2025-02-14 13:38:05"}
{"level":"info","message":"no more events need to be prepared, dispatching...","timestamp":"2025-02-14 13:38:33"}
{"level":"info","message":"last process finished, will do another dispatch","timestamp":"2025-02-14 13:38:33"}
{"level":"info","message":"no execution in db queued to process","timestamp":"2025-02-14 13:38:33"}
{"level":"info","message":"last process finished, will do another dispatch","timestamp":"2025-02-14 13:38:34"}
{"level":"info","message":"no execution in db queued to process","timestamp":"2025-02-14 13:38:34"}
{"level":"info","message":"no more events need to be prepared, dispatching...","timestamp":"2025-02-14 13:39:14"}
{"level":"info","message":"last process finished, will do another dispatch","timestamp":"2025-02-14 13:39:14"}
{"level":"info","message":"no execution in db queued to process","timestamp":"2025-02-14 13:39:14"}
{"level":"info","message":"last process finished, will do another dispatch","timestamp":"2025-02-14 13:39:16"}
{"level":"info","message":"no execution in db queued to process","timestamp":"2025-02-14 13:39:16"}
{"level":"info","message":"last process finished, will do another dispatch","timestamp":"2025-02-14 13:39:17"}
{"level":"info","message":"no execution in db queued to process","timestamp":"2025-02-14 13:39:17"}
{"level":"info","message":"last process finished, will do another dispatch","timestamp":"2025-02-14 13:39:18"}
{"level":"info","message":"no execution in db queued to process","timestamp":"2025-02-14 13:39:18"}
{"level":"info","message":"no more events need to be prepared, dispatching...","timestamp":"2025-02-14 13:41:00"}
{"level":"info","message":"last process finished, will do another dispatch","timestamp":"2025-02-14 13:41:00"}
{"level":"info","message":"no execution in db queued to process","timestamp":"2025-02-14 13:41:00"}
{"level":"info","message":"last process finished, will do another dispatch","timestamp":"2025-02-14 13:41:02"}
{"level":"info","message":"no execution in db queued to process","timestamp":"2025-02-14 13:41:02"}
{"level":"info","message":"no more events need to be prepared, dispatching...","timestamp":"2025-02-14 13:41:29"}
{"level":"info","message":"last process finished, will do another dispatch","timestamp":"2025-02-14 13:41:29"}
{"level":"info","message":"no execution in db queued to process","timestamp":"2025-02-14 13:41:29"}
{"level":"info","message":"last process finished, will do another dispatch","timestamp":"2025-02-14 13:41:30"}
{"level":"info","message":"no execution in db queued to process","timestamp":"2025-02-14 13:41:30"}
{"level":"info","message":"last process finished, will do another dispatch","timestamp":"2025-02-14 13:41:31"}
{"level":"info","message":"no execution in db queued to process","timestamp":"2025-02-14 13:41:31"}
{"level":"info","message":"last process finished, will do another dispatch","timestamp":"2025-02-14 13:41:31"}
{"level":"info","message":"no execution in db queued to process","timestamp":"2025-02-14 13:41:31"}
{"level":"info","message":"last process finished, will do another dispatch","timestamp":"2025-02-14 13:41:31"}
{"level":"info","message":"no execution in db queued to process","timestamp":"2025-02-14 13:41:31"}
{"level":"info","message":"(cycling) check for queueing executions","timestamp":"2025-02-14 13:42:48"}
{"level":"info","message":"no execution in db queued to process","timestamp":"2025-02-14 13:42:48"}
{"level":"info","message":"(cycling) check for queueing executions","timestamp":"2025-02-14 13:47:48"}
{"level":"info","message":"no execution in db queued to process","timestamp":"2025-02-14 13:47:48"}
{"level":"info","message":"(starting) check for queueing executions","timestamp":"2025-02-14 13:48:55"}
{"level":"info","message":"no execution in db queued to process","timestamp":"2025-02-14 13:48:55"}
{"level":"info","message":"(starting) check for queueing executions","timestamp":"2025-02-14 13:49:58"}
{"level":"info","message":"no execution in db queued to process","timestamp":"2025-02-14 13:49:58"}
{"level":"info","message":"(cycling) check for queueing executions","timestamp":"2025-02-14 13:54:58"}
{"level":"info","message":"no execution in db queued to process","timestamp":"2025-02-14 13:54:58"}
{"level":"info","message":"(cycling) check for queueing executions","timestamp":"2025-02-14 13:59:58"}
{"level":"info","message":"no execution in db queued to process","timestamp":"2025-02-14 13:59:58"}
{"level":"info","message":"(cycling) check for queueing executions","timestamp":"2025-02-14 14:04:58"}
{"level":"info","message":"no execution in db queued to process","timestamp":"2025-02-14 14:04:58"}
{"level":"info","message":"(cycling) check for queueing executions","timestamp":"2025-02-14 14:09:58"}
{"level":"info","message":"no execution in db queued to process","timestamp":"2025-02-14 14:09:58"}
{"level":"info","message":"(cycling) check for queueing executions","timestamp":"2025-02-14 14:14:58"}
{"level":"info","message":"no execution in db queued to process","timestamp":"2025-02-14 14:14:58"}
{"level":"info","message":"(cycling) check for queueing executions","timestamp":"2025-02-14 14:19:58"}
{"level":"info","message":"no execution in db queued to process","timestamp":"2025-02-14 14:19:58"}
{"level":"info","message":"(cycling) check for queueing executions","timestamp":"2025-02-14 14:24:58"}
{"level":"info","message":"no execution in db queued to process","timestamp":"2025-02-14 14:24:58"}
{"level":"info","message":"(cycling) check for queueing executions","timestamp":"2025-02-14 14:29:58"}
{"level":"info","message":"no execution in db queued to process","timestamp":"2025-02-14 14:29:58"}
{"level":"info","message":"(cycling) check for queueing executions","timestamp":"2025-02-14 14:34:58"}
{"level":"info","message":"no execution in db queued to process","timestamp":"2025-02-14 14:34:58"}
{"level":"info","message":"(cycling) check for queueing executions","timestamp":"2025-02-14 14:39:58"}
{"level":"info","message":"no execution in db queued to process","timestamp":"2025-02-14 14:39:58"}
{"level":"info","message":"(cycling) check for queueing executions","timestamp":"2025-02-14 14:44:58"}
{"level":"info","message":"no execution in db queued to process","timestamp":"2025-02-14 14:44:58"}
{"level":"info","message":"(cycling) check for queueing executions","timestamp":"2025-02-14 14:49:58"}
{"level":"info","message":"no execution in db queued to process","timestamp":"2025-02-14 14:49:58"}
{"level":"info","message":"(cycling) check for queueing executions","timestamp":"2025-02-14 14:54:58"}
{"level":"info","message":"no execution in db queued to process","timestamp":"2025-02-14 14:54:58"}
{"level":"info","message":"(cycling) check for queueing executions","timestamp":"2025-02-14 14:59:58"}
{"level":"info","message":"no execution in db queued to process","timestamp":"2025-02-14 14:59:58"}
{"level":"info","message":"(cycling) check for queueing executions","timestamp":"2025-02-14 15:04:58"}
{"level":"info","message":"no execution in db queued to process","timestamp":"2025-02-14 15:04:58"}
{"level":"info","message":"(cycling) check for queueing executions","timestamp":"2025-02-14 15:09:58"}
{"level":"info","message":"no execution in db queued to process","timestamp":"2025-02-14 15:09:58"}
{"level":"info","message":"(cycling) check for queueing executions","timestamp":"2025-02-14 15:14:58"}
{"level":"info","message":"no execution in db queued to process","timestamp":"2025-02-14 15:14:58"}
{"level":"info","message":"(cycling) check for queueing executions","timestamp":"2025-02-14 15:19:57"}
{"level":"info","message":"no execution in db queued to process","timestamp":"2025-02-14 15:19:58"}
{"level":"info","message":"(cycling) check for queueing executions","timestamp":"2025-02-14 15:24:57"}
{"level":"info","message":"no execution in db queued to process","timestamp":"2025-02-14 15:24:58"}
{"level":"info","message":"(cycling) check for queueing executions","timestamp":"2025-02-14 15:29:57"}
{"level":"info","message":"no execution in db queued to process","timestamp":"2025-02-14 15:29:58"}
{"level":"info","message":"(cycling) check for queueing executions","timestamp":"2025-02-14 15:34:57"}
{"level":"info","message":"no execution in db queued to process","timestamp":"2025-02-14 15:34:57"}
{"level":"info","message":"(cycling) check for queueing executions","timestamp":"2025-02-14 15:39:57"}
{"level":"info","message":"no execution in db queued to process","timestamp":"2025-02-14 15:39:58"}
{"level":"info","message":"(cycling) check for queueing executions","timestamp":"2025-02-14 15:44:57"}
{"level":"info","message":"no execution in db queued to process","timestamp":"2025-02-14 15:44:57"}
{"level":"info","message":"(cycling) check for queueing executions","timestamp":"2025-02-14 15:49:57"}
{"level":"info","message":"no execution in db queued to process","timestamp":"2025-02-14 15:49:57"}
{"level":"info","message":"(cycling) check for queueing executions","timestamp":"2025-02-14 15:54:57"}
{"level":"info","message":"no execution in db queued to process","timestamp":"2025-02-14 15:54:57"}
{"level":"info","message":"(cycling) check for queueing executions","timestamp":"2025-02-14 15:59:57"}
{"level":"info","message":"no execution in db queued to process","timestamp":"2025-02-14 15:59:57"}
{"level":"info","message":"(cycling) check for queueing executions","timestamp":"2025-02-14 16:04:57"}
{"level":"info","message":"no execution in db queued to process","timestamp":"2025-02-14 16:04:57"}
{"level":"info","message":"(cycling) check for queueing executions","timestamp":"2025-02-14 16:09:57"}
{"level":"info","message":"no execution in db queued to process","timestamp":"2025-02-14 16:09:57"}
{"level":"info","message":"(cycling) check for queueing executions","timestamp":"2025-02-14 16:14:57"}
{"level":"info","message":"no execution in db queued to process","timestamp":"2025-02-14 16:14:57"}
{"level":"info","message":"(cycling) check for queueing executions","timestamp":"2025-02-14 16:19:57"}
{"level":"info","message":"no execution in db queued to process","timestamp":"2025-02-14 16:19:57"}
{"level":"info","message":"no more events need to be prepared, dispatching...","timestamp":"2025-02-14 16:21:54"}
{"level":"info","message":"last process finished, will do another dispatch","timestamp":"2025-02-14 16:21:55"}
{"level":"info","message":"no execution in db queued to process","timestamp":"2025-02-14 16:21:55"}
{"level":"info","message":"last process finished, will do another dispatch","timestamp":"2025-02-14 16:21:57"}
{"level":"info","message":"no execution in db queued to process","timestamp":"2025-02-14 16:21:57"}
{"level":"info","message":"last process finished, will do another dispatch","timestamp":"2025-02-14 16:21:57"}
{"level":"info","message":"no execution in db queued to process","timestamp":"2025-02-14 16:21:57"}
{"level":"info","message":"last process finished, will do another dispatch","timestamp":"2025-02-14 16:21:58"}
{"level":"info","message":"no execution in db queued to process","timestamp":"2025-02-14 16:21:58"}
{"level":"info","message":"(cycling) check for queueing executions","timestamp":"2025-02-14 16:24:57"}
{"level":"info","message":"no execution in db queued to process","timestamp":"2025-02-14 16:24:57"}
{"level":"info","message":"(cycling) check for queueing executions","timestamp":"2025-02-14 16:29:57"}
{"level":"info","message":"no execution in db queued to process","timestamp":"2025-02-14 16:29:57"}
{"level":"info","message":"(cycling) check for queueing executions","timestamp":"2025-02-14 16:34:57"}
{"level":"info","message":"no execution in db queued to process","timestamp":"2025-02-14 16:34:57"}
{"level":"info","message":"(cycling) check for queueing executions","timestamp":"2025-02-14 16:39:57"}
{"level":"info","message":"no execution in db queued to process","timestamp":"2025-02-14 16:39:58"}
{"level":"info","message":"no more events need to be prepared, dispatching...","timestamp":"2025-02-14 16:44:07"}
{"level":"info","message":"last process finished, will do another dispatch","timestamp":"2025-02-14 16:44:07"}
{"level":"info","message":"no execution in db queued to process","timestamp":"2025-02-14 16:44:07"}
{"level":"info","message":"last process finished, will do another dispatch","timestamp":"2025-02-14 16:44:09"}
{"level":"info","message":"no execution in db queued to process","timestamp":"2025-02-14 16:44:09"}
{"level":"info","message":"last process finished, will do another dispatch","timestamp":"2025-02-14 16:44:09"}
{"level":"info","message":"no execution in db queued to process","timestamp":"2025-02-14 16:44:09"}
{"level":"info","message":"no more events need to be prepared, dispatching...","timestamp":"2025-02-14 16:44:57"}
{"level":"info","message":"last process finished, will do another dispatch","timestamp":"2025-02-14 16:44:57"}
{"level":"info","message":"no execution in db queued to process","timestamp":"2025-02-14 16:44:57"}
{"level":"info","message":"(cycling) check for queueing executions","timestamp":"2025-02-14 16:44:57"}
{"level":"info","message":"no execution in db queued to process","timestamp":"2025-02-14 16:44:57"}
{"level":"info","message":"last process finished, will do another dispatch","timestamp":"2025-02-14 16:44:58"}
{"level":"info","message":"no execution in db queued to process","timestamp":"2025-02-14 16:44:58"}
{"level":"info","message":"last process finished, will do another dispatch","timestamp":"2025-02-14 16:44:59"}
{"level":"info","message":"no execution in db queued to process","timestamp":"2025-02-14 16:44:59"}
{"level":"info","message":"last process finished, will do another dispatch","timestamp":"2025-02-14 16:45:00"}
{"level":"info","message":"no execution in db queued to process","timestamp":"2025-02-14 16:45:00"}
{"level":"info","message":"last process finished, will do another dispatch","timestamp":"2025-02-14 16:45:00"}
{"level":"info","message":"no execution in db queued to process","timestamp":"2025-02-14 16:45:00"}
{"level":"info","message":"(cycling) check for queueing executions","timestamp":"2025-02-14 16:49:57"}
{"level":"info","message":"no execution in db queued to process","timestamp":"2025-02-14 16:49:57"}
{"level":"info","message":"no more events need to be prepared, dispatching...","timestamp":"2025-02-14 16:54:10"}
{"level":"info","message":"last process finished, will do another dispatch","timestamp":"2025-02-14 16:54:11"}
{"level":"info","message":"no execution in db queued to process","timestamp":"2025-02-14 16:54:11"}
{"level":"info","message":"last process finished, will do another dispatch","timestamp":"2025-02-14 16:54:13"}
{"level":"info","message":"no execution in db queued to process","timestamp":"2025-02-14 16:54:13"}
{"level":"info","message":"last process finished, will do another dispatch","timestamp":"2025-02-14 16:54:13"}
{"level":"info","message":"no execution in db queued to process","timestamp":"2025-02-14 16:54:13"}
{"level":"info","message":"last process finished, will do another dispatch","timestamp":"2025-02-14 16:54:14"}
{"level":"info","message":"no execution in db queued to process","timestamp":"2025-02-14 16:54:14"}
{"level":"info","message":"last process finished, will do another dispatch","timestamp":"2025-02-14 16:54:14"}
{"level":"info","message":"no execution in db queued to process","timestamp":"2025-02-14 16:54:14"}
{"level":"info","message":"(cycling) check for queueing executions","timestamp":"2025-02-14 16:54:57"}
{"level":"info","message":"no execution in db queued to process","timestamp":"2025-02-14 16:54:57"}
{"level":"info","message":"no more events need to be prepared, dispatching...","timestamp":"2025-02-14 16:55:32"}
{"level":"info","message":"last process finished, will do another dispatch","timestamp":"2025-02-14 16:55:32"}
{"level":"info","message":"no execution in db queued to process","timestamp":"2025-02-14 16:55:32"}
{"level":"info","message":"last process finished, will do another dispatch","timestamp":"2025-02-14 16:55:34"}
{"level":"info","message":"no execution in db queued to process","timestamp":"2025-02-14 16:55:34"}
{"level":"info","message":"last process finished, will do another dispatch","timestamp":"2025-02-14 16:55:35"}
{"level":"info","message":"no execution in db queued to process","timestamp":"2025-02-14 16:55:35"}
{"level":"info","message":"no more events need to be prepared, dispatching...","timestamp":"2025-02-14 16:56:07"}
{"level":"info","message":"last process finished, will do another dispatch","timestamp":"2025-02-14 16:56:08"}
{"level":"info","message":"no execution in db queued to process","timestamp":"2025-02-14 16:56:08"}
{"level":"info","message":"last process finished, will do another dispatch","timestamp":"2025-02-14 16:56:09"}
{"level":"info","message":"no execution in db queued to process","timestamp":"2025-02-14 16:56:09"}
{"level":"info","message":"last process finished, will do another dispatch","timestamp":"2025-02-14 16:56:09"}
{"level":"info","message":"no execution in db queued to process","timestamp":"2025-02-14 16:56:09"}
{"level":"info","message":"last process finished, will do another dispatch","timestamp":"2025-02-14 16:56:10"}
{"level":"info","message":"no execution in db queued to process","timestamp":"2025-02-14 16:56:10"}
{"level":"info","message":"last process finished, will do another dispatch","timestamp":"2025-02-14 16:56:10"}
{"level":"info","message":"no execution in db queued to process","timestamp":"2025-02-14 16:56:10"}
{"level":"info","message":"(cycling) check for queueing executions","timestamp":"2025-02-14 16:59:57"}
{"level":"info","message":"no execution in db queued to process","timestamp":"2025-02-14 16:59:58"}
{"level":"info","message":"(cycling) check for queueing executions","timestamp":"2025-02-14 17:04:57"}
{"level":"info","message":"no execution in db queued to process","timestamp":"2025-02-14 17:04:58"}
{"level":"info","message":"no more events need to be prepared, dispatching...","timestamp":"2025-02-14 17:06:39"}
{"level":"info","message":"last process finished, will do another dispatch","timestamp":"2025-02-14 17:06:39"}
{"level":"info","message":"no execution in db queued to process","timestamp":"2025-02-14 17:06:39"}
{"level":"info","message":"last process finished, will do another dispatch","timestamp":"2025-02-14 17:06:41"}
{"level":"info","message":"no execution in db queued to process","timestamp":"2025-02-14 17:06:41"}
{"level":"info","message":"last process finished, will do another dispatch","timestamp":"2025-02-14 17:06:41"}
{"level":"info","message":"no execution in db queued to process","timestamp":"2025-02-14 17:06:41"}
{"level":"info","message":"no more events need to be prepared, dispatching...","timestamp":"2025-02-14 17:08:42"}
{"level":"info","message":"last process finished, will do another dispatch","timestamp":"2025-02-14 17:08:42"}
{"level":"info","message":"no execution in db queued to process","timestamp":"2025-02-14 17:08:42"}
{"level":"info","message":"last process finished, will do another dispatch","timestamp":"2025-02-14 17:08:44"}
{"level":"info","message":"no execution in db queued to process","timestamp":"2025-02-14 17:08:44"}
{"level":"info","message":"(cycling) check for queueing executions","timestamp":"2025-02-14 17:09:57"}
{"level":"info","message":"no execution in db queued to process","timestamp":"2025-02-14 17:09:57"}
{"level":"info","message":"no more events need to be prepared, dispatching...","timestamp":"2025-02-14 17:10:37"}
{"level":"info","message":"last process finished, will do another dispatch","timestamp":"2025-02-14 17:10:37"}
{"level":"info","message":"no execution in db queued to process","timestamp":"2025-02-14 17:10:37"}
{"level":"info","message":"last process finished, will do another dispatch","timestamp":"2025-02-14 17:10:38"}
{"level":"info","message":"no execution in db queued to process","timestamp":"2025-02-14 17:10:38"}
{"level":"info","message":"no more events need to be prepared, dispatching...","timestamp":"2025-02-14 17:11:35"}
{"level":"info","message":"last process finished, will do another dispatch","timestamp":"2025-02-14 17:11:35"}
{"level":"info","message":"no execution in db queued to process","timestamp":"2025-02-14 17:11:35"}
{"level":"info","message":"last process finished, will do another dispatch","timestamp":"2025-02-14 17:11:35"}
{"level":"info","message":"no execution in db queued to process","timestamp":"2025-02-14 17:11:35"}
{"level":"info","message":"no more events need to be prepared, dispatching...","timestamp":"2025-02-14 17:12:44"}
{"level":"info","message":"last process finished, will do another dispatch","timestamp":"2025-02-14 17:12:45"}
{"level":"info","message":"no execution in db queued to process","timestamp":"2025-02-14 17:12:45"}
{"level":"info","message":"last process finished, will do another dispatch","timestamp":"2025-02-14 17:12:46"}
{"level":"info","message":"no execution in db queued to process","timestamp":"2025-02-14 17:12:46"}
{"level":"info","message":"(cycling) check for queueing executions","timestamp":"2025-02-14 17:14:57"}
{"level":"info","message":"no execution in db queued to process","timestamp":"2025-02-14 17:14:58"}
{"level":"info","message":"(cycling) check for queueing executions","timestamp":"2025-02-14 17:19:57"}
{"level":"info","message":"no execution in db queued to process","timestamp":"2025-02-14 17:19:57"}
{"level":"info","message":"(cycling) check for queueing executions","timestamp":"2025-02-14 17:24:57"}
{"level":"info","message":"no execution in db queued to process","timestamp":"2025-02-14 17:24:58"}
{"level":"info","message":"(cycling) check for queueing executions","timestamp":"2025-02-14 17:29:57"}
{"level":"info","message":"no execution in db queued to process","timestamp":"2025-02-14 17:29:57"}
{"level":"info","message":"(cycling) check for queueing executions","timestamp":"2025-02-14 17:34:57"}
{"level":"info","message":"no execution in db queued to process","timestamp":"2025-02-14 17:34:57"}
{"level":"info","message":"(cycling) check for queueing executions","timestamp":"2025-02-14 17:39:57"}
{"level":"info","message":"no execution in db queued to process","timestamp":"2025-02-14 17:39:57"}
{"level":"info","message":"(cycling) check for queueing executions","timestamp":"2025-02-14 17:44:57"}
{"level":"info","message":"no execution in db queued to process","timestamp":"2025-02-14 17:44:57"}
{"level":"info","message":"no more events need to be prepared, dispatching...","timestamp":"2025-02-14 17:48:07"}
{"level":"info","message":"last process finished, will do another dispatch","timestamp":"2025-02-14 17:48:07"}
{"level":"info","message":"no execution in db queued to process","timestamp":"2025-02-14 17:48:07"}
{"level":"info","message":"last process finished, will do another dispatch","timestamp":"2025-02-14 17:48:10"}
{"level":"info","message":"no execution in db queued to process","timestamp":"2025-02-14 17:48:10"}
{"level":"info","message":"no more events need to be prepared, dispatching...","timestamp":"2025-02-14 17:49:02"}
{"level":"info","message":"last process finished, will do another dispatch","timestamp":"2025-02-14 17:49:03"}
{"level":"info","message":"no execution in db queued to process","timestamp":"2025-02-14 17:49:03"}
{"level":"info","message":"last process finished, will do another dispatch","timestamp":"2025-02-14 17:49:06"}
{"level":"info","message":"no execution in db queued to process","timestamp":"2025-02-14 17:49:06"}
{"level":"info","message":"(cycling) check for queueing executions","timestamp":"2025-02-14 17:49:57"}
{"level":"info","message":"no execution in db queued to process","timestamp":"2025-02-14 17:49:57"}
{"level":"info","message":"no more events need to be prepared, dispatching...","timestamp":"2025-02-14 17:50:52"}
{"level":"info","message":"last process finished, will do another dispatch","timestamp":"2025-02-14 17:50:53"}
{"level":"info","message":"no execution in db queued to process","timestamp":"2025-02-14 17:50:53"}
{"level":"info","message":"last process finished, will do another dispatch","timestamp":"2025-02-14 17:50:57"}
{"level":"info","message":"no execution in db queued to process","timestamp":"2025-02-14 17:50:57"}
{"level":"info","message":"no more events need to be prepared, dispatching...","timestamp":"2025-02-14 17:54:52"}
{"level":"info","message":"last process finished, will do another dispatch","timestamp":"2025-02-14 17:54:52"}
{"level":"info","message":"no execution in db queued to process","timestamp":"2025-02-14 17:54:52"}
{"level":"info","message":"last process finished, will do another dispatch","timestamp":"2025-02-14 17:54:53"}
{"level":"info","message":"no execution in db queued to process","timestamp":"2025-02-14 17:54:53"}
{"level":"info","message":"last process finished, will do another dispatch","timestamp":"2025-02-14 17:54:54"}
{"level":"info","message":"no execution in db queued to process","timestamp":"2025-02-14 17:54:54"}
{"level":"info","message":"(cycling) check for queueing executions","timestamp":"2025-02-14 17:54:57"}
{"level":"info","message":"no execution in db queued to process","timestamp":"2025-02-14 17:54:57"}
{"level":"info","message":"(cycling) check for queueing executions","timestamp":"2025-02-14 17:59:58"}
{"level":"info","message":"no execution in db queued to process","timestamp":"2025-02-14 17:59:59"}
{"level":"info","message":"no more events need to be prepared, dispatching...","timestamp":"2025-02-14 18:03:53"}
{"level":"info","message":"last process finished, will do another dispatch","timestamp":"2025-02-14 18:03:53"}
{"level":"info","message":"no execution in db queued to process","timestamp":"2025-02-14 18:03:53"}
{"level":"info","message":"last process finished, will do another dispatch","timestamp":"2025-02-14 18:03:55"}
{"level":"info","message":"no execution in db queued to process","timestamp":"2025-02-14 18:03:55"}
{"level":"info","message":"(cycling) check for queueing executions","timestamp":"2025-02-14 18:04:57"}
{"level":"info","message":"no execution in db queued to process","timestamp":"2025-02-14 18:04:57"}
{"level":"info","message":"no more events need to be prepared, dispatching...","timestamp":"2025-02-14 18:05:09"}
{"level":"info","message":"last process finished, will do another dispatch","timestamp":"2025-02-14 18:05:09"}
{"level":"info","message":"no execution in db queued to process","timestamp":"2025-02-14 18:05:10"}
{"level":"info","message":"last process finished, will do another dispatch","timestamp":"2025-02-14 18:05:12"}
{"level":"info","message":"no execution in db queued to process","timestamp":"2025-02-14 18:05:12"}
{"level":"info","message":"last process finished, will do another dispatch","timestamp":"2025-02-14 18:05:12"}
{"level":"info","message":"no execution in db queued to process","timestamp":"2025-02-14 18:05:12"}
{"level":"info","message":"last process finished, will do another dispatch","timestamp":"2025-02-14 18:05:13"}
{"level":"info","message":"no execution in db queued to process","timestamp":"2025-02-14 18:05:13"}
{"level":"info","message":"(cycling) check for queueing executions","timestamp":"2025-02-14 18:09:57"}
{"level":"info","message":"no execution in db queued to process","timestamp":"2025-02-14 18:09:57"}
{"level":"info","message":"no more events need to be prepared, dispatching...","timestamp":"2025-02-14 18:14:41"}
{"level":"info","message":"last process finished, will do another dispatch","timestamp":"2025-02-14 18:14:42"}
{"level":"info","message":"no execution in db queued to process","timestamp":"2025-02-14 18:14:42"}
{"level":"info","message":"last process finished, will do another dispatch","timestamp":"2025-02-14 18:14:43"}
{"level":"info","message":"no execution in db queued to process","timestamp":"2025-02-14 18:14:43"}
{"level":"info","message":"last process finished, will do another dispatch","timestamp":"2025-02-14 18:14:43"}
{"level":"info","message":"no execution in db queued to process","timestamp":"2025-02-14 18:14:43"}
{"level":"info","message":"(cycling) check for queueing executions","timestamp":"2025-02-14 18:14:57"}
{"level":"info","message":"no execution in db queued to process","timestamp":"2025-02-14 18:14:57"}
{"level":"info","message":"(cycling) check for queueing executions","timestamp":"2025-02-14 18:19:57"}
{"level":"info","message":"no execution in db queued to process","timestamp":"2025-02-14 18:19:58"}
{"level":"info","message":"no more events need to be prepared, dispatching...","timestamp":"2025-02-14 18:20:29"}
{"level":"info","message":"last process finished, will do another dispatch","timestamp":"2025-02-14 18:20:30"}
{"level":"info","message":"no execution in db queued to process","timestamp":"2025-02-14 18:20:30"}
{"level":"info","message":"last process finished, will do another dispatch","timestamp":"2025-02-14 18:20:33"}
{"level":"info","message":"no execution in db queued to process","timestamp":"2025-02-14 18:20:33"}
{"level":"info","message":"no more events need to be prepared, dispatching...","timestamp":"2025-02-14 18:23:32"}
{"level":"info","message":"last process finished, will do another dispatch","timestamp":"2025-02-14 18:23:32"}
{"level":"info","message":"no execution in db queued to process","timestamp":"2025-02-14 18:23:32"}
{"level":"info","message":"last process finished, will do another dispatch","timestamp":"2025-02-14 18:23:35"}
{"level":"info","message":"no execution in db queued to process","timestamp":"2025-02-14 18:23:35"}
{"level":"info","message":"(cycling) check for queueing executions","timestamp":"2025-02-14 18:24:57"}
{"level":"info","message":"no execution in db queued to process","timestamp":"2025-02-14 18:24:57"}
{"level":"info","message":"(cycling) check for queueing executions","timestamp":"2025-02-14 18:29:57"}
{"level":"info","message":"no execution in db queued to process","timestamp":"2025-02-14 18:29:59"}
{"level":"info","message":"no more events need to be prepared, dispatching...","timestamp":"2025-02-14 18:30:25"}
{"level":"info","message":"last process finished, will do another dispatch","timestamp":"2025-02-14 18:30:26"}
{"level":"info","message":"no execution in db queued to process","timestamp":"2025-02-14 18:30:27"}
{"level":"info","message":"last process finished, will do another dispatch","timestamp":"2025-02-14 18:30:31"}
{"level":"info","message":"no execution in db queued to process","timestamp":"2025-02-14 18:30:31"}
{"level":"info","message":"last process finished, will do another dispatch","timestamp":"2025-02-14 18:30:32"}
{"level":"info","message":"no execution in db queued to process","timestamp":"2025-02-14 18:30:32"}
{"level":"info","message":"last process finished, will do another dispatch","timestamp":"2025-02-14 18:30:33"}
{"level":"info","message":"no execution in db queued to process","timestamp":"2025-02-14 18:30:33"}
{"level":"info","message":"(cycling) check for queueing executions","timestamp":"2025-02-14 18:34:57"}
{"level":"info","message":"no execution in db queued to process","timestamp":"2025-02-14 18:34:57"}
{"level":"info","message":"no more events need to be prepared, dispatching...","timestamp":"2025-02-14 18:36:00"}
{"level":"info","message":"last process finished, will do another dispatch","timestamp":"2025-02-14 18:36:00"}
{"level":"info","message":"no execution in db queued to process","timestamp":"2025-02-14 18:36:00"}
{"level":"info","message":"last process finished, will do another dispatch","timestamp":"2025-02-14 18:36:02"}
{"level":"info","message":"no execution in db queued to process","timestamp":"2025-02-14 18:36:02"}
{"level":"info","message":"last process finished, will do another dispatch","timestamp":"2025-02-14 18:36:03"}
{"level":"info","message":"no execution in db queued to process","timestamp":"2025-02-14 18:36:03"}
{"level":"info","message":"no more events need to be prepared, dispatching...","timestamp":"2025-02-14 18:37:37"}
{"level":"info","message":"last process finished, will do another dispatch","timestamp":"2025-02-14 18:37:38"}
{"level":"info","message":"no execution in db queued to process","timestamp":"2025-02-14 18:37:38"}
{"level":"info","message":"last process finished, will do another dispatch","timestamp":"2025-02-14 18:37:40"}
{"level":"info","message":"no execution in db queued to process","timestamp":"2025-02-14 18:37:40"}
{"level":"info","message":"last process finished, will do another dispatch","timestamp":"2025-02-14 18:37:40"}
{"level":"info","message":"no execution in db queued to process","timestamp":"2025-02-14 18:37:40"}
{"level":"info","message":"last process finished, will do another dispatch","timestamp":"2025-02-14 18:37:41"}
{"level":"info","message":"no execution in db queued to process","timestamp":"2025-02-14 18:37:41"}
{"level":"info","message":"(cycling) check for queueing executions","timestamp":"2025-02-14 18:39:57"}
{"level":"info","message":"no execution in db queued to process","timestamp":"2025-02-14 18:39:58"}
{"level":"info","message":"(cycling) check for queueing executions","timestamp":"2025-02-14 18:44:57"}
{"level":"info","message":"no execution in db queued to process","timestamp":"2025-02-14 18:44:57"}
{"level":"info","message":"no more events need to be prepared, dispatching...","timestamp":"2025-02-14 18:47:51"}
{"level":"info","message":"last process finished, will do another dispatch","timestamp":"2025-02-14 18:47:51"}
{"level":"info","message":"no execution in db queued to process","timestamp":"2025-02-14 18:47:51"}
{"level":"info","message":"last process finished, will do another dispatch","timestamp":"2025-02-14 18:47:53"}
{"level":"info","message":"no execution in db queued to process","timestamp":"2025-02-14 18:47:53"}
{"level":"info","message":"last process finished, will do another dispatch","timestamp":"2025-02-14 18:47:53"}
{"level":"info","message":"no execution in db queued to process","timestamp":"2025-02-14 18:47:53"}
{"level":"info","message":"no more events need to be prepared, dispatching...","timestamp":"2025-02-14 18:48:56"}
{"level":"info","message":"last process finished, will do another dispatch","timestamp":"2025-02-14 18:48:57"}
{"level":"info","message":"no execution in db queued to process","timestamp":"2025-02-14 18:48:57"}
{"level":"info","message":"last process finished, will do another dispatch","timestamp":"2025-02-14 18:48:58"}
{"level":"info","message":"no execution in db queued to process","timestamp":"2025-02-14 18:48:58"}
{"level":"info","message":"last process finished, will do another dispatch","timestamp":"2025-02-14 18:48:59"}
{"level":"info","message":"no execution in db queued to process","timestamp":"2025-02-14 18:48:59"}
{"level":"info","message":"last process finished, will do another dispatch","timestamp":"2025-02-14 18:48:59"}
{"level":"info","message":"no execution in db queued to process","timestamp":"2025-02-14 18:48:59"}
{"level":"info","message":"(cycling) check for queueing executions","timestamp":"2025-02-14 18:49:57"}
{"level":"info","message":"no execution in db queued to process","timestamp":"2025-02-14 18:49:57"}
{"level":"info","message":"(cycling) check for queueing executions","timestamp":"2025-02-14 18:54:57"}
{"level":"info","message":"no execution in db queued to process","timestamp":"2025-02-14 18:54:57"}
{"level":"info","message":"(cycling) check for queueing executions","timestamp":"2025-02-14 18:59:57"}
{"level":"info","message":"no execution in db queued to process","timestamp":"2025-02-14 19:00:01"}
{"level":"info","message":"(cycling) check for queueing executions","timestamp":"2025-02-14 19:04:57"}
{"level":"info","message":"no execution in db queued to process","timestamp":"2025-02-14 19:04:57"}
{"level":"info","message":"(cycling) check for queueing executions","timestamp":"2025-02-14 19:09:56"}
{"level":"info","message":"no execution in db queued to process","timestamp":"2025-02-14 19:09:57"}
{"level":"info","message":"(cycling) check for queueing executions","timestamp":"2025-02-14 19:14:56"}
{"level":"info","message":"no execution in db queued to process","timestamp":"2025-02-14 19:14:57"}
{"level":"info","message":"(cycling) check for queueing executions","timestamp":"2025-02-14 19:19:56"}
{"level":"info","message":"no execution in db queued to process","timestamp":"2025-02-14 19:19:56"}
{"level":"info","message":"(cycling) check for queueing executions","timestamp":"2025-02-14 19:24:56"}
{"level":"info","message":"no execution in db queued to process","timestamp":"2025-02-14 19:24:56"}
{"level":"info","message":"(cycling) check for queueing executions","timestamp":"2025-02-14 19:29:56"}
{"level":"info","message":"no execution in db queued to process","timestamp":"2025-02-14 19:29:57"}
{"level":"info","message":"(cycling) check for queueing executions","timestamp":"2025-02-14 19:34:56"}
{"level":"info","message":"no execution in db queued to process","timestamp":"2025-02-14 19:34:57"}
{"level":"info","message":"(cycling) check for queueing executions","timestamp":"2025-02-14 19:39:56"}
{"level":"info","message":"no execution in db queued to process","timestamp":"2025-02-14 19:39:57"}
{"level":"info","message":"(cycling) check for queueing executions","timestamp":"2025-02-14 19:44:56"}
{"level":"info","message":"no execution in db queued to process","timestamp":"2025-02-14 19:44:56"}
