{"level":"info","message":"(cycling) check for queueing executions","timestamp":"2025-02-15 04:23:28"}
{"level":"info","message":"no execution in db queued to process","timestamp":"2025-02-15 04:23:32"}
{"level":"info","message":"(cycling) check for queueing executions","timestamp":"2025-02-15 04:28:18"}
{"level":"info","message":"no execution in db queued to process","timestamp":"2025-02-15 04:28:18"}
{"level":"info","message":"(cycling) check for queueing executions","timestamp":"2025-02-15 04:33:18"}
{"level":"info","message":"no execution in db queued to process","timestamp":"2025-02-15 04:33:18"}
{"level":"info","message":"(cycling) check for queueing executions","timestamp":"2025-02-15 04:38:18"}
{"level":"info","message":"no execution in db queued to process","timestamp":"2025-02-15 04:38:18"}
{"level":"info","message":"no more events need to be prepared, dispatching...","timestamp":"2025-02-15 04:39:21"}
{"level":"info","message":"last process finished, will do another dispatch","timestamp":"2025-02-15 04:39:21"}
{"level":"info","message":"no execution in db queued to process","timestamp":"2025-02-15 04:39:21"}
{"level":"info","message":"last process finished, will do another dispatch","timestamp":"2025-02-15 04:39:24"}
{"level":"info","message":"no execution in db queued to process","timestamp":"2025-02-15 04:39:24"}
{"level":"info","message":"last process finished, will do another dispatch","timestamp":"2025-02-15 04:39:24"}
{"level":"info","message":"no execution in db queued to process","timestamp":"2025-02-15 04:39:24"}
{"level":"info","message":"no more events need to be prepared, dispatching...","timestamp":"2025-02-15 04:41:05"}
{"level":"info","message":"last process finished, will do another dispatch","timestamp":"2025-02-15 04:41:05"}
{"level":"info","message":"no execution in db queued to process","timestamp":"2025-02-15 04:41:05"}
{"level":"info","message":"last process finished, will do another dispatch","timestamp":"2025-02-15 04:41:07"}
{"level":"info","message":"no execution in db queued to process","timestamp":"2025-02-15 04:41:07"}
{"level":"info","message":"last process finished, will do another dispatch","timestamp":"2025-02-15 04:41:08"}
{"level":"info","message":"no execution in db queued to process","timestamp":"2025-02-15 04:41:08"}
{"level":"info","message":"last process finished, will do another dispatch","timestamp":"2025-02-15 04:41:09"}
{"level":"info","message":"no execution in db queued to process","timestamp":"2025-02-15 04:41:09"}
{"level":"info","message":"last process finished, will do another dispatch","timestamp":"2025-02-15 04:41:09"}
{"level":"info","message":"no execution in db queued to process","timestamp":"2025-02-15 04:41:09"}
{"level":"info","message":"(cycling) check for queueing executions","timestamp":"2025-02-15 04:43:18"}
{"level":"info","message":"no execution in db queued to process","timestamp":"2025-02-15 04:43:19"}
{"level":"info","message":"(cycling) check for queueing executions","timestamp":"2025-02-15 04:48:17"}
{"level":"info","message":"no execution in db queued to process","timestamp":"2025-02-15 04:48:18"}
{"level":"info","message":"(cycling) check for queueing executions","timestamp":"2025-02-15 04:53:17"}
{"level":"info","message":"no execution in db queued to process","timestamp":"2025-02-15 04:53:18"}
{"level":"info","message":"(cycling) check for queueing executions","timestamp":"2025-02-15 04:58:17"}
{"level":"info","message":"no execution in db queued to process","timestamp":"2025-02-15 04:58:18"}
{"level":"info","message":"(cycling) check for queueing executions","timestamp":"2025-02-15 05:03:17"}
{"level":"info","message":"no execution in db queued to process","timestamp":"2025-02-15 05:03:18"}
{"level":"info","message":"(cycling) check for queueing executions","timestamp":"2025-02-15 05:08:17"}
{"level":"info","message":"no execution in db queued to process","timestamp":"2025-02-15 05:08:18"}
{"level":"info","message":"(cycling) check for queueing executions","timestamp":"2025-02-15 05:13:17"}
{"level":"info","message":"no execution in db queued to process","timestamp":"2025-02-15 05:13:18"}
{"level":"info","message":"(cycling) check for queueing executions","timestamp":"2025-02-15 05:18:17"}
{"level":"info","message":"no execution in db queued to process","timestamp":"2025-02-15 05:18:17"}
{"level":"info","message":"(cycling) check for queueing executions","timestamp":"2025-02-15 05:23:17"}
{"level":"info","message":"no execution in db queued to process","timestamp":"2025-02-15 05:23:17"}
{"level":"info","message":"(cycling) check for queueing executions","timestamp":"2025-02-15 05:28:17"}
{"level":"info","message":"no execution in db queued to process","timestamp":"2025-02-15 05:28:18"}
{"level":"info","message":"(cycling) check for queueing executions","timestamp":"2025-02-15 05:33:17"}
{"level":"info","message":"no execution in db queued to process","timestamp":"2025-02-15 05:33:18"}
{"level":"info","message":"(cycling) check for queueing executions","timestamp":"2025-02-15 05:38:17"}
{"level":"info","message":"no execution in db queued to process","timestamp":"2025-02-15 05:38:17"}
{"level":"info","message":"(cycling) check for queueing executions","timestamp":"2025-02-15 05:43:17"}
{"level":"info","message":"no execution in db queued to process","timestamp":"2025-02-15 05:43:17"}
{"level":"info","message":"(cycling) check for queueing executions","timestamp":"2025-02-15 05:48:17"}
{"level":"info","message":"no execution in db queued to process","timestamp":"2025-02-15 05:48:17"}
{"level":"info","message":"(cycling) check for queueing executions","timestamp":"2025-02-15 05:53:17"}
{"level":"info","message":"no execution in db queued to process","timestamp":"2025-02-15 05:53:17"}
{"level":"info","message":"(cycling) check for queueing executions","timestamp":"2025-02-15 05:58:17"}
{"level":"info","message":"no execution in db queued to process","timestamp":"2025-02-15 05:58:17"}
{"level":"info","message":"(cycling) check for queueing executions","timestamp":"2025-02-15 06:03:17"}
{"level":"info","message":"no execution in db queued to process","timestamp":"2025-02-15 06:03:17"}
{"level":"info","message":"(cycling) check for queueing executions","timestamp":"2025-02-15 06:08:17"}
{"level":"info","message":"no execution in db queued to process","timestamp":"2025-02-15 06:08:17"}
{"level":"info","message":"(cycling) check for queueing executions","timestamp":"2025-02-15 06:13:17"}
{"level":"info","message":"no execution in db queued to process","timestamp":"2025-02-15 06:13:18"}
{"level":"info","message":"(cycling) check for queueing executions","timestamp":"2025-02-15 06:18:17"}
{"level":"info","message":"no execution in db queued to process","timestamp":"2025-02-15 06:18:17"}
{"level":"info","message":"(cycling) check for queueing executions","timestamp":"2025-02-15 06:23:17"}
{"level":"info","message":"no execution in db queued to process","timestamp":"2025-02-15 06:23:17"}
{"level":"info","message":"(cycling) check for queueing executions","timestamp":"2025-02-15 06:28:17"}
{"level":"info","message":"no execution in db queued to process","timestamp":"2025-02-15 06:28:18"}
{"level":"info","message":"(cycling) check for queueing executions","timestamp":"2025-02-15 06:33:17"}
{"level":"info","message":"no execution in db queued to process","timestamp":"2025-02-15 06:33:17"}
{"level":"info","message":"(cycling) check for queueing executions","timestamp":"2025-02-15 06:38:17"}
{"level":"info","message":"no execution in db queued to process","timestamp":"2025-02-15 06:38:17"}
{"level":"info","message":"(cycling) check for queueing executions","timestamp":"2025-02-15 06:43:17"}
{"level":"info","message":"no execution in db queued to process","timestamp":"2025-02-15 06:43:17"}
{"level":"info","message":"(cycling) check for queueing executions","timestamp":"2025-02-15 06:48:17"}
{"level":"info","message":"no execution in db queued to process","timestamp":"2025-02-15 06:48:18"}
{"level":"info","message":"(cycling) check for queueing executions","timestamp":"2025-02-15 06:53:17"}
{"level":"info","message":"no execution in db queued to process","timestamp":"2025-02-15 06:53:18"}
{"level":"info","message":"(cycling) check for queueing executions","timestamp":"2025-02-15 06:58:16"}
{"level":"info","message":"no execution in db queued to process","timestamp":"2025-02-15 06:58:17"}
{"level":"info","message":"(cycling) check for queueing executions","timestamp":"2025-02-15 07:03:16"}
{"level":"info","message":"no execution in db queued to process","timestamp":"2025-02-15 07:03:17"}
{"level":"info","message":"(cycling) check for queueing executions","timestamp":"2025-02-15 07:08:16"}
{"level":"info","message":"no execution in db queued to process","timestamp":"2025-02-15 07:08:18"}
{"level":"info","message":"(cycling) check for queueing executions","timestamp":"2025-02-15 07:13:16"}
{"level":"info","message":"no execution in db queued to process","timestamp":"2025-02-15 07:13:17"}
{"level":"info","message":"(cycling) check for queueing executions","timestamp":"2025-02-15 07:18:16"}
{"level":"info","message":"no execution in db queued to process","timestamp":"2025-02-15 07:18:17"}
{"level":"info","message":"(cycling) check for queueing executions","timestamp":"2025-02-15 07:23:16"}
{"level":"info","message":"no execution in db queued to process","timestamp":"2025-02-15 07:23:17"}
{"level":"info","message":"(cycling) check for queueing executions","timestamp":"2025-02-15 07:28:16"}
{"level":"info","message":"no execution in db queued to process","timestamp":"2025-02-15 07:28:17"}
{"level":"info","message":"(cycling) check for queueing executions","timestamp":"2025-02-15 07:33:16"}
{"level":"info","message":"no execution in db queued to process","timestamp":"2025-02-15 07:33:16"}
{"level":"info","message":"(cycling) check for queueing executions","timestamp":"2025-02-15 07:38:16"}
{"level":"info","message":"no execution in db queued to process","timestamp":"2025-02-15 07:38:16"}
{"level":"info","message":"(cycling) check for queueing executions","timestamp":"2025-02-15 07:43:16"}
{"level":"info","message":"no execution in db queued to process","timestamp":"2025-02-15 07:43:16"}
{"level":"info","message":"(cycling) check for queueing executions","timestamp":"2025-02-15 07:48:16"}
{"level":"info","message":"no execution in db queued to process","timestamp":"2025-02-15 07:48:17"}
{"level":"info","message":"(cycling) check for queueing executions","timestamp":"2025-02-15 07:53:16"}
{"level":"info","message":"no execution in db queued to process","timestamp":"2025-02-15 07:53:16"}
{"level":"info","message":"(cycling) check for queueing executions","timestamp":"2025-02-15 07:58:16"}
{"level":"info","message":"no execution in db queued to process","timestamp":"2025-02-15 07:58:16"}
{"level":"info","message":"(cycling) check for queueing executions","timestamp":"2025-02-15 08:03:16"}
{"level":"info","message":"no execution in db queued to process","timestamp":"2025-02-15 08:03:16"}
{"level":"info","message":"(cycling) check for queueing executions","timestamp":"2025-02-15 08:08:16"}
{"level":"info","message":"no execution in db queued to process","timestamp":"2025-02-15 08:08:16"}
{"level":"info","message":"(cycling) check for queueing executions","timestamp":"2025-02-15 08:13:16"}
{"level":"info","message":"no execution in db queued to process","timestamp":"2025-02-15 08:13:17"}
{"level":"info","message":"(cycling) check for queueing executions","timestamp":"2025-02-15 08:18:16"}
{"level":"info","message":"no execution in db queued to process","timestamp":"2025-02-15 08:18:17"}
{"level":"info","message":"(cycling) check for queueing executions","timestamp":"2025-02-15 08:23:16"}
{"level":"info","message":"no execution in db queued to process","timestamp":"2025-02-15 08:23:18"}
{"level":"info","message":"(cycling) check for queueing executions","timestamp":"2025-02-15 08:28:16"}
{"level":"info","message":"no execution in db queued to process","timestamp":"2025-02-15 08:28:16"}
{"level":"info","message":"(cycling) check for queueing executions","timestamp":"2025-02-15 08:33:16"}
{"level":"info","message":"no execution in db queued to process","timestamp":"2025-02-15 08:33:16"}
{"level":"info","message":"(cycling) check for queueing executions","timestamp":"2025-02-15 08:38:16"}
{"level":"info","message":"no execution in db queued to process","timestamp":"2025-02-15 08:38:16"}
{"level":"info","message":"(cycling) check for queueing executions","timestamp":"2025-02-15 08:43:16"}
{"level":"info","message":"no execution in db queued to process","timestamp":"2025-02-15 08:43:16"}
{"level":"info","message":"(cycling) check for queueing executions","timestamp":"2025-02-15 08:48:16"}
{"level":"info","message":"no execution in db queued to process","timestamp":"2025-02-15 08:48:16"}
{"level":"info","message":"(cycling) check for queueing executions","timestamp":"2025-02-15 08:53:16"}
{"level":"info","message":"no execution in db queued to process","timestamp":"2025-02-15 08:53:16"}
{"level":"info","message":"(cycling) check for queueing executions","timestamp":"2025-02-15 08:58:16"}
{"level":"info","message":"no execution in db queued to process","timestamp":"2025-02-15 08:58:17"}
{"level":"info","message":"(cycling) check for queueing executions","timestamp":"2025-02-15 09:03:16"}
{"level":"info","message":"no execution in db queued to process","timestamp":"2025-02-15 09:03:16"}
{"level":"info","message":"(cycling) check for queueing executions","timestamp":"2025-02-15 09:08:16"}
{"level":"info","message":"no execution in db queued to process","timestamp":"2025-02-15 09:08:16"}
{"level":"info","message":"(cycling) check for queueing executions","timestamp":"2025-02-15 09:13:16"}
{"level":"info","message":"no execution in db queued to process","timestamp":"2025-02-15 09:13:16"}
{"level":"info","message":"(cycling) check for queueing executions","timestamp":"2025-02-15 09:18:16"}
{"level":"info","message":"no execution in db queued to process","timestamp":"2025-02-15 09:18:16"}
{"level":"info","message":"(cycling) check for queueing executions","timestamp":"2025-02-15 09:23:16"}
{"level":"info","message":"no execution in db queued to process","timestamp":"2025-02-15 09:23:16"}
{"level":"info","message":"no more events need to be prepared, dispatching...","timestamp":"2025-02-15 09:26:49"}
{"level":"info","message":"last process finished, will do another dispatch","timestamp":"2025-02-15 09:26:50"}
{"level":"info","message":"no execution in db queued to process","timestamp":"2025-02-15 09:26:50"}
{"level":"info","message":"last process finished, will do another dispatch","timestamp":"2025-02-15 09:26:50"}
{"level":"info","message":"no execution in db queued to process","timestamp":"2025-02-15 09:26:50"}
{"level":"info","message":"last process finished, will do another dispatch","timestamp":"2025-02-15 09:26:51"}
{"level":"info","message":"no execution in db queued to process","timestamp":"2025-02-15 09:26:51"}
{"level":"info","message":"last process finished, will do another dispatch","timestamp":"2025-02-15 09:26:51"}
{"level":"info","message":"no execution in db queued to process","timestamp":"2025-02-15 09:26:52"}
{"level":"info","message":"no more events need to be prepared, dispatching...","timestamp":"2025-02-15 09:27:04"}
{"level":"info","message":"last process finished, will do another dispatch","timestamp":"2025-02-15 09:27:05"}
{"level":"info","message":"no execution in db queued to process","timestamp":"2025-02-15 09:27:05"}
{"level":"info","message":"last process finished, will do another dispatch","timestamp":"2025-02-15 09:27:05"}
{"level":"info","message":"no execution in db queued to process","timestamp":"2025-02-15 09:27:05"}
{"level":"info","message":"last process finished, will do another dispatch","timestamp":"2025-02-15 09:27:05"}
{"level":"info","message":"no execution in db queued to process","timestamp":"2025-02-15 09:27:05"}
{"level":"info","message":"last process finished, will do another dispatch","timestamp":"2025-02-15 09:27:06"}
{"level":"info","message":"no execution in db queued to process","timestamp":"2025-02-15 09:27:07"}
{"level":"info","message":"(cycling) check for queueing executions","timestamp":"2025-02-15 09:28:16"}
{"level":"info","message":"no execution in db queued to process","timestamp":"2025-02-15 09:28:16"}
{"level":"info","message":"(cycling) check for queueing executions","timestamp":"2025-02-15 09:33:16"}
{"level":"info","message":"no execution in db queued to process","timestamp":"2025-02-15 09:33:16"}
{"level":"info","message":"(cycling) check for queueing executions","timestamp":"2025-02-15 09:38:16"}
{"level":"info","message":"no execution in db queued to process","timestamp":"2025-02-15 09:38:16"}
{"level":"info","message":"(cycling) check for queueing executions","timestamp":"2025-02-15 09:43:16"}
{"level":"info","message":"no execution in db queued to process","timestamp":"2025-02-15 09:43:16"}
{"level":"info","message":"no more events need to be prepared, dispatching...","timestamp":"2025-02-15 09:45:56"}
{"level":"info","message":"last process finished, will do another dispatch","timestamp":"2025-02-15 09:45:57"}
{"level":"info","message":"no execution in db queued to process","timestamp":"2025-02-15 09:45:57"}
{"level":"info","message":"last process finished, will do another dispatch","timestamp":"2025-02-15 09:45:57"}
{"level":"warn","message":"workflow executing is not finished, new dispatching will be ignored","timestamp":"2025-02-15 09:45:57"}
{"level":"info","message":"last process finished, will do another dispatch","timestamp":"2025-02-15 09:45:57"}
{"level":"info","message":"no execution in db queued to process","timestamp":"2025-02-15 09:45:57"}
{"level":"info","message":"last process finished, will do another dispatch","timestamp":"2025-02-15 09:45:58"}
{"level":"info","message":"no execution in db queued to process","timestamp":"2025-02-15 09:45:58"}
{"level":"info","message":"last process finished, will do another dispatch","timestamp":"2025-02-15 09:45:58"}
{"level":"info","message":"no execution in db queued to process","timestamp":"2025-02-15 09:45:58"}
{"level":"info","message":"(cycling) check for queueing executions","timestamp":"2025-02-15 09:48:15"}
{"level":"info","message":"no execution in db queued to process","timestamp":"2025-02-15 09:48:16"}
{"level":"info","message":"(cycling) check for queueing executions","timestamp":"2025-02-15 09:53:16"}
{"level":"info","message":"no execution in db queued to process","timestamp":"2025-02-15 09:53:16"}
{"level":"info","message":"(cycling) check for queueing executions","timestamp":"2025-02-15 09:58:15"}
{"level":"info","message":"no execution in db queued to process","timestamp":"2025-02-15 09:58:16"}
{"level":"info","message":"(cycling) check for queueing executions","timestamp":"2025-02-15 10:03:15"}
{"level":"info","message":"no execution in db queued to process","timestamp":"2025-02-15 10:03:16"}
{"level":"info","message":"(cycling) check for queueing executions","timestamp":"2025-02-15 10:08:15"}
{"level":"info","message":"no execution in db queued to process","timestamp":"2025-02-15 10:08:16"}
{"level":"info","message":"(cycling) check for queueing executions","timestamp":"2025-02-15 10:13:15"}
{"level":"info","message":"no execution in db queued to process","timestamp":"2025-02-15 10:13:16"}
{"level":"info","message":"(cycling) check for queueing executions","timestamp":"2025-02-15 10:18:15"}
{"level":"info","message":"no execution in db queued to process","timestamp":"2025-02-15 10:18:16"}
{"level":"info","message":"(cycling) check for queueing executions","timestamp":"2025-02-15 10:23:15"}
{"level":"info","message":"no execution in db queued to process","timestamp":"2025-02-15 10:23:16"}
{"level":"info","message":"(cycling) check for queueing executions","timestamp":"2025-02-15 10:28:15"}
{"level":"info","message":"no execution in db queued to process","timestamp":"2025-02-15 10:28:16"}
{"level":"info","message":"(cycling) check for queueing executions","timestamp":"2025-02-15 10:33:15"}
{"level":"info","message":"no execution in db queued to process","timestamp":"2025-02-15 10:33:16"}
{"level":"info","message":"(cycling) check for queueing executions","timestamp":"2025-02-15 10:38:15"}
{"level":"info","message":"no execution in db queued to process","timestamp":"2025-02-15 10:38:16"}
{"level":"info","message":"(cycling) check for queueing executions","timestamp":"2025-02-15 10:43:14"}
{"level":"info","message":"no execution in db queued to process","timestamp":"2025-02-15 10:43:15"}
{"level":"info","message":"(cycling) check for queueing executions","timestamp":"2025-02-15 10:48:14"}
{"level":"info","message":"no execution in db queued to process","timestamp":"2025-02-15 10:48:15"}
{"level":"info","message":"(cycling) check for queueing executions","timestamp":"2025-02-15 10:53:14"}
{"level":"info","message":"no execution in db queued to process","timestamp":"2025-02-15 10:53:15"}
{"level":"info","message":"(cycling) check for queueing executions","timestamp":"2025-02-15 10:58:14"}
{"level":"info","message":"no execution in db queued to process","timestamp":"2025-02-15 10:58:15"}
{"level":"info","message":"(cycling) check for queueing executions","timestamp":"2025-02-15 11:03:11"}
{"level":"info","message":"no execution in db queued to process","timestamp":"2025-02-15 11:03:24"}
{"level":"info","message":"(cycling) check for queueing executions","timestamp":"2025-02-15 11:08:09"}
{"level":"info","message":"no execution in db queued to process","timestamp":"2025-02-15 11:08:09"}
{"level":"info","message":"(cycling) check for queueing executions","timestamp":"2025-02-15 11:13:09"}
{"level":"info","message":"no execution in db queued to process","timestamp":"2025-02-15 11:13:10"}
{"level":"info","message":"no more events need to be prepared, dispatching...","timestamp":"2025-02-15 11:16:28"}
{"level":"info","message":"last process finished, will do another dispatch","timestamp":"2025-02-15 11:16:28"}
{"level":"info","message":"no execution in db queued to process","timestamp":"2025-02-15 11:16:28"}
{"level":"info","message":"last process finished, will do another dispatch","timestamp":"2025-02-15 11:16:37"}
{"level":"info","message":"no execution in db queued to process","timestamp":"2025-02-15 11:16:38"}
{"level":"info","message":"last process finished, will do another dispatch","timestamp":"2025-02-15 11:16:44"}
{"level":"info","message":"no execution in db queued to process","timestamp":"2025-02-15 11:16:44"}
{"level":"info","message":"(cycling) check for queueing executions","timestamp":"2025-02-15 11:18:09"}
{"level":"info","message":"no execution in db queued to process","timestamp":"2025-02-15 11:18:10"}
{"level":"info","message":"no more events need to be prepared, dispatching...","timestamp":"2025-02-15 11:18:26"}
{"level":"info","message":"last process finished, will do another dispatch","timestamp":"2025-02-15 11:18:26"}
{"level":"info","message":"no execution in db queued to process","timestamp":"2025-02-15 11:18:26"}
{"level":"info","message":"last process finished, will do another dispatch","timestamp":"2025-02-15 11:18:30"}
{"level":"info","message":"no execution in db queued to process","timestamp":"2025-02-15 11:18:30"}
{"level":"info","message":"last process finished, will do another dispatch","timestamp":"2025-02-15 11:18:31"}
{"level":"info","message":"no execution in db queued to process","timestamp":"2025-02-15 11:18:31"}
{"level":"info","message":"no more events need to be prepared, dispatching...","timestamp":"2025-02-15 11:20:15"}
{"level":"info","message":"last process finished, will do another dispatch","timestamp":"2025-02-15 11:20:16"}
{"level":"info","message":"no execution in db queued to process","timestamp":"2025-02-15 11:20:17"}
{"level":"info","message":"last process finished, will do another dispatch","timestamp":"2025-02-15 11:20:26"}
{"level":"info","message":"no execution in db queued to process","timestamp":"2025-02-15 11:20:26"}
{"level":"info","message":"last process finished, will do another dispatch","timestamp":"2025-02-15 11:20:26"}
{"level":"info","message":"no execution in db queued to process","timestamp":"2025-02-15 11:20:26"}
{"level":"info","message":"last process finished, will do another dispatch","timestamp":"2025-02-15 11:20:28"}
{"level":"info","message":"no execution in db queued to process","timestamp":"2025-02-15 11:20:28"}
{"level":"info","message":"last process finished, will do another dispatch","timestamp":"2025-02-15 11:20:28"}
{"level":"info","message":"no execution in db queued to process","timestamp":"2025-02-15 11:20:28"}
{"level":"info","message":"(cycling) check for queueing executions","timestamp":"2025-02-15 11:23:12"}
{"level":"info","message":"no execution in db queued to process","timestamp":"2025-02-15 11:23:14"}
{"level":"info","message":"no more events need to be prepared, dispatching...","timestamp":"2025-02-15 11:24:16"}
{"level":"info","message":"last process finished, will do another dispatch","timestamp":"2025-02-15 11:24:16"}
{"level":"info","message":"no execution in db queued to process","timestamp":"2025-02-15 11:24:16"}
{"level":"info","message":"last process finished, will do another dispatch","timestamp":"2025-02-15 11:24:18"}
{"level":"info","message":"no execution in db queued to process","timestamp":"2025-02-15 11:24:18"}
{"level":"info","message":"last process finished, will do another dispatch","timestamp":"2025-02-15 11:24:19"}
{"level":"info","message":"no execution in db queued to process","timestamp":"2025-02-15 11:24:19"}
{"level":"info","message":"no more events need to be prepared, dispatching...","timestamp":"2025-02-15 11:26:26"}
{"level":"info","message":"last process finished, will do another dispatch","timestamp":"2025-02-15 11:26:26"}
{"level":"info","message":"no execution in db queued to process","timestamp":"2025-02-15 11:26:26"}
{"level":"info","message":"last process finished, will do another dispatch","timestamp":"2025-02-15 11:26:29"}
{"level":"info","message":"no execution in db queued to process","timestamp":"2025-02-15 11:26:30"}
{"level":"info","message":"last process finished, will do another dispatch","timestamp":"2025-02-15 11:26:31"}
{"level":"info","message":"no execution in db queued to process","timestamp":"2025-02-15 11:26:31"}
{"level":"info","message":"no more events need to be prepared, dispatching...","timestamp":"2025-02-15 11:26:59"}
{"level":"info","message":"last process finished, will do another dispatch","timestamp":"2025-02-15 11:27:00"}
{"level":"info","message":"no execution in db queued to process","timestamp":"2025-02-15 11:27:00"}
{"level":"info","message":"last process finished, will do another dispatch","timestamp":"2025-02-15 11:27:00"}
{"level":"info","message":"no execution in db queued to process","timestamp":"2025-02-15 11:27:00"}
{"level":"info","message":"no more events need to be prepared, dispatching...","timestamp":"2025-02-15 11:27:46"}
{"level":"info","message":"last process finished, will do another dispatch","timestamp":"2025-02-15 11:27:46"}
{"level":"info","message":"no execution in db queued to process","timestamp":"2025-02-15 11:27:46"}
{"level":"info","message":"last process finished, will do another dispatch","timestamp":"2025-02-15 11:27:47"}
{"level":"info","message":"no execution in db queued to process","timestamp":"2025-02-15 11:27:47"}
{"level":"info","message":"last process finished, will do another dispatch","timestamp":"2025-02-15 11:27:47"}
{"level":"info","message":"no execution in db queued to process","timestamp":"2025-02-15 11:27:47"}
{"level":"info","message":"last process finished, will do another dispatch","timestamp":"2025-02-15 11:27:48"}
{"level":"info","message":"no execution in db queued to process","timestamp":"2025-02-15 11:27:48"}
{"level":"info","message":"last process finished, will do another dispatch","timestamp":"2025-02-15 11:27:48"}
{"level":"info","message":"no execution in db queued to process","timestamp":"2025-02-15 11:27:48"}
{"level":"info","message":"(cycling) check for queueing executions","timestamp":"2025-02-15 11:28:12"}
{"level":"info","message":"no execution in db queued to process","timestamp":"2025-02-15 11:28:12"}
{"level":"info","message":"no more events need to be prepared, dispatching...","timestamp":"2025-02-15 11:28:38"}
{"level":"info","message":"last process finished, will do another dispatch","timestamp":"2025-02-15 11:28:39"}
{"level":"info","message":"no execution in db queued to process","timestamp":"2025-02-15 11:28:39"}
{"level":"info","message":"last process finished, will do another dispatch","timestamp":"2025-02-15 11:28:39"}
{"level":"info","message":"no execution in db queued to process","timestamp":"2025-02-15 11:28:39"}
{"level":"info","message":"last process finished, will do another dispatch","timestamp":"2025-02-15 11:28:39"}
{"level":"info","message":"no execution in db queued to process","timestamp":"2025-02-15 11:28:39"}
{"level":"info","message":"no more events need to be prepared, dispatching...","timestamp":"2025-02-15 11:29:02"}
{"level":"info","message":"last process finished, will do another dispatch","timestamp":"2025-02-15 11:29:03"}
{"level":"info","message":"no execution in db queued to process","timestamp":"2025-02-15 11:29:03"}
{"level":"info","message":"last process finished, will do another dispatch","timestamp":"2025-02-15 11:29:04"}
{"level":"info","message":"no execution in db queued to process","timestamp":"2025-02-15 11:29:05"}
{"level":"info","message":"last process finished, will do another dispatch","timestamp":"2025-02-15 11:29:05"}
{"level":"info","message":"no execution in db queued to process","timestamp":"2025-02-15 11:29:05"}
{"level":"info","message":"last process finished, will do another dispatch","timestamp":"2025-02-15 11:29:07"}
{"level":"info","message":"no execution in db queued to process","timestamp":"2025-02-15 11:29:07"}
{"level":"info","message":"last process finished, will do another dispatch","timestamp":"2025-02-15 11:29:07"}
{"level":"info","message":"no execution in db queued to process","timestamp":"2025-02-15 11:29:07"}
{"level":"info","message":"no more events need to be prepared, dispatching...","timestamp":"2025-02-15 11:32:11"}
{"level":"info","message":"last process finished, will do another dispatch","timestamp":"2025-02-15 11:32:12"}
{"level":"info","message":"no execution in db queued to process","timestamp":"2025-02-15 11:32:12"}
{"level":"info","message":"last process finished, will do another dispatch","timestamp":"2025-02-15 11:32:13"}
{"level":"info","message":"no execution in db queued to process","timestamp":"2025-02-15 11:32:14"}
{"level":"info","message":"last process finished, will do another dispatch","timestamp":"2025-02-15 11:32:14"}
{"level":"info","message":"no execution in db queued to process","timestamp":"2025-02-15 11:32:14"}
{"level":"info","message":"no more events need to be prepared, dispatching...","timestamp":"2025-02-15 11:32:51"}
{"level":"info","message":"last process finished, will do another dispatch","timestamp":"2025-02-15 11:32:51"}
{"level":"info","message":"no execution in db queued to process","timestamp":"2025-02-15 11:32:51"}
{"level":"info","message":"last process finished, will do another dispatch","timestamp":"2025-02-15 11:32:52"}
{"level":"info","message":"no execution in db queued to process","timestamp":"2025-02-15 11:32:53"}
{"level":"info","message":"last process finished, will do another dispatch","timestamp":"2025-02-15 11:32:53"}
{"level":"warn","message":"workflow executing is not finished, new dispatching will be ignored","timestamp":"2025-02-15 11:32:53"}
{"level":"info","message":"last process finished, will do another dispatch","timestamp":"2025-02-15 11:32:53"}
{"level":"info","message":"no execution in db queued to process","timestamp":"2025-02-15 11:32:53"}
{"level":"info","message":"last process finished, will do another dispatch","timestamp":"2025-02-15 11:32:54"}
{"level":"info","message":"no execution in db queued to process","timestamp":"2025-02-15 11:32:54"}
{"level":"info","message":"last process finished, will do another dispatch","timestamp":"2025-02-15 11:32:54"}
{"level":"info","message":"no execution in db queued to process","timestamp":"2025-02-15 11:32:55"}
{"level":"info","message":"(cycling) check for queueing executions","timestamp":"2025-02-15 11:33:12"}
{"level":"info","message":"no execution in db queued to process","timestamp":"2025-02-15 11:33:12"}
{"level":"info","message":"no more events need to be prepared, dispatching...","timestamp":"2025-02-15 11:35:32"}
{"level":"info","message":"last process finished, will do another dispatch","timestamp":"2025-02-15 11:35:32"}
{"level":"info","message":"no execution in db queued to process","timestamp":"2025-02-15 11:35:32"}
{"level":"info","message":"last process finished, will do another dispatch","timestamp":"2025-02-15 11:35:33"}
{"level":"info","message":"no execution in db queued to process","timestamp":"2025-02-15 11:35:33"}
{"level":"info","message":"last process finished, will do another dispatch","timestamp":"2025-02-15 11:35:34"}
{"level":"info","message":"no execution in db queued to process","timestamp":"2025-02-15 11:35:34"}
{"level":"info","message":"no more events need to be prepared, dispatching...","timestamp":"2025-02-15 11:35:56"}
{"level":"info","message":"last process finished, will do another dispatch","timestamp":"2025-02-15 11:35:56"}
{"level":"info","message":"no execution in db queued to process","timestamp":"2025-02-15 11:35:56"}
{"level":"info","message":"last process finished, will do another dispatch","timestamp":"2025-02-15 11:35:57"}
{"level":"info","message":"no execution in db queued to process","timestamp":"2025-02-15 11:35:57"}
{"level":"info","message":"last process finished, will do another dispatch","timestamp":"2025-02-15 11:35:58"}
{"level":"info","message":"no execution in db queued to process","timestamp":"2025-02-15 11:35:58"}
{"level":"info","message":"last process finished, will do another dispatch","timestamp":"2025-02-15 11:35:58"}
{"level":"info","message":"no execution in db queued to process","timestamp":"2025-02-15 11:35:58"}
{"level":"info","message":"no more events need to be prepared, dispatching...","timestamp":"2025-02-15 11:37:46"}
{"level":"info","message":"last process finished, will do another dispatch","timestamp":"2025-02-15 11:37:46"}
{"level":"info","message":"no execution in db queued to process","timestamp":"2025-02-15 11:37:47"}
{"level":"info","message":"last process finished, will do another dispatch","timestamp":"2025-02-15 11:37:48"}
{"level":"info","message":"no execution in db queued to process","timestamp":"2025-02-15 11:37:48"}
{"level":"info","message":"last process finished, will do another dispatch","timestamp":"2025-02-15 11:37:48"}
{"level":"info","message":"no execution in db queued to process","timestamp":"2025-02-15 11:37:48"}
{"level":"info","message":"(cycling) check for queueing executions","timestamp":"2025-02-15 11:38:12"}
{"level":"info","message":"no more events need to be prepared, dispatching...","timestamp":"2025-02-15 11:38:14"}
{"level":"info","message":"last process finished, will do another dispatch","timestamp":"2025-02-15 11:38:14"}
{"level":"warn","message":"workflow executing is not finished, new dispatching will be ignored","timestamp":"2025-02-15 11:38:14"}
{"level":"info","message":"no execution in db queued to process","timestamp":"2025-02-15 11:38:14"}
{"level":"info","message":"last process finished, will do another dispatch","timestamp":"2025-02-15 11:38:17"}
{"level":"info","message":"no execution in db queued to process","timestamp":"2025-02-15 11:38:17"}
{"level":"info","message":"last process finished, will do another dispatch","timestamp":"2025-02-15 11:38:17"}
{"level":"info","message":"no execution in db queued to process","timestamp":"2025-02-15 11:38:18"}
{"level":"info","message":"last process finished, will do another dispatch","timestamp":"2025-02-15 11:38:19"}
{"level":"info","message":"no execution in db queued to process","timestamp":"2025-02-15 11:38:19"}
{"level":"info","message":"(cycling) check for queueing executions","timestamp":"2025-02-15 11:43:12"}
{"level":"info","message":"no execution in db queued to process","timestamp":"2025-02-15 11:43:13"}
{"level":"info","message":"(cycling) check for queueing executions","timestamp":"2025-02-15 11:48:12"}
{"level":"info","message":"no execution in db queued to process","timestamp":"2025-02-15 11:48:13"}
{"level":"info","message":"no more events need to be prepared, dispatching...","timestamp":"2025-02-15 11:52:43"}
{"level":"info","message":"last process finished, will do another dispatch","timestamp":"2025-02-15 11:52:43"}
{"level":"info","message":"no execution in db queued to process","timestamp":"2025-02-15 11:52:43"}
{"level":"info","message":"last process finished, will do another dispatch","timestamp":"2025-02-15 11:52:48"}
{"level":"info","message":"no execution in db queued to process","timestamp":"2025-02-15 11:52:48"}
{"level":"info","message":"last process finished, will do another dispatch","timestamp":"2025-02-15 11:52:49"}
{"level":"info","message":"no execution in db queued to process","timestamp":"2025-02-15 11:52:49"}
{"level":"info","message":"(cycling) check for queueing executions","timestamp":"2025-02-15 11:53:12"}
{"level":"info","message":"no execution in db queued to process","timestamp":"2025-02-15 11:53:12"}
{"level":"info","message":"no more events need to be prepared, dispatching...","timestamp":"2025-02-15 11:55:35"}
{"level":"info","message":"last process finished, will do another dispatch","timestamp":"2025-02-15 11:55:37"}
{"level":"info","message":"no execution in db queued to process","timestamp":"2025-02-15 11:55:37"}
{"level":"info","message":"last process finished, will do another dispatch","timestamp":"2025-02-15 11:55:49"}
{"level":"info","message":"no execution in db queued to process","timestamp":"2025-02-15 11:55:50"}
{"level":"info","message":"last process finished, will do another dispatch","timestamp":"2025-02-15 11:55:50"}
{"level":"info","message":"no execution in db queued to process","timestamp":"2025-02-15 11:55:51"}
{"level":"info","message":"last process finished, will do another dispatch","timestamp":"2025-02-15 11:55:52"}
{"level":"info","message":"no execution in db queued to process","timestamp":"2025-02-15 11:55:53"}
{"level":"info","message":"last process finished, will do another dispatch","timestamp":"2025-02-15 11:55:53"}
{"level":"info","message":"no execution in db queued to process","timestamp":"2025-02-15 11:55:53"}
{"level":"info","message":"no more events need to be prepared, dispatching...","timestamp":"2025-02-15 11:56:05"}
{"level":"info","message":"last process finished, will do another dispatch","timestamp":"2025-02-15 11:56:05"}
{"level":"info","message":"no execution in db queued to process","timestamp":"2025-02-15 11:56:05"}
{"level":"info","message":"last process finished, will do another dispatch","timestamp":"2025-02-15 11:56:05"}
{"level":"info","message":"no execution in db queued to process","timestamp":"2025-02-15 11:56:05"}
{"level":"info","message":"last process finished, will do another dispatch","timestamp":"2025-02-15 11:56:13"}
{"level":"info","message":"no execution in db queued to process","timestamp":"2025-02-15 11:56:13"}
{"level":"info","message":"last process finished, will do another dispatch","timestamp":"2025-02-15 11:56:15"}
{"level":"info","message":"no execution in db queued to process","timestamp":"2025-02-15 11:56:15"}
{"level":"info","message":"(cycling) check for queueing executions","timestamp":"2025-02-15 11:58:12"}
{"level":"info","message":"no execution in db queued to process","timestamp":"2025-02-15 11:58:12"}
{"level":"info","message":"no more events need to be prepared, dispatching...","timestamp":"2025-02-15 12:00:01"}
{"level":"info","message":"last process finished, will do another dispatch","timestamp":"2025-02-15 12:00:01"}
{"level":"info","message":"no execution in db queued to process","timestamp":"2025-02-15 12:00:01"}
{"level":"info","message":"last process finished, will do another dispatch","timestamp":"2025-02-15 12:00:04"}
{"level":"info","message":"no execution in db queued to process","timestamp":"2025-02-15 12:00:04"}
{"level":"info","message":"last process finished, will do another dispatch","timestamp":"2025-02-15 12:00:09"}
{"level":"info","message":"no execution in db queued to process","timestamp":"2025-02-15 12:00:09"}
{"level":"info","message":"last process finished, will do another dispatch","timestamp":"2025-02-15 12:00:09"}
{"level":"warn","message":"workflow executing is not finished, new dispatching will be ignored","timestamp":"2025-02-15 12:00:09"}
{"level":"info","message":"last process finished, will do another dispatch","timestamp":"2025-02-15 12:00:10"}
{"level":"info","message":"no execution in db queued to process","timestamp":"2025-02-15 12:00:10"}
{"level":"info","message":"(cycling) check for queueing executions","timestamp":"2025-02-15 12:03:12"}
{"level":"info","message":"no execution in db queued to process","timestamp":"2025-02-15 12:03:13"}
{"level":"info","message":"no more events need to be prepared, dispatching...","timestamp":"2025-02-15 12:03:28"}
{"level":"info","message":"last process finished, will do another dispatch","timestamp":"2025-02-15 12:03:29"}
{"level":"info","message":"no execution in db queued to process","timestamp":"2025-02-15 12:03:29"}
{"level":"info","message":"last process finished, will do another dispatch","timestamp":"2025-02-15 12:03:29"}
{"level":"info","message":"no execution in db queued to process","timestamp":"2025-02-15 12:03:29"}
{"level":"info","message":"last process finished, will do another dispatch","timestamp":"2025-02-15 12:03:35"}
{"level":"info","message":"no execution in db queued to process","timestamp":"2025-02-15 12:03:35"}
{"level":"info","message":"last process finished, will do another dispatch","timestamp":"2025-02-15 12:03:35"}
{"level":"info","message":"no execution in db queued to process","timestamp":"2025-02-15 12:03:35"}
{"level":"info","message":"no more events need to be prepared, dispatching...","timestamp":"2025-02-15 12:04:46"}
{"level":"info","message":"last process finished, will do another dispatch","timestamp":"2025-02-15 12:04:47"}
{"level":"info","message":"no execution in db queued to process","timestamp":"2025-02-15 12:04:47"}
{"level":"info","message":"last process finished, will do another dispatch","timestamp":"2025-02-15 12:04:47"}
{"level":"info","message":"no execution in db queued to process","timestamp":"2025-02-15 12:04:47"}
{"level":"info","message":"last process finished, will do another dispatch","timestamp":"2025-02-15 12:04:52"}
{"level":"info","message":"no execution in db queued to process","timestamp":"2025-02-15 12:04:52"}
{"level":"info","message":"last process finished, will do another dispatch","timestamp":"2025-02-15 12:04:53"}
{"level":"info","message":"no execution in db queued to process","timestamp":"2025-02-15 12:04:53"}
{"level":"info","message":"no more events need to be prepared, dispatching...","timestamp":"2025-02-15 12:06:42"}
{"level":"info","message":"last process finished, will do another dispatch","timestamp":"2025-02-15 12:06:42"}
{"level":"info","message":"no execution in db queued to process","timestamp":"2025-02-15 12:06:42"}
{"level":"info","message":"last process finished, will do another dispatch","timestamp":"2025-02-15 12:06:43"}
{"level":"info","message":"no execution in db queued to process","timestamp":"2025-02-15 12:06:43"}
{"level":"info","message":"last process finished, will do another dispatch","timestamp":"2025-02-15 12:06:45"}
{"level":"info","message":"no execution in db queued to process","timestamp":"2025-02-15 12:06:45"}
{"level":"info","message":"last process finished, will do another dispatch","timestamp":"2025-02-15 12:06:45"}
{"level":"info","message":"no execution in db queued to process","timestamp":"2025-02-15 12:06:45"}
{"level":"info","message":"no more events need to be prepared, dispatching...","timestamp":"2025-02-15 12:07:55"}
{"level":"info","message":"last process finished, will do another dispatch","timestamp":"2025-02-15 12:07:56"}
{"level":"info","message":"no execution in db queued to process","timestamp":"2025-02-15 12:07:56"}
{"level":"info","message":"last process finished, will do another dispatch","timestamp":"2025-02-15 12:07:56"}
{"level":"info","message":"no execution in db queued to process","timestamp":"2025-02-15 12:07:56"}
{"level":"info","message":"last process finished, will do another dispatch","timestamp":"2025-02-15 12:07:59"}
{"level":"info","message":"no execution in db queued to process","timestamp":"2025-02-15 12:07:59"}
{"level":"info","message":"last process finished, will do another dispatch","timestamp":"2025-02-15 12:08:00"}
{"level":"info","message":"no execution in db queued to process","timestamp":"2025-02-15 12:08:00"}
{"level":"info","message":"(cycling) check for queueing executions","timestamp":"2025-02-15 12:08:12"}
{"level":"info","message":"no execution in db queued to process","timestamp":"2025-02-15 12:08:12"}
{"level":"info","message":"(cycling) check for queueing executions","timestamp":"2025-02-15 12:13:12"}
{"level":"info","message":"no execution in db queued to process","timestamp":"2025-02-15 12:13:13"}
{"level":"info","message":"(cycling) check for queueing executions","timestamp":"2025-02-15 12:18:11"}
{"level":"info","message":"no execution in db queued to process","timestamp":"2025-02-15 12:18:13"}
{"level":"info","message":"no more events need to be prepared, dispatching...","timestamp":"2025-02-15 12:19:16"}
{"level":"info","message":"last process finished, will do another dispatch","timestamp":"2025-02-15 12:19:17"}
{"level":"info","message":"no execution in db queued to process","timestamp":"2025-02-15 12:19:17"}
{"level":"info","message":"last process finished, will do another dispatch","timestamp":"2025-02-15 12:19:18"}
{"level":"info","message":"no execution in db queued to process","timestamp":"2025-02-15 12:19:18"}
{"level":"info","message":"last process finished, will do another dispatch","timestamp":"2025-02-15 12:19:21"}
{"level":"info","message":"no execution in db queued to process","timestamp":"2025-02-15 12:19:21"}
{"level":"info","message":"last process finished, will do another dispatch","timestamp":"2025-02-15 12:19:21"}
{"level":"info","message":"no execution in db queued to process","timestamp":"2025-02-15 12:19:21"}
{"level":"info","message":"no more events need to be prepared, dispatching...","timestamp":"2025-02-15 12:20:40"}
{"level":"info","message":"last process finished, will do another dispatch","timestamp":"2025-02-15 12:20:41"}
{"level":"info","message":"no execution in db queued to process","timestamp":"2025-02-15 12:20:41"}
{"level":"info","message":"last process finished, will do another dispatch","timestamp":"2025-02-15 12:20:41"}
{"level":"info","message":"no execution in db queued to process","timestamp":"2025-02-15 12:20:41"}
{"level":"info","message":"last process finished, will do another dispatch","timestamp":"2025-02-15 12:20:45"}
{"level":"info","message":"no execution in db queued to process","timestamp":"2025-02-15 12:20:45"}
{"level":"info","message":"last process finished, will do another dispatch","timestamp":"2025-02-15 12:20:45"}
{"level":"info","message":"no execution in db queued to process","timestamp":"2025-02-15 12:20:45"}
{"level":"info","message":"(cycling) check for queueing executions","timestamp":"2025-02-15 12:23:11"}
{"level":"info","message":"no execution in db queued to process","timestamp":"2025-02-15 12:23:11"}
{"level":"info","message":"(cycling) check for queueing executions","timestamp":"2025-02-15 12:28:11"}
{"level":"info","message":"no execution in db queued to process","timestamp":"2025-02-15 12:28:12"}
{"level":"info","message":"(cycling) check for queueing executions","timestamp":"2025-02-15 12:33:11"}
{"level":"info","message":"no execution in db queued to process","timestamp":"2025-02-15 12:33:11"}
{"level":"info","message":"(cycling) check for queueing executions","timestamp":"2025-02-15 12:38:11"}
{"level":"info","message":"no execution in db queued to process","timestamp":"2025-02-15 12:38:12"}
{"level":"info","message":"(cycling) check for queueing executions","timestamp":"2025-02-15 12:43:11"}
{"level":"info","message":"no execution in db queued to process","timestamp":"2025-02-15 12:43:12"}
{"level":"info","message":"no more events need to be prepared, dispatching...","timestamp":"2025-02-15 12:44:05"}
{"level":"info","message":"last process finished, will do another dispatch","timestamp":"2025-02-15 12:44:05"}
{"level":"info","message":"no execution in db queued to process","timestamp":"2025-02-15 12:44:05"}
{"level":"info","message":"last process finished, will do another dispatch","timestamp":"2025-02-15 12:44:06"}
{"level":"info","message":"no execution in db queued to process","timestamp":"2025-02-15 12:44:06"}
{"level":"info","message":"last process finished, will do another dispatch","timestamp":"2025-02-15 12:44:09"}
{"level":"info","message":"no execution in db queued to process","timestamp":"2025-02-15 12:44:10"}
{"level":"info","message":"last process finished, will do another dispatch","timestamp":"2025-02-15 12:44:10"}
{"level":"info","message":"no execution in db queued to process","timestamp":"2025-02-15 12:44:10"}
{"level":"info","message":"no more events need to be prepared, dispatching...","timestamp":"2025-02-15 12:47:39"}
{"level":"info","message":"last process finished, will do another dispatch","timestamp":"2025-02-15 12:47:39"}
{"level":"info","message":"no execution in db queued to process","timestamp":"2025-02-15 12:47:39"}
{"level":"info","message":"last process finished, will do another dispatch","timestamp":"2025-02-15 12:47:40"}
{"level":"info","message":"no execution in db queued to process","timestamp":"2025-02-15 12:47:40"}
{"level":"info","message":"last process finished, will do another dispatch","timestamp":"2025-02-15 12:47:42"}
{"level":"info","message":"no execution in db queued to process","timestamp":"2025-02-15 12:47:42"}
{"level":"info","message":"last process finished, will do another dispatch","timestamp":"2025-02-15 12:47:42"}
{"level":"warn","message":"workflow executing is not finished, new dispatching will be ignored","timestamp":"2025-02-15 12:47:42"}
{"level":"info","message":"last process finished, will do another dispatch","timestamp":"2025-02-15 12:47:42"}
{"level":"info","message":"no execution in db queued to process","timestamp":"2025-02-15 12:47:42"}
{"level":"info","message":"(cycling) check for queueing executions","timestamp":"2025-02-15 12:48:11"}
{"level":"info","message":"no execution in db queued to process","timestamp":"2025-02-15 12:48:11"}
{"level":"info","message":"(cycling) check for queueing executions","timestamp":"2025-02-15 12:53:11"}
{"level":"info","message":"no execution in db queued to process","timestamp":"2025-02-15 12:53:12"}
{"level":"info","message":"(cycling) check for queueing executions","timestamp":"2025-02-15 12:58:11"}
{"level":"info","message":"no execution in db queued to process","timestamp":"2025-02-15 12:58:12"}
{"level":"info","message":"no more events need to be prepared, dispatching...","timestamp":"2025-02-15 12:59:59"}
{"level":"info","message":"last process finished, will do another dispatch","timestamp":"2025-02-15 12:59:59"}
{"level":"info","message":"no execution in db queued to process","timestamp":"2025-02-15 12:59:59"}
{"level":"info","message":"last process finished, will do another dispatch","timestamp":"2025-02-15 13:00:01"}
{"level":"info","message":"no execution in db queued to process","timestamp":"2025-02-15 13:00:01"}
{"level":"info","message":"last process finished, will do another dispatch","timestamp":"2025-02-15 13:00:01"}
{"level":"info","message":"no execution in db queued to process","timestamp":"2025-02-15 13:00:01"}
{"level":"info","message":"(cycling) check for queueing executions","timestamp":"2025-02-15 13:03:11"}
{"level":"info","message":"no execution in db queued to process","timestamp":"2025-02-15 13:03:11"}
{"level":"info","message":"(cycling) check for queueing executions","timestamp":"2025-02-15 13:08:11"}
{"level":"info","message":"no execution in db queued to process","timestamp":"2025-02-15 13:08:12"}
{"level":"info","message":"no more events need to be prepared, dispatching...","timestamp":"2025-02-15 13:08:27"}
{"level":"info","message":"last process finished, will do another dispatch","timestamp":"2025-02-15 13:08:28"}
{"level":"info","message":"no execution in db queued to process","timestamp":"2025-02-15 13:08:28"}
{"level":"info","message":"last process finished, will do another dispatch","timestamp":"2025-02-15 13:08:33"}
{"level":"info","message":"no execution in db queued to process","timestamp":"2025-02-15 13:08:33"}
{"level":"info","message":"last process finished, will do another dispatch","timestamp":"2025-02-15 13:08:34"}
{"level":"info","message":"no execution in db queued to process","timestamp":"2025-02-15 13:08:34"}
{"level":"info","message":"last process finished, will do another dispatch","timestamp":"2025-02-15 13:08:35"}
{"level":"info","message":"no execution in db queued to process","timestamp":"2025-02-15 13:08:35"}
{"level":"info","message":"last process finished, will do another dispatch","timestamp":"2025-02-15 13:08:35"}
{"level":"info","message":"no execution in db queued to process","timestamp":"2025-02-15 13:08:35"}
{"level":"info","message":"no more events need to be prepared, dispatching...","timestamp":"2025-02-15 13:08:45"}
{"level":"info","message":"last process finished, will do another dispatch","timestamp":"2025-02-15 13:08:45"}
{"level":"info","message":"no execution in db queued to process","timestamp":"2025-02-15 13:08:45"}
{"level":"info","message":"last process finished, will do another dispatch","timestamp":"2025-02-15 13:08:46"}
{"level":"info","message":"no execution in db queued to process","timestamp":"2025-02-15 13:08:46"}
{"level":"info","message":"last process finished, will do another dispatch","timestamp":"2025-02-15 13:08:48"}
{"level":"info","message":"no execution in db queued to process","timestamp":"2025-02-15 13:08:48"}
{"level":"info","message":"last process finished, will do another dispatch","timestamp":"2025-02-15 13:08:48"}
{"level":"info","message":"no execution in db queued to process","timestamp":"2025-02-15 13:08:48"}
{"level":"info","message":"(cycling) check for queueing executions","timestamp":"2025-02-15 13:13:09"}
{"level":"info","message":"no execution in db queued to process","timestamp":"2025-02-15 13:13:10"}
{"level":"info","message":"(cycling) check for queueing executions","timestamp":"2025-02-15 13:18:08"}
{"level":"info","message":"no execution in db queued to process","timestamp":"2025-02-15 13:18:09"}
{"level":"info","message":"no more events need to be prepared, dispatching...","timestamp":"2025-02-15 13:18:10"}
{"level":"info","message":"last process finished, will do another dispatch","timestamp":"2025-02-15 13:18:11"}
{"level":"info","message":"no execution in db queued to process","timestamp":"2025-02-15 13:18:11"}
{"level":"info","message":"last process finished, will do another dispatch","timestamp":"2025-02-15 13:18:11"}
{"level":"info","message":"no execution in db queued to process","timestamp":"2025-02-15 13:18:11"}
{"level":"info","message":"last process finished, will do another dispatch","timestamp":"2025-02-15 13:18:12"}
{"level":"info","message":"no execution in db queued to process","timestamp":"2025-02-15 13:18:12"}
{"level":"info","message":"last process finished, will do another dispatch","timestamp":"2025-02-15 13:18:13"}
{"level":"info","message":"no execution in db queued to process","timestamp":"2025-02-15 13:18:13"}
{"level":"info","message":"(cycling) check for queueing executions","timestamp":"2025-02-15 13:23:09"}
{"level":"info","message":"no execution in db queued to process","timestamp":"2025-02-15 13:23:16"}
{"level":"info","message":"(cycling) check for queueing executions","timestamp":"2025-02-15 13:28:08"}
{"level":"info","message":"no execution in db queued to process","timestamp":"2025-02-15 13:28:08"}
{"level":"info","message":"(cycling) check for queueing executions","timestamp":"2025-02-15 13:33:08"}
{"level":"info","message":"no execution in db queued to process","timestamp":"2025-02-15 13:33:08"}
{"level":"info","message":"(cycling) check for queueing executions","timestamp":"2025-02-15 13:38:08"}
{"level":"info","message":"no execution in db queued to process","timestamp":"2025-02-15 13:38:08"}
{"level":"info","message":"(cycling) check for queueing executions","timestamp":"2025-02-15 13:43:08"}
{"level":"info","message":"no execution in db queued to process","timestamp":"2025-02-15 13:43:08"}
{"level":"info","message":"(cycling) check for queueing executions","timestamp":"2025-02-15 13:48:08"}
{"level":"info","message":"no execution in db queued to process","timestamp":"2025-02-15 13:48:08"}
{"level":"info","message":"(cycling) check for queueing executions","timestamp":"2025-02-15 13:53:08"}
{"level":"info","message":"no execution in db queued to process","timestamp":"2025-02-15 13:53:08"}
{"level":"info","message":"(cycling) check for queueing executions","timestamp":"2025-02-15 13:58:08"}
{"level":"info","message":"no execution in db queued to process","timestamp":"2025-02-15 13:58:08"}
{"level":"info","message":"(cycling) check for queueing executions","timestamp":"2025-02-15 14:03:08"}
{"level":"info","message":"no execution in db queued to process","timestamp":"2025-02-15 14:03:08"}
{"level":"info","message":"(cycling) check for queueing executions","timestamp":"2025-02-15 14:08:08"}
{"level":"info","message":"no execution in db queued to process","timestamp":"2025-02-15 14:08:08"}
{"level":"info","message":"(cycling) check for queueing executions","timestamp":"2025-02-15 14:13:08"}
{"level":"info","message":"no execution in db queued to process","timestamp":"2025-02-15 14:13:08"}
{"level":"info","message":"(cycling) check for queueing executions","timestamp":"2025-02-15 14:18:08"}
{"level":"info","message":"no execution in db queued to process","timestamp":"2025-02-15 14:18:08"}
{"level":"info","message":"(cycling) check for queueing executions","timestamp":"2025-02-15 14:23:08"}
{"level":"info","message":"no execution in db queued to process","timestamp":"2025-02-15 14:23:08"}
{"level":"info","message":"(cycling) check for queueing executions","timestamp":"2025-02-15 14:28:08"}
{"level":"info","message":"no execution in db queued to process","timestamp":"2025-02-15 14:28:08"}
{"level":"info","message":"(cycling) check for queueing executions","timestamp":"2025-02-15 14:33:08"}
{"level":"info","message":"no execution in db queued to process","timestamp":"2025-02-15 14:33:08"}
{"level":"info","message":"(cycling) check for queueing executions","timestamp":"2025-02-15 14:38:08"}
{"level":"info","message":"no execution in db queued to process","timestamp":"2025-02-15 14:38:08"}
{"level":"info","message":"(cycling) check for queueing executions","timestamp":"2025-02-15 14:43:08"}
{"level":"info","message":"no execution in db queued to process","timestamp":"2025-02-15 14:43:08"}
{"level":"info","message":"(cycling) check for queueing executions","timestamp":"2025-02-15 14:48:08"}
{"level":"info","message":"no execution in db queued to process","timestamp":"2025-02-15 14:48:08"}
{"level":"info","message":"(cycling) check for queueing executions","timestamp":"2025-02-15 14:53:07"}
{"level":"info","message":"no execution in db queued to process","timestamp":"2025-02-15 14:53:08"}
{"level":"info","message":"(cycling) check for queueing executions","timestamp":"2025-02-15 14:58:07"}
{"level":"info","message":"no execution in db queued to process","timestamp":"2025-02-15 14:58:08"}
{"level":"info","message":"(cycling) check for queueing executions","timestamp":"2025-02-15 15:03:07"}
{"level":"info","message":"no execution in db queued to process","timestamp":"2025-02-15 15:03:08"}
{"level":"info","message":"(cycling) check for queueing executions","timestamp":"2025-02-15 15:08:07"}
{"level":"info","message":"no execution in db queued to process","timestamp":"2025-02-15 15:08:07"}
{"level":"info","message":"(cycling) check for queueing executions","timestamp":"2025-02-15 15:13:07"}
{"level":"info","message":"no execution in db queued to process","timestamp":"2025-02-15 15:13:08"}
{"level":"info","message":"(cycling) check for queueing executions","timestamp":"2025-02-15 15:18:07"}
{"level":"info","message":"no execution in db queued to process","timestamp":"2025-02-15 15:18:07"}
{"level":"info","message":"(cycling) check for queueing executions","timestamp":"2025-02-15 15:23:07"}
{"level":"info","message":"no execution in db queued to process","timestamp":"2025-02-15 15:23:08"}
{"level":"info","message":"(cycling) check for queueing executions","timestamp":"2025-02-15 15:28:07"}
{"level":"info","message":"no execution in db queued to process","timestamp":"2025-02-15 15:28:08"}
{"level":"info","message":"(cycling) check for queueing executions","timestamp":"2025-02-15 15:33:07"}
{"level":"info","message":"no execution in db queued to process","timestamp":"2025-02-15 15:33:08"}
{"level":"info","message":"(cycling) check for queueing executions","timestamp":"2025-02-15 15:38:07"}
{"level":"info","message":"no execution in db queued to process","timestamp":"2025-02-15 15:38:08"}
{"level":"info","message":"(cycling) check for queueing executions","timestamp":"2025-02-15 15:43:07"}
{"level":"info","message":"no execution in db queued to process","timestamp":"2025-02-15 15:43:08"}
{"level":"info","message":"(cycling) check for queueing executions","timestamp":"2025-02-15 15:48:07"}
{"level":"info","message":"no execution in db queued to process","timestamp":"2025-02-15 15:48:07"}
{"level":"info","message":"(cycling) check for queueing executions","timestamp":"2025-02-15 15:53:07"}
{"level":"info","message":"no execution in db queued to process","timestamp":"2025-02-15 15:53:07"}
{"level":"info","message":"(cycling) check for queueing executions","timestamp":"2025-02-15 15:58:07"}
{"level":"info","message":"no execution in db queued to process","timestamp":"2025-02-15 15:58:08"}
{"level":"info","message":"(cycling) check for queueing executions","timestamp":"2025-02-15 16:03:07"}
{"level":"info","message":"no execution in db queued to process","timestamp":"2025-02-15 16:03:08"}
{"level":"info","message":"(cycling) check for queueing executions","timestamp":"2025-02-15 16:08:07"}
{"level":"info","message":"no execution in db queued to process","timestamp":"2025-02-15 16:08:07"}
{"level":"info","message":"(cycling) check for queueing executions","timestamp":"2025-02-15 16:13:07"}
{"level":"info","message":"no execution in db queued to process","timestamp":"2025-02-15 16:13:08"}
{"level":"info","message":"(cycling) check for queueing executions","timestamp":"2025-02-15 16:18:07"}
{"level":"info","message":"no execution in db queued to process","timestamp":"2025-02-15 16:18:07"}
{"level":"info","message":"(cycling) check for queueing executions","timestamp":"2025-02-15 16:23:07"}
{"level":"info","message":"no execution in db queued to process","timestamp":"2025-02-15 16:23:07"}
{"level":"info","message":"(cycling) check for queueing executions","timestamp":"2025-02-15 16:28:07"}
{"level":"info","message":"no execution in db queued to process","timestamp":"2025-02-15 16:28:07"}
{"level":"info","message":"(cycling) check for queueing executions","timestamp":"2025-02-15 16:33:07"}
{"level":"info","message":"no execution in db queued to process","timestamp":"2025-02-15 16:33:07"}
{"level":"info","message":"(cycling) check for queueing executions","timestamp":"2025-02-15 16:38:07"}
{"level":"info","message":"no execution in db queued to process","timestamp":"2025-02-15 16:38:07"}
{"level":"info","message":"(cycling) check for queueing executions","timestamp":"2025-02-15 16:43:07"}
{"level":"info","message":"no execution in db queued to process","timestamp":"2025-02-15 16:43:07"}
{"level":"info","message":"(cycling) check for queueing executions","timestamp":"2025-02-15 16:48:07"}
{"level":"info","message":"no execution in db queued to process","timestamp":"2025-02-15 16:48:07"}
{"level":"info","message":"(cycling) check for queueing executions","timestamp":"2025-02-15 16:53:07"}
{"level":"info","message":"no execution in db queued to process","timestamp":"2025-02-15 16:53:07"}
{"level":"info","message":"(cycling) check for queueing executions","timestamp":"2025-02-15 16:58:07"}
{"level":"info","message":"no execution in db queued to process","timestamp":"2025-02-15 16:58:08"}
{"level":"info","message":"(cycling) check for queueing executions","timestamp":"2025-02-15 17:03:07"}
{"level":"info","message":"no execution in db queued to process","timestamp":"2025-02-15 17:03:07"}
{"level":"info","message":"(cycling) check for queueing executions","timestamp":"2025-02-15 17:08:07"}
{"level":"info","message":"no execution in db queued to process","timestamp":"2025-02-15 17:08:07"}
{"level":"info","message":"(cycling) check for queueing executions","timestamp":"2025-02-15 17:13:07"}
{"level":"info","message":"no execution in db queued to process","timestamp":"2025-02-15 17:13:07"}
{"level":"info","message":"(cycling) check for queueing executions","timestamp":"2025-02-15 17:18:07"}
{"level":"info","message":"no execution in db queued to process","timestamp":"2025-02-15 17:18:07"}
{"level":"info","message":"(cycling) check for queueing executions","timestamp":"2025-02-15 17:23:07"}
{"level":"info","message":"no execution in db queued to process","timestamp":"2025-02-15 17:23:07"}
{"level":"info","message":"(cycling) check for queueing executions","timestamp":"2025-02-15 17:28:07"}
{"level":"info","message":"no execution in db queued to process","timestamp":"2025-02-15 17:28:07"}
{"level":"info","message":"(cycling) check for queueing executions","timestamp":"2025-02-15 17:33:07"}
{"level":"info","message":"no execution in db queued to process","timestamp":"2025-02-15 17:33:07"}
