{"level":"info","message":"(starting) check for queueing executions","timestamp":"2025-02-12 07:54:01"}
{"level":"info","message":"no execution in db queued to process","timestamp":"2025-02-12 07:54:02"}
{"level":"info","message":"(cycling) check for queueing executions","timestamp":"2025-02-12 07:59:01"}
{"level":"info","message":"no execution in db queued to process","timestamp":"2025-02-12 07:59:02"}
{"level":"info","message":"(cycling) check for queueing executions","timestamp":"2025-02-12 08:04:01"}
{"level":"info","message":"no execution in db queued to process","timestamp":"2025-02-12 08:04:01"}
{"level":"info","message":"no more events need to be prepared, dispatching...","timestamp":"2025-02-12 08:04:27"}
{"level":"info","message":"last process finished, will do another dispatch","timestamp":"2025-02-12 08:04:27"}
{"level":"info","message":"no execution in db queued to process","timestamp":"2025-02-12 08:04:27"}
{"level":"info","message":"last process finished, will do another dispatch","timestamp":"2025-02-12 08:04:29"}
{"level":"info","message":"no execution in db queued to process","timestamp":"2025-02-12 08:04:29"}
{"level":"info","message":"no more events need to be prepared, dispatching...","timestamp":"2025-02-12 08:04:51"}
{"level":"info","message":"last process finished, will do another dispatch","timestamp":"2025-02-12 08:04:51"}
{"level":"info","message":"no execution in db queued to process","timestamp":"2025-02-12 08:04:51"}
{"level":"info","message":"last process finished, will do another dispatch","timestamp":"2025-02-12 08:04:53"}
{"level":"info","message":"no execution in db queued to process","timestamp":"2025-02-12 08:04:53"}
{"level":"info","message":"(cycling) check for queueing executions","timestamp":"2025-02-12 08:09:01"}
{"level":"info","message":"no execution in db queued to process","timestamp":"2025-02-12 08:09:01"}
{"level":"info","message":"no more events need to be prepared, dispatching...","timestamp":"2025-02-12 08:13:23"}
{"level":"info","message":"last process finished, will do another dispatch","timestamp":"2025-02-12 08:13:23"}
{"level":"info","message":"no execution in db queued to process","timestamp":"2025-02-12 08:13:23"}
{"level":"info","message":"last process finished, will do another dispatch","timestamp":"2025-02-12 08:13:25"}
{"level":"info","message":"no execution in db queued to process","timestamp":"2025-02-12 08:13:25"}
{"level":"info","message":"(cycling) check for queueing executions","timestamp":"2025-02-12 08:14:01"}
{"level":"info","message":"no execution in db queued to process","timestamp":"2025-02-12 08:14:01"}
{"level":"info","message":"no more events need to be prepared, dispatching...","timestamp":"2025-02-12 08:15:39"}
{"level":"info","message":"last process finished, will do another dispatch","timestamp":"2025-02-12 08:15:39"}
{"level":"info","message":"no execution in db queued to process","timestamp":"2025-02-12 08:15:39"}
{"level":"info","message":"last process finished, will do another dispatch","timestamp":"2025-02-12 08:15:41"}
{"level":"info","message":"no execution in db queued to process","timestamp":"2025-02-12 08:15:41"}
{"level":"info","message":"(cycling) check for queueing executions","timestamp":"2025-02-12 08:19:01"}
{"level":"info","message":"no execution in db queued to process","timestamp":"2025-02-12 08:19:01"}
{"level":"info","message":"(cycling) check for queueing executions","timestamp":"2025-02-12 08:24:01"}
{"level":"info","message":"no execution in db queued to process","timestamp":"2025-02-12 08:24:01"}
{"level":"info","message":"(cycling) check for queueing executions","timestamp":"2025-02-12 08:29:01"}
{"level":"info","message":"no execution in db queued to process","timestamp":"2025-02-12 08:29:01"}
{"level":"info","message":"(cycling) check for queueing executions","timestamp":"2025-02-12 08:34:01"}
{"level":"info","message":"no execution in db queued to process","timestamp":"2025-02-12 08:34:01"}
{"level":"info","message":"(cycling) check for queueing executions","timestamp":"2025-02-12 08:39:01"}
{"level":"info","message":"no execution in db queued to process","timestamp":"2025-02-12 08:39:01"}
{"level":"info","message":"(cycling) check for queueing executions","timestamp":"2025-02-12 08:44:01"}
{"level":"info","message":"no execution in db queued to process","timestamp":"2025-02-12 08:44:01"}
{"level":"info","message":"(cycling) check for queueing executions","timestamp":"2025-02-12 08:49:01"}
{"level":"info","message":"no execution in db queued to process","timestamp":"2025-02-12 08:49:01"}
{"level":"info","message":"(cycling) check for queueing executions","timestamp":"2025-02-12 08:54:01"}
{"level":"info","message":"no execution in db queued to process","timestamp":"2025-02-12 08:54:01"}
{"level":"info","message":"(cycling) check for queueing executions","timestamp":"2025-02-12 08:59:01"}
{"level":"info","message":"no execution in db queued to process","timestamp":"2025-02-12 08:59:01"}
{"level":"info","message":"(cycling) check for queueing executions","timestamp":"2025-02-12 09:04:01"}
{"level":"info","message":"no execution in db queued to process","timestamp":"2025-02-12 09:04:01"}
{"level":"info","message":"(cycling) check for queueing executions","timestamp":"2025-02-12 09:09:01"}
{"level":"info","message":"no execution in db queued to process","timestamp":"2025-02-12 09:09:01"}
{"level":"info","message":"(cycling) check for queueing executions","timestamp":"2025-02-12 09:14:01"}
{"level":"info","message":"no execution in db queued to process","timestamp":"2025-02-12 09:14:01"}
{"level":"info","message":"(cycling) check for queueing executions","timestamp":"2025-02-12 09:19:01"}
{"level":"info","message":"no execution in db queued to process","timestamp":"2025-02-12 09:19:01"}
{"level":"info","message":"(cycling) check for queueing executions","timestamp":"2025-02-12 09:24:01"}
{"level":"info","message":"no execution in db queued to process","timestamp":"2025-02-12 09:24:01"}
{"level":"info","message":"(cycling) check for queueing executions","timestamp":"2025-02-12 09:29:01"}
{"level":"info","message":"no execution in db queued to process","timestamp":"2025-02-12 09:29:01"}
{"level":"info","message":"(cycling) check for queueing executions","timestamp":"2025-02-12 09:34:01"}
{"level":"info","message":"no execution in db queued to process","timestamp":"2025-02-12 09:34:01"}
{"level":"info","message":"(cycling) check for queueing executions","timestamp":"2025-02-12 09:39:01"}
{"level":"info","message":"no execution in db queued to process","timestamp":"2025-02-12 09:39:01"}
{"level":"info","message":"(cycling) check for queueing executions","timestamp":"2025-02-12 09:44:01"}
{"level":"info","message":"no execution in db queued to process","timestamp":"2025-02-12 09:44:01"}
{"level":"info","message":"(cycling) check for queueing executions","timestamp":"2025-02-12 09:49:01"}
{"level":"info","message":"no execution in db queued to process","timestamp":"2025-02-12 09:49:01"}
{"level":"info","message":"(cycling) check for queueing executions","timestamp":"2025-02-12 09:54:01"}
{"level":"info","message":"no execution in db queued to process","timestamp":"2025-02-12 09:54:01"}
{"level":"info","message":"(cycling) check for queueing executions","timestamp":"2025-02-12 09:59:01"}
{"level":"info","message":"no execution in db queued to process","timestamp":"2025-02-12 09:59:01"}
{"level":"info","message":"(cycling) check for queueing executions","timestamp":"2025-02-12 10:04:01"}
{"level":"info","message":"no execution in db queued to process","timestamp":"2025-02-12 10:04:01"}
{"level":"info","message":"(cycling) check for queueing executions","timestamp":"2025-02-12 10:09:01"}
{"level":"info","message":"no execution in db queued to process","timestamp":"2025-02-12 10:09:01"}
{"level":"info","message":"(cycling) check for queueing executions","timestamp":"2025-02-12 10:14:01"}
{"level":"info","message":"no execution in db queued to process","timestamp":"2025-02-12 10:14:01"}
{"level":"info","message":"(cycling) check for queueing executions","timestamp":"2025-02-12 10:19:01"}
{"level":"info","message":"no execution in db queued to process","timestamp":"2025-02-12 10:19:01"}
{"level":"info","message":"(cycling) check for queueing executions","timestamp":"2025-02-12 10:24:01"}
{"level":"info","message":"no execution in db queued to process","timestamp":"2025-02-12 10:24:01"}
{"level":"info","message":"(cycling) check for queueing executions","timestamp":"2025-02-12 10:29:01"}
{"level":"info","message":"no execution in db queued to process","timestamp":"2025-02-12 10:29:01"}
{"level":"info","message":"(cycling) check for queueing executions","timestamp":"2025-02-12 10:34:01"}
{"level":"info","message":"no execution in db queued to process","timestamp":"2025-02-12 10:34:01"}
{"level":"info","message":"(cycling) check for queueing executions","timestamp":"2025-02-12 10:39:01"}
{"level":"info","message":"no execution in db queued to process","timestamp":"2025-02-12 10:39:01"}
{"level":"info","message":"(cycling) check for queueing executions","timestamp":"2025-02-12 10:44:01"}
{"level":"info","message":"no execution in db queued to process","timestamp":"2025-02-12 10:44:01"}
{"level":"info","message":"(cycling) check for queueing executions","timestamp":"2025-02-12 10:49:01"}
{"level":"info","message":"no execution in db queued to process","timestamp":"2025-02-12 10:49:01"}
{"level":"info","message":"(cycling) check for queueing executions","timestamp":"2025-02-12 10:54:00"}
{"level":"info","message":"no execution in db queued to process","timestamp":"2025-02-12 10:54:01"}
{"level":"info","message":"(cycling) check for queueing executions","timestamp":"2025-02-12 10:59:00"}
{"level":"info","message":"no execution in db queued to process","timestamp":"2025-02-12 10:59:01"}
{"level":"info","message":"(cycling) check for queueing executions","timestamp":"2025-02-12 11:04:00"}
{"level":"info","message":"no execution in db queued to process","timestamp":"2025-02-12 11:04:01"}
{"level":"info","message":"(cycling) check for queueing executions","timestamp":"2025-02-12 11:09:00"}
{"level":"info","message":"no execution in db queued to process","timestamp":"2025-02-12 11:09:01"}
{"level":"info","message":"(cycling) check for queueing executions","timestamp":"2025-02-12 11:14:00"}
{"level":"info","message":"no execution in db queued to process","timestamp":"2025-02-12 11:14:01"}
{"level":"info","message":"(cycling) check for queueing executions","timestamp":"2025-02-12 11:19:00"}
{"level":"info","message":"no execution in db queued to process","timestamp":"2025-02-12 11:19:00"}
{"level":"info","message":"(cycling) check for queueing executions","timestamp":"2025-02-12 11:24:00"}
{"level":"info","message":"no execution in db queued to process","timestamp":"2025-02-12 11:24:00"}
{"level":"info","message":"(cycling) check for queueing executions","timestamp":"2025-02-12 11:29:00"}
{"level":"info","message":"no execution in db queued to process","timestamp":"2025-02-12 11:29:00"}
{"level":"info","message":"(cycling) check for queueing executions","timestamp":"2025-02-12 11:34:00"}
{"level":"info","message":"no execution in db queued to process","timestamp":"2025-02-12 11:34:00"}
{"level":"info","message":"(cycling) check for queueing executions","timestamp":"2025-02-12 11:39:00"}
{"level":"info","message":"no execution in db queued to process","timestamp":"2025-02-12 11:39:00"}
{"level":"info","message":"(cycling) check for queueing executions","timestamp":"2025-02-12 11:44:00"}
{"level":"info","message":"no execution in db queued to process","timestamp":"2025-02-12 11:44:00"}
{"level":"info","message":"(cycling) check for queueing executions","timestamp":"2025-02-12 11:49:00"}
{"level":"info","message":"no execution in db queued to process","timestamp":"2025-02-12 11:49:00"}
{"level":"info","message":"(cycling) check for queueing executions","timestamp":"2025-02-12 11:54:00"}
{"level":"info","message":"no execution in db queued to process","timestamp":"2025-02-12 11:54:00"}
{"level":"info","message":"(cycling) check for queueing executions","timestamp":"2025-02-12 11:59:00"}
{"level":"info","message":"no execution in db queued to process","timestamp":"2025-02-12 11:59:00"}
{"level":"info","message":"(cycling) check for queueing executions","timestamp":"2025-02-12 12:04:00"}
{"level":"info","message":"no execution in db queued to process","timestamp":"2025-02-12 12:04:00"}
{"level":"info","message":"(cycling) check for queueing executions","timestamp":"2025-02-12 12:09:00"}
{"level":"info","message":"no execution in db queued to process","timestamp":"2025-02-12 12:09:00"}
{"level":"info","message":"(cycling) check for queueing executions","timestamp":"2025-02-12 12:14:00"}
{"level":"info","message":"no execution in db queued to process","timestamp":"2025-02-12 12:14:00"}
{"level":"info","message":"(cycling) check for queueing executions","timestamp":"2025-02-12 12:19:00"}
{"level":"info","message":"no execution in db queued to process","timestamp":"2025-02-12 12:19:00"}
{"level":"info","message":"(cycling) check for queueing executions","timestamp":"2025-02-12 12:24:00"}
{"level":"info","message":"no execution in db queued to process","timestamp":"2025-02-12 12:24:01"}
{"level":"info","message":"(cycling) check for queueing executions","timestamp":"2025-02-12 12:29:00"}
{"level":"info","message":"no execution in db queued to process","timestamp":"2025-02-12 12:29:00"}
{"level":"info","message":"(cycling) check for queueing executions","timestamp":"2025-02-12 12:34:00"}
{"level":"info","message":"no execution in db queued to process","timestamp":"2025-02-12 12:34:00"}
{"level":"info","message":"(cycling) check for queueing executions","timestamp":"2025-02-12 12:39:00"}
{"level":"info","message":"no execution in db queued to process","timestamp":"2025-02-12 12:39:00"}
{"level":"info","message":"(cycling) check for queueing executions","timestamp":"2025-02-12 12:44:00"}
{"level":"info","message":"no execution in db queued to process","timestamp":"2025-02-12 12:44:00"}
{"level":"info","message":"(cycling) check for queueing executions","timestamp":"2025-02-12 12:49:00"}
{"level":"info","message":"no execution in db queued to process","timestamp":"2025-02-12 12:49:00"}
{"level":"info","message":"(cycling) check for queueing executions","timestamp":"2025-02-12 12:54:00"}
{"level":"info","message":"no execution in db queued to process","timestamp":"2025-02-12 12:54:00"}
{"level":"info","message":"(cycling) check for queueing executions","timestamp":"2025-02-12 12:59:00"}
{"level":"info","message":"no execution in db queued to process","timestamp":"2025-02-12 12:59:00"}
{"level":"info","message":"(cycling) check for queueing executions","timestamp":"2025-02-12 13:04:00"}
{"level":"info","message":"no execution in db queued to process","timestamp":"2025-02-12 13:04:00"}
{"level":"info","message":"(cycling) check for queueing executions","timestamp":"2025-02-12 13:09:00"}
{"level":"info","message":"no execution in db queued to process","timestamp":"2025-02-12 13:09:01"}
{"level":"info","message":"(cycling) check for queueing executions","timestamp":"2025-02-12 13:14:00"}
{"level":"info","message":"no execution in db queued to process","timestamp":"2025-02-12 13:14:00"}
{"level":"info","message":"(cycling) check for queueing executions","timestamp":"2025-02-12 13:19:00"}
{"level":"info","message":"no execution in db queued to process","timestamp":"2025-02-12 13:19:01"}
{"level":"info","message":"(cycling) check for queueing executions","timestamp":"2025-02-12 13:24:00"}
{"level":"info","message":"no execution in db queued to process","timestamp":"2025-02-12 13:24:00"}
{"level":"info","message":"(cycling) check for queueing executions","timestamp":"2025-02-12 13:29:00"}
{"level":"info","message":"no execution in db queued to process","timestamp":"2025-02-12 13:29:00"}
{"level":"info","message":"(cycling) check for queueing executions","timestamp":"2025-02-12 13:34:00"}
{"level":"info","message":"no execution in db queued to process","timestamp":"2025-02-12 13:34:00"}
{"level":"info","message":"(cycling) check for queueing executions","timestamp":"2025-02-12 13:39:00"}
{"level":"info","message":"no execution in db queued to process","timestamp":"2025-02-12 13:39:00"}
{"level":"info","message":"(cycling) check for queueing executions","timestamp":"2025-02-12 13:44:00"}
{"level":"info","message":"no execution in db queued to process","timestamp":"2025-02-12 13:44:00"}
{"level":"info","message":"(cycling) check for queueing executions","timestamp":"2025-02-12 13:49:00"}
{"level":"info","message":"no execution in db queued to process","timestamp":"2025-02-12 13:49:00"}
{"level":"info","message":"(cycling) check for queueing executions","timestamp":"2025-02-12 13:54:00"}
{"level":"info","message":"no execution in db queued to process","timestamp":"2025-02-12 13:54:00"}
{"level":"info","message":"(cycling) check for queueing executions","timestamp":"2025-02-12 13:58:59"}
{"level":"info","message":"no execution in db queued to process","timestamp":"2025-02-12 13:59:00"}
{"level":"info","message":"(cycling) check for queueing executions","timestamp":"2025-02-12 14:03:59"}
{"level":"info","message":"no execution in db queued to process","timestamp":"2025-02-12 14:04:00"}
{"level":"info","message":"(cycling) check for queueing executions","timestamp":"2025-02-12 14:08:59"}
{"level":"info","message":"no execution in db queued to process","timestamp":"2025-02-12 14:09:00"}
{"level":"info","message":"(cycling) check for queueing executions","timestamp":"2025-02-12 14:13:59"}
{"level":"info","message":"no execution in db queued to process","timestamp":"2025-02-12 14:14:00"}
{"level":"info","message":"(cycling) check for queueing executions","timestamp":"2025-02-12 14:18:59"}
{"level":"info","message":"no execution in db queued to process","timestamp":"2025-02-12 14:18:59"}
{"level":"info","message":"(cycling) check for queueing executions","timestamp":"2025-02-12 14:23:59"}
{"level":"info","message":"no execution in db queued to process","timestamp":"2025-02-12 14:24:00"}
{"level":"info","message":"(cycling) check for queueing executions","timestamp":"2025-02-12 14:28:59"}
{"level":"info","message":"no execution in db queued to process","timestamp":"2025-02-12 14:28:59"}
{"level":"info","message":"(cycling) check for queueing executions","timestamp":"2025-02-12 14:33:59"}
{"level":"info","message":"no execution in db queued to process","timestamp":"2025-02-12 14:33:59"}
{"level":"info","message":"(cycling) check for queueing executions","timestamp":"2025-02-12 14:38:59"}
{"level":"info","message":"no execution in db queued to process","timestamp":"2025-02-12 14:39:00"}
{"level":"info","message":"(cycling) check for queueing executions","timestamp":"2025-02-12 14:43:59"}
{"level":"info","message":"no execution in db queued to process","timestamp":"2025-02-12 14:43:59"}
{"level":"info","message":"(cycling) check for queueing executions","timestamp":"2025-02-12 14:48:59"}
{"level":"info","message":"no execution in db queued to process","timestamp":"2025-02-12 14:48:59"}
{"level":"info","message":"(cycling) check for queueing executions","timestamp":"2025-02-12 14:53:59"}
{"level":"info","message":"no execution in db queued to process","timestamp":"2025-02-12 14:53:59"}
{"level":"info","message":"(cycling) check for queueing executions","timestamp":"2025-02-12 14:58:59"}
{"level":"info","message":"no execution in db queued to process","timestamp":"2025-02-12 14:58:59"}
{"level":"info","message":"(cycling) check for queueing executions","timestamp":"2025-02-12 15:03:59"}
{"level":"info","message":"no execution in db queued to process","timestamp":"2025-02-12 15:03:59"}
{"level":"info","message":"(cycling) check for queueing executions","timestamp":"2025-02-12 15:08:59"}
{"level":"info","message":"no execution in db queued to process","timestamp":"2025-02-12 15:09:00"}
{"level":"info","message":"(cycling) check for queueing executions","timestamp":"2025-02-12 15:13:59"}
{"level":"info","message":"no execution in db queued to process","timestamp":"2025-02-12 15:13:59"}
{"level":"info","message":"(cycling) check for queueing executions","timestamp":"2025-02-12 15:18:59"}
{"level":"info","message":"no execution in db queued to process","timestamp":"2025-02-12 15:18:59"}
{"level":"info","message":"(cycling) check for queueing executions","timestamp":"2025-02-12 15:23:59"}
{"level":"info","message":"no execution in db queued to process","timestamp":"2025-02-12 15:24:00"}
{"level":"info","message":"(cycling) check for queueing executions","timestamp":"2025-02-12 15:28:59"}
{"level":"info","message":"no execution in db queued to process","timestamp":"2025-02-12 15:28:59"}
{"level":"info","message":"(cycling) check for queueing executions","timestamp":"2025-02-12 15:33:59"}
{"level":"info","message":"no execution in db queued to process","timestamp":"2025-02-12 15:33:59"}
{"level":"info","message":"(cycling) check for queueing executions","timestamp":"2025-02-12 15:38:59"}
{"level":"info","message":"no execution in db queued to process","timestamp":"2025-02-12 15:38:59"}
{"level":"info","message":"(cycling) check for queueing executions","timestamp":"2025-02-12 15:43:59"}
{"level":"info","message":"no execution in db queued to process","timestamp":"2025-02-12 15:43:59"}
{"level":"info","message":"(cycling) check for queueing executions","timestamp":"2025-02-12 15:48:59"}
{"level":"info","message":"no execution in db queued to process","timestamp":"2025-02-12 15:49:00"}
{"level":"info","message":"(cycling) check for queueing executions","timestamp":"2025-02-12 15:54:00"}
{"level":"info","message":"no execution in db queued to process","timestamp":"2025-02-12 15:54:01"}
{"level":"info","message":"(cycling) check for queueing executions","timestamp":"2025-02-12 15:59:00"}
{"level":"info","message":"no execution in db queued to process","timestamp":"2025-02-12 15:59:01"}
{"level":"info","message":"(cycling) check for queueing executions","timestamp":"2025-02-12 16:03:59"}
{"level":"info","message":"no execution in db queued to process","timestamp":"2025-02-12 16:03:59"}
{"level":"info","message":"(cycling) check for queueing executions","timestamp":"2025-02-12 16:08:59"}
{"level":"info","message":"no execution in db queued to process","timestamp":"2025-02-12 16:08:59"}
{"level":"info","message":"(cycling) check for queueing executions","timestamp":"2025-02-12 16:13:59"}
{"level":"info","message":"no execution in db queued to process","timestamp":"2025-02-12 16:13:59"}
{"level":"info","message":"(cycling) check for queueing executions","timestamp":"2025-02-12 16:18:59"}
{"level":"info","message":"no execution in db queued to process","timestamp":"2025-02-12 16:18:59"}
{"level":"info","message":"(cycling) check for queueing executions","timestamp":"2025-02-12 16:23:59"}
{"level":"info","message":"no execution in db queued to process","timestamp":"2025-02-12 16:23:59"}
{"level":"info","message":"(cycling) check for queueing executions","timestamp":"2025-02-12 16:28:59"}
{"level":"info","message":"no execution in db queued to process","timestamp":"2025-02-12 16:28:59"}
{"level":"info","message":"(cycling) check for queueing executions","timestamp":"2025-02-12 16:33:59"}
{"level":"info","message":"no execution in db queued to process","timestamp":"2025-02-12 16:33:59"}
{"level":"info","message":"(cycling) check for queueing executions","timestamp":"2025-02-12 16:38:59"}
{"level":"info","message":"no execution in db queued to process","timestamp":"2025-02-12 16:38:59"}
{"level":"info","message":"(cycling) check for queueing executions","timestamp":"2025-02-12 16:43:59"}
{"level":"info","message":"no execution in db queued to process","timestamp":"2025-02-12 16:43:59"}
{"level":"info","message":"(cycling) check for queueing executions","timestamp":"2025-02-12 16:48:59"}
{"level":"info","message":"no execution in db queued to process","timestamp":"2025-02-12 16:48:59"}
{"level":"info","message":"(cycling) check for queueing executions","timestamp":"2025-02-12 16:53:59"}
{"level":"info","message":"no execution in db queued to process","timestamp":"2025-02-12 16:53:59"}
{"level":"info","message":"(cycling) check for queueing executions","timestamp":"2025-02-12 16:58:59"}
{"level":"info","message":"no execution in db queued to process","timestamp":"2025-02-12 16:58:59"}
{"level":"info","message":"(cycling) check for queueing executions","timestamp":"2025-02-12 17:03:59"}
{"level":"info","message":"no execution in db queued to process","timestamp":"2025-02-12 17:03:59"}
{"level":"info","message":"(cycling) check for queueing executions","timestamp":"2025-02-12 17:08:59"}
{"level":"info","message":"no execution in db queued to process","timestamp":"2025-02-12 17:08:59"}
{"level":"info","message":"(cycling) check for queueing executions","timestamp":"2025-02-12 17:13:59"}
{"level":"info","message":"no execution in db queued to process","timestamp":"2025-02-12 17:13:59"}
{"level":"info","message":"(cycling) check for queueing executions","timestamp":"2025-02-12 17:18:59"}
{"level":"info","message":"no execution in db queued to process","timestamp":"2025-02-12 17:18:59"}
{"level":"info","message":"(cycling) check for queueing executions","timestamp":"2025-02-12 17:23:59"}
{"level":"info","message":"no execution in db queued to process","timestamp":"2025-02-12 17:24:00"}
{"level":"info","message":"(cycling) check for queueing executions","timestamp":"2025-02-12 17:28:59"}
{"level":"info","message":"no execution in db queued to process","timestamp":"2025-02-12 17:28:59"}
{"level":"info","message":"(cycling) check for queueing executions","timestamp":"2025-02-12 17:33:58"}
{"level":"info","message":"no execution in db queued to process","timestamp":"2025-02-12 17:33:59"}
{"level":"info","message":"(cycling) check for queueing executions","timestamp":"2025-02-12 17:38:58"}
{"level":"info","message":"no execution in db queued to process","timestamp":"2025-02-12 17:38:59"}
{"level":"info","message":"(cycling) check for queueing executions","timestamp":"2025-02-12 17:43:58"}
{"level":"info","message":"no execution in db queued to process","timestamp":"2025-02-12 17:43:58"}
{"level":"info","message":"(cycling) check for queueing executions","timestamp":"2025-02-12 17:48:58"}
{"level":"info","message":"no execution in db queued to process","timestamp":"2025-02-12 17:48:59"}
{"level":"info","message":"(cycling) check for queueing executions","timestamp":"2025-02-12 17:53:58"}
{"level":"info","message":"no execution in db queued to process","timestamp":"2025-02-12 17:53:58"}
{"level":"info","message":"(cycling) check for queueing executions","timestamp":"2025-02-12 17:58:58"}
{"level":"info","message":"no execution in db queued to process","timestamp":"2025-02-12 17:58:58"}
{"level":"info","message":"(cycling) check for queueing executions","timestamp":"2025-02-12 18:03:58"}
{"level":"info","message":"no execution in db queued to process","timestamp":"2025-02-12 18:03:58"}
{"level":"info","message":"(cycling) check for queueing executions","timestamp":"2025-02-12 18:08:58"}
{"level":"info","message":"no execution in db queued to process","timestamp":"2025-02-12 18:08:58"}
{"level":"info","message":"(cycling) check for queueing executions","timestamp":"2025-02-12 18:13:58"}
{"level":"info","message":"no execution in db queued to process","timestamp":"2025-02-12 18:13:59"}
{"level":"info","message":"(cycling) check for queueing executions","timestamp":"2025-02-12 18:18:58"}
{"level":"info","message":"no execution in db queued to process","timestamp":"2025-02-12 18:18:58"}
{"level":"info","message":"(cycling) check for queueing executions","timestamp":"2025-02-12 18:23:58"}
{"level":"info","message":"no execution in db queued to process","timestamp":"2025-02-12 18:23:58"}
{"level":"info","message":"(cycling) check for queueing executions","timestamp":"2025-02-12 18:28:58"}
{"level":"info","message":"no execution in db queued to process","timestamp":"2025-02-12 18:28:58"}
