{"level":"info","message":"(cycling) check for queueing executions","timestamp":"2025-02-08 04:27:05"}
{"level":"info","message":"no execution in db queued to process","timestamp":"2025-02-08 04:27:06"}
{"level":"info","message":"(cycling) check for queueing executions","timestamp":"2025-02-08 04:32:04"}
{"level":"info","message":"no execution in db queued to process","timestamp":"2025-02-08 04:32:05"}
{"level":"info","message":"(cycling) check for queueing executions","timestamp":"2025-02-08 04:37:04"}
{"level":"info","message":"no execution in db queued to process","timestamp":"2025-02-08 04:37:05"}
{"level":"info","message":"(cycling) check for queueing executions","timestamp":"2025-02-08 04:42:04"}
{"level":"info","message":"no execution in db queued to process","timestamp":"2025-02-08 04:42:05"}
{"level":"info","message":"(cycling) check for queueing executions","timestamp":"2025-02-08 04:47:04"}
{"level":"info","message":"no execution in db queued to process","timestamp":"2025-02-08 04:47:05"}
{"level":"info","message":"(cycling) check for queueing executions","timestamp":"2025-02-08 04:52:04"}
{"level":"info","message":"no execution in db queued to process","timestamp":"2025-02-08 04:52:07"}
{"level":"info","message":"no more events need to be prepared, dispatching...","timestamp":"2025-02-08 04:54:06"}
{"level":"info","message":"last process finished, will do another dispatch","timestamp":"2025-02-08 04:54:07"}
{"level":"info","message":"no execution in db queued to process","timestamp":"2025-02-08 04:54:07"}
{"level":"info","message":"last process finished, will do another dispatch","timestamp":"2025-02-08 04:54:07"}
{"level":"warn","message":"workflow executing is not finished, new dispatching will be ignored","timestamp":"2025-02-08 04:54:07"}
{"level":"info","message":"last process finished, will do another dispatch","timestamp":"2025-02-08 04:54:07"}
{"level":"info","message":"no execution in db queued to process","timestamp":"2025-02-08 04:54:07"}
{"level":"info","message":"(cycling) check for queueing executions","timestamp":"2025-02-08 04:57:04"}
{"level":"info","message":"no execution in db queued to process","timestamp":"2025-02-08 04:57:04"}
{"level":"info","message":"no more events need to be prepared, dispatching...","timestamp":"2025-02-08 04:57:22"}
{"level":"info","message":"last process finished, will do another dispatch","timestamp":"2025-02-08 04:57:23"}
{"level":"info","message":"no execution in db queued to process","timestamp":"2025-02-08 04:57:23"}
{"level":"info","message":"last process finished, will do another dispatch","timestamp":"2025-02-08 04:57:27"}
{"level":"info","message":"no execution in db queued to process","timestamp":"2025-02-08 04:57:27"}
{"level":"info","message":"last process finished, will do another dispatch","timestamp":"2025-02-08 04:57:28"}
{"level":"info","message":"no execution in db queued to process","timestamp":"2025-02-08 04:57:28"}
{"level":"info","message":"(cycling) check for queueing executions","timestamp":"2025-02-08 05:02:04"}
{"level":"info","message":"no execution in db queued to process","timestamp":"2025-02-08 05:02:05"}
{"level":"info","message":"(cycling) check for queueing executions","timestamp":"2025-02-08 05:07:04"}
{"level":"info","message":"no execution in db queued to process","timestamp":"2025-02-08 05:07:04"}
{"level":"info","message":"(cycling) check for queueing executions","timestamp":"2025-02-08 05:12:04"}
{"level":"info","message":"no execution in db queued to process","timestamp":"2025-02-08 05:12:04"}
{"level":"info","message":"(cycling) check for queueing executions","timestamp":"2025-02-08 05:17:04"}
{"level":"info","message":"no execution in db queued to process","timestamp":"2025-02-08 05:17:04"}
{"level":"info","message":"(cycling) check for queueing executions","timestamp":"2025-02-08 05:22:04"}
{"level":"info","message":"no execution in db queued to process","timestamp":"2025-02-08 05:22:04"}
{"level":"info","message":"(cycling) check for queueing executions","timestamp":"2025-02-08 05:27:04"}
{"level":"info","message":"no execution in db queued to process","timestamp":"2025-02-08 05:27:04"}
{"level":"info","message":"(cycling) check for queueing executions","timestamp":"2025-02-08 05:32:03"}
{"level":"info","message":"no execution in db queued to process","timestamp":"2025-02-08 05:32:05"}
{"level":"info","message":"(cycling) check for queueing executions","timestamp":"2025-02-08 05:37:03"}
{"level":"info","message":"no execution in db queued to process","timestamp":"2025-02-08 05:37:04"}
{"level":"info","message":"(cycling) check for queueing executions","timestamp":"2025-02-08 05:42:03"}
{"level":"info","message":"no execution in db queued to process","timestamp":"2025-02-08 05:42:04"}
{"level":"info","message":"(cycling) check for queueing executions","timestamp":"2025-02-08 05:47:03"}
{"level":"info","message":"no execution in db queued to process","timestamp":"2025-02-08 05:47:04"}
{"level":"info","message":"(cycling) check for queueing executions","timestamp":"2025-02-08 05:52:03"}
{"level":"info","message":"no execution in db queued to process","timestamp":"2025-02-08 05:52:04"}
{"level":"info","message":"(cycling) check for queueing executions","timestamp":"2025-02-08 05:57:03"}
{"level":"info","message":"no execution in db queued to process","timestamp":"2025-02-08 05:57:04"}
{"level":"info","message":"(cycling) check for queueing executions","timestamp":"2025-02-08 06:02:03"}
{"level":"info","message":"no execution in db queued to process","timestamp":"2025-02-08 06:02:03"}
{"level":"info","message":"(cycling) check for queueing executions","timestamp":"2025-02-08 06:07:03"}
{"level":"info","message":"no execution in db queued to process","timestamp":"2025-02-08 06:07:03"}
{"level":"info","message":"(cycling) check for queueing executions","timestamp":"2025-02-08 06:12:03"}
{"level":"info","message":"no execution in db queued to process","timestamp":"2025-02-08 06:12:04"}
{"level":"info","message":"(cycling) check for queueing executions","timestamp":"2025-02-08 06:17:03"}
{"level":"info","message":"no execution in db queued to process","timestamp":"2025-02-08 06:17:03"}
{"level":"info","message":"(cycling) check for queueing executions","timestamp":"2025-02-08 06:22:03"}
{"level":"info","message":"no execution in db queued to process","timestamp":"2025-02-08 06:22:04"}
{"level":"info","message":"(cycling) check for queueing executions","timestamp":"2025-02-08 06:27:03"}
{"level":"info","message":"no execution in db queued to process","timestamp":"2025-02-08 06:27:04"}
{"level":"info","message":"(cycling) check for queueing executions","timestamp":"2025-02-08 06:32:03"}
{"level":"info","message":"no execution in db queued to process","timestamp":"2025-02-08 06:32:03"}
{"level":"info","message":"(cycling) check for queueing executions","timestamp":"2025-02-08 06:37:04"}
{"level":"info","message":"no execution in db queued to process","timestamp":"2025-02-08 06:37:06"}
{"level":"info","message":"(cycling) check for queueing executions","timestamp":"2025-02-08 06:42:03"}
{"level":"info","message":"no execution in db queued to process","timestamp":"2025-02-08 06:42:04"}
{"level":"info","message":"(cycling) check for queueing executions","timestamp":"2025-02-08 06:47:03"}
{"level":"info","message":"no execution in db queued to process","timestamp":"2025-02-08 06:47:04"}
{"level":"info","message":"(cycling) check for queueing executions","timestamp":"2025-02-08 06:52:03"}
{"level":"info","message":"no execution in db queued to process","timestamp":"2025-02-08 06:52:04"}
{"level":"info","message":"(cycling) check for queueing executions","timestamp":"2025-02-08 06:57:03"}
{"level":"info","message":"no execution in db queued to process","timestamp":"2025-02-08 06:57:03"}
{"level":"info","message":"(cycling) check for queueing executions","timestamp":"2025-02-08 07:02:03"}
{"level":"info","message":"no execution in db queued to process","timestamp":"2025-02-08 07:02:04"}
{"level":"info","message":"(cycling) check for queueing executions","timestamp":"2025-02-08 07:07:03"}
{"level":"info","message":"no execution in db queued to process","timestamp":"2025-02-08 07:07:03"}
{"level":"info","message":"(cycling) check for queueing executions","timestamp":"2025-02-08 07:12:03"}
{"level":"info","message":"no execution in db queued to process","timestamp":"2025-02-08 07:12:03"}
