{"level":"info","message":"(cycling) check for queueing executions","timestamp":"2025-02-13 04:29:23"}
{"level":"info","message":"no execution in db queued to process","timestamp":"2025-02-13 04:29:24"}
{"level":"info","message":"(cycling) check for queueing executions","timestamp":"2025-02-13 04:34:22"}
{"level":"info","message":"no execution in db queued to process","timestamp":"2025-02-13 04:34:23"}
{"level":"info","message":"(cycling) check for queueing executions","timestamp":"2025-02-13 04:39:22"}
{"level":"info","message":"no execution in db queued to process","timestamp":"2025-02-13 04:39:22"}
{"level":"info","message":"(cycling) check for queueing executions","timestamp":"2025-02-13 04:44:22"}
{"level":"info","message":"no execution in db queued to process","timestamp":"2025-02-13 04:44:23"}
{"level":"info","message":"(cycling) check for queueing executions","timestamp":"2025-02-13 04:49:22"}
{"level":"info","message":"no execution in db queued to process","timestamp":"2025-02-13 04:49:23"}
{"level":"info","message":"(cycling) check for queueing executions","timestamp":"2025-02-13 04:54:22"}
{"level":"info","message":"no execution in db queued to process","timestamp":"2025-02-13 04:54:22"}
{"level":"info","message":"(cycling) check for queueing executions","timestamp":"2025-02-13 04:59:22"}
{"level":"info","message":"no execution in db queued to process","timestamp":"2025-02-13 04:59:23"}
{"level":"info","message":"(cycling) check for queueing executions","timestamp":"2025-02-13 05:04:22"}
{"level":"info","message":"no execution in db queued to process","timestamp":"2025-02-13 05:04:22"}
{"level":"info","message":"(cycling) check for queueing executions","timestamp":"2025-02-13 05:09:22"}
{"level":"info","message":"no execution in db queued to process","timestamp":"2025-02-13 05:09:22"}
{"level":"info","message":"no more events need to be prepared, dispatching...","timestamp":"2025-02-13 05:09:56"}
{"level":"info","message":"last process finished, will do another dispatch","timestamp":"2025-02-13 05:09:56"}
{"level":"info","message":"no execution in db queued to process","timestamp":"2025-02-13 05:09:56"}
{"level":"info","message":"last process finished, will do another dispatch","timestamp":"2025-02-13 05:09:59"}
{"level":"info","message":"no execution in db queued to process","timestamp":"2025-02-13 05:09:59"}
{"level":"info","message":"(cycling) check for queueing executions","timestamp":"2025-02-13 05:14:22"}
{"level":"info","message":"no execution in db queued to process","timestamp":"2025-02-13 05:14:23"}
{"level":"info","message":"(cycling) check for queueing executions","timestamp":"2025-02-13 05:19:22"}
{"level":"info","message":"no execution in db queued to process","timestamp":"2025-02-13 05:19:23"}
{"level":"info","message":"(cycling) check for queueing executions","timestamp":"2025-02-13 05:24:22"}
{"level":"info","message":"no execution in db queued to process","timestamp":"2025-02-13 05:24:23"}
{"level":"info","message":"(cycling) check for queueing executions","timestamp":"2025-02-13 05:29:22"}
{"level":"info","message":"no execution in db queued to process","timestamp":"2025-02-13 05:29:23"}
{"level":"info","message":"(cycling) check for queueing executions","timestamp":"2025-02-13 05:34:22"}
{"level":"info","message":"no execution in db queued to process","timestamp":"2025-02-13 05:34:22"}
{"level":"info","message":"(cycling) check for queueing executions","timestamp":"2025-02-13 05:39:22"}
{"level":"info","message":"no execution in db queued to process","timestamp":"2025-02-13 05:39:22"}
{"level":"info","message":"(cycling) check for queueing executions","timestamp":"2025-02-13 05:44:22"}
{"level":"info","message":"no execution in db queued to process","timestamp":"2025-02-13 05:44:22"}
{"level":"info","message":"(cycling) check for queueing executions","timestamp":"2025-02-13 05:49:22"}
{"level":"info","message":"no execution in db queued to process","timestamp":"2025-02-13 05:49:22"}
{"level":"info","message":"(cycling) check for queueing executions","timestamp":"2025-02-13 05:54:22"}
{"level":"info","message":"no execution in db queued to process","timestamp":"2025-02-13 05:54:22"}
{"level":"info","message":"(cycling) check for queueing executions","timestamp":"2025-02-13 05:59:22"}
{"level":"info","message":"no execution in db queued to process","timestamp":"2025-02-13 05:59:22"}
{"level":"info","message":"(cycling) check for queueing executions","timestamp":"2025-02-13 06:04:22"}
{"level":"info","message":"no execution in db queued to process","timestamp":"2025-02-13 06:04:22"}
{"level":"info","message":"(cycling) check for queueing executions","timestamp":"2025-02-13 06:09:22"}
{"level":"info","message":"no execution in db queued to process","timestamp":"2025-02-13 06:09:22"}
{"level":"info","message":"(cycling) check for queueing executions","timestamp":"2025-02-13 06:14:21"}
{"level":"info","message":"no execution in db queued to process","timestamp":"2025-02-13 06:14:22"}
{"level":"info","message":"(cycling) check for queueing executions","timestamp":"2025-02-13 06:19:21"}
{"level":"info","message":"no execution in db queued to process","timestamp":"2025-02-13 06:19:22"}
{"level":"info","message":"no more events need to be prepared, dispatching...","timestamp":"2025-02-13 06:22:17"}
{"level":"info","message":"last process finished, will do another dispatch","timestamp":"2025-02-13 06:22:17"}
{"level":"info","message":"no execution in db queued to process","timestamp":"2025-02-13 06:22:17"}
{"level":"info","message":"last process finished, will do another dispatch","timestamp":"2025-02-13 06:22:17"}
{"level":"warn","message":"workflow executing is not finished, new dispatching will be ignored","timestamp":"2025-02-13 06:22:17"}
{"level":"info","message":"last process finished, will do another dispatch","timestamp":"2025-02-13 06:22:17"}
{"level":"info","message":"no execution in db queued to process","timestamp":"2025-02-13 06:22:17"}
{"level":"info","message":"(cycling) check for queueing executions","timestamp":"2025-02-13 06:24:21"}
{"level":"info","message":"no execution in db queued to process","timestamp":"2025-02-13 06:24:21"}
{"level":"info","message":"no more events need to be prepared, dispatching...","timestamp":"2025-02-13 06:25:15"}
{"level":"info","message":"last process finished, will do another dispatch","timestamp":"2025-02-13 06:25:15"}
{"level":"info","message":"no execution in db queued to process","timestamp":"2025-02-13 06:25:15"}
{"level":"info","message":"last process finished, will do another dispatch","timestamp":"2025-02-13 06:25:15"}
{"level":"warn","message":"workflow executing is not finished, new dispatching will be ignored","timestamp":"2025-02-13 06:25:15"}
{"level":"info","message":"last process finished, will do another dispatch","timestamp":"2025-02-13 06:25:15"}
{"level":"info","message":"no execution in db queued to process","timestamp":"2025-02-13 06:25:15"}
{"level":"info","message":"no more events need to be prepared, dispatching...","timestamp":"2025-02-13 06:25:29"}
{"level":"info","message":"last process finished, will do another dispatch","timestamp":"2025-02-13 06:25:29"}
{"level":"info","message":"no execution in db queued to process","timestamp":"2025-02-13 06:25:29"}
{"level":"info","message":"last process finished, will do another dispatch","timestamp":"2025-02-13 06:25:29"}
{"level":"warn","message":"workflow executing is not finished, new dispatching will be ignored","timestamp":"2025-02-13 06:25:29"}
{"level":"info","message":"last process finished, will do another dispatch","timestamp":"2025-02-13 06:25:29"}
{"level":"info","message":"no execution in db queued to process","timestamp":"2025-02-13 06:25:29"}
{"level":"info","message":"no more events need to be prepared, dispatching...","timestamp":"2025-02-13 06:27:29"}
{"level":"info","message":"last process finished, will do another dispatch","timestamp":"2025-02-13 06:27:30"}
{"level":"info","message":"no execution in db queued to process","timestamp":"2025-02-13 06:27:30"}
{"level":"info","message":"last process finished, will do another dispatch","timestamp":"2025-02-13 06:27:30"}
{"level":"warn","message":"workflow executing is not finished, new dispatching will be ignored","timestamp":"2025-02-13 06:27:30"}
{"level":"info","message":"last process finished, will do another dispatch","timestamp":"2025-02-13 06:27:30"}
{"level":"info","message":"no execution in db queued to process","timestamp":"2025-02-13 06:27:30"}
{"level":"info","message":"(cycling) check for queueing executions","timestamp":"2025-02-13 06:29:21"}
{"level":"info","message":"no execution in db queued to process","timestamp":"2025-02-13 06:29:21"}
{"level":"info","message":"no more events need to be prepared, dispatching...","timestamp":"2025-02-13 06:30:52"}
{"level":"info","message":"last process finished, will do another dispatch","timestamp":"2025-02-13 06:30:52"}
{"level":"info","message":"no execution in db queued to process","timestamp":"2025-02-13 06:30:52"}
{"level":"info","message":"last process finished, will do another dispatch","timestamp":"2025-02-13 06:30:57"}
{"level":"info","message":"no execution in db queued to process","timestamp":"2025-02-13 06:30:57"}
{"level":"info","message":"no more events need to be prepared, dispatching...","timestamp":"2025-02-13 06:32:33"}
{"level":"info","message":"last process finished, will do another dispatch","timestamp":"2025-02-13 06:32:34"}
{"level":"info","message":"no execution in db queued to process","timestamp":"2025-02-13 06:32:34"}
{"level":"info","message":"last process finished, will do another dispatch","timestamp":"2025-02-13 06:32:35"}
{"level":"info","message":"no execution in db queued to process","timestamp":"2025-02-13 06:32:35"}
{"level":"info","message":"no more events need to be prepared, dispatching...","timestamp":"2025-02-13 06:34:01"}
{"level":"info","message":"last process finished, will do another dispatch","timestamp":"2025-02-13 06:34:03"}
{"level":"info","message":"no execution in db queued to process","timestamp":"2025-02-13 06:34:03"}
{"level":"info","message":"last process finished, will do another dispatch","timestamp":"2025-02-13 06:34:10"}
{"level":"info","message":"no execution in db queued to process","timestamp":"2025-02-13 06:34:10"}
{"level":"info","message":"(cycling) check for queueing executions","timestamp":"2025-02-13 06:34:21"}
{"level":"info","message":"no execution in db queued to process","timestamp":"2025-02-13 06:34:21"}
{"level":"info","message":"no more events need to be prepared, dispatching...","timestamp":"2025-02-13 06:35:11"}
{"level":"info","message":"last process finished, will do another dispatch","timestamp":"2025-02-13 06:35:11"}
{"level":"info","message":"no execution in db queued to process","timestamp":"2025-02-13 06:35:11"}
{"level":"info","message":"last process finished, will do another dispatch","timestamp":"2025-02-13 06:35:21"}
{"level":"info","message":"no execution in db queued to process","timestamp":"2025-02-13 06:35:21"}
{"level":"info","message":"(cycling) check for queueing executions","timestamp":"2025-02-13 06:39:21"}
{"level":"info","message":"no execution in db queued to process","timestamp":"2025-02-13 06:39:22"}
{"level":"info","message":"(cycling) check for queueing executions","timestamp":"2025-02-13 06:44:21"}
{"level":"info","message":"no execution in db queued to process","timestamp":"2025-02-13 06:44:22"}
{"level":"info","message":"no more events need to be prepared, dispatching...","timestamp":"2025-02-13 06:47:09"}
{"level":"info","message":"last process finished, will do another dispatch","timestamp":"2025-02-13 06:47:09"}
{"level":"info","message":"no execution in db queued to process","timestamp":"2025-02-13 06:47:09"}
{"level":"info","message":"last process finished, will do another dispatch","timestamp":"2025-02-13 06:47:19"}
{"level":"info","message":"no execution in db queued to process","timestamp":"2025-02-13 06:47:19"}
{"level":"info","message":"(cycling) check for queueing executions","timestamp":"2025-02-13 06:49:21"}
{"level":"info","message":"no execution in db queued to process","timestamp":"2025-02-13 06:49:22"}
{"level":"info","message":"no more events need to be prepared, dispatching...","timestamp":"2025-02-13 06:50:42"}
{"level":"info","message":"last process finished, will do another dispatch","timestamp":"2025-02-13 06:50:43"}
{"level":"info","message":"no execution in db queued to process","timestamp":"2025-02-13 06:50:43"}
{"level":"info","message":"last process finished, will do another dispatch","timestamp":"2025-02-13 06:50:49"}
{"level":"info","message":"no execution in db queued to process","timestamp":"2025-02-13 06:50:49"}
{"level":"info","message":"no more events need to be prepared, dispatching...","timestamp":"2025-02-13 06:51:18"}
{"level":"info","message":"last process finished, will do another dispatch","timestamp":"2025-02-13 06:51:19"}
{"level":"info","message":"no execution in db queued to process","timestamp":"2025-02-13 06:51:19"}
{"level":"info","message":"last process finished, will do another dispatch","timestamp":"2025-02-13 06:51:20"}
{"level":"info","message":"no execution in db queued to process","timestamp":"2025-02-13 06:51:20"}
{"level":"info","message":"last process finished, will do another dispatch","timestamp":"2025-02-13 06:51:20"}
{"level":"info","message":"no execution in db queued to process","timestamp":"2025-02-13 06:51:20"}
{"level":"info","message":"last process finished, will do another dispatch","timestamp":"2025-02-13 06:51:23"}
{"level":"info","message":"no execution in db queued to process","timestamp":"2025-02-13 06:51:23"}
{"level":"info","message":"(cycling) check for queueing executions","timestamp":"2025-02-13 06:54:21"}
{"level":"info","message":"no execution in db queued to process","timestamp":"2025-02-13 06:54:21"}
{"level":"info","message":"no more events need to be prepared, dispatching...","timestamp":"2025-02-13 06:54:25"}
{"level":"info","message":"last process finished, will do another dispatch","timestamp":"2025-02-13 06:54:25"}
{"level":"info","message":"no execution in db queued to process","timestamp":"2025-02-13 06:54:25"}
{"level":"info","message":"last process finished, will do another dispatch","timestamp":"2025-02-13 06:54:27"}
{"level":"info","message":"no execution in db queued to process","timestamp":"2025-02-13 06:54:27"}
{"level":"info","message":"no more events need to be prepared, dispatching...","timestamp":"2025-02-13 06:55:13"}
{"level":"info","message":"last process finished, will do another dispatch","timestamp":"2025-02-13 06:55:14"}
{"level":"info","message":"no execution in db queued to process","timestamp":"2025-02-13 06:55:14"}
{"level":"info","message":"last process finished, will do another dispatch","timestamp":"2025-02-13 06:55:19"}
{"level":"info","message":"no execution in db queued to process","timestamp":"2025-02-13 06:55:19"}
{"level":"info","message":"last process finished, will do another dispatch","timestamp":"2025-02-13 06:55:19"}
{"level":"info","message":"no execution in db queued to process","timestamp":"2025-02-13 06:55:19"}
{"level":"info","message":"last process finished, will do another dispatch","timestamp":"2025-02-13 06:55:20"}
{"level":"info","message":"no execution in db queued to process","timestamp":"2025-02-13 06:55:20"}
{"level":"info","message":"(cycling) check for queueing executions","timestamp":"2025-02-13 06:59:21"}
{"level":"info","message":"no execution in db queued to process","timestamp":"2025-02-13 06:59:22"}
{"level":"info","message":"no more events need to be prepared, dispatching...","timestamp":"2025-02-13 07:00:00"}
{"level":"info","message":"last process finished, will do another dispatch","timestamp":"2025-02-13 07:00:00"}
{"level":"info","message":"no execution in db queued to process","timestamp":"2025-02-13 07:00:00"}
{"level":"info","message":"last process finished, will do another dispatch","timestamp":"2025-02-13 07:00:01"}
{"level":"info","message":"no execution in db queued to process","timestamp":"2025-02-13 07:00:01"}
{"level":"info","message":"last process finished, will do another dispatch","timestamp":"2025-02-13 07:00:01"}
{"level":"info","message":"no execution in db queued to process","timestamp":"2025-02-13 07:00:01"}
{"level":"info","message":"last process finished, will do another dispatch","timestamp":"2025-02-13 07:00:01"}
{"level":"info","message":"no execution in db queued to process","timestamp":"2025-02-13 07:00:01"}
{"level":"info","message":"no more events need to be prepared, dispatching...","timestamp":"2025-02-13 07:00:54"}
{"level":"info","message":"last process finished, will do another dispatch","timestamp":"2025-02-13 07:00:54"}
{"level":"info","message":"no execution in db queued to process","timestamp":"2025-02-13 07:00:54"}
{"level":"info","message":"last process finished, will do another dispatch","timestamp":"2025-02-13 07:00:55"}
{"level":"info","message":"no execution in db queued to process","timestamp":"2025-02-13 07:00:55"}
{"level":"info","message":"last process finished, will do another dispatch","timestamp":"2025-02-13 07:00:56"}
{"level":"info","message":"no execution in db queued to process","timestamp":"2025-02-13 07:00:56"}
{"level":"info","message":"last process finished, will do another dispatch","timestamp":"2025-02-13 07:00:56"}
{"level":"info","message":"no execution in db queued to process","timestamp":"2025-02-13 07:00:56"}
{"level":"info","message":"no more events need to be prepared, dispatching...","timestamp":"2025-02-13 07:04:04"}
{"level":"info","message":"last process finished, will do another dispatch","timestamp":"2025-02-13 07:04:05"}
{"level":"info","message":"no execution in db queued to process","timestamp":"2025-02-13 07:04:06"}
{"level":"info","message":"last process finished, will do another dispatch","timestamp":"2025-02-13 07:04:08"}
{"level":"info","message":"no execution in db queued to process","timestamp":"2025-02-13 07:04:08"}
{"level":"info","message":"last process finished, will do another dispatch","timestamp":"2025-02-13 07:04:08"}
{"level":"info","message":"no execution in db queued to process","timestamp":"2025-02-13 07:04:08"}
{"level":"info","message":"last process finished, will do another dispatch","timestamp":"2025-02-13 07:04:08"}
{"level":"info","message":"no execution in db queued to process","timestamp":"2025-02-13 07:04:08"}
{"level":"info","message":"(cycling) check for queueing executions","timestamp":"2025-02-13 07:04:21"}
{"level":"info","message":"no execution in db queued to process","timestamp":"2025-02-13 07:04:21"}
{"level":"info","message":"(cycling) check for queueing executions","timestamp":"2025-02-13 07:09:21"}
{"level":"info","message":"no execution in db queued to process","timestamp":"2025-02-13 07:09:24"}
{"level":"info","message":"(cycling) check for queueing executions","timestamp":"2025-02-13 07:14:21"}
{"level":"info","message":"no execution in db queued to process","timestamp":"2025-02-13 07:14:22"}
{"level":"info","message":"(cycling) check for queueing executions","timestamp":"2025-02-13 07:19:21"}
{"level":"info","message":"no execution in db queued to process","timestamp":"2025-02-13 07:19:21"}
{"level":"info","message":"(cycling) check for queueing executions","timestamp":"2025-02-13 07:24:21"}
{"level":"info","message":"no execution in db queued to process","timestamp":"2025-02-13 07:24:21"}
{"level":"info","message":"(cycling) check for queueing executions","timestamp":"2025-02-13 07:29:21"}
{"level":"info","message":"no execution in db queued to process","timestamp":"2025-02-13 07:29:21"}
{"level":"info","message":"(cycling) check for queueing executions","timestamp":"2025-02-13 07:34:21"}
{"level":"info","message":"no execution in db queued to process","timestamp":"2025-02-13 07:34:21"}
{"level":"info","message":"no more events need to be prepared, dispatching...","timestamp":"2025-02-13 07:35:34"}
{"level":"info","message":"last process finished, will do another dispatch","timestamp":"2025-02-13 07:35:34"}
{"level":"info","message":"no execution in db queued to process","timestamp":"2025-02-13 07:35:34"}
{"level":"info","message":"last process finished, will do another dispatch","timestamp":"2025-02-13 07:35:39"}
{"level":"info","message":"no execution in db queued to process","timestamp":"2025-02-13 07:35:39"}
{"level":"info","message":"last process finished, will do another dispatch","timestamp":"2025-02-13 07:35:39"}
{"level":"warn","message":"workflow executing is not finished, new dispatching will be ignored","timestamp":"2025-02-13 07:35:39"}
{"level":"info","message":"last process finished, will do another dispatch","timestamp":"2025-02-13 07:35:39"}
{"level":"info","message":"no execution in db queued to process","timestamp":"2025-02-13 07:35:39"}
{"level":"info","message":"last process finished, will do another dispatch","timestamp":"2025-02-13 07:35:40"}
{"level":"info","message":"no execution in db queued to process","timestamp":"2025-02-13 07:35:40"}
{"level":"info","message":"(cycling) check for queueing executions","timestamp":"2025-02-13 07:39:21"}
{"level":"info","message":"no execution in db queued to process","timestamp":"2025-02-13 07:39:21"}
{"level":"info","message":"no more events need to be prepared, dispatching...","timestamp":"2025-02-13 07:40:29"}
{"level":"info","message":"last process finished, will do another dispatch","timestamp":"2025-02-13 07:40:29"}
{"level":"info","message":"no execution in db queued to process","timestamp":"2025-02-13 07:40:29"}
{"level":"info","message":"last process finished, will do another dispatch","timestamp":"2025-02-13 07:40:32"}
{"level":"info","message":"no execution in db queued to process","timestamp":"2025-02-13 07:40:32"}
{"level":"info","message":"last process finished, will do another dispatch","timestamp":"2025-02-13 07:40:32"}
{"level":"info","message":"no execution in db queued to process","timestamp":"2025-02-13 07:40:32"}
{"level":"info","message":"last process finished, will do another dispatch","timestamp":"2025-02-13 07:40:33"}
{"level":"info","message":"no execution in db queued to process","timestamp":"2025-02-13 07:40:33"}
{"level":"info","message":"(cycling) check for queueing executions","timestamp":"2025-02-13 07:44:21"}
{"level":"info","message":"no execution in db queued to process","timestamp":"2025-02-13 07:44:21"}
{"level":"info","message":"(cycling) check for queueing executions","timestamp":"2025-02-13 07:49:21"}
{"level":"info","message":"no execution in db queued to process","timestamp":"2025-02-13 07:49:21"}
{"level":"info","message":"(cycling) check for queueing executions","timestamp":"2025-02-13 07:54:21"}
{"level":"info","message":"no execution in db queued to process","timestamp":"2025-02-13 07:54:21"}
{"level":"info","message":"(cycling) check for queueing executions","timestamp":"2025-02-13 07:59:21"}
{"level":"info","message":"no execution in db queued to process","timestamp":"2025-02-13 07:59:21"}
{"level":"info","message":"no more events need to be prepared, dispatching...","timestamp":"2025-02-13 08:01:55"}
{"level":"info","message":"last process finished, will do another dispatch","timestamp":"2025-02-13 08:01:56"}
{"level":"info","message":"no execution in db queued to process","timestamp":"2025-02-13 08:01:56"}
{"level":"info","message":"last process finished, will do another dispatch","timestamp":"2025-02-13 08:01:58"}
{"level":"info","message":"no execution in db queued to process","timestamp":"2025-02-13 08:01:58"}
{"level":"info","message":"last process finished, will do another dispatch","timestamp":"2025-02-13 08:01:58"}
{"level":"info","message":"no execution in db queued to process","timestamp":"2025-02-13 08:01:58"}
{"level":"info","message":"last process finished, will do another dispatch","timestamp":"2025-02-13 08:01:59"}
{"level":"info","message":"no execution in db queued to process","timestamp":"2025-02-13 08:01:59"}
{"level":"info","message":"(cycling) check for queueing executions","timestamp":"2025-02-13 08:04:21"}
{"level":"info","message":"no execution in db queued to process","timestamp":"2025-02-13 08:04:21"}
{"level":"info","message":"(cycling) check for queueing executions","timestamp":"2025-02-13 08:09:21"}
{"level":"info","message":"no execution in db queued to process","timestamp":"2025-02-13 08:09:21"}
{"level":"info","message":"no more events need to be prepared, dispatching...","timestamp":"2025-02-13 08:09:36"}
{"level":"info","message":"last process finished, will do another dispatch","timestamp":"2025-02-13 08:09:36"}
{"level":"info","message":"no execution in db queued to process","timestamp":"2025-02-13 08:09:36"}
{"level":"info","message":"last process finished, will do another dispatch","timestamp":"2025-02-13 08:09:38"}
{"level":"info","message":"no execution in db queued to process","timestamp":"2025-02-13 08:09:38"}
{"level":"info","message":"last process finished, will do another dispatch","timestamp":"2025-02-13 08:09:38"}
{"level":"info","message":"no execution in db queued to process","timestamp":"2025-02-13 08:09:38"}
{"level":"info","message":"last process finished, will do another dispatch","timestamp":"2025-02-13 08:09:39"}
{"level":"info","message":"no execution in db queued to process","timestamp":"2025-02-13 08:09:39"}
{"level":"info","message":"(cycling) check for queueing executions","timestamp":"2025-02-13 08:14:21"}
{"level":"info","message":"no execution in db queued to process","timestamp":"2025-02-13 08:14:21"}
{"level":"info","message":"no more events need to be prepared, dispatching...","timestamp":"2025-02-13 08:17:29"}
{"level":"info","message":"last process finished, will do another dispatch","timestamp":"2025-02-13 08:17:30"}
{"level":"info","message":"no execution in db queued to process","timestamp":"2025-02-13 08:17:30"}
{"level":"info","message":"last process finished, will do another dispatch","timestamp":"2025-02-13 08:17:31"}
{"level":"info","message":"no execution in db queued to process","timestamp":"2025-02-13 08:17:31"}
{"level":"info","message":"last process finished, will do another dispatch","timestamp":"2025-02-13 08:17:31"}
{"level":"info","message":"no execution in db queued to process","timestamp":"2025-02-13 08:17:31"}
{"level":"info","message":"last process finished, will do another dispatch","timestamp":"2025-02-13 08:17:32"}
{"level":"info","message":"no execution in db queued to process","timestamp":"2025-02-13 08:17:32"}
{"level":"info","message":"(cycling) check for queueing executions","timestamp":"2025-02-13 08:19:21"}
{"level":"info","message":"no execution in db queued to process","timestamp":"2025-02-13 08:19:21"}
{"level":"info","message":"(cycling) check for queueing executions","timestamp":"2025-02-13 08:24:21"}
{"level":"info","message":"no execution in db queued to process","timestamp":"2025-02-13 08:24:21"}
{"level":"info","message":"(cycling) check for queueing executions","timestamp":"2025-02-13 08:29:21"}
{"level":"info","message":"no execution in db queued to process","timestamp":"2025-02-13 08:29:21"}
{"level":"info","message":"no more events need to be prepared, dispatching...","timestamp":"2025-02-13 08:32:22"}
{"level":"info","message":"last process finished, will do another dispatch","timestamp":"2025-02-13 08:32:22"}
{"level":"info","message":"no execution in db queued to process","timestamp":"2025-02-13 08:32:22"}
{"level":"info","message":"last process finished, will do another dispatch","timestamp":"2025-02-13 08:32:24"}
{"level":"info","message":"no execution in db queued to process","timestamp":"2025-02-13 08:32:24"}
{"level":"info","message":"last process finished, will do another dispatch","timestamp":"2025-02-13 08:32:24"}
{"level":"info","message":"no execution in db queued to process","timestamp":"2025-02-13 08:32:24"}
{"level":"info","message":"last process finished, will do another dispatch","timestamp":"2025-02-13 08:32:26"}
{"level":"info","message":"no execution in db queued to process","timestamp":"2025-02-13 08:32:26"}
{"level":"info","message":"no more events need to be prepared, dispatching...","timestamp":"2025-02-13 08:34:12"}
{"level":"info","message":"last process finished, will do another dispatch","timestamp":"2025-02-13 08:34:13"}
{"level":"info","message":"no execution in db queued to process","timestamp":"2025-02-13 08:34:13"}
{"level":"info","message":"last process finished, will do another dispatch","timestamp":"2025-02-13 08:34:14"}
{"level":"info","message":"no execution in db queued to process","timestamp":"2025-02-13 08:34:14"}
{"level":"info","message":"last process finished, will do another dispatch","timestamp":"2025-02-13 08:34:14"}
{"level":"info","message":"no execution in db queued to process","timestamp":"2025-02-13 08:34:14"}
{"level":"info","message":"last process finished, will do another dispatch","timestamp":"2025-02-13 08:34:15"}
{"level":"info","message":"no execution in db queued to process","timestamp":"2025-02-13 08:34:15"}
{"level":"info","message":"(cycling) check for queueing executions","timestamp":"2025-02-13 08:34:20"}
{"level":"info","message":"no execution in db queued to process","timestamp":"2025-02-13 08:34:20"}
{"level":"info","message":"(cycling) check for queueing executions","timestamp":"2025-02-13 08:39:20"}
{"level":"info","message":"no execution in db queued to process","timestamp":"2025-02-13 08:39:21"}
{"level":"info","message":"(cycling) check for queueing executions","timestamp":"2025-02-13 08:44:20"}
{"level":"info","message":"no execution in db queued to process","timestamp":"2025-02-13 08:44:21"}
{"level":"info","message":"(cycling) check for queueing executions","timestamp":"2025-02-13 08:49:20"}
{"level":"info","message":"no execution in db queued to process","timestamp":"2025-02-13 08:49:21"}
{"level":"info","message":"(cycling) check for queueing executions","timestamp":"2025-02-13 08:54:20"}
{"level":"info","message":"no execution in db queued to process","timestamp":"2025-02-13 08:54:21"}
{"level":"info","message":"(cycling) check for queueing executions","timestamp":"2025-02-13 08:59:20"}
{"level":"info","message":"no execution in db queued to process","timestamp":"2025-02-13 08:59:20"}
{"level":"info","message":"(cycling) check for queueing executions","timestamp":"2025-02-13 09:04:20"}
{"level":"info","message":"no execution in db queued to process","timestamp":"2025-02-13 09:04:21"}
{"level":"info","message":"no more events need to be prepared, dispatching...","timestamp":"2025-02-13 09:07:01"}
{"level":"info","message":"last process finished, will do another dispatch","timestamp":"2025-02-13 09:07:01"}
{"level":"info","message":"no execution in db queued to process","timestamp":"2025-02-13 09:07:01"}
{"level":"info","message":"last process finished, will do another dispatch","timestamp":"2025-02-13 09:07:02"}
{"level":"info","message":"no execution in db queued to process","timestamp":"2025-02-13 09:07:02"}
{"level":"info","message":"last process finished, will do another dispatch","timestamp":"2025-02-13 09:07:03"}
{"level":"info","message":"no execution in db queued to process","timestamp":"2025-02-13 09:07:03"}
{"level":"info","message":"last process finished, will do another dispatch","timestamp":"2025-02-13 09:07:03"}
{"level":"info","message":"no execution in db queued to process","timestamp":"2025-02-13 09:07:03"}
{"level":"info","message":"last process finished, will do another dispatch","timestamp":"2025-02-13 09:07:03"}
{"level":"info","message":"no execution in db queued to process","timestamp":"2025-02-13 09:07:03"}
{"level":"info","message":"(cycling) check for queueing executions","timestamp":"2025-02-13 09:09:20"}
{"level":"info","message":"no execution in db queued to process","timestamp":"2025-02-13 09:09:20"}
{"level":"info","message":"no more events need to be prepared, dispatching...","timestamp":"2025-02-13 09:10:21"}
{"level":"info","message":"last process finished, will do another dispatch","timestamp":"2025-02-13 09:10:21"}
{"level":"info","message":"no execution in db queued to process","timestamp":"2025-02-13 09:10:21"}
{"level":"info","message":"last process finished, will do another dispatch","timestamp":"2025-02-13 09:10:22"}
{"level":"info","message":"no execution in db queued to process","timestamp":"2025-02-13 09:10:22"}
{"level":"info","message":"last process finished, will do another dispatch","timestamp":"2025-02-13 09:10:22"}
{"level":"info","message":"no execution in db queued to process","timestamp":"2025-02-13 09:10:22"}
{"level":"info","message":"last process finished, will do another dispatch","timestamp":"2025-02-13 09:10:22"}
{"level":"info","message":"no execution in db queued to process","timestamp":"2025-02-13 09:10:22"}
{"level":"info","message":"last process finished, will do another dispatch","timestamp":"2025-02-13 09:10:22"}
{"level":"info","message":"no execution in db queued to process","timestamp":"2025-02-13 09:10:22"}
{"level":"info","message":"(cycling) check for queueing executions","timestamp":"2025-02-13 09:14:20"}
{"level":"info","message":"no execution in db queued to process","timestamp":"2025-02-13 09:14:20"}
{"level":"info","message":"(cycling) check for queueing executions","timestamp":"2025-02-13 09:19:20"}
{"level":"info","message":"no execution in db queued to process","timestamp":"2025-02-13 09:19:21"}
{"level":"info","message":"(cycling) check for queueing executions","timestamp":"2025-02-13 09:24:20"}
{"level":"info","message":"no execution in db queued to process","timestamp":"2025-02-13 09:24:20"}
{"level":"info","message":"(cycling) check for queueing executions","timestamp":"2025-02-13 09:29:20"}
{"level":"info","message":"no execution in db queued to process","timestamp":"2025-02-13 09:29:21"}
{"level":"info","message":"(cycling) check for queueing executions","timestamp":"2025-02-13 09:34:20"}
{"level":"info","message":"no execution in db queued to process","timestamp":"2025-02-13 09:34:20"}
{"level":"info","message":"(cycling) check for queueing executions","timestamp":"2025-02-13 09:39:20"}
{"level":"info","message":"no execution in db queued to process","timestamp":"2025-02-13 09:39:20"}
{"level":"info","message":"(cycling) check for queueing executions","timestamp":"2025-02-13 09:44:20"}
{"level":"info","message":"no execution in db queued to process","timestamp":"2025-02-13 09:44:20"}
{"level":"info","message":"(cycling) check for queueing executions","timestamp":"2025-02-13 09:49:20"}
{"level":"info","message":"no execution in db queued to process","timestamp":"2025-02-13 09:49:20"}
{"level":"info","message":"(cycling) check for queueing executions","timestamp":"2025-02-13 09:54:20"}
{"level":"info","message":"no execution in db queued to process","timestamp":"2025-02-13 09:54:20"}
{"level":"info","message":"(cycling) check for queueing executions","timestamp":"2025-02-13 09:59:20"}
{"level":"info","message":"no execution in db queued to process","timestamp":"2025-02-13 09:59:20"}
{"level":"info","message":"(cycling) check for queueing executions","timestamp":"2025-02-13 10:04:20"}
{"level":"info","message":"no execution in db queued to process","timestamp":"2025-02-13 10:04:20"}
{"level":"info","message":"(cycling) check for queueing executions","timestamp":"2025-02-13 10:09:20"}
{"level":"info","message":"no execution in db queued to process","timestamp":"2025-02-13 10:09:20"}
{"level":"info","message":"(cycling) check for queueing executions","timestamp":"2025-02-13 10:14:20"}
{"level":"info","message":"no execution in db queued to process","timestamp":"2025-02-13 10:14:20"}
{"level":"info","message":"(cycling) check for queueing executions","timestamp":"2025-02-13 10:19:20"}
{"level":"info","message":"no execution in db queued to process","timestamp":"2025-02-13 10:19:20"}
{"level":"info","message":"no more events need to be prepared, dispatching...","timestamp":"2025-02-13 10:21:50"}
{"level":"info","message":"last process finished, will do another dispatch","timestamp":"2025-02-13 10:21:50"}
{"level":"info","message":"no execution in db queued to process","timestamp":"2025-02-13 10:21:50"}
{"level":"info","message":"last process finished, will do another dispatch","timestamp":"2025-02-13 10:21:52"}
{"level":"info","message":"no execution in db queued to process","timestamp":"2025-02-13 10:21:52"}
{"level":"info","message":"last process finished, will do another dispatch","timestamp":"2025-02-13 10:21:52"}
{"level":"info","message":"no execution in db queued to process","timestamp":"2025-02-13 10:21:52"}
{"level":"info","message":"(cycling) check for queueing executions","timestamp":"2025-02-13 10:24:20"}
{"level":"info","message":"no execution in db queued to process","timestamp":"2025-02-13 10:24:20"}
{"level":"info","message":"no more events need to be prepared, dispatching...","timestamp":"2025-02-13 10:26:47"}
{"level":"info","message":"last process finished, will do another dispatch","timestamp":"2025-02-13 10:26:47"}
{"level":"info","message":"no execution in db queued to process","timestamp":"2025-02-13 10:26:47"}
{"level":"info","message":"last process finished, will do another dispatch","timestamp":"2025-02-13 10:26:48"}
{"level":"info","message":"no execution in db queued to process","timestamp":"2025-02-13 10:26:48"}
{"level":"info","message":"no more events need to be prepared, dispatching...","timestamp":"2025-02-13 10:27:40"}
{"level":"info","message":"last process finished, will do another dispatch","timestamp":"2025-02-13 10:27:40"}
{"level":"info","message":"no execution in db queued to process","timestamp":"2025-02-13 10:27:40"}
{"level":"info","message":"last process finished, will do another dispatch","timestamp":"2025-02-13 10:27:42"}
{"level":"info","message":"no execution in db queued to process","timestamp":"2025-02-13 10:27:42"}
{"level":"info","message":"last process finished, will do another dispatch","timestamp":"2025-02-13 10:27:42"}
{"level":"info","message":"no execution in db queued to process","timestamp":"2025-02-13 10:27:42"}
{"level":"info","message":"last process finished, will do another dispatch","timestamp":"2025-02-13 10:27:42"}
{"level":"info","message":"no execution in db queued to process","timestamp":"2025-02-13 10:27:42"}
{"level":"info","message":"no more events need to be prepared, dispatching...","timestamp":"2025-02-13 10:29:02"}
{"level":"info","message":"last process finished, will do another dispatch","timestamp":"2025-02-13 10:29:02"}
{"level":"info","message":"no execution in db queued to process","timestamp":"2025-02-13 10:29:02"}
{"level":"info","message":"last process finished, will do another dispatch","timestamp":"2025-02-13 10:29:02"}
{"level":"info","message":"no execution in db queued to process","timestamp":"2025-02-13 10:29:02"}
{"level":"info","message":"(cycling) check for queueing executions","timestamp":"2025-02-13 10:29:20"}
{"level":"info","message":"no execution in db queued to process","timestamp":"2025-02-13 10:29:20"}
{"level":"info","message":"no more events need to be prepared, dispatching...","timestamp":"2025-02-13 10:30:00"}
{"level":"info","message":"last process finished, will do another dispatch","timestamp":"2025-02-13 10:30:00"}
{"level":"info","message":"no execution in db queued to process","timestamp":"2025-02-13 10:30:00"}
{"level":"info","message":"last process finished, will do another dispatch","timestamp":"2025-02-13 10:30:01"}
{"level":"info","message":"no execution in db queued to process","timestamp":"2025-02-13 10:30:01"}
{"level":"info","message":"last process finished, will do another dispatch","timestamp":"2025-02-13 10:30:02"}
{"level":"info","message":"no execution in db queued to process","timestamp":"2025-02-13 10:30:02"}
{"level":"info","message":"last process finished, will do another dispatch","timestamp":"2025-02-13 10:30:02"}
{"level":"info","message":"no execution in db queued to process","timestamp":"2025-02-13 10:30:02"}
{"level":"info","message":"last process finished, will do another dispatch","timestamp":"2025-02-13 10:30:02"}
{"level":"info","message":"no execution in db queued to process","timestamp":"2025-02-13 10:30:02"}
{"level":"info","message":"(cycling) check for queueing executions","timestamp":"2025-02-13 10:34:20"}
{"level":"info","message":"no execution in db queued to process","timestamp":"2025-02-13 10:34:21"}
{"level":"info","message":"no more events need to be prepared, dispatching...","timestamp":"2025-02-13 10:36:08"}
{"level":"info","message":"last process finished, will do another dispatch","timestamp":"2025-02-13 10:36:08"}
{"level":"info","message":"no execution in db queued to process","timestamp":"2025-02-13 10:36:08"}
{"level":"info","message":"last process finished, will do another dispatch","timestamp":"2025-02-13 10:36:10"}
{"level":"info","message":"no execution in db queued to process","timestamp":"2025-02-13 10:36:10"}
{"level":"info","message":"last process finished, will do another dispatch","timestamp":"2025-02-13 10:36:10"}
{"level":"info","message":"no execution in db queued to process","timestamp":"2025-02-13 10:36:10"}
{"level":"info","message":"last process finished, will do another dispatch","timestamp":"2025-02-13 10:36:11"}
{"level":"info","message":"no execution in db queued to process","timestamp":"2025-02-13 10:36:11"}
{"level":"info","message":"last process finished, will do another dispatch","timestamp":"2025-02-13 10:36:11"}
{"level":"info","message":"no execution in db queued to process","timestamp":"2025-02-13 10:36:11"}
{"level":"info","message":"(cycling) check for queueing executions","timestamp":"2025-02-13 10:39:20"}
{"level":"info","message":"no execution in db queued to process","timestamp":"2025-02-13 10:39:20"}
{"level":"info","message":"(cycling) check for queueing executions","timestamp":"2025-02-13 10:44:20"}
{"level":"info","message":"no execution in db queued to process","timestamp":"2025-02-13 10:44:20"}
{"level":"info","message":"(cycling) check for queueing executions","timestamp":"2025-02-13 10:49:20"}
{"level":"info","message":"no execution in db queued to process","timestamp":"2025-02-13 10:49:20"}
{"level":"info","message":"no more events need to be prepared, dispatching...","timestamp":"2025-02-13 10:49:32"}
{"level":"info","message":"last process finished, will do another dispatch","timestamp":"2025-02-13 10:49:33"}
{"level":"info","message":"no execution in db queued to process","timestamp":"2025-02-13 10:49:33"}
{"level":"info","message":"last process finished, will do another dispatch","timestamp":"2025-02-13 10:49:34"}
{"level":"info","message":"no execution in db queued to process","timestamp":"2025-02-13 10:49:34"}
{"level":"info","message":"last process finished, will do another dispatch","timestamp":"2025-02-13 10:49:35"}
{"level":"info","message":"no execution in db queued to process","timestamp":"2025-02-13 10:49:35"}
{"level":"info","message":"last process finished, will do another dispatch","timestamp":"2025-02-13 10:49:36"}
{"level":"info","message":"no execution in db queued to process","timestamp":"2025-02-13 10:49:36"}
{"level":"info","message":"last process finished, will do another dispatch","timestamp":"2025-02-13 10:49:36"}
{"level":"info","message":"no execution in db queued to process","timestamp":"2025-02-13 10:49:36"}
{"level":"info","message":"(cycling) check for queueing executions","timestamp":"2025-02-13 10:54:20"}
{"level":"info","message":"no execution in db queued to process","timestamp":"2025-02-13 10:54:20"}
{"level":"info","message":"(cycling) check for queueing executions","timestamp":"2025-02-13 10:59:20"}
{"level":"info","message":"no execution in db queued to process","timestamp":"2025-02-13 10:59:20"}
{"level":"info","message":"(cycling) check for queueing executions","timestamp":"2025-02-13 11:04:20"}
{"level":"info","message":"no execution in db queued to process","timestamp":"2025-02-13 11:04:21"}
{"level":"info","message":"(cycling) check for queueing executions","timestamp":"2025-02-13 11:09:20"}
{"level":"info","message":"no execution in db queued to process","timestamp":"2025-02-13 11:09:20"}
{"level":"info","message":"(cycling) check for queueing executions","timestamp":"2025-02-13 11:14:20"}
{"level":"info","message":"no execution in db queued to process","timestamp":"2025-02-13 11:14:20"}
{"level":"info","message":"(cycling) check for queueing executions","timestamp":"2025-02-13 11:19:20"}
{"level":"info","message":"no execution in db queued to process","timestamp":"2025-02-13 11:19:20"}
{"level":"info","message":"(cycling) check for queueing executions","timestamp":"2025-02-13 11:24:20"}
{"level":"info","message":"no execution in db queued to process","timestamp":"2025-02-13 11:24:20"}
{"level":"info","message":"(cycling) check for queueing executions","timestamp":"2025-02-13 11:29:19"}
{"level":"info","message":"no execution in db queued to process","timestamp":"2025-02-13 11:29:20"}
{"level":"info","message":"(cycling) check for queueing executions","timestamp":"2025-02-13 11:34:19"}
{"level":"info","message":"no execution in db queued to process","timestamp":"2025-02-13 11:34:20"}
{"level":"info","message":"(cycling) check for queueing executions","timestamp":"2025-02-13 11:39:19"}
{"level":"info","message":"no execution in db queued to process","timestamp":"2025-02-13 11:39:20"}
{"level":"info","message":"(starting) check for queueing executions","timestamp":"2025-02-13 11:40:52"}
{"level":"info","message":"no execution in db queued to process","timestamp":"2025-02-13 11:40:52"}
{"level":"info","message":"(cycling) check for queueing executions","timestamp":"2025-02-13 11:45:52"}
{"level":"info","message":"no execution in db queued to process","timestamp":"2025-02-13 11:45:52"}
{"level":"info","message":"(cycling) check for queueing executions","timestamp":"2025-02-13 11:50:52"}
{"level":"info","message":"no execution in db queued to process","timestamp":"2025-02-13 11:50:52"}
