{"level":"info","message":"(cycling) check for queueing executions","timestamp":"2025-02-07 04:26:57"}
{"level":"info","message":"no execution in db queued to process","timestamp":"2025-02-07 04:26:57"}
{"level":"info","message":"(cycling) check for queueing executions","timestamp":"2025-02-07 04:31:56"}
{"level":"info","message":"no execution in db queued to process","timestamp":"2025-02-07 04:31:57"}
{"level":"info","message":"(cycling) check for queueing executions","timestamp":"2025-02-07 04:36:56"}
{"level":"info","message":"no execution in db queued to process","timestamp":"2025-02-07 04:36:56"}
{"level":"info","message":"(cycling) check for queueing executions","timestamp":"2025-02-07 04:41:56"}
{"level":"info","message":"no execution in db queued to process","timestamp":"2025-02-07 04:41:57"}
{"level":"info","message":"(cycling) check for queueing executions","timestamp":"2025-02-07 04:46:56"}
{"level":"info","message":"no execution in db queued to process","timestamp":"2025-02-07 04:46:57"}
{"level":"info","message":"(cycling) check for queueing executions","timestamp":"2025-02-07 04:51:56"}
{"level":"info","message":"no execution in db queued to process","timestamp":"2025-02-07 04:51:56"}
{"level":"info","message":"(cycling) check for queueing executions","timestamp":"2025-02-07 04:56:56"}
{"level":"info","message":"no execution in db queued to process","timestamp":"2025-02-07 04:56:56"}
{"level":"info","message":"(cycling) check for queueing executions","timestamp":"2025-02-07 05:01:56"}
{"level":"info","message":"no execution in db queued to process","timestamp":"2025-02-07 05:01:56"}
{"level":"info","message":"(cycling) check for queueing executions","timestamp":"2025-02-07 05:06:56"}
{"level":"info","message":"no execution in db queued to process","timestamp":"2025-02-07 05:06:56"}
{"level":"info","message":"(cycling) check for queueing executions","timestamp":"2025-02-07 05:11:56"}
{"level":"info","message":"no execution in db queued to process","timestamp":"2025-02-07 05:11:56"}
{"level":"info","message":"(cycling) check for queueing executions","timestamp":"2025-02-07 05:16:56"}
{"level":"info","message":"no execution in db queued to process","timestamp":"2025-02-07 05:16:56"}
{"level":"info","message":"(cycling) check for queueing executions","timestamp":"2025-02-07 05:21:56"}
{"level":"info","message":"no execution in db queued to process","timestamp":"2025-02-07 05:21:56"}
{"level":"info","message":"(cycling) check for queueing executions","timestamp":"2025-02-07 05:26:56"}
{"level":"info","message":"no execution in db queued to process","timestamp":"2025-02-07 05:26:56"}
{"level":"info","message":"(cycling) check for queueing executions","timestamp":"2025-02-07 05:31:56"}
{"level":"info","message":"no execution in db queued to process","timestamp":"2025-02-07 05:31:56"}
{"level":"info","message":"(cycling) check for queueing executions","timestamp":"2025-02-07 05:36:55"}
{"level":"info","message":"no execution in db queued to process","timestamp":"2025-02-07 05:36:56"}
{"level":"info","message":"(cycling) check for queueing executions","timestamp":"2025-02-07 05:41:55"}
{"level":"info","message":"no execution in db queued to process","timestamp":"2025-02-07 05:41:56"}
{"level":"info","message":"(cycling) check for queueing executions","timestamp":"2025-02-07 05:46:55"}
{"level":"info","message":"no execution in db queued to process","timestamp":"2025-02-07 05:46:56"}
{"level":"info","message":"(cycling) check for queueing executions","timestamp":"2025-02-07 05:51:55"}
{"level":"info","message":"no execution in db queued to process","timestamp":"2025-02-07 05:51:55"}
{"level":"info","message":"(cycling) check for queueing executions","timestamp":"2025-02-07 05:56:55"}
{"level":"info","message":"no execution in db queued to process","timestamp":"2025-02-07 05:56:55"}
{"level":"info","message":"no more events need to be prepared, dispatching...","timestamp":"2025-02-07 06:01:13"}
{"level":"info","message":"last process finished, will do another dispatch","timestamp":"2025-02-07 06:01:13"}
{"level":"info","message":"no execution in db queued to process","timestamp":"2025-02-07 06:01:14"}
{"level":"info","message":"last process finished, will do another dispatch","timestamp":"2025-02-07 06:01:18"}
{"level":"info","message":"no execution in db queued to process","timestamp":"2025-02-07 06:01:18"}
{"level":"info","message":"(cycling) check for queueing executions","timestamp":"2025-02-07 06:01:55"}
{"level":"info","message":"no execution in db queued to process","timestamp":"2025-02-07 06:01:55"}
{"level":"info","message":"(cycling) check for queueing executions","timestamp":"2025-02-07 06:06:55"}
{"level":"info","message":"no execution in db queued to process","timestamp":"2025-02-07 06:06:55"}
{"level":"info","message":"(cycling) check for queueing executions","timestamp":"2025-02-07 06:11:55"}
{"level":"info","message":"no execution in db queued to process","timestamp":"2025-02-07 06:11:55"}
{"level":"info","message":"(cycling) check for queueing executions","timestamp":"2025-02-07 06:16:55"}
{"level":"info","message":"no execution in db queued to process","timestamp":"2025-02-07 06:16:56"}
{"level":"info","message":"(cycling) check for queueing executions","timestamp":"2025-02-07 06:21:55"}
{"level":"info","message":"no execution in db queued to process","timestamp":"2025-02-07 06:21:55"}
{"level":"info","message":"(cycling) check for queueing executions","timestamp":"2025-02-07 06:26:55"}
{"level":"info","message":"no execution in db queued to process","timestamp":"2025-02-07 06:26:55"}
{"level":"info","message":"(cycling) check for queueing executions","timestamp":"2025-02-07 06:31:55"}
{"level":"info","message":"no execution in db queued to process","timestamp":"2025-02-07 06:31:55"}
{"level":"info","message":"(cycling) check for queueing executions","timestamp":"2025-02-07 06:36:55"}
{"level":"info","message":"no execution in db queued to process","timestamp":"2025-02-07 06:36:55"}
{"level":"info","message":"no more events need to be prepared, dispatching...","timestamp":"2025-02-07 06:40:46"}
{"level":"info","message":"last process finished, will do another dispatch","timestamp":"2025-02-07 06:40:46"}
{"level":"info","message":"no execution in db queued to process","timestamp":"2025-02-07 06:40:46"}
{"level":"info","message":"last process finished, will do another dispatch","timestamp":"2025-02-07 06:40:46"}
{"level":"warn","message":"workflow executing is not finished, new dispatching will be ignored","timestamp":"2025-02-07 06:40:46"}
{"level":"info","message":"last process finished, will do another dispatch","timestamp":"2025-02-07 06:40:47"}
{"level":"info","message":"no execution in db queued to process","timestamp":"2025-02-07 06:40:47"}
{"level":"info","message":"(cycling) check for queueing executions","timestamp":"2025-02-07 06:41:55"}
{"level":"info","message":"no execution in db queued to process","timestamp":"2025-02-07 06:41:55"}
{"level":"info","message":"no more events need to be prepared, dispatching...","timestamp":"2025-02-07 06:44:21"}
{"level":"info","message":"last process finished, will do another dispatch","timestamp":"2025-02-07 06:44:21"}
{"level":"info","message":"no execution in db queued to process","timestamp":"2025-02-07 06:44:21"}
{"level":"info","message":"last process finished, will do another dispatch","timestamp":"2025-02-07 06:44:21"}
{"level":"warn","message":"workflow executing is not finished, new dispatching will be ignored","timestamp":"2025-02-07 06:44:21"}
{"level":"info","message":"last process finished, will do another dispatch","timestamp":"2025-02-07 06:44:21"}
{"level":"info","message":"no execution in db queued to process","timestamp":"2025-02-07 06:44:21"}
{"level":"info","message":"(cycling) check for queueing executions","timestamp":"2025-02-07 06:46:55"}
{"level":"info","message":"no execution in db queued to process","timestamp":"2025-02-07 06:46:55"}
{"level":"info","message":"(cycling) check for queueing executions","timestamp":"2025-02-07 06:51:55"}
{"level":"info","message":"no execution in db queued to process","timestamp":"2025-02-07 06:51:55"}
{"level":"info","message":"no more events need to be prepared, dispatching...","timestamp":"2025-02-07 06:55:31"}
{"level":"info","message":"last process finished, will do another dispatch","timestamp":"2025-02-07 06:55:31"}
{"level":"info","message":"no execution in db queued to process","timestamp":"2025-02-07 06:55:31"}
{"level":"info","message":"last process finished, will do another dispatch","timestamp":"2025-02-07 06:55:31"}
{"level":"warn","message":"workflow executing is not finished, new dispatching will be ignored","timestamp":"2025-02-07 06:55:31"}
{"level":"info","message":"last process finished, will do another dispatch","timestamp":"2025-02-07 06:55:31"}
{"level":"info","message":"no execution in db queued to process","timestamp":"2025-02-07 06:55:31"}
{"level":"info","message":"(cycling) check for queueing executions","timestamp":"2025-02-07 06:56:55"}
{"level":"info","message":"no execution in db queued to process","timestamp":"2025-02-07 06:56:55"}
{"level":"info","message":"(cycling) check for queueing executions","timestamp":"2025-02-07 07:01:55"}
{"level":"info","message":"no execution in db queued to process","timestamp":"2025-02-07 07:01:55"}
{"level":"info","message":"(cycling) check for queueing executions","timestamp":"2025-02-07 07:06:55"}
{"level":"info","message":"no execution in db queued to process","timestamp":"2025-02-07 07:06:55"}
{"level":"info","message":"(cycling) check for queueing executions","timestamp":"2025-02-07 07:11:55"}
{"level":"info","message":"no execution in db queued to process","timestamp":"2025-02-07 07:11:55"}
{"level":"info","message":"(cycling) check for queueing executions","timestamp":"2025-02-07 07:16:55"}
{"level":"info","message":"no execution in db queued to process","timestamp":"2025-02-07 07:16:55"}
{"level":"info","message":"(cycling) check for queueing executions","timestamp":"2025-02-07 07:21:55"}
{"level":"info","message":"no execution in db queued to process","timestamp":"2025-02-07 07:21:55"}
{"level":"info","message":"(cycling) check for queueing executions","timestamp":"2025-02-07 07:26:55"}
{"level":"info","message":"no execution in db queued to process","timestamp":"2025-02-07 07:26:55"}
{"level":"info","message":"(cycling) check for queueing executions","timestamp":"2025-02-07 07:31:55"}
{"level":"info","message":"no execution in db queued to process","timestamp":"2025-02-07 07:31:55"}
{"level":"info","message":"(cycling) check for queueing executions","timestamp":"2025-02-07 07:36:55"}
{"level":"info","message":"no execution in db queued to process","timestamp":"2025-02-07 07:36:55"}
{"level":"info","message":"(cycling) check for queueing executions","timestamp":"2025-02-07 07:41:55"}
{"level":"info","message":"no execution in db queued to process","timestamp":"2025-02-07 07:41:55"}
{"level":"info","message":"(cycling) check for queueing executions","timestamp":"2025-02-07 07:46:55"}
{"level":"info","message":"no execution in db queued to process","timestamp":"2025-02-07 07:46:55"}
{"level":"info","message":"(cycling) check for queueing executions","timestamp":"2025-02-07 07:51:54"}
{"level":"info","message":"no execution in db queued to process","timestamp":"2025-02-07 07:51:55"}
{"level":"info","message":"(cycling) check for queueing executions","timestamp":"2025-02-07 07:56:54"}
{"level":"info","message":"no execution in db queued to process","timestamp":"2025-02-07 07:56:55"}
{"level":"info","message":"(cycling) check for queueing executions","timestamp":"2025-02-07 08:01:54"}
{"level":"info","message":"no execution in db queued to process","timestamp":"2025-02-07 08:01:54"}
{"level":"info","message":"(cycling) check for queueing executions","timestamp":"2025-02-07 08:06:54"}
{"level":"info","message":"no execution in db queued to process","timestamp":"2025-02-07 08:06:54"}
{"level":"info","message":"(cycling) check for queueing executions","timestamp":"2025-02-07 08:11:54"}
{"level":"info","message":"no execution in db queued to process","timestamp":"2025-02-07 08:11:54"}
{"level":"info","message":"(cycling) check for queueing executions","timestamp":"2025-02-07 08:16:54"}
{"level":"info","message":"no execution in db queued to process","timestamp":"2025-02-07 08:16:54"}
{"level":"info","message":"(cycling) check for queueing executions","timestamp":"2025-02-07 08:21:54"}
{"level":"info","message":"no execution in db queued to process","timestamp":"2025-02-07 08:21:54"}
{"level":"info","message":"(cycling) check for queueing executions","timestamp":"2025-02-07 08:26:54"}
{"level":"info","message":"no execution in db queued to process","timestamp":"2025-02-07 08:26:54"}
{"level":"info","message":"(cycling) check for queueing executions","timestamp":"2025-02-07 08:31:54"}
{"level":"info","message":"no execution in db queued to process","timestamp":"2025-02-07 08:31:54"}
{"level":"info","message":"(cycling) check for queueing executions","timestamp":"2025-02-07 08:36:54"}
{"level":"info","message":"no execution in db queued to process","timestamp":"2025-02-07 08:36:54"}
{"level":"info","message":"(cycling) check for queueing executions","timestamp":"2025-02-07 08:41:54"}
{"level":"info","message":"no execution in db queued to process","timestamp":"2025-02-07 08:41:54"}
{"level":"info","message":"(cycling) check for queueing executions","timestamp":"2025-02-07 08:46:54"}
{"level":"info","message":"no execution in db queued to process","timestamp":"2025-02-07 08:46:54"}
{"level":"info","message":"(cycling) check for queueing executions","timestamp":"2025-02-07 08:51:54"}
{"level":"info","message":"no execution in db queued to process","timestamp":"2025-02-07 08:51:54"}
{"level":"info","message":"(cycling) check for queueing executions","timestamp":"2025-02-07 08:56:54"}
{"level":"info","message":"no execution in db queued to process","timestamp":"2025-02-07 08:56:54"}
{"level":"info","message":"(cycling) check for queueing executions","timestamp":"2025-02-07 09:01:54"}
{"level":"info","message":"no execution in db queued to process","timestamp":"2025-02-07 09:01:54"}
{"level":"info","message":"(cycling) check for queueing executions","timestamp":"2025-02-07 09:06:54"}
{"level":"info","message":"no execution in db queued to process","timestamp":"2025-02-07 09:06:54"}
{"level":"info","message":"(cycling) check for queueing executions","timestamp":"2025-02-07 09:11:54"}
{"level":"info","message":"no execution in db queued to process","timestamp":"2025-02-07 09:11:54"}
{"level":"info","message":"(cycling) check for queueing executions","timestamp":"2025-02-07 09:16:54"}
{"level":"info","message":"no execution in db queued to process","timestamp":"2025-02-07 09:16:54"}
{"level":"info","message":"(cycling) check for queueing executions","timestamp":"2025-02-07 09:21:54"}
{"level":"info","message":"no execution in db queued to process","timestamp":"2025-02-07 09:21:55"}
{"level":"info","message":"no more events need to be prepared, dispatching...","timestamp":"2025-02-07 09:26:37"}
{"level":"info","message":"last process finished, will do another dispatch","timestamp":"2025-02-07 09:26:37"}
{"level":"info","message":"no execution in db queued to process","timestamp":"2025-02-07 09:26:37"}
{"level":"info","message":"last process finished, will do another dispatch","timestamp":"2025-02-07 09:26:37"}
{"level":"warn","message":"workflow executing is not finished, new dispatching will be ignored","timestamp":"2025-02-07 09:26:37"}
{"level":"info","message":"last process finished, will do another dispatch","timestamp":"2025-02-07 09:26:37"}
{"level":"info","message":"no execution in db queued to process","timestamp":"2025-02-07 09:26:37"}
{"level":"info","message":"(cycling) check for queueing executions","timestamp":"2025-02-07 09:26:54"}
{"level":"info","message":"no execution in db queued to process","timestamp":"2025-02-07 09:26:54"}
{"level":"info","message":"(cycling) check for queueing executions","timestamp":"2025-02-07 09:31:54"}
{"level":"info","message":"no execution in db queued to process","timestamp":"2025-02-07 09:31:54"}
{"level":"info","message":"(cycling) check for queueing executions","timestamp":"2025-02-07 09:36:54"}
{"level":"info","message":"no execution in db queued to process","timestamp":"2025-02-07 09:36:54"}
{"level":"info","message":"(cycling) check for queueing executions","timestamp":"2025-02-07 09:41:54"}
{"level":"info","message":"no execution in db queued to process","timestamp":"2025-02-07 09:41:54"}
{"level":"info","message":"(cycling) check for queueing executions","timestamp":"2025-02-07 09:46:54"}
{"level":"info","message":"no execution in db queued to process","timestamp":"2025-02-07 09:46:54"}
{"level":"info","message":"(cycling) check for queueing executions","timestamp":"2025-02-07 09:51:54"}
{"level":"info","message":"no execution in db queued to process","timestamp":"2025-02-07 09:51:54"}
{"level":"info","message":"(cycling) check for queueing executions","timestamp":"2025-02-07 09:56:54"}
{"level":"info","message":"no execution in db queued to process","timestamp":"2025-02-07 09:56:54"}
{"level":"info","message":"(cycling) check for queueing executions","timestamp":"2025-02-07 10:01:54"}
{"level":"info","message":"no execution in db queued to process","timestamp":"2025-02-07 10:01:54"}
{"level":"info","message":"(cycling) check for queueing executions","timestamp":"2025-02-07 10:06:54"}
{"level":"info","message":"no execution in db queued to process","timestamp":"2025-02-07 10:06:54"}
{"level":"info","message":"(cycling) check for queueing executions","timestamp":"2025-02-07 10:11:54"}
{"level":"info","message":"no execution in db queued to process","timestamp":"2025-02-07 10:11:54"}
{"level":"info","message":"(cycling) check for queueing executions","timestamp":"2025-02-07 10:16:54"}
{"level":"info","message":"no execution in db queued to process","timestamp":"2025-02-07 10:16:54"}
{"level":"info","message":"(cycling) check for queueing executions","timestamp":"2025-02-07 10:21:54"}
{"level":"info","message":"no execution in db queued to process","timestamp":"2025-02-07 10:21:54"}
{"level":"info","message":"(cycling) check for queueing executions","timestamp":"2025-02-07 10:26:54"}
{"level":"info","message":"no execution in db queued to process","timestamp":"2025-02-07 10:26:54"}
{"level":"info","message":"(cycling) check for queueing executions","timestamp":"2025-02-07 10:31:54"}
{"level":"info","message":"no execution in db queued to process","timestamp":"2025-02-07 10:31:54"}
{"level":"info","message":"(cycling) check for queueing executions","timestamp":"2025-02-07 10:36:54"}
{"level":"info","message":"no execution in db queued to process","timestamp":"2025-02-07 10:36:54"}
{"level":"info","message":"(cycling) check for queueing executions","timestamp":"2025-02-07 10:41:54"}
{"level":"info","message":"no execution in db queued to process","timestamp":"2025-02-07 10:41:54"}
{"level":"info","message":"(cycling) check for queueing executions","timestamp":"2025-02-07 10:46:54"}
{"level":"info","message":"no execution in db queued to process","timestamp":"2025-02-07 10:46:54"}
{"level":"info","message":"(cycling) check for queueing executions","timestamp":"2025-02-07 10:51:54"}
{"level":"info","message":"no execution in db queued to process","timestamp":"2025-02-07 10:51:54"}
{"level":"info","message":"(cycling) check for queueing executions","timestamp":"2025-02-07 10:56:54"}
{"level":"info","message":"no execution in db queued to process","timestamp":"2025-02-07 10:56:54"}
{"level":"info","message":"(cycling) check for queueing executions","timestamp":"2025-02-07 11:01:54"}
{"level":"info","message":"no execution in db queued to process","timestamp":"2025-02-07 11:01:54"}
{"level":"info","message":"(cycling) check for queueing executions","timestamp":"2025-02-07 11:06:54"}
{"level":"info","message":"no execution in db queued to process","timestamp":"2025-02-07 11:06:54"}
{"level":"info","message":"(cycling) check for queueing executions","timestamp":"2025-02-07 11:11:54"}
{"level":"info","message":"no execution in db queued to process","timestamp":"2025-02-07 11:11:55"}
{"level":"info","message":"(cycling) check for queueing executions","timestamp":"2025-02-07 11:16:54"}
{"level":"info","message":"no execution in db queued to process","timestamp":"2025-02-07 11:16:55"}
{"level":"info","message":"(cycling) check for queueing executions","timestamp":"2025-02-07 11:21:54"}
{"level":"info","message":"no execution in db queued to process","timestamp":"2025-02-07 11:21:54"}
{"level":"info","message":"(cycling) check for queueing executions","timestamp":"2025-02-07 11:26:54"}
{"level":"info","message":"no execution in db queued to process","timestamp":"2025-02-07 11:26:54"}
{"level":"info","message":"(cycling) check for queueing executions","timestamp":"2025-02-07 11:31:53"}
{"level":"info","message":"no execution in db queued to process","timestamp":"2025-02-07 11:31:54"}
{"level":"info","message":"(cycling) check for queueing executions","timestamp":"2025-02-07 11:36:54"}
{"level":"info","message":"no execution in db queued to process","timestamp":"2025-02-07 11:36:54"}
{"level":"info","message":"(cycling) check for queueing executions","timestamp":"2025-02-07 11:41:53"}
{"level":"info","message":"no execution in db queued to process","timestamp":"2025-02-07 11:41:54"}
{"level":"info","message":"(cycling) check for queueing executions","timestamp":"2025-02-07 11:46:53"}
{"level":"info","message":"no execution in db queued to process","timestamp":"2025-02-07 11:46:55"}
{"level":"info","message":"(cycling) check for queueing executions","timestamp":"2025-02-07 11:51:53"}
{"level":"info","message":"no execution in db queued to process","timestamp":"2025-02-07 11:51:54"}
{"level":"info","message":"(cycling) check for queueing executions","timestamp":"2025-02-07 11:56:53"}
{"level":"info","message":"no execution in db queued to process","timestamp":"2025-02-07 11:56:54"}
{"level":"info","message":"(cycling) check for queueing executions","timestamp":"2025-02-07 12:01:53"}
{"level":"info","message":"no execution in db queued to process","timestamp":"2025-02-07 12:01:54"}
{"level":"info","message":"(cycling) check for queueing executions","timestamp":"2025-02-07 12:06:53"}
{"level":"info","message":"no execution in db queued to process","timestamp":"2025-02-07 12:06:53"}
{"level":"info","message":"(cycling) check for queueing executions","timestamp":"2025-02-07 12:11:53"}
{"level":"info","message":"no execution in db queued to process","timestamp":"2025-02-07 12:11:54"}
{"level":"info","message":"(cycling) check for queueing executions","timestamp":"2025-02-07 12:16:53"}
{"level":"info","message":"no execution in db queued to process","timestamp":"2025-02-07 12:16:54"}
{"level":"info","message":"(cycling) check for queueing executions","timestamp":"2025-02-07 12:21:53"}
{"level":"info","message":"no execution in db queued to process","timestamp":"2025-02-07 12:21:54"}
{"level":"info","message":"(cycling) check for queueing executions","timestamp":"2025-02-07 12:26:53"}
{"level":"info","message":"no execution in db queued to process","timestamp":"2025-02-07 12:26:54"}
{"level":"info","message":"(cycling) check for queueing executions","timestamp":"2025-02-07 12:31:53"}
{"level":"info","message":"no execution in db queued to process","timestamp":"2025-02-07 12:31:53"}
{"level":"info","message":"(cycling) check for queueing executions","timestamp":"2025-02-07 12:36:53"}
{"level":"info","message":"no execution in db queued to process","timestamp":"2025-02-07 12:36:53"}
{"level":"info","message":"(cycling) check for queueing executions","timestamp":"2025-02-07 12:41:53"}
{"level":"info","message":"no execution in db queued to process","timestamp":"2025-02-07 12:41:53"}
{"level":"info","message":"(cycling) check for queueing executions","timestamp":"2025-02-07 12:46:53"}
{"level":"info","message":"no execution in db queued to process","timestamp":"2025-02-07 12:46:53"}
{"level":"info","message":"(cycling) check for queueing executions","timestamp":"2025-02-07 12:51:53"}
{"level":"info","message":"no execution in db queued to process","timestamp":"2025-02-07 12:51:53"}
{"level":"info","message":"(cycling) check for queueing executions","timestamp":"2025-02-07 12:56:53"}
{"level":"info","message":"no execution in db queued to process","timestamp":"2025-02-07 12:56:53"}
{"level":"info","message":"(cycling) check for queueing executions","timestamp":"2025-02-07 13:01:53"}
{"level":"info","message":"no execution in db queued to process","timestamp":"2025-02-07 13:01:53"}
{"level":"info","message":"(cycling) check for queueing executions","timestamp":"2025-02-07 13:06:53"}
{"level":"info","message":"no execution in db queued to process","timestamp":"2025-02-07 13:06:53"}
{"level":"info","message":"(cycling) check for queueing executions","timestamp":"2025-02-07 13:11:53"}
{"level":"info","message":"no execution in db queued to process","timestamp":"2025-02-07 13:11:53"}
{"level":"info","message":"(cycling) check for queueing executions","timestamp":"2025-02-07 13:16:53"}
{"level":"info","message":"no execution in db queued to process","timestamp":"2025-02-07 13:16:53"}
{"level":"info","message":"(cycling) check for queueing executions","timestamp":"2025-02-07 13:21:53"}
{"level":"info","message":"no execution in db queued to process","timestamp":"2025-02-07 13:21:53"}
{"level":"info","message":"(cycling) check for queueing executions","timestamp":"2025-02-07 13:26:53"}
{"level":"info","message":"no execution in db queued to process","timestamp":"2025-02-07 13:26:53"}
{"level":"info","message":"(cycling) check for queueing executions","timestamp":"2025-02-07 13:31:53"}
{"level":"info","message":"no execution in db queued to process","timestamp":"2025-02-07 13:31:53"}
{"level":"info","message":"(cycling) check for queueing executions","timestamp":"2025-02-07 13:36:53"}
{"level":"info","message":"no execution in db queued to process","timestamp":"2025-02-07 13:36:53"}
{"level":"info","message":"(cycling) check for queueing executions","timestamp":"2025-02-07 13:41:53"}
{"level":"info","message":"no execution in db queued to process","timestamp":"2025-02-07 13:41:53"}
{"level":"info","message":"(cycling) check for queueing executions","timestamp":"2025-02-07 13:46:53"}
{"level":"info","message":"no execution in db queued to process","timestamp":"2025-02-07 13:46:53"}
{"level":"info","message":"(cycling) check for queueing executions","timestamp":"2025-02-07 13:51:53"}
{"level":"info","message":"no execution in db queued to process","timestamp":"2025-02-07 13:51:53"}
{"level":"info","message":"(cycling) check for queueing executions","timestamp":"2025-02-07 13:56:53"}
{"level":"info","message":"no execution in db queued to process","timestamp":"2025-02-07 13:56:53"}
{"level":"info","message":"(cycling) check for queueing executions","timestamp":"2025-02-07 14:01:53"}
{"level":"info","message":"no execution in db queued to process","timestamp":"2025-02-07 14:01:53"}
{"level":"info","message":"(cycling) check for queueing executions","timestamp":"2025-02-07 14:06:53"}
{"level":"info","message":"no execution in db queued to process","timestamp":"2025-02-07 14:06:53"}
{"level":"info","message":"(cycling) check for queueing executions","timestamp":"2025-02-07 14:11:53"}
{"level":"info","message":"no execution in db queued to process","timestamp":"2025-02-07 14:11:53"}
{"level":"info","message":"(cycling) check for queueing executions","timestamp":"2025-02-07 14:16:53"}
{"level":"info","message":"no execution in db queued to process","timestamp":"2025-02-07 14:16:53"}
{"level":"info","message":"(cycling) check for queueing executions","timestamp":"2025-02-07 14:21:52"}
{"level":"info","message":"no execution in db queued to process","timestamp":"2025-02-07 14:21:53"}
{"level":"info","message":"(cycling) check for queueing executions","timestamp":"2025-02-07 14:26:52"}
{"level":"info","message":"no execution in db queued to process","timestamp":"2025-02-07 14:26:53"}
{"level":"info","message":"(cycling) check for queueing executions","timestamp":"2025-02-07 14:31:52"}
{"level":"info","message":"no execution in db queued to process","timestamp":"2025-02-07 14:31:53"}
{"level":"info","message":"(cycling) check for queueing executions","timestamp":"2025-02-07 14:36:52"}
{"level":"info","message":"no execution in db queued to process","timestamp":"2025-02-07 14:36:53"}
{"level":"info","message":"(cycling) check for queueing executions","timestamp":"2025-02-07 14:41:52"}
{"level":"info","message":"no execution in db queued to process","timestamp":"2025-02-07 14:41:52"}
{"level":"info","message":"(cycling) check for queueing executions","timestamp":"2025-02-07 14:46:52"}
{"level":"info","message":"no execution in db queued to process","timestamp":"2025-02-07 14:46:52"}
{"level":"info","message":"(cycling) check for queueing executions","timestamp":"2025-02-07 14:51:52"}
{"level":"info","message":"no execution in db queued to process","timestamp":"2025-02-07 14:51:53"}
{"level":"info","message":"(cycling) check for queueing executions","timestamp":"2025-02-07 14:56:52"}
{"level":"info","message":"no execution in db queued to process","timestamp":"2025-02-07 14:56:53"}
{"level":"info","message":"(cycling) check for queueing executions","timestamp":"2025-02-07 15:01:52"}
{"level":"info","message":"no execution in db queued to process","timestamp":"2025-02-07 15:01:53"}
{"level":"info","message":"(cycling) check for queueing executions","timestamp":"2025-02-07 15:06:52"}
{"level":"info","message":"no execution in db queued to process","timestamp":"2025-02-07 15:06:52"}
{"level":"info","message":"(cycling) check for queueing executions","timestamp":"2025-02-07 15:11:52"}
{"level":"info","message":"no execution in db queued to process","timestamp":"2025-02-07 15:11:52"}
{"level":"info","message":"(cycling) check for queueing executions","timestamp":"2025-02-07 15:16:52"}
{"level":"info","message":"no execution in db queued to process","timestamp":"2025-02-07 15:16:52"}
{"level":"info","message":"(cycling) check for queueing executions","timestamp":"2025-02-07 15:21:52"}
{"level":"info","message":"no execution in db queued to process","timestamp":"2025-02-07 15:21:52"}
{"level":"info","message":"(cycling) check for queueing executions","timestamp":"2025-02-07 15:26:52"}
{"level":"info","message":"no execution in db queued to process","timestamp":"2025-02-07 15:26:52"}
{"level":"info","message":"(cycling) check for queueing executions","timestamp":"2025-02-07 15:31:52"}
{"level":"info","message":"no execution in db queued to process","timestamp":"2025-02-07 15:31:53"}
{"level":"info","message":"(cycling) check for queueing executions","timestamp":"2025-02-07 15:36:52"}
{"level":"info","message":"no execution in db queued to process","timestamp":"2025-02-07 15:36:52"}
{"level":"info","message":"(cycling) check for queueing executions","timestamp":"2025-02-07 15:41:52"}
{"level":"info","message":"no execution in db queued to process","timestamp":"2025-02-07 15:41:52"}
{"level":"info","message":"(cycling) check for queueing executions","timestamp":"2025-02-07 15:46:52"}
{"level":"info","message":"no execution in db queued to process","timestamp":"2025-02-07 15:46:52"}
{"level":"info","message":"(cycling) check for queueing executions","timestamp":"2025-02-07 15:51:52"}
{"level":"info","message":"no execution in db queued to process","timestamp":"2025-02-07 15:51:52"}
{"level":"info","message":"(cycling) check for queueing executions","timestamp":"2025-02-07 15:56:52"}
{"level":"info","message":"no execution in db queued to process","timestamp":"2025-02-07 15:56:52"}
{"level":"info","message":"(cycling) check for queueing executions","timestamp":"2025-02-07 16:01:52"}
{"level":"info","message":"no execution in db queued to process","timestamp":"2025-02-07 16:01:52"}
{"level":"info","message":"(cycling) check for queueing executions","timestamp":"2025-02-07 16:06:52"}
{"level":"info","message":"no execution in db queued to process","timestamp":"2025-02-07 16:06:52"}
{"level":"info","message":"(cycling) check for queueing executions","timestamp":"2025-02-07 16:11:52"}
{"level":"info","message":"no execution in db queued to process","timestamp":"2025-02-07 16:11:52"}
{"level":"info","message":"(cycling) check for queueing executions","timestamp":"2025-02-07 16:16:52"}
{"level":"info","message":"no execution in db queued to process","timestamp":"2025-02-07 16:16:52"}
{"level":"info","message":"(cycling) check for queueing executions","timestamp":"2025-02-07 16:21:52"}
{"level":"info","message":"no execution in db queued to process","timestamp":"2025-02-07 16:21:52"}
{"level":"info","message":"(cycling) check for queueing executions","timestamp":"2025-02-07 16:26:52"}
{"level":"info","message":"no execution in db queued to process","timestamp":"2025-02-07 16:26:52"}
{"level":"info","message":"(cycling) check for queueing executions","timestamp":"2025-02-07 16:31:52"}
{"level":"info","message":"no execution in db queued to process","timestamp":"2025-02-07 16:31:52"}
{"level":"info","message":"(cycling) check for queueing executions","timestamp":"2025-02-07 16:36:52"}
{"level":"info","message":"no execution in db queued to process","timestamp":"2025-02-07 16:36:53"}
{"level":"info","message":"(cycling) check for queueing executions","timestamp":"2025-02-07 16:41:52"}
{"level":"info","message":"no execution in db queued to process","timestamp":"2025-02-07 16:41:52"}
{"level":"info","message":"(cycling) check for queueing executions","timestamp":"2025-02-07 16:46:52"}
{"level":"info","message":"no execution in db queued to process","timestamp":"2025-02-07 16:46:52"}
{"level":"info","message":"(cycling) check for queueing executions","timestamp":"2025-02-07 16:51:52"}
{"level":"info","message":"no execution in db queued to process","timestamp":"2025-02-07 16:51:52"}
{"level":"info","message":"(cycling) check for queueing executions","timestamp":"2025-02-07 16:56:52"}
{"level":"info","message":"no execution in db queued to process","timestamp":"2025-02-07 16:56:52"}
{"level":"info","message":"(cycling) check for queueing executions","timestamp":"2025-02-07 17:01:52"}
{"level":"info","message":"no execution in db queued to process","timestamp":"2025-02-07 17:01:52"}
{"level":"info","message":"(cycling) check for queueing executions","timestamp":"2025-02-07 17:06:52"}
{"level":"info","message":"no execution in db queued to process","timestamp":"2025-02-07 17:06:53"}
{"level":"info","message":"(cycling) check for queueing executions","timestamp":"2025-02-07 17:11:51"}
{"level":"info","message":"no execution in db queued to process","timestamp":"2025-02-07 17:11:52"}
{"level":"info","message":"(cycling) check for queueing executions","timestamp":"2025-02-07 17:16:51"}
{"level":"info","message":"no execution in db queued to process","timestamp":"2025-02-07 17:16:52"}
{"level":"info","message":"(cycling) check for queueing executions","timestamp":"2025-02-07 17:21:51"}
{"level":"info","message":"no execution in db queued to process","timestamp":"2025-02-07 17:21:52"}
{"level":"info","message":"(cycling) check for queueing executions","timestamp":"2025-02-07 17:26:51"}
{"level":"info","message":"no execution in db queued to process","timestamp":"2025-02-07 17:26:52"}
{"level":"info","message":"(cycling) check for queueing executions","timestamp":"2025-02-07 17:31:51"}
{"level":"info","message":"no execution in db queued to process","timestamp":"2025-02-07 17:31:53"}
{"level":"info","message":"(cycling) check for queueing executions","timestamp":"2025-02-07 17:36:51"}
{"level":"info","message":"no execution in db queued to process","timestamp":"2025-02-07 17:36:52"}
{"level":"info","message":"(cycling) check for queueing executions","timestamp":"2025-02-07 17:41:51"}
{"level":"info","message":"no execution in db queued to process","timestamp":"2025-02-07 17:41:52"}
{"level":"info","message":"(cycling) check for queueing executions","timestamp":"2025-02-07 17:46:51"}
{"level":"info","message":"no execution in db queued to process","timestamp":"2025-02-07 17:46:52"}
{"level":"info","message":"(cycling) check for queueing executions","timestamp":"2025-02-07 17:51:51"}
{"level":"info","message":"no execution in db queued to process","timestamp":"2025-02-07 17:51:52"}
{"level":"info","message":"(cycling) check for queueing executions","timestamp":"2025-02-07 17:56:51"}
{"level":"info","message":"no execution in db queued to process","timestamp":"2025-02-07 17:56:52"}
{"level":"info","message":"(cycling) check for queueing executions","timestamp":"2025-02-07 18:01:51"}
{"level":"info","message":"no execution in db queued to process","timestamp":"2025-02-07 18:01:51"}
{"level":"info","message":"(cycling) check for queueing executions","timestamp":"2025-02-07 18:06:51"}
{"level":"info","message":"no execution in db queued to process","timestamp":"2025-02-07 18:06:52"}
{"level":"info","message":"(cycling) check for queueing executions","timestamp":"2025-02-07 18:11:51"}
{"level":"info","message":"no execution in db queued to process","timestamp":"2025-02-07 18:11:51"}
{"level":"info","message":"(cycling) check for queueing executions","timestamp":"2025-02-07 18:16:51"}
{"level":"info","message":"no execution in db queued to process","timestamp":"2025-02-07 18:16:51"}
{"level":"info","message":"(cycling) check for queueing executions","timestamp":"2025-02-07 18:21:51"}
{"level":"info","message":"no execution in db queued to process","timestamp":"2025-02-07 18:21:52"}
