{"level":"info","message":"new event triggered, now events: 1","timestamp":"2025-02-13 06:22:17"}
{"level":"info","message":"preparing execution for event","timestamp":"2025-02-13 06:22:17"}
{"level":"info","message":"execution of workflow 11 created as 13","timestamp":"2025-02-13 06:22:17"}
{"level":"info","message":"pending execution (13) ready to process","timestamp":"2025-02-13 06:22:17"}
{"level":"info","message":"queueing execution (13) from pending list updated to started","timestamp":"2025-02-13 06:22:17"}
{"level":"info","message":"execution (13) starting...","timestamp":"2025-02-13 06:22:17"}
{"level":"info","message":"execution (13) run instruction [request] for node (45)","timestamp":"2025-02-13 06:22:17"}
{"level":"info","message":"request (#45) sent to \"http://localhost:3000/api/repo/validate\", waiting for response...","timestamp":"2025-02-13 06:22:17"}
{"level":"info","message":"execution (13) exiting with status 0","timestamp":"2025-02-13 06:22:17"}
{"level":"info","execution":{"id":13,"context":{"data":{"createdAt":"2025-02-13T06:22:16.944Z","updatedAt":"2025-02-13T06:22:17.085Z","id":9,"repo_name":"dev-utaa","repo_roken":"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","organization_name":"belsterns","host":"github","workspace_id":37,"updatedById":1,"createdById":1,"host_domain":null,"webhook":null},"user":{"createdAt":"2025-02-03T07:06:39.365Z","updatedAt":"2025-02-12T16:40:15.024Z","systemSettings":{"themeId":1},"id":1,"nickname":"Super Admin","username":"nocobase","email":"admin@nocobase.com","phone":null,"passwordChangeTz":null,"appLang":null,"user_ids":null,"createdById":null},"roleName":"root"},"key":"3pwrk7xtkfq","eventKey":"438120dc-7080-4c07-896d-fc504a58d33b","status":0,"workflowId":11,"updatedAt":"2025-02-13T06:22:17.409Z","createdAt":"2025-02-13T06:22:17.320Z"},"message":"execution (13) finished with status: 0","timestamp":"2025-02-13 06:22:17"}
{"level":"error","message":"request (#45) failed without resposne: connect ECONNREFUSED 127.0.0.1:3000","timestamp":"2025-02-13 06:22:17"}
{"level":"info","message":"execution (13) resuming from job (15) added to pending list","timestamp":"2025-02-13 06:22:17"}
{"level":"info","message":"pending execution (13) ready to process","timestamp":"2025-02-13 06:22:17"}
{"level":"info","message":"execution (13) resuming...","timestamp":"2025-02-13 06:22:17"}
{"level":"info","message":"execution (13) run instruction [request] for node (45)","timestamp":"2025-02-13 06:22:17"}
{"level":"info","message":"execution (13) run instruction [request] for node (45) finished as status: -1","timestamp":"2025-02-13 06:22:17"}
{"level":"info","message":"execution (13) exiting with status -1","timestamp":"2025-02-13 06:22:17"}
{"level":"info","execution":{"id":13,"context":{"data":{"createdAt":"2025-02-13T06:22:16.944Z","updatedAt":"2025-02-13T06:22:17.085Z","id":9,"repo_name":"dev-utaa","repo_roken":"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","organization_name":"belsterns","host":"github","workspace_id":37,"updatedById":1,"createdById":1,"host_domain":null,"webhook":null},"user":{"createdAt":"2025-02-03T07:06:39.365Z","updatedAt":"2025-02-12T16:40:15.024Z","systemSettings":{"themeId":1},"id":1,"nickname":"Super Admin","username":"nocobase","email":"admin@nocobase.com","phone":null,"passwordChangeTz":null,"appLang":null,"user_ids":null,"createdById":null},"roleName":"root"},"key":"3pwrk7xtkfq","eventKey":"438120dc-7080-4c07-896d-fc504a58d33b","status":-1,"workflowId":11,"updatedAt":"2025-02-13T06:22:17.669Z","createdAt":"2025-02-13T06:22:17.320Z"},"message":"execution (13) finished with status: -1","timestamp":"2025-02-13 06:22:17"}
{"level":"info","message":"new event triggered, now events: 1","timestamp":"2025-02-13 06:25:15"}
{"level":"info","message":"preparing execution for event","timestamp":"2025-02-13 06:25:15"}
{"level":"info","message":"execution of workflow 11 created as 14","timestamp":"2025-02-13 06:25:15"}
{"level":"info","message":"pending execution (14) ready to process","timestamp":"2025-02-13 06:25:15"}
{"level":"info","message":"queueing execution (14) from pending list updated to started","timestamp":"2025-02-13 06:25:15"}
{"level":"info","message":"execution (14) starting...","timestamp":"2025-02-13 06:25:15"}
{"level":"info","message":"execution (14) run instruction [request] for node (45)","timestamp":"2025-02-13 06:25:15"}
{"level":"info","message":"request (#45) sent to \"http://localhost:3000/api/repo/validate\", waiting for response...","timestamp":"2025-02-13 06:25:15"}
{"level":"info","message":"execution (14) exiting with status 0","timestamp":"2025-02-13 06:25:15"}
{"level":"info","execution":{"id":14,"context":{"data":{"createdAt":"2025-02-13T06:22:16.944Z","updatedAt":"2025-02-13T06:25:15.338Z","workspace_id":37,"repo_roken":"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","organization_name":"belsterns","host_domain":"api.github.com","webhook":null,"id":9,"host":"github","repo_name":"dev-utaa","updatedById":1,"createdById":1},"user":{"createdAt":"2025-02-03T07:06:39.365Z","updatedAt":"2025-02-12T16:40:15.024Z","systemSettings":{"themeId":1},"id":1,"nickname":"Super Admin","username":"nocobase","email":"admin@nocobase.com","phone":null,"passwordChangeTz":null,"appLang":null,"user_ids":null,"createdById":null},"roleName":"root"},"key":"3pwrk7xtkfq","eventKey":"9dfb580f-02c3-48b8-a5ba-060e1cf6ae7d","status":0,"workflowId":11,"updatedAt":"2025-02-13T06:25:15.455Z","createdAt":"2025-02-13T06:25:15.400Z"},"message":"execution (14) finished with status: 0","timestamp":"2025-02-13 06:25:15"}
{"level":"error","message":"request (#45) failed without resposne: connect ECONNREFUSED 127.0.0.1:3000","timestamp":"2025-02-13 06:25:15"}
{"level":"info","message":"execution (14) resuming from job (16) added to pending list","timestamp":"2025-02-13 06:25:15"}
{"level":"info","message":"pending execution (14) ready to process","timestamp":"2025-02-13 06:25:15"}
{"level":"info","message":"execution (14) resuming...","timestamp":"2025-02-13 06:25:15"}
{"level":"info","message":"execution (14) run instruction [request] for node (45)","timestamp":"2025-02-13 06:25:15"}
{"level":"info","message":"execution (14) run instruction [request] for node (45) finished as status: -1","timestamp":"2025-02-13 06:25:15"}
{"level":"info","message":"execution (14) exiting with status -1","timestamp":"2025-02-13 06:25:15"}
{"level":"info","execution":{"id":14,"context":{"data":{"createdAt":"2025-02-13T06:22:16.944Z","updatedAt":"2025-02-13T06:25:15.338Z","workspace_id":37,"repo_roken":"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","organization_name":"belsterns","host_domain":"api.github.com","webhook":null,"id":9,"host":"github","repo_name":"dev-utaa","updatedById":1,"createdById":1},"user":{"createdAt":"2025-02-03T07:06:39.365Z","updatedAt":"2025-02-12T16:40:15.024Z","systemSettings":{"themeId":1},"id":1,"nickname":"Super Admin","username":"nocobase","email":"admin@nocobase.com","phone":null,"passwordChangeTz":null,"appLang":null,"user_ids":null,"createdById":null},"roleName":"root"},"key":"3pwrk7xtkfq","eventKey":"9dfb580f-02c3-48b8-a5ba-060e1cf6ae7d","status":-1,"workflowId":11,"updatedAt":"2025-02-13T06:25:15.794Z","createdAt":"2025-02-13T06:25:15.400Z"},"message":"execution (14) finished with status: -1","timestamp":"2025-02-13 06:25:15"}
{"level":"info","message":"new event triggered, now events: 1","timestamp":"2025-02-13 06:25:29"}
{"level":"info","message":"preparing execution for event","timestamp":"2025-02-13 06:25:29"}
{"level":"info","message":"execution of workflow 11 created as 15","timestamp":"2025-02-13 06:25:29"}
{"level":"info","message":"pending execution (15) ready to process","timestamp":"2025-02-13 06:25:29"}
{"level":"info","message":"queueing execution (15) from pending list updated to started","timestamp":"2025-02-13 06:25:29"}
{"level":"info","message":"execution (15) starting...","timestamp":"2025-02-13 06:25:29"}
{"level":"info","message":"execution (15) run instruction [request] for node (45)","timestamp":"2025-02-13 06:25:29"}
{"level":"info","message":"request (#45) sent to \"http://localhost:3000/api/repo/validate\", waiting for response...","timestamp":"2025-02-13 06:25:29"}
{"level":"info","message":"execution (15) exiting with status 0","timestamp":"2025-02-13 06:25:29"}
{"level":"info","execution":{"id":15,"context":{"data":{"createdAt":"2025-02-13T06:22:16.944Z","updatedAt":"2025-02-13T06:25:29.359Z","workspace_id":37,"repo_roken":"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","organization_name":"belsterns","host_domain":"https://api.github.com","webhook":null,"id":9,"host":"github","repo_name":"dev-utaa","updatedById":1,"createdById":1},"user":{"createdAt":"2025-02-03T07:06:39.365Z","updatedAt":"2025-02-12T16:40:15.024Z","systemSettings":{"themeId":1},"id":1,"nickname":"Super Admin","username":"nocobase","email":"admin@nocobase.com","phone":null,"passwordChangeTz":null,"appLang":null,"user_ids":null,"createdById":null},"roleName":"root"},"key":"3pwrk7xtkfq","eventKey":"9ea60932-609f-490b-b1cd-ab79b7c4ba09","status":0,"workflowId":11,"updatedAt":"2025-02-13T06:25:29.426Z","createdAt":"2025-02-13T06:25:29.378Z"},"message":"execution (15) finished with status: 0","timestamp":"2025-02-13 06:25:29"}
{"level":"error","message":"request (#45) failed without resposne: connect ECONNREFUSED 127.0.0.1:3000","timestamp":"2025-02-13 06:25:29"}
{"level":"info","message":"execution (15) resuming from job (17) added to pending list","timestamp":"2025-02-13 06:25:29"}
{"level":"info","message":"pending execution (15) ready to process","timestamp":"2025-02-13 06:25:29"}
{"level":"info","message":"execution (15) resuming...","timestamp":"2025-02-13 06:25:29"}
{"level":"info","message":"execution (15) run instruction [request] for node (45)","timestamp":"2025-02-13 06:25:29"}
{"level":"info","message":"execution (15) run instruction [request] for node (45) finished as status: -1","timestamp":"2025-02-13 06:25:29"}
{"level":"info","message":"execution (15) exiting with status -1","timestamp":"2025-02-13 06:25:29"}
{"level":"info","execution":{"id":15,"context":{"data":{"createdAt":"2025-02-13T06:22:16.944Z","updatedAt":"2025-02-13T06:25:29.359Z","workspace_id":37,"repo_roken":"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","organization_name":"belsterns","host_domain":"https://api.github.com","webhook":null,"id":9,"host":"github","repo_name":"dev-utaa","updatedById":1,"createdById":1},"user":{"createdAt":"2025-02-03T07:06:39.365Z","updatedAt":"2025-02-12T16:40:15.024Z","systemSettings":{"themeId":1},"id":1,"nickname":"Super Admin","username":"nocobase","email":"admin@nocobase.com","phone":null,"passwordChangeTz":null,"appLang":null,"user_ids":null,"createdById":null},"roleName":"root"},"key":"3pwrk7xtkfq","eventKey":"9ea60932-609f-490b-b1cd-ab79b7c4ba09","status":-1,"workflowId":11,"updatedAt":"2025-02-13T06:25:29.636Z","createdAt":"2025-02-13T06:25:29.378Z"},"message":"execution (15) finished with status: -1","timestamp":"2025-02-13 06:25:29"}
{"level":"info","message":"new event triggered, now events: 1","timestamp":"2025-02-13 06:27:29"}
{"level":"info","message":"preparing execution for event","timestamp":"2025-02-13 06:27:29"}
{"level":"info","message":"execution of workflow 11 created as 16","timestamp":"2025-02-13 06:27:29"}
{"level":"info","message":"pending execution (16) ready to process","timestamp":"2025-02-13 06:27:29"}
{"level":"info","message":"queueing execution (16) from pending list updated to started","timestamp":"2025-02-13 06:27:29"}
{"level":"info","message":"execution (16) starting...","timestamp":"2025-02-13 06:27:29"}
{"level":"info","message":"execution (16) run instruction [request] for node (45)","timestamp":"2025-02-13 06:27:30"}
{"level":"info","message":"request (#45) sent to \"http://localhost:3000/api/repo/validate\", waiting for response...","timestamp":"2025-02-13 06:27:30"}
{"level":"info","message":"execution (16) exiting with status 0","timestamp":"2025-02-13 06:27:30"}
{"level":"info","execution":{"id":16,"context":{"data":{"createdAt":"2025-02-13T06:22:16.944Z","updatedAt":"2025-02-13T06:27:29.851Z","workspace_id":37,"repo_roken":"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","organization_name":"belsterns","host_domain":"https://api.github.com","webhook":null,"id":9,"host":"github","repo_name":"dev-utaa","updatedById":1,"createdById":1},"user":{"createdAt":"2025-02-03T07:06:39.365Z","updatedAt":"2025-02-12T16:40:15.024Z","systemSettings":{"themeId":1},"id":1,"nickname":"Super Admin","username":"nocobase","email":"admin@nocobase.com","phone":null,"passwordChangeTz":null,"appLang":null,"user_ids":null,"createdById":null},"roleName":"root"},"key":"3pwrk7xtkfq","eventKey":"787a09dd-4be5-4e0c-9416-811e146c50bf","status":0,"workflowId":11,"updatedAt":"2025-02-13T06:27:29.992Z","createdAt":"2025-02-13T06:27:29.926Z"},"message":"execution (16) finished with status: 0","timestamp":"2025-02-13 06:27:30"}
{"level":"error","message":"request (#45) failed without resposne: connect ECONNREFUSED 127.0.0.1:3000","timestamp":"2025-02-13 06:27:30"}
{"level":"info","message":"execution (16) resuming from job (18) added to pending list","timestamp":"2025-02-13 06:27:30"}
{"level":"info","message":"pending execution (16) ready to process","timestamp":"2025-02-13 06:27:30"}
{"level":"info","message":"execution (16) resuming...","timestamp":"2025-02-13 06:27:30"}
{"level":"info","message":"execution (16) run instruction [request] for node (45)","timestamp":"2025-02-13 06:27:30"}
{"level":"info","message":"execution (16) run instruction [request] for node (45) finished as status: -1","timestamp":"2025-02-13 06:27:30"}
{"level":"info","message":"execution (16) exiting with status -1","timestamp":"2025-02-13 06:27:30"}
{"level":"info","execution":{"id":16,"context":{"data":{"createdAt":"2025-02-13T06:22:16.944Z","updatedAt":"2025-02-13T06:27:29.851Z","workspace_id":37,"repo_roken":"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","organization_name":"belsterns","host_domain":"https://api.github.com","webhook":null,"id":9,"host":"github","repo_name":"dev-utaa","updatedById":1,"createdById":1},"user":{"createdAt":"2025-02-03T07:06:39.365Z","updatedAt":"2025-02-12T16:40:15.024Z","systemSettings":{"themeId":1},"id":1,"nickname":"Super Admin","username":"nocobase","email":"admin@nocobase.com","phone":null,"passwordChangeTz":null,"appLang":null,"user_ids":null,"createdById":null},"roleName":"root"},"key":"3pwrk7xtkfq","eventKey":"787a09dd-4be5-4e0c-9416-811e146c50bf","status":-1,"workflowId":11,"updatedAt":"2025-02-13T06:27:30.145Z","createdAt":"2025-02-13T06:27:29.926Z"},"message":"execution (16) finished with status: -1","timestamp":"2025-02-13 06:27:30"}
