{"level":"info","message":"new event triggered, now events: 1","timestamp":"2025-02-17 05:10:56"}
{"level":"info","message":"preparing execution for event","timestamp":"2025-02-17 05:10:56"}
{"level":"info","message":"execution of workflow 35 created as 169","timestamp":"2025-02-17 05:10:56"}
{"level":"info","message":"pending execution (169) ready to process","timestamp":"2025-02-17 05:10:56"}
{"level":"info","message":"queueing execution (169) from pending list updated to started","timestamp":"2025-02-17 05:10:56"}
{"level":"info","message":"execution (169) starting...","timestamp":"2025-02-17 05:10:56"}
{"level":"info","message":"execution (169) run instruction [notification] for node (261)","timestamp":"2025-02-17 05:10:57"}
{"level":"info","message":"notification (#261) sent, waiting for response...","timestamp":"2025-02-17 05:10:57"}
{"level":"info","message":"execution (169) exiting with status 0","timestamp":"2025-02-17 05:10:57"}
{"level":"info","message":"execution (169) exiting with status 0","timestamp":"2025-02-17 05:10:57"}
{"level":"info","execution":{"id":169,"context":{"data":{"createdAt":"2025-02-15T13:08:27.240Z","updatedAt":"2025-02-15T13:08:48.224Z","workspace_id":37,"repo_roken":"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","organization_name":null,"host_domain":null,"webhook":" https://a1ab-103-130-204-185.ngrok-free.app/api/webhook/d5841dfb-e519-406c-960f-a4186bea61ae","id":52,"host":"github","repo_name":"demo-repo","repository_url":"https://github.com/sanjeevraj-belsterns/demo-repository","updatedById":1,"createdById":1,"is_initialized":"true","branch":null},"user":{"createdAt":"2025-02-03T07:06:39.365Z","updatedAt":"2025-02-15T11:39:00.967Z","systemSettings":{"themeId":1},"id":1,"nickname":"Super Admin","username":"johndoe","email":"admin@nocobase.com","phone":null,"passwordChangeTz":null,"appLang":null,"user_ids":null,"createdById":null},"roleName":"root"},"key":"zp162z7tkvg","eventKey":"b2b06797-96c9-4f39-9c2f-0593bb9b5d95","status":0,"workflowId":35,"updatedAt":"2025-02-17T05:10:56.966Z","createdAt":"2025-02-17T05:10:56.901Z"},"message":"execution (169) finished with status: 0","timestamp":"2025-02-17 05:10:57"}
{"level":"info","message":"notification (#261) sent successfully.","timestamp":"2025-02-17 05:10:57"}
{"level":"info","message":"execution (169) resuming from job (495) added to pending list","timestamp":"2025-02-17 05:10:57"}
{"level":"info","message":"pending execution (169) ready to process","timestamp":"2025-02-17 05:10:57"}
{"level":"info","message":"execution (169) resuming...","timestamp":"2025-02-17 05:10:57"}
{"level":"info","message":"execution (169) run instruction [notification] for node (261)","timestamp":"2025-02-17 05:10:57"}
{"level":"info","message":"execution (169) run instruction [notification] for node (261) finished as status: 1","timestamp":"2025-02-17 05:10:57"}
{"level":"info","message":"execution (169) run instruction [request] for node (260)","timestamp":"2025-02-17 05:10:57"}
{"level":"info","message":"request (#260) sent to \"http://192.168.255.34:3000/api/initialize/52\", waiting for response...","timestamp":"2025-02-17 05:10:57"}
{"level":"info","message":"execution (169) exiting with status 0","timestamp":"2025-02-17 05:10:57"}
{"level":"info","execution":{"id":169,"createdAt":"2025-02-17T05:10:56.901Z","updatedAt":"2025-02-17T05:10:56.966Z","key":"zp162z7tkvg","eventKey":"b2b06797-96c9-4f39-9c2f-0593bb9b5d95","context":{"data":{"createdAt":"2025-02-15T13:08:27.240Z","updatedAt":"2025-02-15T13:08:48.224Z","workspace_id":37,"repo_roken":"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","organization_name":null,"host_domain":null,"webhook":" https://a1ab-103-130-204-185.ngrok-free.app/api/webhook/d5841dfb-e519-406c-960f-a4186bea61ae","id":52,"host":"github","repo_name":"demo-repo","repository_url":"https://github.com/sanjeevraj-belsterns/demo-repository","updatedById":1,"createdById":1,"is_initialized":"true","branch":null},"user":{"createdAt":"2025-02-03T07:06:39.365Z","updatedAt":"2025-02-15T11:39:00.967Z","systemSettings":{"themeId":1},"id":1,"nickname":"Super Admin","username":"johndoe","email":"admin@nocobase.com","phone":null,"passwordChangeTz":null,"appLang":null,"user_ids":null,"createdById":null},"roleName":"root"},"status":0,"workflowId":35},"message":"execution (169) finished with status: 0","timestamp":"2025-02-17 05:10:57"}
{"level":"error","message":"request (#260) failed without resposne: timeout of 5000ms exceeded","timestamp":"2025-02-17 05:11:02"}
{"level":"info","message":"execution (169) resuming from job (496) added to pending list","timestamp":"2025-02-17 05:11:02"}
{"level":"info","message":"pending execution (169) ready to process","timestamp":"2025-02-17 05:11:02"}
{"level":"info","message":"execution (169) resuming...","timestamp":"2025-02-17 05:11:02"}
{"level":"info","message":"execution (169) run instruction [request] for node (260)","timestamp":"2025-02-17 05:11:02"}
{"level":"info","message":"execution (169) run instruction [request] for node (260) finished as status: 1","timestamp":"2025-02-17 05:11:02"}
{"level":"info","message":"execution (169) run instruction [condition] for node (262)","timestamp":"2025-02-17 05:11:02"}
{"level":"info","message":"execution (169) run instruction [notification] for node (264)","timestamp":"2025-02-17 05:11:02"}
{"level":"info","message":"notification (#264) sent, waiting for response...","timestamp":"2025-02-17 05:11:02"}
{"level":"info","message":"execution (169) exiting with status 0","timestamp":"2025-02-17 05:11:02"}
{"level":"info","message":"execution (169) exiting with status 0","timestamp":"2025-02-17 05:11:02"}
{"level":"info","message":"execution (169) exiting with status 0","timestamp":"2025-02-17 05:11:02"}
{"level":"info","execution":{"id":169,"createdAt":"2025-02-17T05:10:56.901Z","updatedAt":"2025-02-17T05:10:56.966Z","key":"zp162z7tkvg","eventKey":"b2b06797-96c9-4f39-9c2f-0593bb9b5d95","context":{"data":{"createdAt":"2025-02-15T13:08:27.240Z","updatedAt":"2025-02-15T13:08:48.224Z","workspace_id":37,"repo_roken":"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","organization_name":null,"host_domain":null,"webhook":" https://a1ab-103-130-204-185.ngrok-free.app/api/webhook/d5841dfb-e519-406c-960f-a4186bea61ae","id":52,"host":"github","repo_name":"demo-repo","repository_url":"https://github.com/sanjeevraj-belsterns/demo-repository","updatedById":1,"createdById":1,"is_initialized":"true","branch":null},"user":{"createdAt":"2025-02-03T07:06:39.365Z","updatedAt":"2025-02-15T11:39:00.967Z","systemSettings":{"themeId":1},"id":1,"nickname":"Super Admin","username":"johndoe","email":"admin@nocobase.com","phone":null,"passwordChangeTz":null,"appLang":null,"user_ids":null,"createdById":null},"roleName":"root"},"status":0,"workflowId":35},"message":"execution (169) finished with status: 0","timestamp":"2025-02-17 05:11:02"}
{"level":"info","message":"notification (#264) sent successfully.","timestamp":"2025-02-17 05:11:02"}
{"level":"info","message":"execution (169) resuming from job (498) added to pending list","timestamp":"2025-02-17 05:11:02"}
{"level":"info","message":"pending execution (169) ready to process","timestamp":"2025-02-17 05:11:02"}
{"level":"info","message":"execution (169) resuming...","timestamp":"2025-02-17 05:11:02"}
{"level":"info","message":"execution (169) run instruction [notification] for node (264)","timestamp":"2025-02-17 05:11:02"}
{"level":"info","message":"execution (169) run instruction [notification] for node (264) finished as status: 1","timestamp":"2025-02-17 05:11:02"}
{"level":"info","message":"execution (169) run instruction [condition] for node (262)","timestamp":"2025-02-17 05:11:02"}
{"level":"info","message":"execution (169) run instruction [condition] for node (262) finished as status: 1","timestamp":"2025-02-17 05:11:02"}
{"level":"info","message":"execution (169) exiting with status 1","timestamp":"2025-02-17 05:11:02"}
{"level":"info","execution":{"id":169,"createdAt":"2025-02-17T05:10:56.901Z","updatedAt":"2025-02-17T05:11:02.603Z","key":"zp162z7tkvg","eventKey":"b2b06797-96c9-4f39-9c2f-0593bb9b5d95","context":{"data":{"createdAt":"2025-02-15T13:08:27.240Z","updatedAt":"2025-02-15T13:08:48.224Z","workspace_id":37,"repo_roken":"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","organization_name":null,"host_domain":null,"webhook":" https://a1ab-103-130-204-185.ngrok-free.app/api/webhook/d5841dfb-e519-406c-960f-a4186bea61ae","id":52,"host":"github","repo_name":"demo-repo","repository_url":"https://github.com/sanjeevraj-belsterns/demo-repository","updatedById":1,"createdById":1,"is_initialized":"true","branch":null},"user":{"createdAt":"2025-02-03T07:06:39.365Z","updatedAt":"2025-02-15T11:39:00.967Z","systemSettings":{"themeId":1},"id":1,"nickname":"Super Admin","username":"johndoe","email":"admin@nocobase.com","phone":null,"passwordChangeTz":null,"appLang":null,"user_ids":null,"createdById":null},"roleName":"root"},"status":1,"workflowId":35},"message":"execution (169) finished with status: 1","timestamp":"2025-02-17 05:11:02"}
{"level":"info","message":"new event triggered, now events: 1","timestamp":"2025-02-17 05:20:25"}
{"level":"info","message":"preparing execution for event","timestamp":"2025-02-17 05:20:25"}
{"level":"info","message":"execution of workflow 35 created as 170","timestamp":"2025-02-17 05:20:25"}
{"level":"info","message":"pending execution (170) ready to process","timestamp":"2025-02-17 05:20:25"}
{"level":"info","message":"queueing execution (170) from pending list updated to started","timestamp":"2025-02-17 05:20:25"}
{"level":"info","message":"execution (170) starting...","timestamp":"2025-02-17 05:20:25"}
{"level":"info","message":"execution (170) run instruction [notification] for node (261)","timestamp":"2025-02-17 05:20:25"}
{"level":"info","message":"notification (#261) sent, waiting for response...","timestamp":"2025-02-17 05:20:25"}
{"level":"info","message":"execution (170) exiting with status 0","timestamp":"2025-02-17 05:20:25"}
{"level":"info","message":"execution (170) exiting with status 0","timestamp":"2025-02-17 05:20:25"}
{"level":"info","execution":{"id":170,"context":{"data":{"createdAt":"2025-02-15T13:08:27.240Z","updatedAt":"2025-02-15T13:08:48.224Z","workspace_id":37,"repo_roken":"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","organization_name":null,"host_domain":null,"webhook":" https://a1ab-103-130-204-185.ngrok-free.app/api/webhook/d5841dfb-e519-406c-960f-a4186bea61ae","id":52,"host":"github","repo_name":"demo-repo","repository_url":"https://github.com/sanjeevraj-belsterns/demo-repository","updatedById":1,"createdById":1,"is_initialized":"true","branch":null},"user":{"createdAt":"2025-02-03T07:06:39.365Z","updatedAt":"2025-02-15T11:39:00.967Z","systemSettings":{"themeId":1},"id":1,"nickname":"Super Admin","username":"johndoe","email":"admin@nocobase.com","phone":null,"passwordChangeTz":null,"appLang":null,"user_ids":null,"createdById":null},"roleName":"root"},"key":"zp162z7tkvg","eventKey":"3d3cb081-76da-4ea4-a0db-806d7b7f11a6","status":0,"workflowId":35,"updatedAt":"2025-02-17T05:20:25.156Z","createdAt":"2025-02-17T05:20:25.039Z"},"message":"execution (170) finished with status: 0","timestamp":"2025-02-17 05:20:25"}
{"level":"info","message":"notification (#261) sent successfully.","timestamp":"2025-02-17 05:20:25"}
{"level":"info","message":"execution (170) resuming from job (499) added to pending list","timestamp":"2025-02-17 05:20:25"}
{"level":"info","message":"pending execution (170) ready to process","timestamp":"2025-02-17 05:20:25"}
{"level":"info","message":"execution (170) resuming...","timestamp":"2025-02-17 05:20:25"}
{"level":"info","message":"execution (170) run instruction [notification] for node (261)","timestamp":"2025-02-17 05:20:25"}
{"level":"info","message":"execution (170) run instruction [notification] for node (261) finished as status: 1","timestamp":"2025-02-17 05:20:25"}
{"level":"info","message":"execution (170) run instruction [request] for node (260)","timestamp":"2025-02-17 05:20:25"}
{"level":"info","message":"request (#260) sent to \"http://192.168.255.34:3000/api/initialize/52\", waiting for response...","timestamp":"2025-02-17 05:20:25"}
{"level":"info","message":"execution (170) exiting with status 0","timestamp":"2025-02-17 05:20:25"}
{"level":"info","execution":{"id":170,"createdAt":"2025-02-17T05:20:25.039Z","updatedAt":"2025-02-17T05:20:25.156Z","key":"zp162z7tkvg","eventKey":"3d3cb081-76da-4ea4-a0db-806d7b7f11a6","context":{"data":{"createdAt":"2025-02-15T13:08:27.240Z","updatedAt":"2025-02-15T13:08:48.224Z","workspace_id":37,"repo_roken":"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","organization_name":null,"host_domain":null,"webhook":" https://a1ab-103-130-204-185.ngrok-free.app/api/webhook/d5841dfb-e519-406c-960f-a4186bea61ae","id":52,"host":"github","repo_name":"demo-repo","repository_url":"https://github.com/sanjeevraj-belsterns/demo-repository","updatedById":1,"createdById":1,"is_initialized":"true","branch":null},"user":{"createdAt":"2025-02-03T07:06:39.365Z","updatedAt":"2025-02-15T11:39:00.967Z","systemSettings":{"themeId":1},"id":1,"nickname":"Super Admin","username":"johndoe","email":"admin@nocobase.com","phone":null,"passwordChangeTz":null,"appLang":null,"user_ids":null,"createdById":null},"roleName":"root"},"status":0,"workflowId":35},"message":"execution (170) finished with status: 0","timestamp":"2025-02-17 05:20:25"}
{"level":"info","message":"request (#260) failed with response, status: 500","timestamp":"2025-02-17 05:20:28"}
{"level":"info","message":"execution (170) resuming from job (500) added to pending list","timestamp":"2025-02-17 05:20:28"}
{"level":"info","message":"pending execution (170) ready to process","timestamp":"2025-02-17 05:20:28"}
{"level":"info","message":"execution (170) resuming...","timestamp":"2025-02-17 05:20:28"}
{"level":"info","message":"execution (170) run instruction [request] for node (260)","timestamp":"2025-02-17 05:20:28"}
{"level":"info","message":"execution (170) run instruction [request] for node (260) finished as status: 1","timestamp":"2025-02-17 05:20:28"}
{"level":"info","message":"execution (170) run instruction [condition] for node (262)","timestamp":"2025-02-17 05:20:28"}
{"level":"info","message":"execution (170) run instruction [notification] for node (264)","timestamp":"2025-02-17 05:20:28"}
{"level":"info","message":"notification (#264) sent, waiting for response...","timestamp":"2025-02-17 05:20:28"}
{"level":"info","message":"execution (170) exiting with status 0","timestamp":"2025-02-17 05:20:28"}
{"level":"info","message":"execution (170) exiting with status 0","timestamp":"2025-02-17 05:20:28"}
{"level":"info","message":"execution (170) exiting with status 0","timestamp":"2025-02-17 05:20:28"}
{"level":"info","execution":{"id":170,"createdAt":"2025-02-17T05:20:25.039Z","updatedAt":"2025-02-17T05:20:25.156Z","key":"zp162z7tkvg","eventKey":"3d3cb081-76da-4ea4-a0db-806d7b7f11a6","context":{"data":{"createdAt":"2025-02-15T13:08:27.240Z","updatedAt":"2025-02-15T13:08:48.224Z","workspace_id":37,"repo_roken":"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","organization_name":null,"host_domain":null,"webhook":" https://a1ab-103-130-204-185.ngrok-free.app/api/webhook/d5841dfb-e519-406c-960f-a4186bea61ae","id":52,"host":"github","repo_name":"demo-repo","repository_url":"https://github.com/sanjeevraj-belsterns/demo-repository","updatedById":1,"createdById":1,"is_initialized":"true","branch":null},"user":{"createdAt":"2025-02-03T07:06:39.365Z","updatedAt":"2025-02-15T11:39:00.967Z","systemSettings":{"themeId":1},"id":1,"nickname":"Super Admin","username":"johndoe","email":"admin@nocobase.com","phone":null,"passwordChangeTz":null,"appLang":null,"user_ids":null,"createdById":null},"roleName":"root"},"status":0,"workflowId":35},"message":"execution (170) finished with status: 0","timestamp":"2025-02-17 05:20:28"}
{"level":"info","message":"notification (#264) sent successfully.","timestamp":"2025-02-17 05:20:28"}
{"level":"info","message":"execution (170) resuming from job (502) added to pending list","timestamp":"2025-02-17 05:20:28"}
{"level":"info","message":"pending execution (170) ready to process","timestamp":"2025-02-17 05:20:28"}
{"level":"info","message":"execution (170) resuming...","timestamp":"2025-02-17 05:20:28"}
{"level":"info","message":"execution (170) run instruction [notification] for node (264)","timestamp":"2025-02-17 05:20:28"}
{"level":"info","message":"execution (170) run instruction [notification] for node (264) finished as status: 1","timestamp":"2025-02-17 05:20:28"}
{"level":"info","message":"execution (170) run instruction [condition] for node (262)","timestamp":"2025-02-17 05:20:28"}
{"level":"info","message":"execution (170) run instruction [condition] for node (262) finished as status: 1","timestamp":"2025-02-17 05:20:28"}
{"level":"info","message":"execution (170) exiting with status 1","timestamp":"2025-02-17 05:20:28"}
{"level":"info","execution":{"id":170,"createdAt":"2025-02-17T05:20:25.039Z","updatedAt":"2025-02-17T05:20:28.725Z","key":"zp162z7tkvg","eventKey":"3d3cb081-76da-4ea4-a0db-806d7b7f11a6","context":{"data":{"createdAt":"2025-02-15T13:08:27.240Z","updatedAt":"2025-02-15T13:08:48.224Z","workspace_id":37,"repo_roken":"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","organization_name":null,"host_domain":null,"webhook":" https://a1ab-103-130-204-185.ngrok-free.app/api/webhook/d5841dfb-e519-406c-960f-a4186bea61ae","id":52,"host":"github","repo_name":"demo-repo","repository_url":"https://github.com/sanjeevraj-belsterns/demo-repository","updatedById":1,"createdById":1,"is_initialized":"true","branch":null},"user":{"createdAt":"2025-02-03T07:06:39.365Z","updatedAt":"2025-02-15T11:39:00.967Z","systemSettings":{"themeId":1},"id":1,"nickname":"Super Admin","username":"johndoe","email":"admin@nocobase.com","phone":null,"passwordChangeTz":null,"appLang":null,"user_ids":null,"createdById":null},"roleName":"root"},"status":1,"workflowId":35},"message":"execution (170) finished with status: 1","timestamp":"2025-02-17 05:20:28"}
{"level":"info","message":"new event triggered, now events: 1","timestamp":"2025-02-17 05:22:37"}
{"level":"info","message":"preparing execution for event","timestamp":"2025-02-17 05:22:37"}
{"level":"info","message":"execution of workflow 35 created as 171","timestamp":"2025-02-17 05:22:37"}
{"level":"info","message":"pending execution (171) ready to process","timestamp":"2025-02-17 05:22:37"}
{"level":"info","message":"queueing execution (171) from pending list updated to started","timestamp":"2025-02-17 05:22:37"}
{"level":"info","message":"execution (171) starting...","timestamp":"2025-02-17 05:22:37"}
{"level":"info","message":"execution (171) run instruction [notification] for node (261)","timestamp":"2025-02-17 05:22:37"}
{"level":"info","message":"notification (#261) sent, waiting for response...","timestamp":"2025-02-17 05:22:37"}
{"level":"info","message":"execution (171) exiting with status 0","timestamp":"2025-02-17 05:22:37"}
{"level":"info","message":"execution (171) exiting with status 0","timestamp":"2025-02-17 05:22:37"}
{"level":"info","execution":{"id":171,"context":{"data":{"createdAt":"2025-02-15T13:08:27.240Z","updatedAt":"2025-02-15T13:08:48.224Z","workspace_id":37,"repo_roken":"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","organization_name":null,"host_domain":null,"webhook":" https://a1ab-103-130-204-185.ngrok-free.app/api/webhook/d5841dfb-e519-406c-960f-a4186bea61ae","id":52,"host":"github","repo_name":"demo-repo","repository_url":"https://github.com/sanjeevraj-belsterns/demo-repository","updatedById":1,"createdById":1,"is_initialized":"true","branch":null},"user":{"createdAt":"2025-02-03T07:06:39.365Z","updatedAt":"2025-02-15T11:39:00.967Z","systemSettings":{"themeId":1},"id":1,"nickname":"Super Admin","username":"johndoe","email":"admin@nocobase.com","phone":null,"passwordChangeTz":null,"appLang":null,"user_ids":null,"createdById":null},"roleName":"root"},"key":"zp162z7tkvg","eventKey":"425e0cca-ba62-4dfe-af1c-1b59127dc24e","status":0,"workflowId":35,"updatedAt":"2025-02-17T05:22:37.208Z","createdAt":"2025-02-17T05:22:37.122Z"},"message":"execution (171) finished with status: 0","timestamp":"2025-02-17 05:22:37"}
{"level":"info","message":"notification (#261) sent successfully.","timestamp":"2025-02-17 05:22:37"}
{"level":"info","message":"execution (171) resuming from job (503) added to pending list","timestamp":"2025-02-17 05:22:37"}
{"level":"info","message":"pending execution (171) ready to process","timestamp":"2025-02-17 05:22:37"}
{"level":"info","message":"execution (171) resuming...","timestamp":"2025-02-17 05:22:37"}
{"level":"info","message":"execution (171) run instruction [notification] for node (261)","timestamp":"2025-02-17 05:22:37"}
{"level":"info","message":"execution (171) run instruction [notification] for node (261) finished as status: 1","timestamp":"2025-02-17 05:22:37"}
{"level":"info","message":"execution (171) run instruction [request] for node (260)","timestamp":"2025-02-17 05:22:37"}
{"level":"info","message":"request (#260) sent to \"http://192.168.255.34:3000/api/initialize/52\", waiting for response...","timestamp":"2025-02-17 05:22:37"}
{"level":"info","message":"execution (171) exiting with status 0","timestamp":"2025-02-17 05:22:37"}
{"level":"info","execution":{"id":171,"createdAt":"2025-02-17T05:22:37.122Z","updatedAt":"2025-02-17T05:22:37.208Z","key":"zp162z7tkvg","eventKey":"425e0cca-ba62-4dfe-af1c-1b59127dc24e","context":{"data":{"createdAt":"2025-02-15T13:08:27.240Z","updatedAt":"2025-02-15T13:08:48.224Z","workspace_id":37,"repo_roken":"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","organization_name":null,"host_domain":null,"webhook":" https://a1ab-103-130-204-185.ngrok-free.app/api/webhook/d5841dfb-e519-406c-960f-a4186bea61ae","id":52,"host":"github","repo_name":"demo-repo","repository_url":"https://github.com/sanjeevraj-belsterns/demo-repository","updatedById":1,"createdById":1,"is_initialized":"true","branch":null},"user":{"createdAt":"2025-02-03T07:06:39.365Z","updatedAt":"2025-02-15T11:39:00.967Z","systemSettings":{"themeId":1},"id":1,"nickname":"Super Admin","username":"johndoe","email":"admin@nocobase.com","phone":null,"passwordChangeTz":null,"appLang":null,"user_ids":null,"createdById":null},"roleName":"root"},"status":0,"workflowId":35},"message":"execution (171) finished with status: 0","timestamp":"2025-02-17 05:22:37"}
{"level":"info","message":"request (#260) response success, status: 201","timestamp":"2025-02-17 05:22:39"}
{"level":"info","message":"execution (171) resuming from job (504) added to pending list","timestamp":"2025-02-17 05:22:39"}
{"level":"info","message":"pending execution (171) ready to process","timestamp":"2025-02-17 05:22:39"}
{"level":"info","message":"execution (171) resuming...","timestamp":"2025-02-17 05:22:39"}
{"level":"info","message":"execution (171) run instruction [request] for node (260)","timestamp":"2025-02-17 05:22:39"}
{"level":"info","message":"execution (171) run instruction [request] for node (260) finished as status: 1","timestamp":"2025-02-17 05:22:39"}
{"level":"info","message":"execution (171) run instruction [condition] for node (262)","timestamp":"2025-02-17 05:22:39"}
{"level":"info","message":"execution (171) run instruction [update] for node (265)","timestamp":"2025-02-17 05:22:39"}
{"level":"info","message":"execution (171) run instruction [update] for node (265) finished as status: 1","timestamp":"2025-02-17 05:22:39"}
{"level":"info","message":"execution (171) run instruction [notification] for node (263)","timestamp":"2025-02-17 05:22:39"}
{"level":"info","message":"notification (#263) sent, waiting for response...","timestamp":"2025-02-17 05:22:39"}
{"level":"info","message":"execution (171) exiting with status 0","timestamp":"2025-02-17 05:22:39"}
{"level":"info","message":"execution (171) exiting with status 0","timestamp":"2025-02-17 05:22:39"}
{"level":"info","message":"execution (171) exiting with status 0","timestamp":"2025-02-17 05:22:39"}
{"level":"info","execution":{"id":171,"createdAt":"2025-02-17T05:22:37.122Z","updatedAt":"2025-02-17T05:22:37.208Z","key":"zp162z7tkvg","eventKey":"425e0cca-ba62-4dfe-af1c-1b59127dc24e","context":{"data":{"createdAt":"2025-02-15T13:08:27.240Z","updatedAt":"2025-02-15T13:08:48.224Z","workspace_id":37,"repo_roken":"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","organization_name":null,"host_domain":null,"webhook":" https://a1ab-103-130-204-185.ngrok-free.app/api/webhook/d5841dfb-e519-406c-960f-a4186bea61ae","id":52,"host":"github","repo_name":"demo-repo","repository_url":"https://github.com/sanjeevraj-belsterns/demo-repository","updatedById":1,"createdById":1,"is_initialized":"true","branch":null},"user":{"createdAt":"2025-02-03T07:06:39.365Z","updatedAt":"2025-02-15T11:39:00.967Z","systemSettings":{"themeId":1},"id":1,"nickname":"Super Admin","username":"johndoe","email":"admin@nocobase.com","phone":null,"passwordChangeTz":null,"appLang":null,"user_ids":null,"createdById":null},"roleName":"root"},"status":0,"workflowId":35},"message":"execution (171) finished with status: 0","timestamp":"2025-02-17 05:22:39"}
{"level":"info","message":"notification (#263) sent successfully.","timestamp":"2025-02-17 05:22:39"}
{"level":"info","message":"execution (171) resuming from job (507) added to pending list","timestamp":"2025-02-17 05:22:39"}
{"level":"info","message":"pending execution (171) ready to process","timestamp":"2025-02-17 05:22:39"}
{"level":"info","message":"execution (171) resuming...","timestamp":"2025-02-17 05:22:39"}
{"level":"info","message":"execution (171) run instruction [notification] for node (263)","timestamp":"2025-02-17 05:22:39"}
{"level":"info","message":"execution (171) run instruction [notification] for node (263) finished as status: 1","timestamp":"2025-02-17 05:22:39"}
{"level":"info","message":"execution (171) run instruction [condition] for node (262)","timestamp":"2025-02-17 05:22:39"}
{"level":"info","message":"execution (171) run instruction [condition] for node (262) finished as status: 1","timestamp":"2025-02-17 05:22:39"}
{"level":"info","message":"execution (171) exiting with status 1","timestamp":"2025-02-17 05:22:39"}
{"level":"info","execution":{"id":171,"createdAt":"2025-02-17T05:22:37.122Z","updatedAt":"2025-02-17T05:22:39.608Z","key":"zp162z7tkvg","eventKey":"425e0cca-ba62-4dfe-af1c-1b59127dc24e","context":{"data":{"createdAt":"2025-02-15T13:08:27.240Z","updatedAt":"2025-02-15T13:08:48.224Z","workspace_id":37,"repo_roken":"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","organization_name":null,"host_domain":null,"webhook":" https://a1ab-103-130-204-185.ngrok-free.app/api/webhook/d5841dfb-e519-406c-960f-a4186bea61ae","id":52,"host":"github","repo_name":"demo-repo","repository_url":"https://github.com/sanjeevraj-belsterns/demo-repository","updatedById":1,"createdById":1,"is_initialized":"true","branch":null},"user":{"createdAt":"2025-02-03T07:06:39.365Z","updatedAt":"2025-02-15T11:39:00.967Z","systemSettings":{"themeId":1},"id":1,"nickname":"Super Admin","username":"johndoe","email":"admin@nocobase.com","phone":null,"passwordChangeTz":null,"appLang":null,"user_ids":null,"createdById":null},"roleName":"root"},"status":1,"workflowId":35},"message":"execution (171) finished with status: 1","timestamp":"2025-02-17 05:22:39"}
{"level":"info","message":"new event triggered, now events: 1","timestamp":"2025-02-17 05:29:46"}
{"level":"info","message":"preparing execution for event","timestamp":"2025-02-17 05:29:46"}
{"level":"info","message":"execution of workflow 35 created as 172","timestamp":"2025-02-17 05:29:46"}
{"level":"info","message":"pending execution (172) ready to process","timestamp":"2025-02-17 05:29:46"}
{"level":"info","message":"queueing execution (172) from pending list updated to started","timestamp":"2025-02-17 05:29:46"}
{"level":"info","message":"execution (172) starting...","timestamp":"2025-02-17 05:29:46"}
{"level":"info","message":"execution (172) run instruction [notification] for node (261)","timestamp":"2025-02-17 05:29:46"}
{"level":"info","message":"notification (#261) sent, waiting for response...","timestamp":"2025-02-17 05:29:46"}
{"level":"info","message":"execution (172) exiting with status 0","timestamp":"2025-02-17 05:29:46"}
{"level":"info","message":"execution (172) exiting with status 0","timestamp":"2025-02-17 05:29:46"}
{"level":"info","execution":{"id":172,"context":{"data":{"createdAt":"2025-02-15T13:08:27.240Z","updatedAt":"2025-02-17T05:22:39.432Z","workspace_id":37,"repo_roken":"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","organization_name":null,"host_domain":null,"webhook":" https://a1ab-103-130-204-185.ngrok-free.app/api/webhook/d5841dfb-e519-406c-960f-a4186bea61ae","id":52,"host":"github","repo_name":"demo-repo","repository_url":"https://github.com/sanjeevraj-belsterns/demo-repository","updatedById":1,"createdById":1,"is_initialized":"true","branch":null},"user":{"createdAt":"2025-02-03T07:06:39.365Z","updatedAt":"2025-02-15T11:39:00.967Z","systemSettings":{"themeId":1},"id":1,"nickname":"Super Admin","username":"johndoe","email":"admin@nocobase.com","phone":null,"passwordChangeTz":null,"appLang":null,"user_ids":null,"createdById":null},"roleName":"root"},"key":"zp162z7tkvg","eventKey":"f489f8d6-3994-4d92-9887-241996d92360","status":0,"workflowId":35,"updatedAt":"2025-02-17T05:29:46.421Z","createdAt":"2025-02-17T05:29:46.353Z"},"message":"execution (172) finished with status: 0","timestamp":"2025-02-17 05:29:46"}
{"level":"info","message":"notification (#261) sent successfully.","timestamp":"2025-02-17 05:29:46"}
{"level":"info","message":"execution (172) resuming from job (508) added to pending list","timestamp":"2025-02-17 05:29:46"}
{"level":"info","message":"pending execution (172) ready to process","timestamp":"2025-02-17 05:29:46"}
{"level":"info","message":"execution (172) resuming...","timestamp":"2025-02-17 05:29:46"}
{"level":"info","message":"execution (172) run instruction [notification] for node (261)","timestamp":"2025-02-17 05:29:46"}
{"level":"info","message":"execution (172) run instruction [notification] for node (261) finished as status: 1","timestamp":"2025-02-17 05:29:46"}
{"level":"info","message":"execution (172) run instruction [request] for node (260)","timestamp":"2025-02-17 05:29:46"}
{"level":"info","message":"request (#260) sent to \"http://192.168.255.34:3000/api/initialize/52\", waiting for response...","timestamp":"2025-02-17 05:29:46"}
{"level":"info","message":"execution (172) exiting with status 0","timestamp":"2025-02-17 05:29:46"}
{"level":"info","execution":{"id":172,"createdAt":"2025-02-17T05:29:46.353Z","updatedAt":"2025-02-17T05:29:46.421Z","key":"zp162z7tkvg","eventKey":"f489f8d6-3994-4d92-9887-241996d92360","context":{"data":{"createdAt":"2025-02-15T13:08:27.240Z","updatedAt":"2025-02-17T05:22:39.432Z","workspace_id":37,"repo_roken":"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","organization_name":null,"host_domain":null,"webhook":" https://a1ab-103-130-204-185.ngrok-free.app/api/webhook/d5841dfb-e519-406c-960f-a4186bea61ae","id":52,"host":"github","repo_name":"demo-repo","repository_url":"https://github.com/sanjeevraj-belsterns/demo-repository","updatedById":1,"createdById":1,"is_initialized":"true","branch":null},"user":{"createdAt":"2025-02-03T07:06:39.365Z","updatedAt":"2025-02-15T11:39:00.967Z","systemSettings":{"themeId":1},"id":1,"nickname":"Super Admin","username":"johndoe","email":"admin@nocobase.com","phone":null,"passwordChangeTz":null,"appLang":null,"user_ids":null,"createdById":null},"roleName":"root"},"status":0,"workflowId":35},"message":"execution (172) finished with status: 0","timestamp":"2025-02-17 05:29:46"}
{"level":"info","message":"request (#260) response success, status: 201","timestamp":"2025-02-17 05:29:50"}
{"level":"info","message":"execution (172) resuming from job (509) added to pending list","timestamp":"2025-02-17 05:29:50"}
{"level":"info","message":"pending execution (172) ready to process","timestamp":"2025-02-17 05:29:50"}
{"level":"info","message":"execution (172) resuming...","timestamp":"2025-02-17 05:29:50"}
{"level":"info","message":"execution (172) run instruction [request] for node (260)","timestamp":"2025-02-17 05:29:50"}
{"level":"info","message":"execution (172) run instruction [request] for node (260) finished as status: 1","timestamp":"2025-02-17 05:29:50"}
{"level":"info","message":"execution (172) run instruction [condition] for node (262)","timestamp":"2025-02-17 05:29:50"}
{"level":"info","message":"execution (172) run instruction [update] for node (265)","timestamp":"2025-02-17 05:29:50"}
{"level":"info","message":"execution (172) run instruction [update] for node (265) finished as status: 1","timestamp":"2025-02-17 05:29:50"}
{"level":"info","message":"execution (172) run instruction [notification] for node (263)","timestamp":"2025-02-17 05:29:50"}
{"level":"info","message":"notification (#263) sent, waiting for response...","timestamp":"2025-02-17 05:29:50"}
{"level":"info","message":"execution (172) exiting with status 0","timestamp":"2025-02-17 05:29:50"}
{"level":"info","message":"execution (172) exiting with status 0","timestamp":"2025-02-17 05:29:50"}
{"level":"info","message":"execution (172) exiting with status 0","timestamp":"2025-02-17 05:29:50"}
{"level":"info","execution":{"id":172,"createdAt":"2025-02-17T05:29:46.353Z","updatedAt":"2025-02-17T05:29:46.421Z","key":"zp162z7tkvg","eventKey":"f489f8d6-3994-4d92-9887-241996d92360","context":{"data":{"createdAt":"2025-02-15T13:08:27.240Z","updatedAt":"2025-02-17T05:22:39.432Z","workspace_id":37,"repo_roken":"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","organization_name":null,"host_domain":null,"webhook":" https://a1ab-103-130-204-185.ngrok-free.app/api/webhook/d5841dfb-e519-406c-960f-a4186bea61ae","id":52,"host":"github","repo_name":"demo-repo","repository_url":"https://github.com/sanjeevraj-belsterns/demo-repository","updatedById":1,"createdById":1,"is_initialized":"true","branch":null},"user":{"createdAt":"2025-02-03T07:06:39.365Z","updatedAt":"2025-02-15T11:39:00.967Z","systemSettings":{"themeId":1},"id":1,"nickname":"Super Admin","username":"johndoe","email":"admin@nocobase.com","phone":null,"passwordChangeTz":null,"appLang":null,"user_ids":null,"createdById":null},"roleName":"root"},"status":0,"workflowId":35},"message":"execution (172) finished with status: 0","timestamp":"2025-02-17 05:29:50"}
{"level":"info","message":"notification (#263) sent successfully.","timestamp":"2025-02-17 05:29:50"}
{"level":"info","message":"execution (172) resuming from job (512) added to pending list","timestamp":"2025-02-17 05:29:50"}
{"level":"info","message":"pending execution (172) ready to process","timestamp":"2025-02-17 05:29:50"}
{"level":"info","message":"execution (172) resuming...","timestamp":"2025-02-17 05:29:50"}
{"level":"info","message":"execution (172) run instruction [notification] for node (263)","timestamp":"2025-02-17 05:29:50"}
{"level":"info","message":"execution (172) run instruction [notification] for node (263) finished as status: 1","timestamp":"2025-02-17 05:29:50"}
{"level":"info","message":"execution (172) run instruction [condition] for node (262)","timestamp":"2025-02-17 05:29:50"}
{"level":"info","message":"execution (172) run instruction [condition] for node (262) finished as status: 1","timestamp":"2025-02-17 05:29:50"}
{"level":"info","message":"execution (172) exiting with status 1","timestamp":"2025-02-17 05:29:50"}
{"level":"info","execution":{"id":172,"createdAt":"2025-02-17T05:29:46.353Z","updatedAt":"2025-02-17T05:29:50.387Z","key":"zp162z7tkvg","eventKey":"f489f8d6-3994-4d92-9887-241996d92360","context":{"data":{"createdAt":"2025-02-15T13:08:27.240Z","updatedAt":"2025-02-17T05:22:39.432Z","workspace_id":37,"repo_roken":"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","organization_name":null,"host_domain":null,"webhook":" https://a1ab-103-130-204-185.ngrok-free.app/api/webhook/d5841dfb-e519-406c-960f-a4186bea61ae","id":52,"host":"github","repo_name":"demo-repo","repository_url":"https://github.com/sanjeevraj-belsterns/demo-repository","updatedById":1,"createdById":1,"is_initialized":"true","branch":null},"user":{"createdAt":"2025-02-03T07:06:39.365Z","updatedAt":"2025-02-15T11:39:00.967Z","systemSettings":{"themeId":1},"id":1,"nickname":"Super Admin","username":"johndoe","email":"admin@nocobase.com","phone":null,"passwordChangeTz":null,"appLang":null,"user_ids":null,"createdById":null},"roleName":"root"},"status":1,"workflowId":35},"message":"execution (172) finished with status: 1","timestamp":"2025-02-17 05:29:50"}
{"level":"info","message":"new event triggered, now events: 1","timestamp":"2025-02-17 05:34:58"}
{"level":"info","message":"preparing execution for event","timestamp":"2025-02-17 05:34:58"}
{"level":"info","message":"execution of workflow 35 created as 173","timestamp":"2025-02-17 05:34:58"}
{"level":"info","message":"pending execution (173) ready to process","timestamp":"2025-02-17 05:34:58"}
{"level":"info","message":"queueing execution (173) from pending list updated to started","timestamp":"2025-02-17 05:34:58"}
{"level":"info","message":"execution (173) starting...","timestamp":"2025-02-17 05:34:58"}
{"level":"info","message":"execution (173) run instruction [notification] for node (261)","timestamp":"2025-02-17 05:34:58"}
{"level":"info","message":"notification (#261) sent, waiting for response...","timestamp":"2025-02-17 05:34:58"}
{"level":"info","message":"execution (173) exiting with status 0","timestamp":"2025-02-17 05:34:58"}
{"level":"info","message":"execution (173) exiting with status 0","timestamp":"2025-02-17 05:34:58"}
{"level":"info","execution":{"id":173,"context":{"data":{"createdAt":"2025-02-15T13:08:27.240Z","updatedAt":"2025-02-17T05:29:50.092Z","workspace_id":37,"repo_roken":"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","organization_name":null,"host_domain":null,"webhook":" https://a1ab-103-130-204-185.ngrok-free.app/api/webhook/d5841dfb-e519-406c-960f-a4186bea61ae","id":52,"host":"github","repo_name":"demo-repo","repository_url":"https://github.com/sanjeevraj-belsterns/demo-repository","updatedById":1,"createdById":1,"is_initialized":"true","branch":null},"user":{"createdAt":"2025-02-03T07:06:39.365Z","updatedAt":"2025-02-15T11:39:00.967Z","systemSettings":{"themeId":1},"id":1,"nickname":"Super Admin","username":"johndoe","email":"admin@nocobase.com","phone":null,"passwordChangeTz":null,"appLang":null,"user_ids":null,"createdById":null},"roleName":"root"},"key":"zp162z7tkvg","eventKey":"d62bb13c-c9df-44cb-b33e-6be4789c4276","status":0,"workflowId":35,"updatedAt":"2025-02-17T05:34:58.544Z","createdAt":"2025-02-17T05:34:58.365Z"},"message":"execution (173) finished with status: 0","timestamp":"2025-02-17 05:34:58"}
{"level":"info","message":"notification (#261) sent successfully.","timestamp":"2025-02-17 05:34:59"}
{"level":"info","message":"execution (173) resuming from job (513) added to pending list","timestamp":"2025-02-17 05:34:59"}
{"level":"info","message":"pending execution (173) ready to process","timestamp":"2025-02-17 05:34:59"}
{"level":"info","message":"execution (173) resuming...","timestamp":"2025-02-17 05:34:59"}
{"level":"info","message":"execution (173) run instruction [notification] for node (261)","timestamp":"2025-02-17 05:34:59"}
{"level":"info","message":"execution (173) run instruction [notification] for node (261) finished as status: 1","timestamp":"2025-02-17 05:34:59"}
{"level":"info","message":"execution (173) run instruction [request] for node (260)","timestamp":"2025-02-17 05:34:59"}
{"level":"info","message":"request (#260) sent to \"http://192.168.255.34:3000/api/initialize/52\", waiting for response...","timestamp":"2025-02-17 05:34:59"}
{"level":"info","message":"execution (173) exiting with status 0","timestamp":"2025-02-17 05:34:59"}
{"level":"info","execution":{"id":173,"createdAt":"2025-02-17T05:34:58.365Z","updatedAt":"2025-02-17T05:34:58.544Z","key":"zp162z7tkvg","eventKey":"d62bb13c-c9df-44cb-b33e-6be4789c4276","context":{"data":{"createdAt":"2025-02-15T13:08:27.240Z","updatedAt":"2025-02-17T05:29:50.092Z","workspace_id":37,"repo_roken":"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","organization_name":null,"host_domain":null,"webhook":" https://a1ab-103-130-204-185.ngrok-free.app/api/webhook/d5841dfb-e519-406c-960f-a4186bea61ae","id":52,"host":"github","repo_name":"demo-repo","repository_url":"https://github.com/sanjeevraj-belsterns/demo-repository","updatedById":1,"createdById":1,"is_initialized":"true","branch":null},"user":{"createdAt":"2025-02-03T07:06:39.365Z","updatedAt":"2025-02-15T11:39:00.967Z","systemSettings":{"themeId":1},"id":1,"nickname":"Super Admin","username":"johndoe","email":"admin@nocobase.com","phone":null,"passwordChangeTz":null,"appLang":null,"user_ids":null,"createdById":null},"roleName":"root"},"status":0,"workflowId":35},"message":"execution (173) finished with status: 0","timestamp":"2025-02-17 05:34:59"}
{"level":"info","message":"request (#260) response success, status: 201","timestamp":"2025-02-17 05:35:01"}
{"level":"info","message":"execution (173) resuming from job (514) added to pending list","timestamp":"2025-02-17 05:35:01"}
{"level":"info","message":"pending execution (173) ready to process","timestamp":"2025-02-17 05:35:01"}
{"level":"info","message":"execution (173) resuming...","timestamp":"2025-02-17 05:35:01"}
{"level":"info","message":"execution (173) run instruction [request] for node (260)","timestamp":"2025-02-17 05:35:01"}
{"level":"info","message":"execution (173) run instruction [request] for node (260) finished as status: 1","timestamp":"2025-02-17 05:35:01"}
{"level":"info","message":"execution (173) run instruction [condition] for node (262)","timestamp":"2025-02-17 05:35:01"}
{"level":"info","message":"execution (173) run instruction [update] for node (265)","timestamp":"2025-02-17 05:35:01"}
{"level":"info","message":"execution (173) run instruction [update] for node (265) finished as status: 1","timestamp":"2025-02-17 05:35:01"}
{"level":"info","message":"execution (173) run instruction [notification] for node (263)","timestamp":"2025-02-17 05:35:01"}
{"level":"info","message":"notification (#263) sent, waiting for response...","timestamp":"2025-02-17 05:35:01"}
{"level":"info","message":"execution (173) exiting with status 0","timestamp":"2025-02-17 05:35:01"}
{"level":"info","message":"execution (173) exiting with status 0","timestamp":"2025-02-17 05:35:01"}
{"level":"info","message":"execution (173) exiting with status 0","timestamp":"2025-02-17 05:35:01"}
{"level":"info","execution":{"id":173,"createdAt":"2025-02-17T05:34:58.365Z","updatedAt":"2025-02-17T05:34:58.544Z","key":"zp162z7tkvg","eventKey":"d62bb13c-c9df-44cb-b33e-6be4789c4276","context":{"data":{"createdAt":"2025-02-15T13:08:27.240Z","updatedAt":"2025-02-17T05:29:50.092Z","workspace_id":37,"repo_roken":"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","organization_name":null,"host_domain":null,"webhook":" https://a1ab-103-130-204-185.ngrok-free.app/api/webhook/d5841dfb-e519-406c-960f-a4186bea61ae","id":52,"host":"github","repo_name":"demo-repo","repository_url":"https://github.com/sanjeevraj-belsterns/demo-repository","updatedById":1,"createdById":1,"is_initialized":"true","branch":null},"user":{"createdAt":"2025-02-03T07:06:39.365Z","updatedAt":"2025-02-15T11:39:00.967Z","systemSettings":{"themeId":1},"id":1,"nickname":"Super Admin","username":"johndoe","email":"admin@nocobase.com","phone":null,"passwordChangeTz":null,"appLang":null,"user_ids":null,"createdById":null},"roleName":"root"},"status":0,"workflowId":35},"message":"execution (173) finished with status: 0","timestamp":"2025-02-17 05:35:01"}
{"level":"info","message":"notification (#263) sent successfully.","timestamp":"2025-02-17 05:35:01"}
{"level":"info","message":"execution (173) resuming from job (517) added to pending list","timestamp":"2025-02-17 05:35:01"}
{"level":"info","message":"pending execution (173) ready to process","timestamp":"2025-02-17 05:35:01"}
{"level":"info","message":"execution (173) resuming...","timestamp":"2025-02-17 05:35:01"}
{"level":"info","message":"execution (173) run instruction [notification] for node (263)","timestamp":"2025-02-17 05:35:01"}
{"level":"info","message":"execution (173) run instruction [notification] for node (263) finished as status: 1","timestamp":"2025-02-17 05:35:01"}
{"level":"info","message":"execution (173) run instruction [condition] for node (262)","timestamp":"2025-02-17 05:35:01"}
{"level":"info","message":"execution (173) run instruction [condition] for node (262) finished as status: 1","timestamp":"2025-02-17 05:35:01"}
{"level":"info","message":"execution (173) exiting with status 1","timestamp":"2025-02-17 05:35:01"}
{"level":"info","execution":{"id":173,"createdAt":"2025-02-17T05:34:58.365Z","updatedAt":"2025-02-17T05:35:01.734Z","key":"zp162z7tkvg","eventKey":"d62bb13c-c9df-44cb-b33e-6be4789c4276","context":{"data":{"createdAt":"2025-02-15T13:08:27.240Z","updatedAt":"2025-02-17T05:29:50.092Z","workspace_id":37,"repo_roken":"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","organization_name":null,"host_domain":null,"webhook":" https://a1ab-103-130-204-185.ngrok-free.app/api/webhook/d5841dfb-e519-406c-960f-a4186bea61ae","id":52,"host":"github","repo_name":"demo-repo","repository_url":"https://github.com/sanjeevraj-belsterns/demo-repository","updatedById":1,"createdById":1,"is_initialized":"true","branch":null},"user":{"createdAt":"2025-02-03T07:06:39.365Z","updatedAt":"2025-02-15T11:39:00.967Z","systemSettings":{"themeId":1},"id":1,"nickname":"Super Admin","username":"johndoe","email":"admin@nocobase.com","phone":null,"passwordChangeTz":null,"appLang":null,"user_ids":null,"createdById":null},"roleName":"root"},"status":1,"workflowId":35},"message":"execution (173) finished with status: 1","timestamp":"2025-02-17 05:35:01"}
