{"level":"info","message":"new event triggered, now events: 1","timestamp":"2025-02-15 12:47:39"}
{"level":"info","message":"preparing execution for event","timestamp":"2025-02-15 12:47:39"}
{"level":"info","message":"execution of workflow 35 created as 164","timestamp":"2025-02-15 12:47:39"}
{"level":"info","message":"pending execution (164) ready to process","timestamp":"2025-02-15 12:47:39"}
{"level":"info","message":"queueing execution (164) from pending list updated to started","timestamp":"2025-02-15 12:47:39"}
{"level":"info","message":"execution (164) starting...","timestamp":"2025-02-15 12:47:39"}
{"level":"info","message":"execution (164) run instruction [notification] for node (261)","timestamp":"2025-02-15 12:47:39"}
{"level":"info","message":"notification (#261) sent, waiting for response...","timestamp":"2025-02-15 12:47:39"}
{"level":"info","message":"execution (164) exiting with status 0","timestamp":"2025-02-15 12:47:39"}
{"level":"info","message":"execution (164) exiting with status 0","timestamp":"2025-02-15 12:47:39"}
{"level":"info","execution":{"id":164,"context":{"data":{"createdAt":"2025-02-15T11:55:33.926Z","updatedAt":"2025-02-15T11:55:52.932Z","workspace_id":37,"repo_roken":"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","organization_name":null,"host_domain":null,"webhook":" https://a1ab-103-130-204-185.ngrok-free.app/api/webhook/63606450-9bae-4813-889f-c7cb4abe3f63","id":51,"host":"github","repo_name":"demo-repo","repository_url":"https://github.com/sanjeevraj-belsterns/demo-repository","updatedById":1,"createdById":1,"is_initialized":"false","branch":null},"user":{"createdAt":"2025-02-03T07:06:39.365Z","updatedAt":"2025-02-15T11:39:00.967Z","systemSettings":{"themeId":1},"id":1,"nickname":"Super Admin","username":"johndoe","email":"admin@nocobase.com","phone":null,"passwordChangeTz":null,"appLang":null,"user_ids":null,"createdById":null},"roleName":"root"},"key":"zp162z7tkvg","eventKey":"c8742c57-4c04-445f-91cd-8c8139f2b550","status":0,"workflowId":35,"updatedAt":"2025-02-15T12:47:39.624Z","createdAt":"2025-02-15T12:47:39.504Z"},"message":"execution (164) finished with status: 0","timestamp":"2025-02-15 12:47:39"}
{"level":"info","message":"notification (#261) sent successfully.","timestamp":"2025-02-15 12:47:39"}
{"level":"info","message":"execution (164) resuming from job (471) added to pending list","timestamp":"2025-02-15 12:47:39"}
{"level":"info","message":"pending execution (164) ready to process","timestamp":"2025-02-15 12:47:39"}
{"level":"info","message":"execution (164) resuming...","timestamp":"2025-02-15 12:47:39"}
{"level":"info","message":"execution (164) run instruction [notification] for node (261)","timestamp":"2025-02-15 12:47:40"}
{"level":"info","message":"execution (164) run instruction [notification] for node (261) finished as status: 1","timestamp":"2025-02-15 12:47:40"}
{"level":"info","message":"execution (164) run instruction [request] for node (260)","timestamp":"2025-02-15 12:47:40"}
{"level":"info","message":"request (#260) sent to \"http://192.168.255.34:3000/api/initialize/51\", waiting for response...","timestamp":"2025-02-15 12:47:40"}
{"level":"info","message":"execution (164) exiting with status 0","timestamp":"2025-02-15 12:47:40"}
{"level":"info","execution":{"id":164,"createdAt":"2025-02-15T12:47:39.504Z","updatedAt":"2025-02-15T12:47:39.624Z","key":"zp162z7tkvg","eventKey":"c8742c57-4c04-445f-91cd-8c8139f2b550","context":{"data":{"createdAt":"2025-02-15T11:55:33.926Z","updatedAt":"2025-02-15T11:55:52.932Z","workspace_id":37,"repo_roken":"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","organization_name":null,"host_domain":null,"webhook":" https://a1ab-103-130-204-185.ngrok-free.app/api/webhook/63606450-9bae-4813-889f-c7cb4abe3f63","id":51,"host":"github","repo_name":"demo-repo","repository_url":"https://github.com/sanjeevraj-belsterns/demo-repository","updatedById":1,"createdById":1,"is_initialized":"false","branch":null},"user":{"createdAt":"2025-02-03T07:06:39.365Z","updatedAt":"2025-02-15T11:39:00.967Z","systemSettings":{"themeId":1},"id":1,"nickname":"Super Admin","username":"johndoe","email":"admin@nocobase.com","phone":null,"passwordChangeTz":null,"appLang":null,"user_ids":null,"createdById":null},"roleName":"root"},"status":0,"workflowId":35},"message":"execution (164) finished with status: 0","timestamp":"2025-02-15 12:47:40"}
{"level":"info","message":"request (#260) response success, status: 201","timestamp":"2025-02-15 12:47:42"}
{"level":"info","message":"execution (164) resuming from job (472) added to pending list","timestamp":"2025-02-15 12:47:42"}
{"level":"info","message":"pending execution (164) ready to process","timestamp":"2025-02-15 12:47:42"}
{"level":"info","message":"execution (164) resuming...","timestamp":"2025-02-15 12:47:42"}
{"level":"info","message":"execution (164) run instruction [request] for node (260)","timestamp":"2025-02-15 12:47:42"}
{"level":"info","message":"execution (164) run instruction [request] for node (260) finished as status: 1","timestamp":"2025-02-15 12:47:42"}
{"level":"info","message":"execution (164) run instruction [condition] for node (262)","timestamp":"2025-02-15 12:47:42"}
{"level":"info","message":"execution (164) run instruction [update] for node (265)","timestamp":"2025-02-15 12:47:42"}
{"level":"info","message":"execution (164) run instruction [update] for node (265) finished as status: 1","timestamp":"2025-02-15 12:47:42"}
{"level":"info","message":"execution (164) run instruction [notification] for node (263)","timestamp":"2025-02-15 12:47:42"}
{"level":"info","message":"notification (#263) sent, waiting for response...","timestamp":"2025-02-15 12:47:42"}
{"level":"info","message":"execution (164) exiting with status 0","timestamp":"2025-02-15 12:47:42"}
{"level":"info","message":"execution (164) exiting with status 0","timestamp":"2025-02-15 12:47:42"}
{"level":"info","message":"execution (164) exiting with status 0","timestamp":"2025-02-15 12:47:42"}
{"level":"info","execution":{"id":164,"createdAt":"2025-02-15T12:47:39.504Z","updatedAt":"2025-02-15T12:47:39.624Z","key":"zp162z7tkvg","eventKey":"c8742c57-4c04-445f-91cd-8c8139f2b550","context":{"data":{"createdAt":"2025-02-15T11:55:33.926Z","updatedAt":"2025-02-15T11:55:52.932Z","workspace_id":37,"repo_roken":"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","organization_name":null,"host_domain":null,"webhook":" https://a1ab-103-130-204-185.ngrok-free.app/api/webhook/63606450-9bae-4813-889f-c7cb4abe3f63","id":51,"host":"github","repo_name":"demo-repo","repository_url":"https://github.com/sanjeevraj-belsterns/demo-repository","updatedById":1,"createdById":1,"is_initialized":"false","branch":null},"user":{"createdAt":"2025-02-03T07:06:39.365Z","updatedAt":"2025-02-15T11:39:00.967Z","systemSettings":{"themeId":1},"id":1,"nickname":"Super Admin","username":"johndoe","email":"admin@nocobase.com","phone":null,"passwordChangeTz":null,"appLang":null,"user_ids":null,"createdById":null},"roleName":"root"},"status":0,"workflowId":35},"message":"execution (164) finished with status: 0","timestamp":"2025-02-15 12:47:42"}
{"level":"info","message":"notification (#263) sent successfully.","timestamp":"2025-02-15 12:47:42"}
{"level":"info","message":"execution (164) resuming from job (475) added to pending list","timestamp":"2025-02-15 12:47:42"}
{"level":"info","message":"pending execution (164) ready to process","timestamp":"2025-02-15 12:47:42"}
{"level":"info","message":"execution (164) resuming...","timestamp":"2025-02-15 12:47:42"}
{"level":"info","message":"execution (164) run instruction [notification] for node (263)","timestamp":"2025-02-15 12:47:42"}
{"level":"info","message":"execution (164) run instruction [notification] for node (263) finished as status: 1","timestamp":"2025-02-15 12:47:42"}
{"level":"info","message":"execution (164) run instruction [condition] for node (262)","timestamp":"2025-02-15 12:47:42"}
{"level":"info","message":"execution (164) run instruction [condition] for node (262) finished as status: 1","timestamp":"2025-02-15 12:47:42"}
{"level":"info","message":"execution (164) exiting with status 1","timestamp":"2025-02-15 12:47:42"}
{"level":"info","execution":{"id":164,"createdAt":"2025-02-15T12:47:39.504Z","updatedAt":"2025-02-15T12:47:42.231Z","key":"zp162z7tkvg","eventKey":"c8742c57-4c04-445f-91cd-8c8139f2b550","context":{"data":{"createdAt":"2025-02-15T11:55:33.926Z","updatedAt":"2025-02-15T11:55:52.932Z","workspace_id":37,"repo_roken":"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","organization_name":null,"host_domain":null,"webhook":" https://a1ab-103-130-204-185.ngrok-free.app/api/webhook/63606450-9bae-4813-889f-c7cb4abe3f63","id":51,"host":"github","repo_name":"demo-repo","repository_url":"https://github.com/sanjeevraj-belsterns/demo-repository","updatedById":1,"createdById":1,"is_initialized":"false","branch":null},"user":{"createdAt":"2025-02-03T07:06:39.365Z","updatedAt":"2025-02-15T11:39:00.967Z","systemSettings":{"themeId":1},"id":1,"nickname":"Super Admin","username":"johndoe","email":"admin@nocobase.com","phone":null,"passwordChangeTz":null,"appLang":null,"user_ids":null,"createdById":null},"roleName":"root"},"status":1,"workflowId":35},"message":"execution (164) finished with status: 1","timestamp":"2025-02-15 12:47:42"}
{"level":"info","message":"new event triggered, now events: 1","timestamp":"2025-02-15 13:08:45"}
{"level":"info","message":"preparing execution for event","timestamp":"2025-02-15 13:08:45"}
{"level":"info","message":"execution of workflow 35 created as 167","timestamp":"2025-02-15 13:08:45"}
{"level":"info","message":"pending execution (167) ready to process","timestamp":"2025-02-15 13:08:45"}
{"level":"info","message":"queueing execution (167) from pending list updated to started","timestamp":"2025-02-15 13:08:45"}
{"level":"info","message":"execution (167) starting...","timestamp":"2025-02-15 13:08:45"}
{"level":"info","message":"execution (167) run instruction [notification] for node (261)","timestamp":"2025-02-15 13:08:45"}
{"level":"info","message":"notification (#261) sent, waiting for response...","timestamp":"2025-02-15 13:08:45"}
{"level":"info","message":"execution (167) exiting with status 0","timestamp":"2025-02-15 13:08:45"}
{"level":"info","message":"execution (167) exiting with status 0","timestamp":"2025-02-15 13:08:45"}
{"level":"info","execution":{"id":167,"context":{"data":{"createdAt":"2025-02-15T13:08:27.240Z","updatedAt":"2025-02-15T13:08:35.128Z","workspace_id":37,"repo_roken":"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","organization_name":null,"host_domain":null,"webhook":" https://a1ab-103-130-204-185.ngrok-free.app/api/webhook/d5841dfb-e519-406c-960f-a4186bea61ae","id":52,"host":"github","repo_name":"demo-repo","repository_url":"https://github.com/sanjeevraj-belsterns/demo-repository","updatedById":1,"createdById":1,"is_initialized":"false","branch":null},"user":{"createdAt":"2025-02-03T07:06:39.365Z","updatedAt":"2025-02-15T11:39:00.967Z","systemSettings":{"themeId":1},"id":1,"nickname":"Super Admin","username":"johndoe","email":"admin@nocobase.com","phone":null,"passwordChangeTz":null,"appLang":null,"user_ids":null,"createdById":null},"roleName":"root"},"key":"zp162z7tkvg","eventKey":"15a5adf0-28c2-4744-a56f-17d6d9e8b636","status":0,"workflowId":35,"updatedAt":"2025-02-15T13:08:45.784Z","createdAt":"2025-02-15T13:08:45.732Z"},"message":"execution (167) finished with status: 0","timestamp":"2025-02-15 13:08:45"}
{"level":"info","message":"notification (#261) sent successfully.","timestamp":"2025-02-15 13:08:45"}
{"level":"info","message":"execution (167) resuming from job (486) added to pending list","timestamp":"2025-02-15 13:08:45"}
{"level":"info","message":"pending execution (167) ready to process","timestamp":"2025-02-15 13:08:45"}
{"level":"info","message":"execution (167) resuming...","timestamp":"2025-02-15 13:08:45"}
{"level":"info","message":"execution (167) run instruction [notification] for node (261)","timestamp":"2025-02-15 13:08:46"}
{"level":"info","message":"execution (167) run instruction [notification] for node (261) finished as status: 1","timestamp":"2025-02-15 13:08:46"}
{"level":"info","message":"execution (167) run instruction [request] for node (260)","timestamp":"2025-02-15 13:08:46"}
{"level":"info","message":"request (#260) sent to \"http://192.168.255.34:3000/api/initialize/52\", waiting for response...","timestamp":"2025-02-15 13:08:46"}
{"level":"info","message":"execution (167) exiting with status 0","timestamp":"2025-02-15 13:08:46"}
{"level":"info","execution":{"id":167,"createdAt":"2025-02-15T13:08:45.732Z","updatedAt":"2025-02-15T13:08:45.784Z","key":"zp162z7tkvg","eventKey":"15a5adf0-28c2-4744-a56f-17d6d9e8b636","context":{"data":{"createdAt":"2025-02-15T13:08:27.240Z","updatedAt":"2025-02-15T13:08:35.128Z","workspace_id":37,"repo_roken":"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","organization_name":null,"host_domain":null,"webhook":" https://a1ab-103-130-204-185.ngrok-free.app/api/webhook/d5841dfb-e519-406c-960f-a4186bea61ae","id":52,"host":"github","repo_name":"demo-repo","repository_url":"https://github.com/sanjeevraj-belsterns/demo-repository","updatedById":1,"createdById":1,"is_initialized":"false","branch":null},"user":{"createdAt":"2025-02-03T07:06:39.365Z","updatedAt":"2025-02-15T11:39:00.967Z","systemSettings":{"themeId":1},"id":1,"nickname":"Super Admin","username":"johndoe","email":"admin@nocobase.com","phone":null,"passwordChangeTz":null,"appLang":null,"user_ids":null,"createdById":null},"roleName":"root"},"status":0,"workflowId":35},"message":"execution (167) finished with status: 0","timestamp":"2025-02-15 13:08:46"}
{"level":"info","message":"request (#260) response success, status: 201","timestamp":"2025-02-15 13:08:48"}
{"level":"info","message":"execution (167) resuming from job (487) added to pending list","timestamp":"2025-02-15 13:08:48"}
{"level":"info","message":"pending execution (167) ready to process","timestamp":"2025-02-15 13:08:48"}
{"level":"info","message":"execution (167) resuming...","timestamp":"2025-02-15 13:08:48"}
{"level":"info","message":"execution (167) run instruction [request] for node (260)","timestamp":"2025-02-15 13:08:48"}
{"level":"info","message":"execution (167) run instruction [request] for node (260) finished as status: 1","timestamp":"2025-02-15 13:08:48"}
{"level":"info","message":"execution (167) run instruction [condition] for node (262)","timestamp":"2025-02-15 13:08:48"}
{"level":"info","message":"execution (167) run instruction [update] for node (265)","timestamp":"2025-02-15 13:08:48"}
{"level":"info","message":"execution (167) run instruction [update] for node (265) finished as status: 1","timestamp":"2025-02-15 13:08:48"}
{"level":"info","message":"execution (167) run instruction [notification] for node (263)","timestamp":"2025-02-15 13:08:48"}
{"level":"info","message":"notification (#263) sent, waiting for response...","timestamp":"2025-02-15 13:08:48"}
{"level":"info","message":"execution (167) exiting with status 0","timestamp":"2025-02-15 13:08:48"}
{"level":"info","message":"execution (167) exiting with status 0","timestamp":"2025-02-15 13:08:48"}
{"level":"info","message":"execution (167) exiting with status 0","timestamp":"2025-02-15 13:08:48"}
{"level":"info","execution":{"id":167,"createdAt":"2025-02-15T13:08:45.732Z","updatedAt":"2025-02-15T13:08:45.784Z","key":"zp162z7tkvg","eventKey":"15a5adf0-28c2-4744-a56f-17d6d9e8b636","context":{"data":{"createdAt":"2025-02-15T13:08:27.240Z","updatedAt":"2025-02-15T13:08:35.128Z","workspace_id":37,"repo_roken":"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","organization_name":null,"host_domain":null,"webhook":" https://a1ab-103-130-204-185.ngrok-free.app/api/webhook/d5841dfb-e519-406c-960f-a4186bea61ae","id":52,"host":"github","repo_name":"demo-repo","repository_url":"https://github.com/sanjeevraj-belsterns/demo-repository","updatedById":1,"createdById":1,"is_initialized":"false","branch":null},"user":{"createdAt":"2025-02-03T07:06:39.365Z","updatedAt":"2025-02-15T11:39:00.967Z","systemSettings":{"themeId":1},"id":1,"nickname":"Super Admin","username":"johndoe","email":"admin@nocobase.com","phone":null,"passwordChangeTz":null,"appLang":null,"user_ids":null,"createdById":null},"roleName":"root"},"status":0,"workflowId":35},"message":"execution (167) finished with status: 0","timestamp":"2025-02-15 13:08:48"}
{"level":"info","message":"notification (#263) sent successfully.","timestamp":"2025-02-15 13:08:48"}
{"level":"info","message":"execution (167) resuming from job (490) added to pending list","timestamp":"2025-02-15 13:08:48"}
{"level":"info","message":"pending execution (167) ready to process","timestamp":"2025-02-15 13:08:48"}
{"level":"info","message":"execution (167) resuming...","timestamp":"2025-02-15 13:08:48"}
{"level":"info","message":"execution (167) run instruction [notification] for node (263)","timestamp":"2025-02-15 13:08:48"}
{"level":"info","message":"execution (167) run instruction [notification] for node (263) finished as status: 1","timestamp":"2025-02-15 13:08:48"}
{"level":"info","message":"execution (167) run instruction [condition] for node (262)","timestamp":"2025-02-15 13:08:48"}
{"level":"info","message":"execution (167) run instruction [condition] for node (262) finished as status: 1","timestamp":"2025-02-15 13:08:48"}
{"level":"info","message":"execution (167) exiting with status 1","timestamp":"2025-02-15 13:08:48"}
{"level":"info","execution":{"id":167,"createdAt":"2025-02-15T13:08:45.732Z","updatedAt":"2025-02-15T13:08:48.642Z","key":"zp162z7tkvg","eventKey":"15a5adf0-28c2-4744-a56f-17d6d9e8b636","context":{"data":{"createdAt":"2025-02-15T13:08:27.240Z","updatedAt":"2025-02-15T13:08:35.128Z","workspace_id":37,"repo_roken":"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","organization_name":null,"host_domain":null,"webhook":" https://a1ab-103-130-204-185.ngrok-free.app/api/webhook/d5841dfb-e519-406c-960f-a4186bea61ae","id":52,"host":"github","repo_name":"demo-repo","repository_url":"https://github.com/sanjeevraj-belsterns/demo-repository","updatedById":1,"createdById":1,"is_initialized":"false","branch":null},"user":{"createdAt":"2025-02-03T07:06:39.365Z","updatedAt":"2025-02-15T11:39:00.967Z","systemSettings":{"themeId":1},"id":1,"nickname":"Super Admin","username":"johndoe","email":"admin@nocobase.com","phone":null,"passwordChangeTz":null,"appLang":null,"user_ids":null,"createdById":null},"roleName":"root"},"status":1,"workflowId":35},"message":"execution (167) finished with status: 1","timestamp":"2025-02-15 13:08:48"}
{"level":"info","message":"new event triggered, now events: 1","timestamp":"2025-02-15 13:18:10"}
{"level":"info","message":"preparing execution for event","timestamp":"2025-02-15 13:18:10"}
{"level":"info","message":"execution of workflow 35 created as 168","timestamp":"2025-02-15 13:18:10"}
{"level":"info","message":"pending execution (168) ready to process","timestamp":"2025-02-15 13:18:10"}
{"level":"info","message":"queueing execution (168) from pending list updated to started","timestamp":"2025-02-15 13:18:10"}
{"level":"info","message":"execution (168) starting...","timestamp":"2025-02-15 13:18:10"}
{"level":"info","message":"execution (168) run instruction [notification] for node (261)","timestamp":"2025-02-15 13:18:11"}
{"level":"info","message":"notification (#261) sent, waiting for response...","timestamp":"2025-02-15 13:18:11"}
{"level":"info","message":"execution (168) exiting with status 0","timestamp":"2025-02-15 13:18:11"}
{"level":"info","message":"execution (168) exiting with status 0","timestamp":"2025-02-15 13:18:11"}
{"level":"info","execution":{"id":168,"context":{"data":{"createdAt":"2025-02-15T13:08:27.240Z","updatedAt":"2025-02-15T13:08:48.224Z","workspace_id":37,"repo_roken":"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","organization_name":null,"host_domain":null,"webhook":" https://a1ab-103-130-204-185.ngrok-free.app/api/webhook/d5841dfb-e519-406c-960f-a4186bea61ae","id":52,"host":"github","repo_name":"demo-repo","repository_url":"https://github.com/sanjeevraj-belsterns/demo-repository","updatedById":1,"createdById":1,"is_initialized":"true","branch":null},"user":{"createdAt":"2025-02-03T07:06:39.365Z","updatedAt":"2025-02-15T11:39:00.967Z","systemSettings":{"themeId":1},"id":1,"nickname":"Super Admin","username":"johndoe","email":"admin@nocobase.com","phone":null,"passwordChangeTz":null,"appLang":null,"user_ids":null,"createdById":null},"roleName":"root"},"key":"zp162z7tkvg","eventKey":"908c18ca-9551-4070-a827-584831808413","status":0,"workflowId":35,"updatedAt":"2025-02-15T13:18:10.941Z","createdAt":"2025-02-15T13:18:10.773Z"},"message":"execution (168) finished with status: 0","timestamp":"2025-02-15 13:18:11"}
{"level":"info","message":"notification (#261) sent successfully.","timestamp":"2025-02-15 13:18:11"}
{"level":"info","message":"execution (168) resuming from job (491) added to pending list","timestamp":"2025-02-15 13:18:11"}
{"level":"info","message":"pending execution (168) ready to process","timestamp":"2025-02-15 13:18:11"}
{"level":"info","message":"execution (168) resuming...","timestamp":"2025-02-15 13:18:11"}
{"level":"info","message":"execution (168) run instruction [notification] for node (261)","timestamp":"2025-02-15 13:18:11"}
{"level":"info","message":"execution (168) run instruction [notification] for node (261) finished as status: 1","timestamp":"2025-02-15 13:18:11"}
{"level":"info","message":"execution (168) run instruction [request] for node (260)","timestamp":"2025-02-15 13:18:11"}
{"level":"info","message":"request (#260) sent to \"http://192.168.255.34:3000/api/initialize/52\", waiting for response...","timestamp":"2025-02-15 13:18:11"}
{"level":"info","message":"execution (168) exiting with status 0","timestamp":"2025-02-15 13:18:11"}
{"level":"info","execution":{"id":168,"createdAt":"2025-02-15T13:18:10.773Z","updatedAt":"2025-02-15T13:18:10.941Z","key":"zp162z7tkvg","eventKey":"908c18ca-9551-4070-a827-584831808413","context":{"data":{"createdAt":"2025-02-15T13:08:27.240Z","updatedAt":"2025-02-15T13:08:48.224Z","workspace_id":37,"repo_roken":"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","organization_name":null,"host_domain":null,"webhook":" https://a1ab-103-130-204-185.ngrok-free.app/api/webhook/d5841dfb-e519-406c-960f-a4186bea61ae","id":52,"host":"github","repo_name":"demo-repo","repository_url":"https://github.com/sanjeevraj-belsterns/demo-repository","updatedById":1,"createdById":1,"is_initialized":"true","branch":null},"user":{"createdAt":"2025-02-03T07:06:39.365Z","updatedAt":"2025-02-15T11:39:00.967Z","systemSettings":{"themeId":1},"id":1,"nickname":"Super Admin","username":"johndoe","email":"admin@nocobase.com","phone":null,"passwordChangeTz":null,"appLang":null,"user_ids":null,"createdById":null},"roleName":"root"},"status":0,"workflowId":35},"message":"execution (168) finished with status: 0","timestamp":"2025-02-15 13:18:11"}
{"level":"info","message":"request (#260) failed with response, status: 500","timestamp":"2025-02-15 13:18:12"}
{"level":"info","message":"execution (168) resuming from job (492) added to pending list","timestamp":"2025-02-15 13:18:12"}
{"level":"info","message":"pending execution (168) ready to process","timestamp":"2025-02-15 13:18:12"}
{"level":"info","message":"execution (168) resuming...","timestamp":"2025-02-15 13:18:12"}
{"level":"info","message":"execution (168) run instruction [request] for node (260)","timestamp":"2025-02-15 13:18:12"}
{"level":"info","message":"execution (168) run instruction [request] for node (260) finished as status: 1","timestamp":"2025-02-15 13:18:12"}
{"level":"info","message":"execution (168) run instruction [condition] for node (262)","timestamp":"2025-02-15 13:18:12"}
{"level":"info","message":"execution (168) run instruction [notification] for node (264)","timestamp":"2025-02-15 13:18:12"}
{"level":"info","message":"notification (#264) sent, waiting for response...","timestamp":"2025-02-15 13:18:12"}
{"level":"info","message":"execution (168) exiting with status 0","timestamp":"2025-02-15 13:18:12"}
{"level":"info","message":"execution (168) exiting with status 0","timestamp":"2025-02-15 13:18:12"}
{"level":"info","message":"execution (168) exiting with status 0","timestamp":"2025-02-15 13:18:12"}
{"level":"info","execution":{"id":168,"createdAt":"2025-02-15T13:18:10.773Z","updatedAt":"2025-02-15T13:18:10.941Z","key":"zp162z7tkvg","eventKey":"908c18ca-9551-4070-a827-584831808413","context":{"data":{"createdAt":"2025-02-15T13:08:27.240Z","updatedAt":"2025-02-15T13:08:48.224Z","workspace_id":37,"repo_roken":"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","organization_name":null,"host_domain":null,"webhook":" https://a1ab-103-130-204-185.ngrok-free.app/api/webhook/d5841dfb-e519-406c-960f-a4186bea61ae","id":52,"host":"github","repo_name":"demo-repo","repository_url":"https://github.com/sanjeevraj-belsterns/demo-repository","updatedById":1,"createdById":1,"is_initialized":"true","branch":null},"user":{"createdAt":"2025-02-03T07:06:39.365Z","updatedAt":"2025-02-15T11:39:00.967Z","systemSettings":{"themeId":1},"id":1,"nickname":"Super Admin","username":"johndoe","email":"admin@nocobase.com","phone":null,"passwordChangeTz":null,"appLang":null,"user_ids":null,"createdById":null},"roleName":"root"},"status":0,"workflowId":35},"message":"execution (168) finished with status: 0","timestamp":"2025-02-15 13:18:12"}
{"level":"info","message":"notification (#264) sent successfully.","timestamp":"2025-02-15 13:18:12"}
{"level":"info","message":"execution (168) resuming from job (494) added to pending list","timestamp":"2025-02-15 13:18:12"}
{"level":"info","message":"pending execution (168) ready to process","timestamp":"2025-02-15 13:18:12"}
{"level":"info","message":"execution (168) resuming...","timestamp":"2025-02-15 13:18:12"}
{"level":"info","message":"execution (168) run instruction [notification] for node (264)","timestamp":"2025-02-15 13:18:13"}
{"level":"info","message":"execution (168) run instruction [notification] for node (264) finished as status: 1","timestamp":"2025-02-15 13:18:13"}
{"level":"info","message":"execution (168) run instruction [condition] for node (262)","timestamp":"2025-02-15 13:18:13"}
{"level":"info","message":"execution (168) run instruction [condition] for node (262) finished as status: 1","timestamp":"2025-02-15 13:18:13"}
{"level":"info","message":"execution (168) exiting with status 1","timestamp":"2025-02-15 13:18:13"}
{"level":"info","execution":{"id":168,"createdAt":"2025-02-15T13:18:10.773Z","updatedAt":"2025-02-15T13:18:13.165Z","key":"zp162z7tkvg","eventKey":"908c18ca-9551-4070-a827-584831808413","context":{"data":{"createdAt":"2025-02-15T13:08:27.240Z","updatedAt":"2025-02-15T13:08:48.224Z","workspace_id":37,"repo_roken":"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","organization_name":null,"host_domain":null,"webhook":" https://a1ab-103-130-204-185.ngrok-free.app/api/webhook/d5841dfb-e519-406c-960f-a4186bea61ae","id":52,"host":"github","repo_name":"demo-repo","repository_url":"https://github.com/sanjeevraj-belsterns/demo-repository","updatedById":1,"createdById":1,"is_initialized":"true","branch":null},"user":{"createdAt":"2025-02-03T07:06:39.365Z","updatedAt":"2025-02-15T11:39:00.967Z","systemSettings":{"themeId":1},"id":1,"nickname":"Super Admin","username":"johndoe","email":"admin@nocobase.com","phone":null,"passwordChangeTz":null,"appLang":null,"user_ids":null,"createdById":null},"roleName":"root"},"status":1,"workflowId":35},"message":"execution (168) finished with status: 1","timestamp":"2025-02-15 13:18:13"}
