{"level":"info","message":"new event triggered, now events: 1","timestamp":"2025-02-15 09:26:49"}
{"level":"info","message":"preparing execution for event","timestamp":"2025-02-15 09:26:49"}
{"level":"info","message":"execution of workflow 29 created as 135","timestamp":"2025-02-15 09:26:49"}
{"level":"info","message":"pending execution (135) ready to process","timestamp":"2025-02-15 09:26:49"}
{"level":"info","message":"queueing execution (135) from pending list updated to started","timestamp":"2025-02-15 09:26:50"}
{"level":"info","message":"execution (135) starting...","timestamp":"2025-02-15 09:26:50"}
{"level":"info","message":"execution (135) run instruction [notification] for node (210)","timestamp":"2025-02-15 09:26:50"}
{"level":"info","message":"notification (#210) sent, waiting for response...","timestamp":"2025-02-15 09:26:50"}
{"level":"info","message":"execution (135) exiting with status 0","timestamp":"2025-02-15 09:26:50"}
{"level":"info","message":"execution (135) exiting with status 0","timestamp":"2025-02-15 09:26:50"}
{"level":"info","execution":{"id":135,"context":{"data":{"createdAt":"2025-02-15T04:41:04.459Z","updatedAt":"2025-02-15T04:45:29.478Z","workspace_id":37,"repo_roken":"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","organization_name":null,"host_domain":null,"webhook":"https://a1ab-103-130-204-185.ngrok-free.app/api/webhook/14b709b5-89d9-401a-8b30-36eeaf007592","id":43,"host":"github","repo_name":"demo-repository","repository_url":"https://github.com/sanjeevraj-belsterns/demo-repository","updatedById":1,"createdById":1,"is_initialized":"true"},"user":{"createdAt":"2025-02-03T07:06:39.365Z","updatedAt":"2025-02-15T04:35:27.484Z","systemSettings":{"themeId":2},"id":1,"nickname":"Super Admin","username":"johndoe","email":"admin@nocobase.com","phone":null,"passwordChangeTz":null,"appLang":null,"user_ids":null,"createdById":null},"roleName":"root"},"key":"zp162z7tkvg","eventKey":"1c6b646c-4113-4706-b7e1-c2f427849b0c","status":0,"workflowId":29,"updatedAt":"2025-02-15T09:26:49.952Z","createdAt":"2025-02-15T09:26:49.864Z"},"message":"execution (135) finished with status: 0","timestamp":"2025-02-15 09:26:50"}
{"level":"info","message":"notification (#210) sent successfully.","timestamp":"2025-02-15 09:26:50"}
{"level":"info","message":"execution (135) resuming from job (348) added to pending list","timestamp":"2025-02-15 09:26:50"}
{"level":"info","message":"pending execution (135) ready to process","timestamp":"2025-02-15 09:26:50"}
{"level":"info","message":"execution (135) resuming...","timestamp":"2025-02-15 09:26:50"}
{"level":"info","message":"execution (135) run instruction [notification] for node (210)","timestamp":"2025-02-15 09:26:50"}
{"level":"info","message":"execution (135) run instruction [notification] for node (210) finished as status: 1","timestamp":"2025-02-15 09:26:50"}
{"level":"info","message":"execution (135) run instruction [request] for node (209)","timestamp":"2025-02-15 09:26:50"}
{"level":"info","message":"request (#209) sent to \"http://192.168.255.34:3000/api/initialize/43\", waiting for response...","timestamp":"2025-02-15 09:26:50"}
{"level":"info","message":"execution (135) exiting with status 0","timestamp":"2025-02-15 09:26:50"}
{"level":"info","execution":{"id":135,"createdAt":"2025-02-15T09:26:49.864Z","updatedAt":"2025-02-15T09:26:49.952Z","key":"zp162z7tkvg","eventKey":"1c6b646c-4113-4706-b7e1-c2f427849b0c","context":{"data":{"createdAt":"2025-02-15T04:41:04.459Z","updatedAt":"2025-02-15T04:45:29.478Z","workspace_id":37,"repo_roken":"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","organization_name":null,"host_domain":null,"webhook":"https://a1ab-103-130-204-185.ngrok-free.app/api/webhook/14b709b5-89d9-401a-8b30-36eeaf007592","id":43,"host":"github","repo_name":"demo-repository","repository_url":"https://github.com/sanjeevraj-belsterns/demo-repository","updatedById":1,"createdById":1,"is_initialized":"true"},"user":{"createdAt":"2025-02-03T07:06:39.365Z","updatedAt":"2025-02-15T04:35:27.484Z","systemSettings":{"themeId":2},"id":1,"nickname":"Super Admin","username":"johndoe","email":"admin@nocobase.com","phone":null,"passwordChangeTz":null,"appLang":null,"user_ids":null,"createdById":null},"roleName":"root"},"status":0,"workflowId":29},"message":"execution (135) finished with status: 0","timestamp":"2025-02-15 09:26:50"}
{"level":"info","message":"request (#209) failed with response, status: 400","timestamp":"2025-02-15 09:26:51"}
{"level":"info","message":"execution (135) resuming from job (349) added to pending list","timestamp":"2025-02-15 09:26:51"}
{"level":"info","message":"pending execution (135) ready to process","timestamp":"2025-02-15 09:26:51"}
{"level":"info","message":"execution (135) resuming...","timestamp":"2025-02-15 09:26:51"}
{"level":"info","message":"execution (135) run instruction [request] for node (209)","timestamp":"2025-02-15 09:26:51"}
{"level":"info","message":"execution (135) run instruction [request] for node (209) finished as status: 1","timestamp":"2025-02-15 09:26:51"}
{"level":"info","message":"execution (135) run instruction [condition] for node (212)","timestamp":"2025-02-15 09:26:51"}
{"level":"info","message":"execution (135) run instruction [notification] for node (215)","timestamp":"2025-02-15 09:26:51"}
{"level":"info","message":"notification (#215) sent, waiting for response...","timestamp":"2025-02-15 09:26:51"}
{"level":"info","message":"execution (135) exiting with status 0","timestamp":"2025-02-15 09:26:51"}
{"level":"info","message":"execution (135) exiting with status 0","timestamp":"2025-02-15 09:26:51"}
{"level":"info","message":"execution (135) exiting with status 0","timestamp":"2025-02-15 09:26:51"}
{"level":"info","execution":{"id":135,"createdAt":"2025-02-15T09:26:49.864Z","updatedAt":"2025-02-15T09:26:49.952Z","key":"zp162z7tkvg","eventKey":"1c6b646c-4113-4706-b7e1-c2f427849b0c","context":{"data":{"createdAt":"2025-02-15T04:41:04.459Z","updatedAt":"2025-02-15T04:45:29.478Z","workspace_id":37,"repo_roken":"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","organization_name":null,"host_domain":null,"webhook":"https://a1ab-103-130-204-185.ngrok-free.app/api/webhook/14b709b5-89d9-401a-8b30-36eeaf007592","id":43,"host":"github","repo_name":"demo-repository","repository_url":"https://github.com/sanjeevraj-belsterns/demo-repository","updatedById":1,"createdById":1,"is_initialized":"true"},"user":{"createdAt":"2025-02-03T07:06:39.365Z","updatedAt":"2025-02-15T04:35:27.484Z","systemSettings":{"themeId":2},"id":1,"nickname":"Super Admin","username":"johndoe","email":"admin@nocobase.com","phone":null,"passwordChangeTz":null,"appLang":null,"user_ids":null,"createdById":null},"roleName":"root"},"status":0,"workflowId":29},"message":"execution (135) finished with status: 0","timestamp":"2025-02-15 09:26:51"}
{"level":"info","message":"notification (#215) sent successfully.","timestamp":"2025-02-15 09:26:51"}
{"level":"info","message":"execution (135) resuming from job (351) added to pending list","timestamp":"2025-02-15 09:26:51"}
{"level":"info","message":"pending execution (135) ready to process","timestamp":"2025-02-15 09:26:51"}
{"level":"info","message":"execution (135) resuming...","timestamp":"2025-02-15 09:26:51"}
{"level":"info","message":"execution (135) run instruction [notification] for node (215)","timestamp":"2025-02-15 09:26:51"}
{"level":"info","message":"execution (135) run instruction [notification] for node (215) finished as status: 1","timestamp":"2025-02-15 09:26:51"}
{"level":"info","message":"execution (135) run instruction [condition] for node (212)","timestamp":"2025-02-15 09:26:51"}
{"level":"info","message":"execution (135) run instruction [condition] for node (212) finished as status: 1","timestamp":"2025-02-15 09:26:51"}
{"level":"info","message":"execution (135) exiting with status 1","timestamp":"2025-02-15 09:26:51"}
{"level":"info","execution":{"id":135,"createdAt":"2025-02-15T09:26:49.864Z","updatedAt":"2025-02-15T09:26:51.964Z","key":"zp162z7tkvg","eventKey":"1c6b646c-4113-4706-b7e1-c2f427849b0c","context":{"data":{"createdAt":"2025-02-15T04:41:04.459Z","updatedAt":"2025-02-15T04:45:29.478Z","workspace_id":37,"repo_roken":"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","organization_name":null,"host_domain":null,"webhook":"https://a1ab-103-130-204-185.ngrok-free.app/api/webhook/14b709b5-89d9-401a-8b30-36eeaf007592","id":43,"host":"github","repo_name":"demo-repository","repository_url":"https://github.com/sanjeevraj-belsterns/demo-repository","updatedById":1,"createdById":1,"is_initialized":"true"},"user":{"createdAt":"2025-02-03T07:06:39.365Z","updatedAt":"2025-02-15T04:35:27.484Z","systemSettings":{"themeId":2},"id":1,"nickname":"Super Admin","username":"johndoe","email":"admin@nocobase.com","phone":null,"passwordChangeTz":null,"appLang":null,"user_ids":null,"createdById":null},"roleName":"root"},"status":1,"workflowId":29},"message":"execution (135) finished with status: 1","timestamp":"2025-02-15 09:26:51"}
{"level":"info","message":"new event triggered, now events: 1","timestamp":"2025-02-15 09:27:04"}
{"level":"info","message":"preparing execution for event","timestamp":"2025-02-15 09:27:04"}
{"level":"info","message":"execution of workflow 29 created as 136","timestamp":"2025-02-15 09:27:04"}
{"level":"info","message":"pending execution (136) ready to process","timestamp":"2025-02-15 09:27:04"}
{"level":"info","message":"queueing execution (136) from pending list updated to started","timestamp":"2025-02-15 09:27:04"}
{"level":"info","message":"execution (136) starting...","timestamp":"2025-02-15 09:27:04"}
{"level":"info","message":"execution (136) run instruction [notification] for node (210)","timestamp":"2025-02-15 09:27:04"}
{"level":"info","message":"notification (#210) sent, waiting for response...","timestamp":"2025-02-15 09:27:05"}
{"level":"info","message":"execution (136) exiting with status 0","timestamp":"2025-02-15 09:27:05"}
{"level":"info","message":"execution (136) exiting with status 0","timestamp":"2025-02-15 09:27:05"}
{"level":"info","execution":{"id":136,"context":{"data":{"createdAt":"2025-02-15T04:41:04.459Z","updatedAt":"2025-02-15T04:45:29.478Z","workspace_id":37,"repo_roken":"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","organization_name":null,"host_domain":null,"webhook":"https://a1ab-103-130-204-185.ngrok-free.app/api/webhook/14b709b5-89d9-401a-8b30-36eeaf007592","id":43,"host":"github","repo_name":"demo-repository","repository_url":"https://github.com/sanjeevraj-belsterns/demo-repository","updatedById":1,"createdById":1,"is_initialized":"true"},"user":{"createdAt":"2025-02-03T07:06:39.365Z","updatedAt":"2025-02-15T04:35:27.484Z","systemSettings":{"themeId":2},"id":1,"nickname":"Super Admin","username":"johndoe","email":"admin@nocobase.com","phone":null,"passwordChangeTz":null,"appLang":null,"user_ids":null,"createdById":null},"roleName":"root"},"key":"zp162z7tkvg","eventKey":"1562d81a-7ec9-4a22-af8b-78bca99f2110","status":0,"workflowId":29,"updatedAt":"2025-02-15T09:27:04.893Z","createdAt":"2025-02-15T09:27:04.865Z"},"message":"execution (136) finished with status: 0","timestamp":"2025-02-15 09:27:05"}
{"level":"info","message":"notification (#210) sent successfully.","timestamp":"2025-02-15 09:27:05"}
{"level":"info","message":"execution (136) resuming from job (352) added to pending list","timestamp":"2025-02-15 09:27:05"}
{"level":"info","message":"pending execution (136) ready to process","timestamp":"2025-02-15 09:27:05"}
{"level":"info","message":"execution (136) resuming...","timestamp":"2025-02-15 09:27:05"}
{"level":"info","message":"execution (136) run instruction [notification] for node (210)","timestamp":"2025-02-15 09:27:05"}
{"level":"info","message":"execution (136) run instruction [notification] for node (210) finished as status: 1","timestamp":"2025-02-15 09:27:05"}
{"level":"info","message":"execution (136) run instruction [request] for node (209)","timestamp":"2025-02-15 09:27:05"}
{"level":"info","message":"request (#209) sent to \"http://192.168.255.34:3000/api/initialize/43\", waiting for response...","timestamp":"2025-02-15 09:27:05"}
{"level":"info","message":"execution (136) exiting with status 0","timestamp":"2025-02-15 09:27:05"}
{"level":"info","execution":{"id":136,"createdAt":"2025-02-15T09:27:04.865Z","updatedAt":"2025-02-15T09:27:04.893Z","key":"zp162z7tkvg","eventKey":"1562d81a-7ec9-4a22-af8b-78bca99f2110","context":{"data":{"createdAt":"2025-02-15T04:41:04.459Z","updatedAt":"2025-02-15T04:45:29.478Z","workspace_id":37,"repo_roken":"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","organization_name":null,"host_domain":null,"webhook":"https://a1ab-103-130-204-185.ngrok-free.app/api/webhook/14b709b5-89d9-401a-8b30-36eeaf007592","id":43,"host":"github","repo_name":"demo-repository","repository_url":"https://github.com/sanjeevraj-belsterns/demo-repository","updatedById":1,"createdById":1,"is_initialized":"true"},"user":{"createdAt":"2025-02-03T07:06:39.365Z","updatedAt":"2025-02-15T04:35:27.484Z","systemSettings":{"themeId":2},"id":1,"nickname":"Super Admin","username":"johndoe","email":"admin@nocobase.com","phone":null,"passwordChangeTz":null,"appLang":null,"user_ids":null,"createdById":null},"roleName":"root"},"status":0,"workflowId":29},"message":"execution (136) finished with status: 0","timestamp":"2025-02-15 09:27:05"}
{"level":"info","message":"request (#209) failed with response, status: 400","timestamp":"2025-02-15 09:27:05"}
{"level":"info","message":"execution (136) resuming from job (353) added to pending list","timestamp":"2025-02-15 09:27:05"}
{"level":"info","message":"pending execution (136) ready to process","timestamp":"2025-02-15 09:27:05"}
{"level":"info","message":"execution (136) resuming...","timestamp":"2025-02-15 09:27:05"}
{"level":"info","message":"execution (136) run instruction [request] for node (209)","timestamp":"2025-02-15 09:27:05"}
{"level":"info","message":"execution (136) run instruction [request] for node (209) finished as status: 1","timestamp":"2025-02-15 09:27:05"}
{"level":"info","message":"execution (136) run instruction [condition] for node (212)","timestamp":"2025-02-15 09:27:05"}
{"level":"info","message":"execution (136) run instruction [notification] for node (215)","timestamp":"2025-02-15 09:27:05"}
{"level":"info","message":"notification (#215) sent, waiting for response...","timestamp":"2025-02-15 09:27:05"}
{"level":"info","message":"execution (136) exiting with status 0","timestamp":"2025-02-15 09:27:05"}
{"level":"info","message":"execution (136) exiting with status 0","timestamp":"2025-02-15 09:27:05"}
{"level":"info","message":"execution (136) exiting with status 0","timestamp":"2025-02-15 09:27:05"}
{"level":"info","execution":{"id":136,"createdAt":"2025-02-15T09:27:04.865Z","updatedAt":"2025-02-15T09:27:04.893Z","key":"zp162z7tkvg","eventKey":"1562d81a-7ec9-4a22-af8b-78bca99f2110","context":{"data":{"createdAt":"2025-02-15T04:41:04.459Z","updatedAt":"2025-02-15T04:45:29.478Z","workspace_id":37,"repo_roken":"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","organization_name":null,"host_domain":null,"webhook":"https://a1ab-103-130-204-185.ngrok-free.app/api/webhook/14b709b5-89d9-401a-8b30-36eeaf007592","id":43,"host":"github","repo_name":"demo-repository","repository_url":"https://github.com/sanjeevraj-belsterns/demo-repository","updatedById":1,"createdById":1,"is_initialized":"true"},"user":{"createdAt":"2025-02-03T07:06:39.365Z","updatedAt":"2025-02-15T04:35:27.484Z","systemSettings":{"themeId":2},"id":1,"nickname":"Super Admin","username":"johndoe","email":"admin@nocobase.com","phone":null,"passwordChangeTz":null,"appLang":null,"user_ids":null,"createdById":null},"roleName":"root"},"status":0,"workflowId":29},"message":"execution (136) finished with status: 0","timestamp":"2025-02-15 09:27:05"}
{"level":"info","message":"notification (#215) sent successfully.","timestamp":"2025-02-15 09:27:05"}
{"level":"info","message":"execution (136) resuming from job (355) added to pending list","timestamp":"2025-02-15 09:27:05"}
{"level":"info","message":"pending execution (136) ready to process","timestamp":"2025-02-15 09:27:05"}
{"level":"info","message":"execution (136) resuming...","timestamp":"2025-02-15 09:27:05"}
{"level":"info","message":"execution (136) run instruction [notification] for node (215)","timestamp":"2025-02-15 09:27:05"}
{"level":"info","message":"execution (136) run instruction [notification] for node (215) finished as status: 1","timestamp":"2025-02-15 09:27:05"}
{"level":"info","message":"execution (136) run instruction [condition] for node (212)","timestamp":"2025-02-15 09:27:05"}
{"level":"info","message":"execution (136) run instruction [condition] for node (212) finished as status: 1","timestamp":"2025-02-15 09:27:06"}
{"level":"info","message":"execution (136) exiting with status 1","timestamp":"2025-02-15 09:27:06"}
{"level":"info","execution":{"id":136,"createdAt":"2025-02-15T09:27:04.865Z","updatedAt":"2025-02-15T09:27:06.225Z","key":"zp162z7tkvg","eventKey":"1562d81a-7ec9-4a22-af8b-78bca99f2110","context":{"data":{"createdAt":"2025-02-15T04:41:04.459Z","updatedAt":"2025-02-15T04:45:29.478Z","workspace_id":37,"repo_roken":"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","organization_name":null,"host_domain":null,"webhook":"https://a1ab-103-130-204-185.ngrok-free.app/api/webhook/14b709b5-89d9-401a-8b30-36eeaf007592","id":43,"host":"github","repo_name":"demo-repository","repository_url":"https://github.com/sanjeevraj-belsterns/demo-repository","updatedById":1,"createdById":1,"is_initialized":"true"},"user":{"createdAt":"2025-02-03T07:06:39.365Z","updatedAt":"2025-02-15T04:35:27.484Z","systemSettings":{"themeId":2},"id":1,"nickname":"Super Admin","username":"johndoe","email":"admin@nocobase.com","phone":null,"passwordChangeTz":null,"appLang":null,"user_ids":null,"createdById":null},"roleName":"root"},"status":1,"workflowId":29},"message":"execution (136) finished with status: 1","timestamp":"2025-02-15 09:27:06"}
