{"level":"info","message":"add app main into supervisor","meta":{},"module":"application","submodule":"supervisor","method":"addApp","app":"main","reqId":"30632b41-70dd-402a-a4ac-a2cc011a77ae","dataSourceKey":"main","timestamp":"2025-02-04 04:52:41"}
{"level":"info","message":"connection has been established successfully.","meta":{},"module":"database","submodule":"","method":"auth","app":"main","reqId":"30632b41-70dd-402a-a4ac-a2cc011a77ae","dataSourceKey":"main","timestamp":"2025-02-04 04:52:41"}
{"level":"info","message":"upgrading...","meta":{},"module":"application","submodule":"","method":"","app":"main","reqId":"30632b41-70dd-402a-a4ac-a2cc011a77ae","dataSourceKey":"main","timestamp":"2025-02-04 04:52:41"}
{"level":"info","message":"run upgrade","meta":{},"module":"application","submodule":"","method":"","app":"main","reqId":"30632b41-70dd-402a-a4ac-a2cc011a77ae","dataSourceKey":"main","timestamp":"2025-02-04 04:52:42"}
{"level":"info","message":"update built-in plugins","meta":{},"module":"nocobase","submodule":"","method":"","app":"main","reqId":"30632b41-70dd-402a-a4ac-a2cc011a77ae","dataSourceKey":"main","timestamp":"2025-02-04 04:52:42"}
{"level":"info","message":"run upgrade","meta":{},"module":"application","submodule":"","method":"","app":"main","reqId":"30632b41-70dd-402a-a4ac-a2cc011a77ae","dataSourceKey":"main","timestamp":"2025-02-04 04:52:47"}
{"level":"info","message":"restarting...","meta":{},"module":"application","submodule":"","method":"","app":"main","reqId":"30632b41-70dd-402a-a4ac-a2cc011a77ae","dataSourceKey":"main","timestamp":"2025-02-04 04:52:47"}
{"level":"info","message":"app.reload()","meta":{},"module":"application","submodule":"","method":"load","app":"main","reqId":"30632b41-70dd-402a-a4ac-a2cc011a77ae","dataSourceKey":"main","timestamp":"2025-02-04 04:52:47"}
{"level":"info","message":"write roles to ACL","meta":{},"module":"acl","submodule":"","method":"writeRolesToACL","app":"main","reqId":"30632b41-70dd-402a-a4ac-a2cc011a77ae","dataSourceKey":"main","timestamp":"2025-02-04 04:52:50"}
{"level":"info","message":"app has been started","meta":{},"module":"application","submodule":"","method":"","app":"main","reqId":"30632b41-70dd-402a-a4ac-a2cc011a77ae","dataSourceKey":"main","timestamp":"2025-02-04 04:52:50"}
{"level":"info","message":"parseJsonTemplate.raw","meta":{"createdById":"{{ ctx.state.currentUser.id }}"},"module":"users","submodule":"list","method":"","app":"main","reqId":"b2fd83ed-2694-43a1-830d-151886c427bb","dataSourceKey":"main","timestamp":"2025-02-04 05:17:10"}
{"level":"info","message":"parseJsonTemplate.parsed","meta":{"createdById":17},"module":"users","submodule":"list","method":"","app":"main","reqId":"b2fd83ed-2694-43a1-830d-151886c427bb","dataSourceKey":"main","timestamp":"2025-02-04 05:17:10"}
{"level":"info","message":"parseJsonTemplate.raw","meta":{"createdById":"{{ ctx.state.currentUser.id }}"},"module":"users","submodule":"list","method":"","app":"main","reqId":"98014da7-5fbc-45f3-b5d5-e66e77d291b4","dataSourceKey":"main","timestamp":"2025-02-04 05:17:12"}
{"level":"info","message":"parseJsonTemplate.parsed","meta":{"createdById":17},"module":"users","submodule":"list","method":"","app":"main","reqId":"98014da7-5fbc-45f3-b5d5-e66e77d291b4","dataSourceKey":"main","timestamp":"2025-02-04 05:17:12"}
{"level":"info","message":"parseJsonTemplate.raw","meta":{"createdById":"{{ ctx.state.currentUser.id }}"},"module":"users","submodule":"list","method":"","app":"main","reqId":"5aee65d7-e3ee-4964-9a76-bc777c70a2c9","dataSourceKey":"main","timestamp":"2025-02-04 05:20:08"}
{"level":"info","message":"parseJsonTemplate.parsed","meta":{"createdById":17},"module":"users","submodule":"list","method":"","app":"main","reqId":"5aee65d7-e3ee-4964-9a76-bc777c70a2c9","dataSourceKey":"main","timestamp":"2025-02-04 05:20:08"}
{"level":"info","message":"parseJsonTemplate.raw","meta":{"$and":[{"name.$ne":"root"},{"name.$ne":"admin"},{"name.$ne":"member"}]},"module":"roles","submodule":"destroy","method":"","app":"main","reqId":"7c7e0764-eb0e-4ffc-9abd-c90f7402358a","dataSourceKey":"main","timestamp":"2025-02-04 08:38:04"}
{"level":"info","message":"parseJsonTemplate.parsed","meta":{"$and":[{"name":{"$ne":"root"}},{"name":{"$ne":"admin"}},{"name":{"$ne":"member"}}]},"module":"roles","submodule":"destroy","method":"","app":"main","reqId":"7c7e0764-eb0e-4ffc-9abd-c90f7402358a","dataSourceKey":"main","timestamp":"2025-02-04 08:38:04"}
{"level":"info","message":"parseJsonTemplate.raw","meta":{"id.$ne":1},"module":"users","submodule":"destroy","method":"","app":"main","reqId":"3f4bb312-eb55-41c0-9ede-ad2a89bb719f","dataSourceKey":"main","timestamp":"2025-02-04 08:40:03"}
{"level":"info","message":"parseJsonTemplate.parsed","meta":{"id":{"$ne":1}},"module":"users","submodule":"destroy","method":"","app":"main","reqId":"3f4bb312-eb55-41c0-9ede-ad2a89bb719f","dataSourceKey":"main","timestamp":"2025-02-04 08:40:03"}
{"level":"info","message":"parseJsonTemplate.raw","meta":{},"module":"roles","submodule":"list","method":"","app":"main","reqId":"0cb7eeb0-daa0-4dd3-95bf-b5e00e174a6d","dataSourceKey":"main","timestamp":"2025-02-04 08:56:43"}
{"level":"info","message":"parseJsonTemplate.parsed","meta":{},"module":"roles","submodule":"list","method":"","app":"main","reqId":"0cb7eeb0-daa0-4dd3-95bf-b5e00e174a6d","dataSourceKey":"main","timestamp":"2025-02-04 08:56:43"}
{"level":"info","message":"parseJsonTemplate.raw","meta":{"createdById":"{{ ctx.state.currentUser.id }}"},"module":"users","submodule":"list","method":"","app":"main","reqId":"953f6d4c-68d2-4b37-b39d-91474ba4660b","dataSourceKey":"main","timestamp":"2025-02-04 08:56:45"}
{"level":"info","message":"parseJsonTemplate.parsed","meta":{"createdById":13},"module":"users","submodule":"list","method":"","app":"main","reqId":"953f6d4c-68d2-4b37-b39d-91474ba4660b","dataSourceKey":"main","timestamp":"2025-02-04 08:56:45"}
{"level":"info","message":"parseJsonTemplate.raw","meta":{},"module":"roles","submodule":"list","method":"","app":"main","reqId":"c1aa62cb-7318-4e9f-b026-fc31519fce22","dataSourceKey":"main","timestamp":"2025-02-04 08:56:47"}
{"level":"info","message":"parseJsonTemplate.parsed","meta":{},"module":"roles","submodule":"list","method":"","app":"main","reqId":"c1aa62cb-7318-4e9f-b026-fc31519fce22","dataSourceKey":"main","timestamp":"2025-02-04 08:56:47"}
{"level":"info","message":"parseJsonTemplate.raw","meta":{"$and":[{"$and":[{"name.$ne":"roles"},{"name.$ne":"rolesUsers"}]},{"name.$ne":"users"}]},"module":"collections","submodule":"destroy","method":"","app":"main","reqId":"eaad7edf-413d-4011-a8a1-89b4ab9cba39","dataSourceKey":"main","timestamp":"2025-02-04 09:30:00"}
{"level":"info","message":"parseJsonTemplate.parsed","meta":{"$and":[{"$and":[{"name":{"$ne":"roles"}},{"name":{"$ne":"rolesUsers"}}]},{"name":{"$ne":"users"}}]},"module":"collections","submodule":"destroy","method":"","app":"main","reqId":"eaad7edf-413d-4011-a8a1-89b4ab9cba39","dataSourceKey":"main","timestamp":"2025-02-04 09:30:00"}
{"level":"info","message":"parseJsonTemplate.raw","meta":{"$and":[{"$and":[{"name.$ne":"roles"},{"name.$ne":"rolesUsers"}]},{"name.$ne":"users"}]},"module":"collections","submodule":"destroy","method":"","app":"main","reqId":"38395093-d9dd-4b2e-96aa-ea0a8a804c3f","dataSourceKey":"main","timestamp":"2025-02-04 09:30:04"}
{"level":"info","message":"parseJsonTemplate.parsed","meta":{"$and":[{"$and":[{"name":{"$ne":"roles"}},{"name":{"$ne":"rolesUsers"}}]},{"name":{"$ne":"users"}}]},"module":"collections","submodule":"destroy","method":"","app":"main","reqId":"38395093-d9dd-4b2e-96aa-ea0a8a804c3f","dataSourceKey":"main","timestamp":"2025-02-04 09:30:04"}
{"level":"info","message":"parseJsonTemplate.raw","meta":{"$and":[{"$and":[{"name.$ne":"roles"},{"name.$ne":"rolesUsers"}]},{"name.$ne":"users"}]},"module":"collections","submodule":"destroy","method":"","app":"main","reqId":"f19f5708-b39c-41d5-bec0-ca1f9bdd2f9f","dataSourceKey":"main","timestamp":"2025-02-04 09:30:14"}
{"level":"info","message":"parseJsonTemplate.parsed","meta":{"$and":[{"$and":[{"name":{"$ne":"roles"}},{"name":{"$ne":"rolesUsers"}}]},{"name":{"$ne":"users"}}]},"module":"collections","submodule":"destroy","method":"","app":"main","reqId":"f19f5708-b39c-41d5-bec0-ca1f9bdd2f9f","dataSourceKey":"main","timestamp":"2025-02-04 09:30:14"}
{"level":"info","message":"parseJsonTemplate.raw","meta":{"createdById":"{{ctx.state.currentUser.id}}"},"module":"attachments","submodule":"create","method":"","app":"main","reqId":"2ba8dcf3-1876-477b-a06b-83b009504671","dataSourceKey":"main","timestamp":"2025-02-04 09:58:50"}
{"level":"info","message":"parseJsonTemplate.parsed","meta":{"createdById":1},"module":"attachments","submodule":"create","method":"","app":"main","reqId":"2ba8dcf3-1876-477b-a06b-83b009504671","dataSourceKey":"main","timestamp":"2025-02-04 09:58:50"}
{"level":"info","message":"parseJsonTemplate.raw","meta":{"createdById":"{{ctx.state.currentUser.id}}"},"module":"attachments","submodule":"create","method":"","app":"main","reqId":"c53f36c0-7269-4fe2-97f4-b5a0be427781","dataSourceKey":"main","timestamp":"2025-02-04 10:00:46"}
{"level":"info","message":"parseJsonTemplate.parsed","meta":{"createdById":1},"module":"attachments","submodule":"create","method":"","app":"main","reqId":"c53f36c0-7269-4fe2-97f4-b5a0be427781","dataSourceKey":"main","timestamp":"2025-02-04 10:00:46"}
{"level":"info","message":"parseJsonTemplate.raw","meta":{"createdById":"{{ctx.state.currentUser.id}}"},"module":"attachments","submodule":"create","method":"","app":"main","reqId":"0bccc987-b082-4013-b553-1e48b23014ff","dataSourceKey":"main","timestamp":"2025-02-04 10:01:34"}
{"level":"info","message":"parseJsonTemplate.parsed","meta":{"createdById":1},"module":"attachments","submodule":"create","method":"","app":"main","reqId":"0bccc987-b082-4013-b553-1e48b23014ff","dataSourceKey":"main","timestamp":"2025-02-04 10:01:34"}
{"level":"info","message":"parseJsonTemplate.raw","meta":{"$and":[{"$and":[{"name.$ne":"roles"},{"name.$ne":"rolesUsers"}]},{"name.$ne":"users"}]},"module":"collections","submodule":"destroy","method":"","app":"main","reqId":"51cd7793-71ec-46c7-85c0-c5be9479baf3","dataSourceKey":"main","timestamp":"2025-02-04 11:22:39"}
{"level":"info","message":"parseJsonTemplate.parsed","meta":{"$and":[{"$and":[{"name":{"$ne":"roles"}},{"name":{"$ne":"rolesUsers"}}]},{"name":{"$ne":"users"}}]},"module":"collections","submodule":"destroy","method":"","app":"main","reqId":"51cd7793-71ec-46c7-85c0-c5be9479baf3","dataSourceKey":"main","timestamp":"2025-02-04 11:22:39"}
{"level":"info","message":"parseJsonTemplate.raw","meta":{},"module":"roles","submodule":"list","method":"","app":"main","reqId":"b3aa9f41-615a-4fcd-a9c8-09bb27854f05","dataSourceKey":"main","timestamp":"2025-02-04 12:24:50"}
{"level":"info","message":"parseJsonTemplate.parsed","meta":{},"module":"roles","submodule":"list","method":"","app":"main","reqId":"b3aa9f41-615a-4fcd-a9c8-09bb27854f05","dataSourceKey":"main","timestamp":"2025-02-04 12:24:50"}
{"level":"info","message":"parseJsonTemplate.raw","meta":{"createdById":"{{ ctx.state.currentUser.id }}"},"module":"users","submodule":"list","method":"","app":"main","reqId":"a97f2611-605a-4fb4-9aae-6bdc49e5a578","dataSourceKey":"main","timestamp":"2025-02-04 12:24:51"}
{"level":"info","message":"parseJsonTemplate.parsed","meta":{"createdById":13},"module":"users","submodule":"list","method":"","app":"main","reqId":"a97f2611-605a-4fb4-9aae-6bdc49e5a578","dataSourceKey":"main","timestamp":"2025-02-04 12:24:51"}
{"level":"info","message":"parseJsonTemplate.raw","meta":{"createdById":"{{ ctx.state.currentUser.id }}"},"module":"users","submodule":"list","method":"","app":"main","reqId":"ca8fb281-07d3-4b54-884e-c7a128ab1144","dataSourceKey":"main","timestamp":"2025-02-04 12:24:54"}
{"level":"info","message":"parseJsonTemplate.parsed","meta":{"createdById":13},"module":"users","submodule":"list","method":"","app":"main","reqId":"ca8fb281-07d3-4b54-884e-c7a128ab1144","dataSourceKey":"main","timestamp":"2025-02-04 12:24:54"}
{"level":"info","message":"parseJsonTemplate.raw","meta":{},"module":"roles","submodule":"list","method":"","app":"main","reqId":"a605fb18-1a95-428e-8bb6-51c15cfacbf6","dataSourceKey":"main","timestamp":"2025-02-04 12:24:59"}
{"level":"info","message":"parseJsonTemplate.parsed","meta":{},"module":"roles","submodule":"list","method":"","app":"main","reqId":"a605fb18-1a95-428e-8bb6-51c15cfacbf6","dataSourceKey":"main","timestamp":"2025-02-04 12:24:59"}
{"level":"info","message":"parseJsonTemplate.raw","meta":{},"module":"roles","submodule":"list","method":"","app":"main","reqId":"a1e7eb0f-ab3c-4bc6-afc1-196a6daefe46","dataSourceKey":"main","timestamp":"2025-02-04 12:40:32"}
{"level":"info","message":"parseJsonTemplate.parsed","meta":{},"module":"roles","submodule":"list","method":"","app":"main","reqId":"a1e7eb0f-ab3c-4bc6-afc1-196a6daefe46","dataSourceKey":"main","timestamp":"2025-02-04 12:40:32"}
{"level":"info","message":"restarting...","meta":{},"module":"application","submodule":"","method":"","app":"main","reqId":"30632b41-70dd-402a-a4ac-a2cc011a77ae","dataSourceKey":"main","timestamp":"2025-02-04 12:44:04"}
{"level":"info","message":"app.reload()","meta":{},"module":"application","submodule":"","method":"load","app":"main","reqId":"30632b41-70dd-402a-a4ac-a2cc011a77ae","dataSourceKey":"main","timestamp":"2025-02-04 12:44:04"}
{"level":"info","message":"write roles to ACL","meta":{},"module":"acl","submodule":"","method":"writeRolesToACL","app":"main","reqId":"2547b5ca-4dc7-4a7c-8fb6-67c5bfa1aa13","dataSourceKey":"main","timestamp":"2025-02-04 12:44:07"}
{"level":"info","message":"parseJsonTemplate.raw","meta":{"$and":[{"$and":[{"name.$ne":"roles"},{"name.$ne":"rolesUsers"}]},{"name.$ne":"users"}]},"module":"collections","submodule":"destroy","method":"","app":"main","reqId":"01a783b1-a3f6-4c90-a72a-d9cb3d6b95e7","dataSourceKey":"main","timestamp":"2025-02-04 16:44:12"}
{"level":"info","message":"parseJsonTemplate.parsed","meta":{"$and":[{"$and":[{"name":{"$ne":"roles"}},{"name":{"$ne":"rolesUsers"}}]},{"name":{"$ne":"users"}}]},"module":"collections","submodule":"destroy","method":"","app":"main","reqId":"01a783b1-a3f6-4c90-a72a-d9cb3d6b95e7","dataSourceKey":"main","timestamp":"2025-02-04 16:44:12"}
{"level":"info","message":"parseJsonTemplate.raw","meta":{"$and":[{"$and":[{"name.$ne":"roles"},{"name.$ne":"rolesUsers"}]},{"name.$ne":"users"}]},"module":"collections","submodule":"destroy","method":"","app":"main","reqId":"52945799-ca61-49a9-bac1-aaf47944f070","dataSourceKey":"main","timestamp":"2025-02-04 16:46:23"}
{"level":"info","message":"parseJsonTemplate.parsed","meta":{"$and":[{"$and":[{"name":{"$ne":"roles"}},{"name":{"$ne":"rolesUsers"}}]},{"name":{"$ne":"users"}}]},"module":"collections","submodule":"destroy","method":"","app":"main","reqId":"52945799-ca61-49a9-bac1-aaf47944f070","dataSourceKey":"main","timestamp":"2025-02-04 16:46:23"}
{"level":"info","message":"parseJsonTemplate.raw","meta":{"$and":[{"$and":[{"name.$ne":"roles"},{"name.$ne":"rolesUsers"}]},{"name.$ne":"users"}]},"module":"collections","submodule":"destroy","method":"","app":"main","reqId":"5773b92d-98e8-4e4a-a5e2-d55d4b7b769f","dataSourceKey":"main","timestamp":"2025-02-04 16:48:09"}
{"level":"info","message":"parseJsonTemplate.parsed","meta":{"$and":[{"$and":[{"name":{"$ne":"roles"}},{"name":{"$ne":"rolesUsers"}}]},{"name":{"$ne":"users"}}]},"module":"collections","submodule":"destroy","method":"","app":"main","reqId":"5773b92d-98e8-4e4a-a5e2-d55d4b7b769f","dataSourceKey":"main","timestamp":"2025-02-04 16:48:09"}
