{"level":"info","message":"parseJsonTemplate.raw","meta":{"$and":[{"$and":[{"name.$ne":"roles"},{"name.$ne":"rolesUsers"}]},{"name.$ne":"users"}]},"module":"collections","submodule":"destroy","method":"","app":"main","reqId":"9036b047-b776-4c21-bcf1-fb800e286bce","dataSourceKey":"main","timestamp":"2025-02-06 06:15:58"}
{"level":"info","message":"parseJsonTemplate.parsed","meta":{"$and":[{"$and":[{"name":{"$ne":"roles"}},{"name":{"$ne":"rolesUsers"}}]},{"name":{"$ne":"users"}}]},"module":"collections","submodule":"destroy","method":"","app":"main","reqId":"9036b047-b776-4c21-bcf1-fb800e286bce","dataSourceKey":"main","timestamp":"2025-02-06 06:15:58"}
{"level":"info","message":"add app main into supervisor","meta":{},"module":"application","submodule":"supervisor","method":"addApp","app":"main","reqId":"ff4a905e-e1fe-4c7d-a31b-c0c6e9444824","dataSourceKey":"main","timestamp":"2025-02-06 06:18:58"}
{"level":"info","message":"connection has been established successfully.","meta":{},"module":"database","submodule":"","method":"auth","app":"main","reqId":"ff4a905e-e1fe-4c7d-a31b-c0c6e9444824","dataSourceKey":"main","timestamp":"2025-02-06 06:18:58"}
{"level":"info","message":"upgrading...","meta":{},"module":"application","submodule":"","method":"","app":"main","reqId":"ff4a905e-e1fe-4c7d-a31b-c0c6e9444824","dataSourceKey":"main","timestamp":"2025-02-06 06:18:58"}
{"level":"info","message":"run upgrade","meta":{},"module":"application","submodule":"","method":"","app":"main","reqId":"ff4a905e-e1fe-4c7d-a31b-c0c6e9444824","dataSourceKey":"main","timestamp":"2025-02-06 06:18:59"}
{"level":"info","message":"update built-in plugins","meta":{},"module":"nocobase","submodule":"","method":"","app":"main","reqId":"ff4a905e-e1fe-4c7d-a31b-c0c6e9444824","dataSourceKey":"main","timestamp":"2025-02-06 06:18:59"}
{"level":"info","message":"run upgrade","meta":{},"module":"application","submodule":"","method":"","app":"main","reqId":"ff4a905e-e1fe-4c7d-a31b-c0c6e9444824","dataSourceKey":"main","timestamp":"2025-02-06 06:19:03"}
{"level":"info","message":"restarting...","meta":{},"module":"application","submodule":"","method":"","app":"main","reqId":"ff4a905e-e1fe-4c7d-a31b-c0c6e9444824","dataSourceKey":"main","timestamp":"2025-02-06 06:19:03"}
{"level":"info","message":"app.reload()","meta":{},"module":"application","submodule":"","method":"load","app":"main","reqId":"ff4a905e-e1fe-4c7d-a31b-c0c6e9444824","dataSourceKey":"main","timestamp":"2025-02-06 06:19:03"}
{"level":"info","message":"write roles to ACL","meta":{},"module":"acl","submodule":"","method":"writeRolesToACL","app":"main","reqId":"ff4a905e-e1fe-4c7d-a31b-c0c6e9444824","dataSourceKey":"main","timestamp":"2025-02-06 06:19:05"}
{"level":"info","message":"app has been started","meta":{},"module":"application","submodule":"","method":"","app":"main","reqId":"ff4a905e-e1fe-4c7d-a31b-c0c6e9444824","dataSourceKey":"main","timestamp":"2025-02-06 06:19:05"}
{"level":"info","message":"parseJsonTemplate.raw","meta":{"createdById":"{{ ctx.state.currentUser.id }}"},"module":"users","submodule":"list","method":"","app":"main","reqId":"3c034050-6611-4b50-83c9-88942a05ea9f","dataSourceKey":"main","timestamp":"2025-02-06 09:25:17"}
{"level":"info","message":"parseJsonTemplate.parsed","meta":{"createdById":7},"module":"users","submodule":"list","method":"","app":"main","reqId":"3c034050-6611-4b50-83c9-88942a05ea9f","dataSourceKey":"main","timestamp":"2025-02-06 09:25:17"}
{"level":"info","message":"parseJsonTemplate.raw","meta":{"$and":[{"$and":[{"name.$ne":"roles"},{"name.$ne":"rolesUsers"}]},{"name.$ne":"users"}]},"module":"collections","submodule":"destroy","method":"","app":"main","reqId":"a79cfce1-5fa9-412a-9e9e-18bc52c765d8","dataSourceKey":"main","timestamp":"2025-02-06 10:38:35"}
{"level":"info","message":"parseJsonTemplate.parsed","meta":{"$and":[{"$and":[{"name":{"$ne":"roles"}},{"name":{"$ne":"rolesUsers"}}]},{"name":{"$ne":"users"}}]},"module":"collections","submodule":"destroy","method":"","app":"main","reqId":"a79cfce1-5fa9-412a-9e9e-18bc52c765d8","dataSourceKey":"main","timestamp":"2025-02-06 10:38:35"}
{"level":"info","message":"add app main into supervisor","meta":{},"module":"application","submodule":"supervisor","method":"addApp","app":"main","reqId":"74a31622-d6d2-4438-b4eb-d771c6290334","dataSourceKey":"main","timestamp":"2025-02-06 12:10:08"}
{"level":"info","message":"connection has been established successfully.","meta":{},"module":"database","submodule":"","method":"auth","app":"main","reqId":"74a31622-d6d2-4438-b4eb-d771c6290334","dataSourceKey":"main","timestamp":"2025-02-06 12:10:10"}
{"level":"info","message":"upgrading...","meta":{},"module":"application","submodule":"","method":"","app":"main","reqId":"74a31622-d6d2-4438-b4eb-d771c6290334","dataSourceKey":"main","timestamp":"2025-02-06 12:10:10"}
{"level":"info","message":"run upgrade","meta":{},"module":"application","submodule":"","method":"","app":"main","reqId":"74a31622-d6d2-4438-b4eb-d771c6290334","dataSourceKey":"main","timestamp":"2025-02-06 12:10:11"}
{"level":"info","message":"update built-in plugins","meta":{},"module":"nocobase","submodule":"","method":"","app":"main","reqId":"74a31622-d6d2-4438-b4eb-d771c6290334","dataSourceKey":"main","timestamp":"2025-02-06 12:10:11"}
{"level":"info","message":"run upgrade","meta":{},"module":"application","submodule":"","method":"","app":"main","reqId":"74a31622-d6d2-4438-b4eb-d771c6290334","dataSourceKey":"main","timestamp":"2025-02-06 12:10:14"}
{"level":"info","message":"restarting...","meta":{},"module":"application","submodule":"","method":"","app":"main","reqId":"74a31622-d6d2-4438-b4eb-d771c6290334","dataSourceKey":"main","timestamp":"2025-02-06 12:10:14"}
{"level":"info","message":"app.reload()","meta":{},"module":"application","submodule":"","method":"load","app":"main","reqId":"74a31622-d6d2-4438-b4eb-d771c6290334","dataSourceKey":"main","timestamp":"2025-02-06 12:10:14"}
{"level":"info","message":"write roles to ACL","meta":{},"module":"acl","submodule":"","method":"writeRolesToACL","app":"main","reqId":"74a31622-d6d2-4438-b4eb-d771c6290334","dataSourceKey":"main","timestamp":"2025-02-06 12:10:16"}
{"level":"info","message":"app has been started","meta":{},"module":"application","submodule":"","method":"","app":"main","reqId":"74a31622-d6d2-4438-b4eb-d771c6290334","dataSourceKey":"main","timestamp":"2025-02-06 12:10:16"}
