{"level":"info","message":"add app main into supervisor","meta":{},"module":"application","submodule":"supervisor","method":"addApp","app":"main","reqId":"65422350-fdc9-44c9-821b-a3e016c19549","dataSourceKey":"main","timestamp":"2025-02-03 07:06:34"}
{"level":"info","message":"connection has been established successfully.","meta":{},"module":"database","submodule":"","method":"auth","app":"main","reqId":"65422350-fdc9-44c9-821b-a3e016c19549","dataSourceKey":"main","timestamp":"2025-02-03 07:06:34"}
{"level":"info","message":"start install built-in plugins","meta":{},"module":"nocobase","submodule":"","method":"","app":"main","reqId":"65422350-fdc9-44c9-821b-a3e016c19549","dataSourceKey":"main","timestamp":"2025-02-03 07:06:35"}
{"level":"info","message":"finish install built-in plugins","meta":{},"module":"nocobase","submodule":"","method":"","app":"main","reqId":"65422350-fdc9-44c9-821b-a3e016c19549","dataSourceKey":"main","timestamp":"2025-02-03 07:06:39"}
{"level":"info","message":"restarting...","meta":{},"module":"application","submodule":"","method":"","app":"main","reqId":"65422350-fdc9-44c9-821b-a3e016c19549","dataSourceKey":"main","timestamp":"2025-02-03 07:06:39"}
{"level":"info","message":"app.reload()","meta":{},"module":"application","submodule":"","method":"load","app":"main","reqId":"65422350-fdc9-44c9-821b-a3e016c19549","dataSourceKey":"main","timestamp":"2025-02-03 07:06:39"}
{"level":"info","message":"write roles to ACL","meta":{},"module":"acl","submodule":"","method":"writeRolesToACL","app":"main","reqId":"65422350-fdc9-44c9-821b-a3e016c19549","dataSourceKey":"main","timestamp":"2025-02-03 07:06:41"}
{"level":"info","message":"app has been started","meta":{},"module":"application","submodule":"","method":"","app":"main","reqId":"65422350-fdc9-44c9-821b-a3e016c19549","dataSourceKey":"main","timestamp":"2025-02-03 07:06:41"}
{"level":"info","message":"parseJsonTemplate.raw","meta":{"$and":[{"$and":[{"name.$ne":"roles"},{"name.$ne":"rolesUsers"}]},{"name.$ne":"users"}]},"module":"collections","submodule":"destroy","method":"","app":"main","reqId":"98731494-925c-4814-89af-87a09e3fb899","dataSourceKey":"main","timestamp":"2025-02-03 09:54:16"}
{"level":"info","message":"parseJsonTemplate.parsed","meta":{"$and":[{"$and":[{"name":{"$ne":"roles"}},{"name":{"$ne":"rolesUsers"}}]},{"name":{"$ne":"users"}}]},"module":"collections","submodule":"destroy","method":"","app":"main","reqId":"98731494-925c-4814-89af-87a09e3fb899","dataSourceKey":"main","timestamp":"2025-02-03 09:54:16"}
{"level":"info","message":"parseJsonTemplate.raw","meta":{"$and":[{"$and":[{"name.$ne":"roles"},{"name.$ne":"rolesUsers"}]},{"name.$ne":"users"}]},"module":"collections","submodule":"destroy","method":"","app":"main","reqId":"9c82d4a8-6cac-40ce-a8e8-05e6a490a940","dataSourceKey":"main","timestamp":"2025-02-03 09:59:15"}
{"level":"info","message":"parseJsonTemplate.parsed","meta":{"$and":[{"$and":[{"name":{"$ne":"roles"}},{"name":{"$ne":"rolesUsers"}}]},{"name":{"$ne":"users"}}]},"module":"collections","submodule":"destroy","method":"","app":"main","reqId":"9c82d4a8-6cac-40ce-a8e8-05e6a490a940","dataSourceKey":"main","timestamp":"2025-02-03 09:59:15"}
{"level":"info","message":"restarting...","meta":{},"module":"application","submodule":"","method":"","app":"main","reqId":"65422350-fdc9-44c9-821b-a3e016c19549","dataSourceKey":"main","timestamp":"2025-02-03 10:01:17"}
{"level":"info","message":"app.reload()","meta":{},"module":"application","submodule":"","method":"load","app":"main","reqId":"65422350-fdc9-44c9-821b-a3e016c19549","dataSourceKey":"main","timestamp":"2025-02-03 10:01:17"}
{"level":"info","message":"write roles to ACL","meta":{},"module":"acl","submodule":"","method":"writeRolesToACL","app":"main","reqId":"e1fafa9a-6acb-47bd-9cad-0e07cd14ce67","dataSourceKey":"main","timestamp":"2025-02-03 10:01:19"}
{"level":"info","message":"restarting...","meta":{},"module":"application","submodule":"","method":"","app":"main","reqId":"e1fafa9a-6acb-47bd-9cad-0e07cd14ce67","dataSourceKey":"main","timestamp":"2025-02-03 10:13:34"}
{"level":"info","message":"app.reload()","meta":{},"module":"application","submodule":"","method":"load","app":"main","reqId":"e1fafa9a-6acb-47bd-9cad-0e07cd14ce67","dataSourceKey":"main","timestamp":"2025-02-03 10:13:34"}
{"level":"info","message":"write roles to ACL","meta":{},"module":"acl","submodule":"","method":"writeRolesToACL","app":"main","reqId":"5a6e93a7-c28a-4759-8354-4099023cc4e4","dataSourceKey":"main","timestamp":"2025-02-03 10:13:36"}
{"level":"info","message":"parseJsonTemplate.raw","meta":{"createdById":"{{ ctx.state.currentUser.id }}"},"module":"users","submodule":"list","method":"","app":"main","reqId":"200bea28-7a5c-422c-9adf-c6d79da54107","dataSourceKey":"main","timestamp":"2025-02-03 16:50:09"}
{"level":"info","message":"parseJsonTemplate.parsed","meta":{"createdById":17},"module":"users","submodule":"list","method":"","app":"main","reqId":"200bea28-7a5c-422c-9adf-c6d79da54107","dataSourceKey":"main","timestamp":"2025-02-03 16:50:09"}
{"level":"info","message":"parseJsonTemplate.raw","meta":{"createdById":"{{ctx.state.currentUser.id}}"},"module":"attachments","submodule":"create","method":"","app":"main","reqId":"fc845ba2-8abe-41f5-be90-b0d684421a92","dataSourceKey":"main","timestamp":"2025-02-03 16:53:28"}
{"level":"info","message":"parseJsonTemplate.parsed","meta":{"createdById":1},"module":"attachments","submodule":"create","method":"","app":"main","reqId":"fc845ba2-8abe-41f5-be90-b0d684421a92","dataSourceKey":"main","timestamp":"2025-02-03 16:53:28"}
{"level":"info","message":"parseJsonTemplate.raw","meta":{"createdById":"{{ctx.state.currentUser.id}}"},"module":"attachments","submodule":"create","method":"","app":"main","reqId":"9e457207-f244-41cc-8c8a-9e3a816cc495","dataSourceKey":"main","timestamp":"2025-02-03 17:38:37"}
{"level":"info","message":"parseJsonTemplate.parsed","meta":{"createdById":1},"module":"attachments","submodule":"create","method":"","app":"main","reqId":"9e457207-f244-41cc-8c8a-9e3a816cc495","dataSourceKey":"main","timestamp":"2025-02-03 17:38:37"}
{"level":"info","message":"parseJsonTemplate.raw","meta":{"createdById":"{{ctx.state.currentUser.id}}"},"module":"attachments","submodule":"create","method":"","app":"main","reqId":"9318990b-e4bb-456f-bcb3-024a56833f15","dataSourceKey":"main","timestamp":"2025-02-03 17:38:54"}
{"level":"info","message":"parseJsonTemplate.parsed","meta":{"createdById":1},"module":"attachments","submodule":"create","method":"","app":"main","reqId":"9318990b-e4bb-456f-bcb3-024a56833f15","dataSourceKey":"main","timestamp":"2025-02-03 17:38:54"}
