{"level":"info","message":"parseJsonTemplate.raw","meta":{"createdById":"{{ ctx.state.currentUser.id }}"},"module":"users","submodule":"list","method":"","app":"main","reqId":"76dab63e-e4e9-4f36-a27a-ceae2fdf6cff","dataSourceKey":"main","timestamp":"2025-02-05 04:19:43"}
{"level":"info","message":"parseJsonTemplate.parsed","meta":{"createdById":13},"module":"users","submodule":"list","method":"","app":"main","reqId":"76dab63e-e4e9-4f36-a27a-ceae2fdf6cff","dataSourceKey":"main","timestamp":"2025-02-05 04:19:43"}
{"level":"info","message":"parseJsonTemplate.raw","meta":{"createdById":"{{ ctx.state.currentUser.id }}"},"module":"users","submodule":"list","method":"","app":"main","reqId":"42ada808-ec1b-4697-a307-f9d8b532fd27","dataSourceKey":"main","timestamp":"2025-02-05 04:19:57"}
{"level":"info","message":"parseJsonTemplate.parsed","meta":{"createdById":13},"module":"users","submodule":"list","method":"","app":"main","reqId":"42ada808-ec1b-4697-a307-f9d8b532fd27","dataSourceKey":"main","timestamp":"2025-02-05 04:19:57"}
{"level":"info","message":"parseJsonTemplate.raw","meta":{"createdById":"{{ ctx.state.currentUser.id }}"},"module":"users","submodule":"list","method":"","app":"main","reqId":"8613fd1a-81c2-40ca-b85b-5aa312f1ce71","dataSourceKey":"main","timestamp":"2025-02-05 04:20:02"}
{"level":"info","message":"parseJsonTemplate.parsed","meta":{"createdById":13},"module":"users","submodule":"list","method":"","app":"main","reqId":"8613fd1a-81c2-40ca-b85b-5aa312f1ce71","dataSourceKey":"main","timestamp":"2025-02-05 04:20:02"}
{"level":"info","message":"parseJsonTemplate.raw","meta":{"createdById":"{{ ctx.state.currentUser.id }}"},"module":"users","submodule":"list","method":"","app":"main","reqId":"dbdc789c-fcf2-4a9e-bdae-ac039127af67","dataSourceKey":"main","timestamp":"2025-02-05 04:20:03"}
{"level":"info","message":"parseJsonTemplate.parsed","meta":{"createdById":13},"module":"users","submodule":"list","method":"","app":"main","reqId":"dbdc789c-fcf2-4a9e-bdae-ac039127af67","dataSourceKey":"main","timestamp":"2025-02-05 04:20:03"}
{"level":"info","message":"parseJsonTemplate.raw","meta":{"$and":[{"$and":[{"name.$ne":"roles"},{"name.$ne":"rolesUsers"}]},{"name.$ne":"users"}]},"module":"collections","submodule":"destroy","method":"","app":"main","reqId":"3ec61c3c-199a-4925-9db4-83abe99e71ce","dataSourceKey":"main","timestamp":"2025-02-05 06:03:04"}
{"level":"info","message":"parseJsonTemplate.parsed","meta":{"$and":[{"$and":[{"name":{"$ne":"roles"}},{"name":{"$ne":"rolesUsers"}}]},{"name":{"$ne":"users"}}]},"module":"collections","submodule":"destroy","method":"","app":"main","reqId":"3ec61c3c-199a-4925-9db4-83abe99e71ce","dataSourceKey":"main","timestamp":"2025-02-05 06:03:04"}
{"level":"info","message":"parseJsonTemplate.raw","meta":{"$and":[{"$and":[{"name.$ne":"roles"},{"name.$ne":"rolesUsers"}]},{"name.$ne":"users"}]},"module":"collections","submodule":"destroy","method":"","app":"main","reqId":"a4d3414c-8403-4997-b6f9-15a34fc509ac","dataSourceKey":"main","timestamp":"2025-02-05 07:46:13"}
{"level":"info","message":"parseJsonTemplate.parsed","meta":{"$and":[{"$and":[{"name":{"$ne":"roles"}},{"name":{"$ne":"rolesUsers"}}]},{"name":{"$ne":"users"}}]},"module":"collections","submodule":"destroy","method":"","app":"main","reqId":"a4d3414c-8403-4997-b6f9-15a34fc509ac","dataSourceKey":"main","timestamp":"2025-02-05 07:46:13"}
{"level":"info","message":"parseJsonTemplate.raw","meta":{"$and":[{"$and":[{"name.$ne":"roles"},{"name.$ne":"rolesUsers"}]},{"name.$ne":"users"}]},"module":"collections","submodule":"destroy","method":"","app":"main","reqId":"6600e610-c061-44e4-b190-3864bbc4d20b","dataSourceKey":"main","timestamp":"2025-02-05 07:57:50"}
{"level":"info","message":"parseJsonTemplate.parsed","meta":{"$and":[{"$and":[{"name":{"$ne":"roles"}},{"name":{"$ne":"rolesUsers"}}]},{"name":{"$ne":"users"}}]},"module":"collections","submodule":"destroy","method":"","app":"main","reqId":"6600e610-c061-44e4-b190-3864bbc4d20b","dataSourceKey":"main","timestamp":"2025-02-05 07:57:50"}
{"level":"info","message":"parseJsonTemplate.raw","meta":{"createdById":"{{ ctx.state.currentUser.id }}"},"module":"users","submodule":"list","method":"","app":"main","reqId":"16bcf203-04e3-4d8c-9a30-65f0f688419c","dataSourceKey":"main","timestamp":"2025-02-05 08:09:01"}
{"level":"info","message":"parseJsonTemplate.parsed","meta":{"createdById":13},"module":"users","submodule":"list","method":"","app":"main","reqId":"16bcf203-04e3-4d8c-9a30-65f0f688419c","dataSourceKey":"main","timestamp":"2025-02-05 08:09:01"}
{"level":"info","message":"add app main into supervisor","meta":{},"module":"application","submodule":"supervisor","method":"addApp","app":"main","reqId":"bbfef1d0-1626-40a0-b2e2-39ba97a24d80","dataSourceKey":"main","timestamp":"2025-02-05 08:12:22"}
{"level":"info","message":"connection has been established successfully.","meta":{},"module":"database","submodule":"","method":"auth","app":"main","reqId":"bbfef1d0-1626-40a0-b2e2-39ba97a24d80","dataSourceKey":"main","timestamp":"2025-02-05 08:12:22"}
{"level":"info","message":"upgrading...","meta":{},"module":"application","submodule":"","method":"","app":"main","reqId":"bbfef1d0-1626-40a0-b2e2-39ba97a24d80","dataSourceKey":"main","timestamp":"2025-02-05 08:12:22"}
{"level":"info","message":"run upgrade","meta":{},"module":"application","submodule":"","method":"","app":"main","reqId":"bbfef1d0-1626-40a0-b2e2-39ba97a24d80","dataSourceKey":"main","timestamp":"2025-02-05 08:12:23"}
{"level":"info","message":"update built-in plugins","meta":{},"module":"nocobase","submodule":"","method":"","app":"main","reqId":"bbfef1d0-1626-40a0-b2e2-39ba97a24d80","dataSourceKey":"main","timestamp":"2025-02-05 08:12:23"}
{"level":"info","message":"run upgrade","meta":{},"module":"application","submodule":"","method":"","app":"main","reqId":"bbfef1d0-1626-40a0-b2e2-39ba97a24d80","dataSourceKey":"main","timestamp":"2025-02-05 08:12:26"}
{"level":"info","message":"restarting...","meta":{},"module":"application","submodule":"","method":"","app":"main","reqId":"bbfef1d0-1626-40a0-b2e2-39ba97a24d80","dataSourceKey":"main","timestamp":"2025-02-05 08:12:26"}
{"level":"info","message":"app.reload()","meta":{},"module":"application","submodule":"","method":"load","app":"main","reqId":"bbfef1d0-1626-40a0-b2e2-39ba97a24d80","dataSourceKey":"main","timestamp":"2025-02-05 08:12:26"}
{"level":"info","message":"write roles to ACL","meta":{},"module":"acl","submodule":"","method":"writeRolesToACL","app":"main","reqId":"bbfef1d0-1626-40a0-b2e2-39ba97a24d80","dataSourceKey":"main","timestamp":"2025-02-05 08:12:28"}
{"level":"info","message":"app has been started","meta":{},"module":"application","submodule":"","method":"","app":"main","reqId":"bbfef1d0-1626-40a0-b2e2-39ba97a24d80","dataSourceKey":"main","timestamp":"2025-02-05 08:12:29"}
{"level":"info","message":"parseJsonTemplate.raw","meta":{"createdById":"{{ ctx.state.currentUser.id }}"},"module":"users","submodule":"list","method":"","app":"main","reqId":"7b2ae7ed-cb44-4b42-a3ab-dcbf16b7eb96","dataSourceKey":"main","timestamp":"2025-02-05 08:26:16"}
{"level":"info","message":"parseJsonTemplate.parsed","meta":{"createdById":13},"module":"users","submodule":"list","method":"","app":"main","reqId":"7b2ae7ed-cb44-4b42-a3ab-dcbf16b7eb96","dataSourceKey":"main","timestamp":"2025-02-05 08:26:16"}
{"level":"info","message":"parseJsonTemplate.raw","meta":{"$and":[{"$and":[{"name.$ne":"roles"},{"name.$ne":"rolesUsers"}]},{"name.$ne":"users"}]},"module":"collections","submodule":"destroy","method":"","app":"main","reqId":"f714f212-731c-44c9-852d-777a048676ed","dataSourceKey":"main","timestamp":"2025-02-05 10:43:56"}
{"level":"info","message":"parseJsonTemplate.parsed","meta":{"$and":[{"$and":[{"name":{"$ne":"roles"}},{"name":{"$ne":"rolesUsers"}}]},{"name":{"$ne":"users"}}]},"module":"collections","submodule":"destroy","method":"","app":"main","reqId":"f714f212-731c-44c9-852d-777a048676ed","dataSourceKey":"main","timestamp":"2025-02-05 10:43:56"}
{"level":"info","message":"parseJsonTemplate.raw","meta":{"createdById":"{{ ctx.state.currentUser.id }}"},"module":"users","submodule":"list","method":"","app":"main","reqId":"bd30a195-6efd-4442-bc00-d2180852a825","dataSourceKey":"main","timestamp":"2025-02-05 13:00:05"}
{"level":"info","message":"parseJsonTemplate.parsed","meta":{"createdById":13},"module":"users","submodule":"list","method":"","app":"main","reqId":"bd30a195-6efd-4442-bc00-d2180852a825","dataSourceKey":"main","timestamp":"2025-02-05 13:00:05"}
{"level":"info","message":"parseJsonTemplate.raw","meta":{"createdById":"{{ ctx.state.currentUser.id }}"},"module":"users","submodule":"list","method":"","app":"main","reqId":"76540008-c6ad-4954-bc81-f1c282bd3368","dataSourceKey":"main","timestamp":"2025-02-05 13:47:18"}
{"level":"info","message":"parseJsonTemplate.parsed","meta":{"createdById":13},"module":"users","submodule":"list","method":"","app":"main","reqId":"76540008-c6ad-4954-bc81-f1c282bd3368","dataSourceKey":"main","timestamp":"2025-02-05 13:47:18"}
{"level":"info","message":"parseJsonTemplate.raw","meta":{"createdById":"{{ ctx.state.currentUser.id }}"},"module":"users","submodule":"list","method":"","app":"main","reqId":"ba2b390d-a5e0-4757-9fce-fb226156c745","dataSourceKey":"main","timestamp":"2025-02-05 13:47:20"}
{"level":"info","message":"parseJsonTemplate.parsed","meta":{"createdById":13},"module":"users","submodule":"list","method":"","app":"main","reqId":"ba2b390d-a5e0-4757-9fce-fb226156c745","dataSourceKey":"main","timestamp":"2025-02-05 13:47:20"}
{"level":"info","message":"parseJsonTemplate.raw","meta":{"createdById":"{{ ctx.state.currentUser.id }}"},"module":"users","submodule":"list","method":"","app":"main","reqId":"ca026c48-07f5-46d7-af05-017f1e1051b1","dataSourceKey":"main","timestamp":"2025-02-05 15:25:28"}
{"level":"info","message":"parseJsonTemplate.parsed","meta":{"createdById":30},"module":"users","submodule":"list","method":"","app":"main","reqId":"ca026c48-07f5-46d7-af05-017f1e1051b1","dataSourceKey":"main","timestamp":"2025-02-05 15:25:28"}
{"level":"info","message":"parseJsonTemplate.raw","meta":{"createdById":"{{ ctx.state.currentUser.id }}"},"module":"users","submodule":"list","method":"","app":"main","reqId":"d29c3ec2-16f8-44c9-b1ab-08f26fd878f4","dataSourceKey":"main","timestamp":"2025-02-05 15:25:30"}
{"level":"info","message":"parseJsonTemplate.parsed","meta":{"createdById":30},"module":"users","submodule":"list","method":"","app":"main","reqId":"d29c3ec2-16f8-44c9-b1ab-08f26fd878f4","dataSourceKey":"main","timestamp":"2025-02-05 15:25:30"}
{"level":"info","message":"parseJsonTemplate.raw","meta":{"createdById":"{{ ctx.state.currentUser.id }}"},"module":"users","submodule":"list","method":"","app":"main","reqId":"a5168244-141b-4318-afd2-4ff14a3b6c93","dataSourceKey":"main","timestamp":"2025-02-05 16:06:47"}
{"level":"info","message":"parseJsonTemplate.parsed","meta":{"createdById":30},"module":"users","submodule":"list","method":"","app":"main","reqId":"a5168244-141b-4318-afd2-4ff14a3b6c93","dataSourceKey":"main","timestamp":"2025-02-05 16:06:47"}
{"level":"info","message":"parseJsonTemplate.raw","meta":{"id.$ne":1},"module":"users","submodule":"destroy","method":"","app":"main","reqId":"adc6a7a2-7103-49c1-b265-17122ad1e0e1","dataSourceKey":"main","timestamp":"2025-02-05 16:07:30"}
{"level":"info","message":"parseJsonTemplate.parsed","meta":{"id":{"$ne":1}},"module":"users","submodule":"destroy","method":"","app":"main","reqId":"adc6a7a2-7103-49c1-b265-17122ad1e0e1","dataSourceKey":"main","timestamp":"2025-02-05 16:07:30"}
{"level":"info","message":"parseJsonTemplate.raw","meta":{"createdById":"{{ ctx.state.currentUser.id }}"},"module":"users","submodule":"list","method":"","app":"main","reqId":"e19774e1-f75d-48c7-88e3-563cb2e47acc","dataSourceKey":"main","timestamp":"2025-02-05 16:11:58"}
{"level":"info","message":"parseJsonTemplate.parsed","meta":{"createdById":7},"module":"users","submodule":"list","method":"","app":"main","reqId":"e19774e1-f75d-48c7-88e3-563cb2e47acc","dataSourceKey":"main","timestamp":"2025-02-05 16:11:58"}
{"level":"info","message":"restarting...","meta":{},"module":"application","submodule":"","method":"","app":"main","reqId":"bbfef1d0-1626-40a0-b2e2-39ba97a24d80","dataSourceKey":"main","timestamp":"2025-02-05 16:51:54"}
{"level":"info","message":"app.reload()","meta":{},"module":"application","submodule":"","method":"load","app":"main","reqId":"bbfef1d0-1626-40a0-b2e2-39ba97a24d80","dataSourceKey":"main","timestamp":"2025-02-05 16:51:54"}
{"level":"info","message":"write roles to ACL","meta":{},"module":"acl","submodule":"","method":"writeRolesToACL","app":"main","reqId":"0f7649e8-338b-4b0c-a518-059cb71db9ae","dataSourceKey":"main","timestamp":"2025-02-05 16:51:57"}
{"level":"info","message":"restarting...","meta":{},"module":"application","submodule":"","method":"","app":"main","reqId":"0f7649e8-338b-4b0c-a518-059cb71db9ae","dataSourceKey":"main","timestamp":"2025-02-05 16:52:25"}
{"level":"info","message":"app.reload()","meta":{},"module":"application","submodule":"","method":"load","app":"main","reqId":"0f7649e8-338b-4b0c-a518-059cb71db9ae","dataSourceKey":"main","timestamp":"2025-02-05 16:52:25"}
{"level":"info","message":"write roles to ACL","meta":{},"module":"acl","submodule":"","method":"writeRolesToACL","app":"main","reqId":"3389811b-f04e-4e6d-9026-6d2f8393ba6f","dataSourceKey":"main","timestamp":"2025-02-05 16:52:26"}
{"level":"info","message":"parseJsonTemplate.raw","meta":{"$and":[{"$and":[{"name.$ne":"roles"},{"name.$ne":"rolesUsers"}]},{"name.$ne":"users"}]},"module":"collections","submodule":"destroy","method":"","app":"main","reqId":"0235acae-e7ed-4e4e-bf2c-e24ed2b06ee5","dataSourceKey":"main","timestamp":"2025-02-05 17:15:53"}
{"level":"info","message":"parseJsonTemplate.parsed","meta":{"$and":[{"$and":[{"name":{"$ne":"roles"}},{"name":{"$ne":"rolesUsers"}}]},{"name":{"$ne":"users"}}]},"module":"collections","submodule":"destroy","method":"","app":"main","reqId":"0235acae-e7ed-4e4e-bf2c-e24ed2b06ee5","dataSourceKey":"main","timestamp":"2025-02-05 17:15:53"}
