{"level":"info","message":"parseJsonTemplate.raw","meta":{},"module":"t_1rodgl8478i/37/repositories","submodule":"list","method":"","app":"main","reqId":"39616dd3-b6ca-471f-a91e-0e66a7e94de5","dataSourceKey":"main","timestamp":"2025-02-14 04:28:18"}
{"level":"info","message":"parseJsonTemplate.parsed","meta":{},"module":"t_1rodgl8478i/37/repositories","submodule":"list","method":"","app":"main","reqId":"39616dd3-b6ca-471f-a91e-0e66a7e94de5","dataSourceKey":"main","timestamp":"2025-02-14 04:28:19"}
{"level":"info","message":"parseJsonTemplate.raw","meta":{},"module":"t_1rodgl8478i","submodule":"list","method":"","app":"main","reqId":"6468ffc5-3a84-4b60-a97d-8a518e016aad","dataSourceKey":"main","timestamp":"2025-02-14 04:28:41"}
{"level":"info","message":"parseJsonTemplate.parsed","meta":{},"module":"t_1rodgl8478i","submodule":"list","method":"","app":"main","reqId":"6468ffc5-3a84-4b60-a97d-8a518e016aad","dataSourceKey":"main","timestamp":"2025-02-14 04:28:41"}
{"level":"info","message":"parseJsonTemplate.raw","meta":{},"module":"repositories","submodule":"list","method":"","app":"main","reqId":"7593422a-8660-4688-9ff6-13bbe5bfcab9","dataSourceKey":"main","timestamp":"2025-02-14 04:28:41"}
{"level":"info","message":"parseJsonTemplate.parsed","meta":{},"module":"repositories","submodule":"list","method":"","app":"main","reqId":"7593422a-8660-4688-9ff6-13bbe5bfcab9","dataSourceKey":"main","timestamp":"2025-02-14 04:28:41"}
{"level":"info","message":"parseJsonTemplate.raw","meta":{},"module":"t_1rodgl8478i","submodule":"list","method":"","app":"main","reqId":"e1f4369e-7d27-4bce-85c6-15ad3b730e41","dataSourceKey":"main","timestamp":"2025-02-14 04:28:42"}
{"level":"info","message":"parseJsonTemplate.parsed","meta":{},"module":"t_1rodgl8478i","submodule":"list","method":"","app":"main","reqId":"e1f4369e-7d27-4bce-85c6-15ad3b730e41","dataSourceKey":"main","timestamp":"2025-02-14 04:28:42"}
{"level":"info","message":"parseJsonTemplate.raw","meta":{},"module":"repositories","submodule":"list","method":"","app":"main","reqId":"f71fc7ae-693b-466b-8e80-01c82d45594f","dataSourceKey":"main","timestamp":"2025-02-14 04:28:45"}
{"level":"info","message":"parseJsonTemplate.parsed","meta":{},"module":"repositories","submodule":"list","method":"","app":"main","reqId":"f71fc7ae-693b-466b-8e80-01c82d45594f","dataSourceKey":"main","timestamp":"2025-02-14 04:28:45"}
{"level":"info","message":"parseJsonTemplate.raw","meta":{},"module":"repositories","submodule":"list","method":"","app":"main","reqId":"0f3905c4-8cef-4802-8fd8-cac606649471","dataSourceKey":"main","timestamp":"2025-02-14 04:39:58"}
{"level":"info","message":"parseJsonTemplate.parsed","meta":{},"module":"repositories","submodule":"list","method":"","app":"main","reqId":"0f3905c4-8cef-4802-8fd8-cac606649471","dataSourceKey":"main","timestamp":"2025-02-14 04:39:58"}
{"level":"info","message":"parseJsonTemplate.raw","meta":{},"module":"repositories","submodule":"destroy","method":"","app":"main","reqId":"4c23b164-fbb4-4755-bd60-df1ef554a9be","dataSourceKey":"main","timestamp":"2025-02-14 04:44:09"}
{"level":"info","message":"parseJsonTemplate.parsed","meta":{},"module":"repositories","submodule":"destroy","method":"","app":"main","reqId":"4c23b164-fbb4-4755-bd60-df1ef554a9be","dataSourceKey":"main","timestamp":"2025-02-14 04:44:09"}
{"level":"info","message":"parseJsonTemplate.raw","meta":{},"module":"repositories","submodule":"list","method":"","app":"main","reqId":"e6e0938d-f097-4a62-b301-5f45bfb3628d","dataSourceKey":"main","timestamp":"2025-02-14 04:44:10"}
{"level":"info","message":"parseJsonTemplate.parsed","meta":{},"module":"repositories","submodule":"list","method":"","app":"main","reqId":"e6e0938d-f097-4a62-b301-5f45bfb3628d","dataSourceKey":"main","timestamp":"2025-02-14 04:44:10"}
{"level":"info","message":"parseJsonTemplate.raw","meta":{},"module":"repositories","submodule":"destroy","method":"","app":"main","reqId":"7addcf74-0fd8-4732-9aae-2b7f3f3a6c12","dataSourceKey":"main","timestamp":"2025-02-14 04:44:12"}
{"level":"info","message":"parseJsonTemplate.parsed","meta":{},"module":"repositories","submodule":"destroy","method":"","app":"main","reqId":"7addcf74-0fd8-4732-9aae-2b7f3f3a6c12","dataSourceKey":"main","timestamp":"2025-02-14 04:44:12"}
{"level":"info","message":"parseJsonTemplate.raw","meta":{},"module":"repositories","submodule":"list","method":"","app":"main","reqId":"343e06ff-6fc6-4c9b-98f3-e1fbd3be6f19","dataSourceKey":"main","timestamp":"2025-02-14 04:44:12"}
{"level":"info","message":"parseJsonTemplate.parsed","meta":{},"module":"repositories","submodule":"list","method":"","app":"main","reqId":"343e06ff-6fc6-4c9b-98f3-e1fbd3be6f19","dataSourceKey":"main","timestamp":"2025-02-14 04:44:12"}
{"level":"info","message":"parseJsonTemplate.raw","meta":{},"module":"repositories","submodule":"destroy","method":"","app":"main","reqId":"e4bc5012-a5f8-436e-86e5-eef31247e3d2","dataSourceKey":"main","timestamp":"2025-02-14 04:44:15"}
{"level":"info","message":"parseJsonTemplate.parsed","meta":{},"module":"repositories","submodule":"destroy","method":"","app":"main","reqId":"e4bc5012-a5f8-436e-86e5-eef31247e3d2","dataSourceKey":"main","timestamp":"2025-02-14 04:44:15"}
{"level":"info","message":"parseJsonTemplate.raw","meta":{},"module":"repositories","submodule":"list","method":"","app":"main","reqId":"a43fdb3b-edef-475d-ba87-aa86ea96d722","dataSourceKey":"main","timestamp":"2025-02-14 04:44:15"}
{"level":"info","message":"parseJsonTemplate.parsed","meta":{},"module":"repositories","submodule":"list","method":"","app":"main","reqId":"a43fdb3b-edef-475d-ba87-aa86ea96d722","dataSourceKey":"main","timestamp":"2025-02-14 04:44:15"}
{"level":"info","message":"parseJsonTemplate.raw","meta":{},"module":"repositories","submodule":"list","method":"","app":"main","reqId":"45a0fceb-04cd-4fe6-be7b-78a8d29ffb5d","dataSourceKey":"main","timestamp":"2025-02-14 04:45:34"}
{"level":"info","message":"parseJsonTemplate.parsed","meta":{},"module":"repositories","submodule":"list","method":"","app":"main","reqId":"45a0fceb-04cd-4fe6-be7b-78a8d29ffb5d","dataSourceKey":"main","timestamp":"2025-02-14 04:45:34"}
{"level":"info","message":"add app main into supervisor","meta":{},"module":"application","submodule":"supervisor","method":"addApp","app":"main","reqId":"d705fd78-1966-4323-be64-89a9b637b80e","dataSourceKey":"main","timestamp":"2025-02-14 08:57:40"}
{"level":"info","message":"connection has been established successfully.","meta":{},"module":"database","submodule":"","method":"auth","app":"main","reqId":"d705fd78-1966-4323-be64-89a9b637b80e","dataSourceKey":"main","timestamp":"2025-02-14 08:57:41"}
{"level":"info","message":"upgrading...","meta":{},"module":"application","submodule":"","method":"","app":"main","reqId":"d705fd78-1966-4323-be64-89a9b637b80e","dataSourceKey":"main","timestamp":"2025-02-14 08:57:41"}
{"level":"info","message":"run upgrade","meta":{},"module":"application","submodule":"","method":"","app":"main","reqId":"d705fd78-1966-4323-be64-89a9b637b80e","dataSourceKey":"main","timestamp":"2025-02-14 08:57:42"}
{"level":"info","message":"update built-in plugins","meta":{},"module":"nocobase","submodule":"","method":"","app":"main","reqId":"d705fd78-1966-4323-be64-89a9b637b80e","dataSourceKey":"main","timestamp":"2025-02-14 08:57:42"}
{"level":"info","message":"run upgrade","meta":{},"module":"application","submodule":"","method":"","app":"main","reqId":"d705fd78-1966-4323-be64-89a9b637b80e","dataSourceKey":"main","timestamp":"2025-02-14 08:57:46"}
{"level":"info","message":"restarting...","meta":{},"module":"application","submodule":"","method":"","app":"main","reqId":"d705fd78-1966-4323-be64-89a9b637b80e","dataSourceKey":"main","timestamp":"2025-02-14 08:57:46"}
{"level":"info","message":"app.reload()","meta":{},"module":"application","submodule":"","method":"load","app":"main","reqId":"d705fd78-1966-4323-be64-89a9b637b80e","dataSourceKey":"main","timestamp":"2025-02-14 08:57:46"}
{"level":"info","message":"write roles to ACL","meta":{},"module":"acl","submodule":"","method":"writeRolesToACL","app":"main","reqId":"d705fd78-1966-4323-be64-89a9b637b80e","dataSourceKey":"main","timestamp":"2025-02-14 08:57:50"}
{"level":"info","message":"app has been started","meta":{},"module":"application","submodule":"","method":"","app":"main","reqId":"d705fd78-1966-4323-be64-89a9b637b80e","dataSourceKey":"main","timestamp":"2025-02-14 08:57:50"}
{"level":"info","message":"restarting...","meta":{},"module":"application","submodule":"","method":"","app":"main","reqId":"d705fd78-1966-4323-be64-89a9b637b80e","dataSourceKey":"main","timestamp":"2025-02-14 13:48:51"}
{"level":"info","message":"app.reload()","meta":{},"module":"application","submodule":"","method":"load","app":"main","reqId":"d705fd78-1966-4323-be64-89a9b637b80e","dataSourceKey":"main","timestamp":"2025-02-14 13:48:51"}
{"level":"info","message":"write roles to ACL","meta":{},"module":"acl","submodule":"","method":"writeRolesToACL","app":"main","reqId":"9ed5f298-07b9-4db7-ab8d-554ac2151bfb","dataSourceKey":"main","timestamp":"2025-02-14 13:48:55"}
{"level":"info","message":"restarting...","meta":{},"module":"application","submodule":"","method":"","app":"main","reqId":"9ed5f298-07b9-4db7-ab8d-554ac2151bfb","dataSourceKey":"main","timestamp":"2025-02-14 13:49:56"}
{"level":"info","message":"app.reload()","meta":{},"module":"application","submodule":"","method":"load","app":"main","reqId":"9ed5f298-07b9-4db7-ab8d-554ac2151bfb","dataSourceKey":"main","timestamp":"2025-02-14 13:49:56"}
{"level":"info","message":"write roles to ACL","meta":{},"module":"acl","submodule":"","method":"writeRolesToACL","app":"main","reqId":"2779b5dd-b8ff-4bcd-8b39-0bd0b956e512","dataSourceKey":"main","timestamp":"2025-02-14 13:49:58"}
