{"level":"info","message":"new event triggered, now events: 1","timestamp":"2025-02-15 04:41:04"}
{"level":"info","message":"preparing execution for event","timestamp":"2025-02-15 04:41:04"}
{"level":"info","message":"execution of workflow 27 created as 134","timestamp":"2025-02-15 04:41:04"}
{"level":"info","message":"pending execution (134) ready to process","timestamp":"2025-02-15 04:41:05"}
{"level":"info","message":"queueing execution (134) from pending list updated to started","timestamp":"2025-02-15 04:41:05"}
{"level":"info","message":"execution (134) starting...","timestamp":"2025-02-15 04:41:05"}
{"level":"info","message":"execution (134) run instruction [request] for node (189)","timestamp":"2025-02-15 04:41:05"}
{"level":"info","message":"request (#189) sent to \"http://192.168.255.34:3000/api/repo/validate\", waiting for response...","timestamp":"2025-02-15 04:41:05"}
{"level":"info","message":"execution (134) exiting with status 0","timestamp":"2025-02-15 04:41:05"}
{"level":"info","execution":{"id":134,"context":{"data":{"createdAt":"2025-02-15T04:41:04.459Z","updatedAt":"2025-02-15T04:41:04.555Z","is_initialized":"false","id":43,"host_domain":null,"repo_name":"demo-repository","repository_url":"https://github.com/sanjeevraj-belsterns/demo-repository","repo_roken":"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","host":"github","workspace_id":37,"updatedById":1,"createdById":1,"organization_name":null,"webhook":null},"user":{"createdAt":"2025-02-03T07:06:39.365Z","updatedAt":"2025-02-15T04:35:27.484Z","systemSettings":{"themeId":2},"id":1,"nickname":"Super Admin","username":"johndoe","email":"admin@nocobase.com","phone":null,"passwordChangeTz":null,"appLang":null,"user_ids":null,"createdById":null},"roleName":"root"},"key":"lqjyhsrhjum","eventKey":"eee5b947-6010-44f9-9874-5adcb0aac292","status":0,"workflowId":27,"updatedAt":"2025-02-15T04:41:05.027Z","createdAt":"2025-02-15T04:41:04.953Z"},"message":"execution (134) finished with status: 0","timestamp":"2025-02-15 04:41:05"}
{"level":"info","message":"request (#189) response success, status: 200","timestamp":"2025-02-15 04:41:07"}
{"level":"info","message":"execution (134) resuming from job (341) added to pending list","timestamp":"2025-02-15 04:41:07"}
{"level":"info","message":"pending execution (134) ready to process","timestamp":"2025-02-15 04:41:07"}
{"level":"info","message":"execution (134) resuming...","timestamp":"2025-02-15 04:41:07"}
{"level":"info","message":"execution (134) run instruction [request] for node (189)","timestamp":"2025-02-15 04:41:07"}
{"level":"info","message":"execution (134) run instruction [request] for node (189) finished as status: 1","timestamp":"2025-02-15 04:41:07"}
{"level":"info","message":"execution (134) run instruction [condition] for node (190)","timestamp":"2025-02-15 04:41:07"}
{"level":"info","message":"execution (134) run instruction [notification] for node (192)","timestamp":"2025-02-15 04:41:07"}
{"level":"info","message":"notification (#192) sent, waiting for response...","timestamp":"2025-02-15 04:41:07"}
{"level":"info","message":"execution (134) exiting with status 0","timestamp":"2025-02-15 04:41:07"}
{"level":"info","message":"execution (134) exiting with status 0","timestamp":"2025-02-15 04:41:07"}
{"level":"info","message":"execution (134) exiting with status 0","timestamp":"2025-02-15 04:41:07"}
{"level":"info","execution":{"id":134,"context":{"data":{"createdAt":"2025-02-15T04:41:04.459Z","updatedAt":"2025-02-15T04:41:04.555Z","is_initialized":"false","id":43,"host_domain":null,"repo_name":"demo-repository","repository_url":"https://github.com/sanjeevraj-belsterns/demo-repository","repo_roken":"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","host":"github","workspace_id":37,"updatedById":1,"createdById":1,"organization_name":null,"webhook":null},"user":{"createdAt":"2025-02-03T07:06:39.365Z","updatedAt":"2025-02-15T04:35:27.484Z","systemSettings":{"themeId":2},"id":1,"nickname":"Super Admin","username":"johndoe","email":"admin@nocobase.com","phone":null,"passwordChangeTz":null,"appLang":null,"user_ids":null,"createdById":null},"roleName":"root"},"key":"lqjyhsrhjum","eventKey":"eee5b947-6010-44f9-9874-5adcb0aac292","status":0,"workflowId":27,"updatedAt":"2025-02-15T04:41:05.027Z","createdAt":"2025-02-15T04:41:04.953Z"},"message":"execution (134) finished with status: 0","timestamp":"2025-02-15 04:41:07"}
{"level":"info","message":"notification (#192) sent successfully.","timestamp":"2025-02-15 04:41:07"}
{"level":"info","message":"execution (134) resuming from job (343) added to pending list","timestamp":"2025-02-15 04:41:08"}
{"level":"info","message":"pending execution (134) ready to process","timestamp":"2025-02-15 04:41:08"}
{"level":"info","message":"execution (134) resuming...","timestamp":"2025-02-15 04:41:08"}
{"level":"info","message":"execution (134) run instruction [notification] for node (192)","timestamp":"2025-02-15 04:41:08"}
{"level":"info","message":"execution (134) run instruction [notification] for node (192) finished as status: 1","timestamp":"2025-02-15 04:41:08"}
{"level":"info","message":"execution (134) run instruction [request] for node (191)","timestamp":"2025-02-15 04:41:08"}
{"level":"info","message":"request (#191) sent to \"http://192.168.255.34:3000/api/repo\", waiting for response...","timestamp":"2025-02-15 04:41:08"}
{"level":"info","message":"execution (134) exiting with status 0","timestamp":"2025-02-15 04:41:08"}
{"level":"info","execution":{"id":134,"createdAt":"2025-02-15T04:41:04.953Z","updatedAt":"2025-02-15T04:41:05.027Z","key":"lqjyhsrhjum","eventKey":"eee5b947-6010-44f9-9874-5adcb0aac292","context":{"data":{"createdAt":"2025-02-15T04:41:04.459Z","updatedAt":"2025-02-15T04:41:04.555Z","is_initialized":"false","id":43,"host_domain":null,"repo_name":"demo-repository","repository_url":"https://github.com/sanjeevraj-belsterns/demo-repository","repo_roken":"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","host":"github","workspace_id":37,"updatedById":1,"createdById":1,"organization_name":null,"webhook":null},"user":{"createdAt":"2025-02-03T07:06:39.365Z","updatedAt":"2025-02-15T04:35:27.484Z","systemSettings":{"themeId":2},"id":1,"nickname":"Super Admin","username":"johndoe","email":"admin@nocobase.com","phone":null,"passwordChangeTz":null,"appLang":null,"user_ids":null,"createdById":null},"roleName":"root"},"status":0,"workflowId":27},"message":"execution (134) finished with status: 0","timestamp":"2025-02-15 04:41:08"}
{"level":"info","message":"request (#191) response success, status: 200","timestamp":"2025-02-15 04:41:08"}
{"level":"info","message":"execution (134) resuming from job (344) added to pending list","timestamp":"2025-02-15 04:41:08"}
{"level":"info","message":"pending execution (134) ready to process","timestamp":"2025-02-15 04:41:08"}
{"level":"info","message":"execution (134) resuming...","timestamp":"2025-02-15 04:41:08"}
{"level":"info","message":"execution (134) run instruction [request] for node (191)","timestamp":"2025-02-15 04:41:08"}
{"level":"info","message":"execution (134) run instruction [request] for node (191) finished as status: 1","timestamp":"2025-02-15 04:41:08"}
{"level":"info","message":"execution (134) run instruction [condition] for node (193)","timestamp":"2025-02-15 04:41:08"}
{"level":"info","message":"execution (134) run instruction [sql] for node (198)","timestamp":"2025-02-15 04:41:08"}
{"level":"info","message":"execution (134) run instruction [sql] for node (198) finished as status: 1","timestamp":"2025-02-15 04:41:09"}
{"level":"info","message":"execution (134) run instruction [notification] for node (194)","timestamp":"2025-02-15 04:41:09"}
{"level":"info","message":"notification (#194) sent, waiting for response...","timestamp":"2025-02-15 04:41:09"}
{"level":"info","message":"execution (134) exiting with status 0","timestamp":"2025-02-15 04:41:09"}
{"level":"info","message":"execution (134) exiting with status 0","timestamp":"2025-02-15 04:41:09"}
{"level":"info","message":"execution (134) exiting with status 0","timestamp":"2025-02-15 04:41:09"}
{"level":"info","execution":{"id":134,"createdAt":"2025-02-15T04:41:04.953Z","updatedAt":"2025-02-15T04:41:05.027Z","key":"lqjyhsrhjum","eventKey":"eee5b947-6010-44f9-9874-5adcb0aac292","context":{"data":{"createdAt":"2025-02-15T04:41:04.459Z","updatedAt":"2025-02-15T04:41:04.555Z","is_initialized":"false","id":43,"host_domain":null,"repo_name":"demo-repository","repository_url":"https://github.com/sanjeevraj-belsterns/demo-repository","repo_roken":"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","host":"github","workspace_id":37,"updatedById":1,"createdById":1,"organization_name":null,"webhook":null},"user":{"createdAt":"2025-02-03T07:06:39.365Z","updatedAt":"2025-02-15T04:35:27.484Z","systemSettings":{"themeId":2},"id":1,"nickname":"Super Admin","username":"johndoe","email":"admin@nocobase.com","phone":null,"passwordChangeTz":null,"appLang":null,"user_ids":null,"createdById":null},"roleName":"root"},"status":0,"workflowId":27},"message":"execution (134) finished with status: 0","timestamp":"2025-02-15 04:41:09"}
{"level":"info","message":"notification (#194) sent successfully.","timestamp":"2025-02-15 04:41:09"}
{"level":"info","message":"execution (134) resuming from job (347) added to pending list","timestamp":"2025-02-15 04:41:09"}
{"level":"info","message":"pending execution (134) ready to process","timestamp":"2025-02-15 04:41:09"}
{"level":"info","message":"execution (134) resuming...","timestamp":"2025-02-15 04:41:09"}
{"level":"info","message":"execution (134) run instruction [notification] for node (194)","timestamp":"2025-02-15 04:41:09"}
{"level":"info","message":"execution (134) run instruction [notification] for node (194) finished as status: 1","timestamp":"2025-02-15 04:41:09"}
{"level":"info","message":"execution (134) run instruction [condition] for node (193)","timestamp":"2025-02-15 04:41:09"}
{"level":"info","message":"execution (134) run instruction [condition] for node (193) finished as status: 1","timestamp":"2025-02-15 04:41:09"}
{"level":"info","message":"execution (134) run instruction [condition] for node (190)","timestamp":"2025-02-15 04:41:09"}
{"level":"info","message":"execution (134) run instruction [condition] for node (190) finished as status: 1","timestamp":"2025-02-15 04:41:09"}
{"level":"info","message":"execution (134) exiting with status 1","timestamp":"2025-02-15 04:41:09"}
{"level":"info","execution":{"id":134,"createdAt":"2025-02-15T04:41:04.953Z","updatedAt":"2025-02-15T04:41:09.273Z","key":"lqjyhsrhjum","eventKey":"eee5b947-6010-44f9-9874-5adcb0aac292","context":{"data":{"createdAt":"2025-02-15T04:41:04.459Z","updatedAt":"2025-02-15T04:41:04.555Z","is_initialized":"false","id":43,"host_domain":null,"repo_name":"demo-repository","repository_url":"https://github.com/sanjeevraj-belsterns/demo-repository","repo_roken":"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","host":"github","workspace_id":37,"updatedById":1,"createdById":1,"organization_name":null,"webhook":null},"user":{"createdAt":"2025-02-03T07:06:39.365Z","updatedAt":"2025-02-15T04:35:27.484Z","systemSettings":{"themeId":2},"id":1,"nickname":"Super Admin","username":"johndoe","email":"admin@nocobase.com","phone":null,"passwordChangeTz":null,"appLang":null,"user_ids":null,"createdById":null},"roleName":"root"},"status":1,"workflowId":27},"message":"execution (134) finished with status: 1","timestamp":"2025-02-15 04:41:09"}
