{"level":"info","message":"new event triggered, now events: 1","timestamp":"2025-02-14 17:49:02"}
{"level":"info","message":"preparing execution for event","timestamp":"2025-02-14 17:49:02"}
{"level":"info","message":"execution of workflow 22 created as 120","timestamp":"2025-02-14 17:49:02"}
{"level":"info","message":"pending execution (120) ready to process","timestamp":"2025-02-14 17:49:02"}
{"level":"info","message":"queueing execution (120) from pending list updated to started","timestamp":"2025-02-14 17:49:02"}
{"level":"info","message":"execution (120) starting...","timestamp":"2025-02-14 17:49:02"}
{"level":"info","message":"execution (120) run instruction [request] for node (132)","timestamp":"2025-02-14 17:49:02"}
{"level":"info","message":"request (#132) sent to \"http://192.168.255.34:3000/api/repo/validate\", waiting for response...","timestamp":"2025-02-14 17:49:03"}
{"level":"info","message":"execution (120) exiting with status 0","timestamp":"2025-02-14 17:49:03"}
{"level":"info","execution":{"id":120,"context":{"data":{"createdAt":"2025-02-14T17:49:01.671Z","updatedAt":"2025-02-14T17:49:01.804Z","id":36,"host_domain":null,"repo_name":"demo-repo","repository_url":"https://github.com/sanjeevraj-belsterns/demo-repository.git","repo_roken":"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","host":"github","workspace_id":37,"updatedById":1,"createdById":1,"organization_name":null,"webhook":null},"user":{"createdAt":"2025-02-03T07:06:39.365Z","updatedAt":"2025-02-14T17:09:41.631Z","systemSettings":{"themeId":1},"id":1,"nickname":"Super Admin","username":"johndoe","email":"admin@nocobase.com","phone":null,"passwordChangeTz":null,"appLang":null,"user_ids":null,"createdById":null},"roleName":"root"},"key":"3pwrk7xtkfq","eventKey":"d1055847-c7d2-4fa0-97d3-e5c10560d394","status":0,"workflowId":22,"updatedAt":"2025-02-14T17:49:02.219Z","createdAt":"2025-02-14T17:49:02.155Z"},"message":"execution (120) finished with status: 0","timestamp":"2025-02-14 17:49:03"}
{"level":"info","message":"request (#132) failed with response, status: 500","timestamp":"2025-02-14 17:49:05"}
{"level":"info","message":"execution (120) resuming from job (296) added to pending list","timestamp":"2025-02-14 17:49:05"}
{"level":"info","message":"pending execution (120) ready to process","timestamp":"2025-02-14 17:49:05"}
{"level":"info","message":"execution (120) resuming...","timestamp":"2025-02-14 17:49:05"}
{"level":"info","message":"execution (120) run instruction [request] for node (132)","timestamp":"2025-02-14 17:49:05"}
{"level":"info","message":"execution (120) run instruction [request] for node (132) finished as status: -1","timestamp":"2025-02-14 17:49:06"}
{"level":"info","message":"execution (120) exiting with status -1","timestamp":"2025-02-14 17:49:06"}
{"level":"info","execution":{"id":120,"context":{"data":{"createdAt":"2025-02-14T17:49:01.671Z","updatedAt":"2025-02-14T17:49:01.804Z","id":36,"host_domain":null,"repo_name":"demo-repo","repository_url":"https://github.com/sanjeevraj-belsterns/demo-repository.git","repo_roken":"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","host":"github","workspace_id":37,"updatedById":1,"createdById":1,"organization_name":null,"webhook":null},"user":{"createdAt":"2025-02-03T07:06:39.365Z","updatedAt":"2025-02-14T17:09:41.631Z","systemSettings":{"themeId":1},"id":1,"nickname":"Super Admin","username":"johndoe","email":"admin@nocobase.com","phone":null,"passwordChangeTz":null,"appLang":null,"user_ids":null,"createdById":null},"roleName":"root"},"key":"3pwrk7xtkfq","eventKey":"d1055847-c7d2-4fa0-97d3-e5c10560d394","status":-1,"workflowId":22,"updatedAt":"2025-02-14T17:49:06.061Z","createdAt":"2025-02-14T17:49:02.155Z"},"message":"execution (120) finished with status: -1","timestamp":"2025-02-14 17:49:06"}
{"level":"info","message":"new event triggered, now events: 1","timestamp":"2025-02-14 17:54:52"}
{"level":"info","message":"preparing execution for event","timestamp":"2025-02-14 17:54:52"}
{"level":"info","message":"execution of workflow 22 created as 122","timestamp":"2025-02-14 17:54:52"}
{"level":"info","message":"pending execution (122) ready to process","timestamp":"2025-02-14 17:54:52"}
{"level":"info","message":"queueing execution (122) from pending list updated to started","timestamp":"2025-02-14 17:54:52"}
{"level":"info","message":"execution (122) starting...","timestamp":"2025-02-14 17:54:52"}
{"level":"info","message":"execution (122) run instruction [request] for node (132)","timestamp":"2025-02-14 17:54:52"}
{"level":"info","message":"request (#132) sent to \"http://192.168.255.34:3000/api/repo/validate\", waiting for response...","timestamp":"2025-02-14 17:54:52"}
{"level":"info","message":"execution (122) exiting with status 0","timestamp":"2025-02-14 17:54:52"}
{"level":"info","execution":{"id":122,"context":{"data":{"createdAt":"2025-02-14T17:54:52.040Z","updatedAt":"2025-02-14T17:54:52.084Z","id":37,"host_domain":null,"repo_name":"demo-repo","repository_url":"https://github.com/sanjeevraj-belsterns/demo-repository","repo_roken":"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","host":"github","workspace_id":37,"updatedById":1,"createdById":1,"organization_name":null,"webhook":null},"user":{"createdAt":"2025-02-03T07:06:39.365Z","updatedAt":"2025-02-14T17:09:41.631Z","systemSettings":{"themeId":1},"id":1,"nickname":"Super Admin","username":"johndoe","email":"admin@nocobase.com","phone":null,"passwordChangeTz":null,"appLang":null,"user_ids":null,"createdById":null},"roleName":"root"},"key":"3pwrk7xtkfq","eventKey":"3c19ad9b-ccaf-40b2-9390-292db1784d12","status":0,"workflowId":22,"updatedAt":"2025-02-14T17:54:52.229Z","createdAt":"2025-02-14T17:54:52.176Z"},"message":"execution (122) finished with status: 0","timestamp":"2025-02-14 17:54:52"}
{"level":"info","message":"request (#132) response success, status: 200","timestamp":"2025-02-14 17:54:53"}
{"level":"info","message":"execution (122) resuming from job (298) added to pending list","timestamp":"2025-02-14 17:54:53"}
{"level":"info","message":"pending execution (122) ready to process","timestamp":"2025-02-14 17:54:53"}
{"level":"info","message":"execution (122) resuming...","timestamp":"2025-02-14 17:54:53"}
{"level":"info","message":"execution (122) run instruction [request] for node (132)","timestamp":"2025-02-14 17:54:53"}
{"level":"info","message":"execution (122) run instruction [request] for node (132) finished as status: 1","timestamp":"2025-02-14 17:54:53"}
{"level":"info","message":"execution (122) run instruction [condition] for node (133)","timestamp":"2025-02-14 17:54:53"}
{"level":"info","message":"execution (122) run instruction [notification] for node (135)","timestamp":"2025-02-14 17:54:53"}
{"level":"info","message":"notification (#135) sent, waiting for response...","timestamp":"2025-02-14 17:54:53"}
{"level":"info","message":"execution (122) exiting with status 0","timestamp":"2025-02-14 17:54:53"}
{"level":"info","message":"execution (122) exiting with status 0","timestamp":"2025-02-14 17:54:53"}
{"level":"info","message":"execution (122) exiting with status 0","timestamp":"2025-02-14 17:54:53"}
{"level":"info","execution":{"id":122,"context":{"data":{"createdAt":"2025-02-14T17:54:52.040Z","updatedAt":"2025-02-14T17:54:52.084Z","id":37,"host_domain":null,"repo_name":"demo-repo","repository_url":"https://github.com/sanjeevraj-belsterns/demo-repository","repo_roken":"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","host":"github","workspace_id":37,"updatedById":1,"createdById":1,"organization_name":null,"webhook":null},"user":{"createdAt":"2025-02-03T07:06:39.365Z","updatedAt":"2025-02-14T17:09:41.631Z","systemSettings":{"themeId":1},"id":1,"nickname":"Super Admin","username":"johndoe","email":"admin@nocobase.com","phone":null,"passwordChangeTz":null,"appLang":null,"user_ids":null,"createdById":null},"roleName":"root"},"key":"3pwrk7xtkfq","eventKey":"3c19ad9b-ccaf-40b2-9390-292db1784d12","status":0,"workflowId":22,"updatedAt":"2025-02-14T17:54:52.229Z","createdAt":"2025-02-14T17:54:52.176Z"},"message":"execution (122) finished with status: 0","timestamp":"2025-02-14 17:54:53"}
{"level":"info","message":"notification (#135) sent successfully.","timestamp":"2025-02-14 17:54:54"}
{"level":"info","message":"execution (122) resuming from job (300) added to pending list","timestamp":"2025-02-14 17:54:54"}
{"level":"info","message":"pending execution (122) ready to process","timestamp":"2025-02-14 17:54:54"}
{"level":"info","message":"execution (122) resuming...","timestamp":"2025-02-14 17:54:54"}
{"level":"info","message":"execution (122) run instruction [notification] for node (135)","timestamp":"2025-02-14 17:54:54"}
{"level":"info","message":"execution (122) run instruction [notification] for node (135) finished as status: 1","timestamp":"2025-02-14 17:54:54"}
{"level":"info","message":"execution (122) run instruction [update] for node (142)","timestamp":"2025-02-14 17:54:54"}
{"level":"error","message":"execution (122) run instruction [update] for node (142) failed:  Cannot read properties of undefined (reading 'collectionManager')","stack":"TypeError: Cannot read properties of undefined (reading 'collectionManager')\n    at UpdateInstruction.run (/app/nocobase/node_modules/@nocobase/plugin-workflow/dist/server/instructions/UpdateInstruction.js:40:95)\n    at Processor.exec (/app/nocobase/node_modules/@nocobase/plugin-workflow/dist/server/Processor.js:160:19)\n    at Processor.run (/app/nocobase/node_modules/@nocobase/plugin-workflow/dist/server/Processor.js:206:17)\n    at Processor.exec (/app/nocobase/node_modules/@nocobase/plugin-workflow/dist/server/Processor.js:193:19)\n    at process.processTicksAndRejections (node:internal/process/task_queues:95:5)\n    at async Processor.resume (/app/nocobase/node_modules/@nocobase/plugin-workflow/dist/server/Processor.js:153:5)\n    at async PluginWorkflowServer.process (/app/nocobase/node_modules/@nocobase/plugin-workflow/dist/server/Plugin.js:551:7)\n    at async /app/nocobase/node_modules/@nocobase/plugin-workflow/dist/server/Plugin.js:528:9","timestamp":"2025-02-14 17:54:54"}
{"level":"info","message":"execution (122) run instruction [update] for node (142) finished as status: -2","timestamp":"2025-02-14 17:54:54"}
{"level":"info","message":"execution (122) run instruction [condition] for node (133)","timestamp":"2025-02-14 17:54:54"}
{"level":"info","message":"execution (122) exiting with status -2","timestamp":"2025-02-14 17:54:54"}
{"level":"info","message":"execution (122) exiting with status -2","timestamp":"2025-02-14 17:54:54"}
{"level":"info","execution":{"id":122,"createdAt":"2025-02-14T17:54:52.176Z","updatedAt":"2025-02-14T17:54:54.232Z","key":"3pwrk7xtkfq","eventKey":"3c19ad9b-ccaf-40b2-9390-292db1784d12","context":{"data":{"createdAt":"2025-02-14T17:54:52.040Z","updatedAt":"2025-02-14T17:54:52.084Z","id":37,"host_domain":null,"repo_name":"demo-repo","repository_url":"https://github.com/sanjeevraj-belsterns/demo-repository","repo_roken":"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","host":"github","workspace_id":37,"updatedById":1,"createdById":1,"organization_name":null,"webhook":null},"user":{"createdAt":"2025-02-03T07:06:39.365Z","updatedAt":"2025-02-14T17:09:41.631Z","systemSettings":{"themeId":1},"id":1,"nickname":"Super Admin","username":"johndoe","email":"admin@nocobase.com","phone":null,"passwordChangeTz":null,"appLang":null,"user_ids":null,"createdById":null},"roleName":"root"},"status":-2,"workflowId":22},"message":"execution (122) finished with status: -2","timestamp":"2025-02-14 17:54:54"}
