{"level":"info","message":"new event triggered, now events: 1","timestamp":"2025-02-12 08:04:27"}
{"level":"info","message":"preparing execution for event","timestamp":"2025-02-12 08:04:27"}
{"level":"info","message":"execution of workflow 10 created as 8","timestamp":"2025-02-12 08:04:27"}
{"level":"info","message":"pending execution (8) ready to process","timestamp":"2025-02-12 08:04:27"}
{"level":"info","message":"queueing execution (8) from pending list updated to started","timestamp":"2025-02-12 08:04:27"}
{"level":"info","message":"execution (8) starting...","timestamp":"2025-02-12 08:04:27"}
{"level":"info","message":"execution (8) run instruction [request] for node (41)","timestamp":"2025-02-12 08:04:27"}
{"level":"info","message":"request (#41) sent to \"http://192.168.1.35:3001/api/repo/validate\n\", waiting for response...","timestamp":"2025-02-12 08:04:27"}
{"level":"info","message":"execution (8) exiting with status 0","timestamp":"2025-02-12 08:04:27"}
{"level":"info","execution":{"id":8,"context":{"data":{"createdAt":"2025-02-07T09:26:36.786Z","updatedAt":"2025-02-12T08:04:27.020Z","workspace_id":37,"repo_roken":"token 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","organization_name":"belsterns","host_domain":"https://github.com","webhook":null,"id":8,"host":"gitlab","repo_name":"dev-utaa","repo_url":null,"updatedById":1,"createdById":1},"user":{"createdAt":"2025-02-03T07:06:39.365Z","updatedAt":"2025-02-07T06:44:53.403Z","systemSettings":{"themeId":1},"id":1,"nickname":"Super Admin","username":"nocobase","email":"admin@nocobase.com","phone":null,"passwordChangeTz":null,"appLang":null,"user_ids":null,"createdById":null,"updatedById":null},"roleName":"root"},"key":"7sfvz1slp8i","eventKey":"d3ae1737-46f6-42a0-91eb-a741e55a2624","status":0,"workflowId":10,"updatedAt":"2025-02-12T08:04:27.308Z","createdAt":"2025-02-12T08:04:27.190Z"},"message":"execution (8) finished with status: 0","timestamp":"2025-02-12 08:04:27"}
{"level":"error","message":"request (#41) failed without resposne: connect ECONNREFUSED 192.168.1.35:3001","timestamp":"2025-02-12 08:04:29"}
{"level":"info","message":"execution (8) resuming from job (10) added to pending list","timestamp":"2025-02-12 08:04:29"}
{"level":"info","message":"pending execution (8) ready to process","timestamp":"2025-02-12 08:04:29"}
{"level":"info","message":"execution (8) resuming...","timestamp":"2025-02-12 08:04:29"}
{"level":"info","message":"execution (8) run instruction [request] for node (41)","timestamp":"2025-02-12 08:04:29"}
{"level":"info","message":"execution (8) run instruction [request] for node (41) finished as status: -1","timestamp":"2025-02-12 08:04:29"}
{"level":"info","message":"execution (8) exiting with status -1","timestamp":"2025-02-12 08:04:29"}
{"level":"info","execution":{"id":8,"context":{"data":{"createdAt":"2025-02-07T09:26:36.786Z","updatedAt":"2025-02-12T08:04:27.020Z","workspace_id":37,"repo_roken":"token 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","organization_name":"belsterns","host_domain":"https://github.com","webhook":null,"id":8,"host":"gitlab","repo_name":"dev-utaa","repo_url":null,"updatedById":1,"createdById":1},"user":{"createdAt":"2025-02-03T07:06:39.365Z","updatedAt":"2025-02-07T06:44:53.403Z","systemSettings":{"themeId":1},"id":1,"nickname":"Super Admin","username":"nocobase","email":"admin@nocobase.com","phone":null,"passwordChangeTz":null,"appLang":null,"user_ids":null,"createdById":null,"updatedById":null},"roleName":"root"},"key":"7sfvz1slp8i","eventKey":"d3ae1737-46f6-42a0-91eb-a741e55a2624","status":-1,"workflowId":10,"updatedAt":"2025-02-12T08:04:29.665Z","createdAt":"2025-02-12T08:04:27.190Z"},"message":"execution (8) finished with status: -1","timestamp":"2025-02-12 08:04:29"}
{"level":"info","message":"new event triggered, now events: 1","timestamp":"2025-02-12 08:04:51"}
{"level":"info","message":"preparing execution for event","timestamp":"2025-02-12 08:04:51"}
{"level":"info","message":"execution of workflow 10 created as 9","timestamp":"2025-02-12 08:04:51"}
{"level":"info","message":"pending execution (9) ready to process","timestamp":"2025-02-12 08:04:51"}
{"level":"info","message":"queueing execution (9) from pending list updated to started","timestamp":"2025-02-12 08:04:51"}
{"level":"info","message":"execution (9) starting...","timestamp":"2025-02-12 08:04:51"}
{"level":"info","message":"execution (9) run instruction [request] for node (41)","timestamp":"2025-02-12 08:04:51"}
{"level":"info","message":"request (#41) sent to \"http://192.168.1.35:3001/api/repo/validate\n\", waiting for response...","timestamp":"2025-02-12 08:04:51"}
{"level":"info","message":"execution (9) exiting with status 0","timestamp":"2025-02-12 08:04:51"}
{"level":"info","execution":{"id":9,"context":{"data":{"createdAt":"2025-02-07T09:26:36.786Z","updatedAt":"2025-02-12T08:04:51.454Z","workspace_id":37,"repo_roken":"token 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","organization_name":"belsterns","host_domain":"https://github.com","webhook":null,"id":8,"host":"github","repo_name":"dev-utaa","repo_url":null,"updatedById":1,"createdById":1},"user":{"createdAt":"2025-02-03T07:06:39.365Z","updatedAt":"2025-02-07T06:44:53.403Z","systemSettings":{"themeId":1},"id":1,"nickname":"Super Admin","username":"nocobase","email":"admin@nocobase.com","phone":null,"passwordChangeTz":null,"appLang":null,"user_ids":null,"createdById":null,"updatedById":null},"roleName":"root"},"key":"7sfvz1slp8i","eventKey":"f1c2e5de-3843-49e4-86b9-60d00b76764c","status":0,"workflowId":10,"updatedAt":"2025-02-12T08:04:51.503Z","createdAt":"2025-02-12T08:04:51.478Z"},"message":"execution (9) finished with status: 0","timestamp":"2025-02-12 08:04:51"}
{"level":"error","message":"request (#41) failed without resposne: connect ECONNREFUSED 192.168.1.35:3001","timestamp":"2025-02-12 08:04:53"}
{"level":"info","message":"execution (9) resuming from job (11) added to pending list","timestamp":"2025-02-12 08:04:53"}
{"level":"info","message":"pending execution (9) ready to process","timestamp":"2025-02-12 08:04:53"}
{"level":"info","message":"execution (9) resuming...","timestamp":"2025-02-12 08:04:53"}
{"level":"info","message":"execution (9) run instruction [request] for node (41)","timestamp":"2025-02-12 08:04:53"}
{"level":"info","message":"execution (9) run instruction [request] for node (41) finished as status: -1","timestamp":"2025-02-12 08:04:53"}
{"level":"info","message":"execution (9) exiting with status -1","timestamp":"2025-02-12 08:04:53"}
{"level":"info","execution":{"id":9,"context":{"data":{"createdAt":"2025-02-07T09:26:36.786Z","updatedAt":"2025-02-12T08:04:51.454Z","workspace_id":37,"repo_roken":"token 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","organization_name":"belsterns","host_domain":"https://github.com","webhook":null,"id":8,"host":"github","repo_name":"dev-utaa","repo_url":null,"updatedById":1,"createdById":1},"user":{"createdAt":"2025-02-03T07:06:39.365Z","updatedAt":"2025-02-07T06:44:53.403Z","systemSettings":{"themeId":1},"id":1,"nickname":"Super Admin","username":"nocobase","email":"admin@nocobase.com","phone":null,"passwordChangeTz":null,"appLang":null,"user_ids":null,"createdById":null,"updatedById":null},"roleName":"root"},"key":"7sfvz1slp8i","eventKey":"f1c2e5de-3843-49e4-86b9-60d00b76764c","status":-1,"workflowId":10,"updatedAt":"2025-02-12T08:04:53.684Z","createdAt":"2025-02-12T08:04:51.478Z"},"message":"execution (9) finished with status: -1","timestamp":"2025-02-12 08:04:53"}
{"level":"info","message":"new event triggered, now events: 1","timestamp":"2025-02-12 08:13:23"}
{"level":"info","message":"preparing execution for event","timestamp":"2025-02-12 08:13:23"}
{"level":"info","message":"execution of workflow 10 created as 10","timestamp":"2025-02-12 08:13:23"}
{"level":"info","message":"pending execution (10) ready to process","timestamp":"2025-02-12 08:13:23"}
{"level":"info","message":"queueing execution (10) from pending list updated to started","timestamp":"2025-02-12 08:13:23"}
{"level":"info","message":"execution (10) starting...","timestamp":"2025-02-12 08:13:23"}
{"level":"info","message":"execution (10) run instruction [request] for node (41)","timestamp":"2025-02-12 08:13:23"}
{"level":"info","message":"request (#41) sent to \"http://192.168.1.35:3001/api/repo/validate\n\", waiting for response...","timestamp":"2025-02-12 08:13:23"}
{"level":"info","message":"execution (10) exiting with status 0","timestamp":"2025-02-12 08:13:23"}
{"level":"info","execution":{"id":10,"context":{"data":{"createdAt":"2025-02-07T09:26:36.786Z","updatedAt":"2025-02-12T08:13:23.246Z","workspace_id":22,"repo_roken":"token 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","organization_name":"belsterns","host_domain":"https://github.com","webhook":null,"id":8,"host":"github","repo_name":"dev-utaa","repo_url":null,"updatedById":1,"createdById":1},"user":{"createdAt":"2025-02-03T07:06:39.365Z","updatedAt":"2025-02-12T08:12:38.924Z","systemSettings":{"themeId":2},"id":1,"nickname":"Super Admin","username":"nocobase","email":"admin@nocobase.com","phone":null,"passwordChangeTz":null,"appLang":null,"user_ids":null,"createdById":null},"roleName":"root"},"key":"7sfvz1slp8i","eventKey":"027efa74-c14c-434f-98fa-dd1afde4ba1d","status":0,"workflowId":10,"updatedAt":"2025-02-12T08:13:23.325Z","createdAt":"2025-02-12T08:13:23.270Z"},"message":"execution (10) finished with status: 0","timestamp":"2025-02-12 08:13:23"}
{"level":"error","message":"request (#41) failed without resposne: connect ECONNREFUSED 192.168.1.35:3001","timestamp":"2025-02-12 08:13:25"}
{"level":"info","message":"execution (10) resuming from job (12) added to pending list","timestamp":"2025-02-12 08:13:25"}
{"level":"info","message":"pending execution (10) ready to process","timestamp":"2025-02-12 08:13:25"}
{"level":"info","message":"execution (10) resuming...","timestamp":"2025-02-12 08:13:25"}
{"level":"info","message":"execution (10) run instruction [request] for node (41)","timestamp":"2025-02-12 08:13:25"}
{"level":"info","message":"execution (10) run instruction [request] for node (41) finished as status: -1","timestamp":"2025-02-12 08:13:25"}
{"level":"info","message":"execution (10) exiting with status -1","timestamp":"2025-02-12 08:13:25"}
{"level":"info","execution":{"id":10,"context":{"data":{"createdAt":"2025-02-07T09:26:36.786Z","updatedAt":"2025-02-12T08:13:23.246Z","workspace_id":22,"repo_roken":"token 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","organization_name":"belsterns","host_domain":"https://github.com","webhook":null,"id":8,"host":"github","repo_name":"dev-utaa","repo_url":null,"updatedById":1,"createdById":1},"user":{"createdAt":"2025-02-03T07:06:39.365Z","updatedAt":"2025-02-12T08:12:38.924Z","systemSettings":{"themeId":2},"id":1,"nickname":"Super Admin","username":"nocobase","email":"admin@nocobase.com","phone":null,"passwordChangeTz":null,"appLang":null,"user_ids":null,"createdById":null},"roleName":"root"},"key":"7sfvz1slp8i","eventKey":"027efa74-c14c-434f-98fa-dd1afde4ba1d","status":-1,"workflowId":10,"updatedAt":"2025-02-12T08:13:25.484Z","createdAt":"2025-02-12T08:13:23.270Z"},"message":"execution (10) finished with status: -1","timestamp":"2025-02-12 08:13:25"}
{"level":"info","message":"new event triggered, now events: 1","timestamp":"2025-02-12 08:15:39"}
{"level":"info","message":"preparing execution for event","timestamp":"2025-02-12 08:15:39"}
{"level":"info","message":"execution of workflow 10 created as 11","timestamp":"2025-02-12 08:15:39"}
{"level":"info","message":"pending execution (11) ready to process","timestamp":"2025-02-12 08:15:39"}
{"level":"info","message":"queueing execution (11) from pending list updated to started","timestamp":"2025-02-12 08:15:39"}
{"level":"info","message":"execution (11) starting...","timestamp":"2025-02-12 08:15:39"}
{"level":"info","message":"execution (11) run instruction [request] for node (41)","timestamp":"2025-02-12 08:15:39"}
{"level":"info","message":"request (#41) sent to \"http://192.168.1.35:3001/api/repo/validate\n\", waiting for response...","timestamp":"2025-02-12 08:15:39"}
{"level":"info","message":"execution (11) exiting with status 0","timestamp":"2025-02-12 08:15:39"}
{"level":"info","execution":{"id":11,"context":{"data":{"createdAt":"2025-02-07T09:26:36.786Z","updatedAt":"2025-02-12T08:15:39.465Z","workspace_id":37,"repo_roken":"token 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","organization_name":"belsterns","host_domain":"https://github.com","webhook":null,"id":8,"host":"github","repo_name":"dev-utaa","repo_url":null,"updatedById":1,"createdById":1},"user":{"createdAt":"2025-02-03T07:06:39.365Z","updatedAt":"2025-02-12T08:12:38.924Z","systemSettings":{"themeId":2},"id":1,"nickname":"Super Admin","username":"nocobase","email":"admin@nocobase.com","phone":null,"passwordChangeTz":null,"appLang":null,"user_ids":null,"createdById":null},"roleName":"root"},"key":"7sfvz1slp8i","eventKey":"5d7d6f3e-7d70-436b-9ef0-54ba28974665","status":0,"workflowId":10,"updatedAt":"2025-02-12T08:15:39.500Z","createdAt":"2025-02-12T08:15:39.475Z"},"message":"execution (11) finished with status: 0","timestamp":"2025-02-12 08:15:39"}
{"level":"error","message":"request (#41) failed without resposne: connect ECONNREFUSED 192.168.1.35:3001","timestamp":"2025-02-12 08:15:41"}
{"level":"info","message":"execution (11) resuming from job (13) added to pending list","timestamp":"2025-02-12 08:15:41"}
{"level":"info","message":"pending execution (11) ready to process","timestamp":"2025-02-12 08:15:41"}
{"level":"info","message":"execution (11) resuming...","timestamp":"2025-02-12 08:15:41"}
{"level":"info","message":"execution (11) run instruction [request] for node (41)","timestamp":"2025-02-12 08:15:41"}
{"level":"info","message":"execution (11) run instruction [request] for node (41) finished as status: -1","timestamp":"2025-02-12 08:15:41"}
{"level":"info","message":"execution (11) exiting with status -1","timestamp":"2025-02-12 08:15:41"}
{"level":"info","execution":{"id":11,"context":{"data":{"createdAt":"2025-02-07T09:26:36.786Z","updatedAt":"2025-02-12T08:15:39.465Z","workspace_id":37,"repo_roken":"token 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","organization_name":"belsterns","host_domain":"https://github.com","webhook":null,"id":8,"host":"github","repo_name":"dev-utaa","repo_url":null,"updatedById":1,"createdById":1},"user":{"createdAt":"2025-02-03T07:06:39.365Z","updatedAt":"2025-02-12T08:12:38.924Z","systemSettings":{"themeId":2},"id":1,"nickname":"Super Admin","username":"nocobase","email":"admin@nocobase.com","phone":null,"passwordChangeTz":null,"appLang":null,"user_ids":null,"createdById":null},"roleName":"root"},"key":"7sfvz1slp8i","eventKey":"5d7d6f3e-7d70-436b-9ef0-54ba28974665","status":-1,"workflowId":10,"updatedAt":"2025-02-12T08:15:41.646Z","createdAt":"2025-02-12T08:15:39.475Z"},"message":"execution (11) finished with status: -1","timestamp":"2025-02-12 08:15:41"}
