{"level":"info","message":"new event triggered, now events: 1","timestamp":"2025-02-07 06:44:21"}
{"level":"info","message":"preparing execution for event","timestamp":"2025-02-07 06:44:21"}
{"level":"info","message":"execution of workflow 6 created as 3","timestamp":"2025-02-07 06:44:21"}
{"level":"info","message":"pending execution (3) ready to process","timestamp":"2025-02-07 06:44:21"}
{"level":"info","message":"queueing execution (3) from pending list updated to started","timestamp":"2025-02-07 06:44:21"}
{"level":"info","message":"execution (3) starting...","timestamp":"2025-02-07 06:44:21"}
{"level":"info","message":"execution (3) run instruction [request] for node (22)","timestamp":"2025-02-07 06:44:21"}
{"level":"info","message":"request (#22) sent to \"8fb4-2409-4072-608e-a9ce-2d72-59c1-51de-fa2d.ngrok-free.app/api/repo/validate\n\", waiting for response...","timestamp":"2025-02-07 06:44:21"}
{"level":"info","message":"execution (3) exiting with status 0","timestamp":"2025-02-07 06:44:21"}
{"level":"info","execution":{"id":3,"context":{"data":{"createdAt":"2025-02-07T06:44:21.540Z","updatedAt":"2025-02-07T06:44:21.564Z","workspace_id":37,"repo_roken":"token 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","webhook":null,"id":6,"repo_name":"dev-utaa","repo_url":null,"updatedById":1,"createdById":1,"host":"github","org_url":"github.com","organization_name":"Belsterns","workspace":{"createdAt":"2025-02-07T06:00:16.295Z","updatedAt":"2025-02-07T06:00:16.295Z","description":"Workspace_1 Added","isActive":"true","id":37,"name":"Workspace_1","updatedById":1,"createdById":1,"workspaceId":null,"__tableName":"t_1rodgl8478i","__schemaName":"public","repositories":[{"createdAt":"2025-02-07T06:01:12.693Z","updatedAt":"2025-02-07T06:01:12.795Z","workspace_id":37,"repo_roken":"12355edvgb677","webhook":null,"id":4,"repo_name":"Repo1_Workspace_1","repo_url":"https://github.com/","updatedById":1,"createdById":1,"host":"github","org_url":null,"organization_name":null},{"createdAt":"2025-02-07T06:44:21.540Z","updatedAt":"2025-02-07T06:44:21.564Z","workspace_id":37,"repo_roken":"token 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","webhook":null,"id":6,"repo_name":"dev-utaa","repo_url":null,"updatedById":1,"createdById":1,"host":"github","org_url":"github.com","organization_name":"Belsterns"}],"__collection":"t_1rodgl8478i"}}},"key":"3c8rg2h08e6","eventKey":"13db8c8f-c859-4455-bdf6-ec2bbdfcc06e","status":0,"workflowId":6,"updatedAt":"2025-02-07T06:44:21.639Z","createdAt":"2025-02-07T06:44:21.611Z"},"message":"execution (3) finished with status: 0","timestamp":"2025-02-07 06:44:21"}
{"level":"error","message":"request (#22) failed unexpectedly: Invalid URL","timestamp":"2025-02-07 06:44:21"}
{"level":"info","message":"execution (3) resuming from job (3) added to pending list","timestamp":"2025-02-07 06:44:21"}
{"level":"info","message":"pending execution (3) ready to process","timestamp":"2025-02-07 06:44:21"}
{"level":"info","message":"execution (3) resuming...","timestamp":"2025-02-07 06:44:21"}
{"level":"info","message":"execution (3) run instruction [request] for node (22)","timestamp":"2025-02-07 06:44:21"}
{"level":"info","message":"execution (3) run instruction [request] for node (22) finished as status: -1","timestamp":"2025-02-07 06:44:21"}
{"level":"info","message":"execution (3) exiting with status -1","timestamp":"2025-02-07 06:44:21"}
{"level":"info","execution":{"id":3,"context":{"data":{"createdAt":"2025-02-07T06:44:21.540Z","updatedAt":"2025-02-07T06:44:21.564Z","workspace_id":37,"repo_roken":"token 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","webhook":null,"id":6,"repo_name":"dev-utaa","repo_url":null,"updatedById":1,"createdById":1,"host":"github","org_url":"github.com","organization_name":"Belsterns","workspace":{"createdAt":"2025-02-07T06:00:16.295Z","updatedAt":"2025-02-07T06:00:16.295Z","description":"Workspace_1 Added","isActive":"true","id":37,"name":"Workspace_1","updatedById":1,"createdById":1,"workspaceId":null,"__tableName":"t_1rodgl8478i","__schemaName":"public","repositories":[{"createdAt":"2025-02-07T06:01:12.693Z","updatedAt":"2025-02-07T06:01:12.795Z","workspace_id":37,"repo_roken":"12355edvgb677","webhook":null,"id":4,"repo_name":"Repo1_Workspace_1","repo_url":"https://github.com/","updatedById":1,"createdById":1,"host":"github","org_url":null,"organization_name":null},{"createdAt":"2025-02-07T06:44:21.540Z","updatedAt":"2025-02-07T06:44:21.564Z","workspace_id":37,"repo_roken":"token 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","webhook":null,"id":6,"repo_name":"dev-utaa","repo_url":null,"updatedById":1,"createdById":1,"host":"github","org_url":"github.com","organization_name":"Belsterns"}],"__collection":"t_1rodgl8478i"}}},"key":"3c8rg2h08e6","eventKey":"13db8c8f-c859-4455-bdf6-ec2bbdfcc06e","status":-1,"workflowId":6,"updatedAt":"2025-02-07T06:44:21.711Z","createdAt":"2025-02-07T06:44:21.611Z"},"message":"execution (3) finished with status: -1","timestamp":"2025-02-07 06:44:21"}
{"level":"info","message":"new event triggered, now events: 1","timestamp":"2025-02-07 06:55:31"}
{"level":"info","message":"preparing execution for event","timestamp":"2025-02-07 06:55:31"}
{"level":"info","message":"execution of workflow 6 created as 4","timestamp":"2025-02-07 06:55:31"}
{"level":"info","message":"pending execution (4) ready to process","timestamp":"2025-02-07 06:55:31"}
{"level":"info","message":"queueing execution (4) from pending list updated to started","timestamp":"2025-02-07 06:55:31"}
{"level":"info","message":"execution (4) starting...","timestamp":"2025-02-07 06:55:31"}
{"level":"info","message":"execution (4) run instruction [request] for node (22)","timestamp":"2025-02-07 06:55:31"}
{"level":"info","message":"request (#22) sent to \"8fb4-2409-4072-608e-a9ce-2d72-59c1-51de-fa2d.ngrok-free.app/api/repo/validate\n\", waiting for response...","timestamp":"2025-02-07 06:55:31"}
{"level":"info","message":"execution (4) exiting with status 0","timestamp":"2025-02-07 06:55:31"}
{"level":"info","execution":{"id":4,"context":{"data":{"createdAt":"2025-02-07T06:55:31.040Z","updatedAt":"2025-02-07T06:55:31.040Z","workspace_id":null,"repo_roken":null,"webhook":null,"id":7,"repo_name":null,"repo_url":null,"updatedById":1,"createdById":1,"host":null,"org_url":null,"organization_name":null,"workspace":null}},"key":"3c8rg2h08e6","eventKey":"a9edbb01-4ab5-4692-af37-6db0ffc6be0c","status":0,"workflowId":6,"updatedAt":"2025-02-07T06:55:31.290Z","createdAt":"2025-02-07T06:55:31.226Z"},"message":"execution (4) finished with status: 0","timestamp":"2025-02-07 06:55:31"}
{"level":"error","message":"request (#22) failed unexpectedly: Invalid URL","timestamp":"2025-02-07 06:55:31"}
{"level":"info","message":"execution (4) resuming from job (4) added to pending list","timestamp":"2025-02-07 06:55:31"}
{"level":"info","message":"pending execution (4) ready to process","timestamp":"2025-02-07 06:55:31"}
{"level":"info","message":"execution (4) resuming...","timestamp":"2025-02-07 06:55:31"}
{"level":"info","message":"execution (4) run instruction [request] for node (22)","timestamp":"2025-02-07 06:55:31"}
{"level":"info","message":"execution (4) run instruction [request] for node (22) finished as status: -1","timestamp":"2025-02-07 06:55:31"}
{"level":"info","message":"execution (4) exiting with status -1","timestamp":"2025-02-07 06:55:31"}
{"level":"info","execution":{"id":4,"context":{"data":{"createdAt":"2025-02-07T06:55:31.040Z","updatedAt":"2025-02-07T06:55:31.040Z","workspace_id":null,"repo_roken":null,"webhook":null,"id":7,"repo_name":null,"repo_url":null,"updatedById":1,"createdById":1,"host":null,"org_url":null,"organization_name":null,"workspace":null}},"key":"3c8rg2h08e6","eventKey":"a9edbb01-4ab5-4692-af37-6db0ffc6be0c","status":-1,"workflowId":6,"updatedAt":"2025-02-07T06:55:31.575Z","createdAt":"2025-02-07T06:55:31.226Z"},"message":"execution (4) finished with status: -1","timestamp":"2025-02-07 06:55:31"}
