{"level":"info","message":"new event triggered, now events: 1","timestamp":"2025-02-15 09:45:56"}
{"level":"info","message":"preparing execution for event","timestamp":"2025-02-15 09:45:56"}
{"level":"info","message":"execution of workflow 30 created as 137","timestamp":"2025-02-15 09:45:56"}
{"level":"info","message":"pending execution (137) ready to process","timestamp":"2025-02-15 09:45:56"}
{"level":"info","message":"queueing execution (137) from pending list updated to started","timestamp":"2025-02-15 09:45:56"}
{"level":"info","message":"execution (137) starting...","timestamp":"2025-02-15 09:45:56"}
{"level":"info","message":"execution (137) run instruction [notification] for node (218)","timestamp":"2025-02-15 09:45:56"}
{"level":"info","message":"notification (#218) sent, waiting for response...","timestamp":"2025-02-15 09:45:57"}
{"level":"info","message":"execution (137) exiting with status 0","timestamp":"2025-02-15 09:45:57"}
{"level":"info","message":"execution (137) exiting with status 0","timestamp":"2025-02-15 09:45:57"}
{"level":"info","execution":{"id":137,"context":{"data":{"createdAt":"2025-02-15T04:41:04.459Z","updatedAt":"2025-02-15T04:45:29.478Z","workspace_id":37,"repo_roken":"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","organization_name":null,"host_domain":null,"webhook":"https://a1ab-103-130-204-185.ngrok-free.app/api/webhook/14b709b5-89d9-401a-8b30-36eeaf007592","id":43,"host":"github","repo_name":"demo-repository","repository_url":"https://github.com/sanjeevraj-belsterns/demo-repository","updatedById":1,"createdById":1,"is_initialized":"true"},"user":{"createdAt":"2025-02-03T07:06:39.365Z","updatedAt":"2025-02-15T04:35:27.484Z","systemSettings":{"themeId":2},"id":1,"nickname":"Super Admin","username":"johndoe","email":"admin@nocobase.com","phone":null,"passwordChangeTz":null,"appLang":null,"user_ids":null,"createdById":null},"roleName":"root"},"key":"zp162z7tkvg","eventKey":"66964700-84f1-4bd4-a3ad-a7844c3e7fca","status":0,"workflowId":30,"updatedAt":"2025-02-15T09:45:56.727Z","createdAt":"2025-02-15T09:45:56.641Z"},"message":"execution (137) finished with status: 0","timestamp":"2025-02-15 09:45:57"}
{"level":"info","message":"notification (#218) sent successfully.","timestamp":"2025-02-15 09:45:57"}
{"level":"info","message":"execution (137) resuming from job (356) added to pending list","timestamp":"2025-02-15 09:45:57"}
{"level":"info","message":"pending execution (137) ready to process","timestamp":"2025-02-15 09:45:57"}
{"level":"info","message":"execution (137) resuming...","timestamp":"2025-02-15 09:45:57"}
{"level":"info","message":"execution (137) run instruction [notification] for node (218)","timestamp":"2025-02-15 09:45:57"}
{"level":"info","message":"execution (137) run instruction [notification] for node (218) finished as status: 1","timestamp":"2025-02-15 09:45:57"}
{"level":"info","message":"execution (137) run instruction [request] for node (217)","timestamp":"2025-02-15 09:45:57"}
{"level":"info","message":"request (#217) sent to \"http://192.168.255.34:3000/api/initialize/43\", waiting for response...","timestamp":"2025-02-15 09:45:57"}
{"level":"info","message":"execution (137) exiting with status 0","timestamp":"2025-02-15 09:45:57"}
{"level":"info","execution":{"id":137,"createdAt":"2025-02-15T09:45:56.641Z","updatedAt":"2025-02-15T09:45:56.727Z","key":"zp162z7tkvg","eventKey":"66964700-84f1-4bd4-a3ad-a7844c3e7fca","context":{"data":{"createdAt":"2025-02-15T04:41:04.459Z","updatedAt":"2025-02-15T04:45:29.478Z","workspace_id":37,"repo_roken":"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","organization_name":null,"host_domain":null,"webhook":"https://a1ab-103-130-204-185.ngrok-free.app/api/webhook/14b709b5-89d9-401a-8b30-36eeaf007592","id":43,"host":"github","repo_name":"demo-repository","repository_url":"https://github.com/sanjeevraj-belsterns/demo-repository","updatedById":1,"createdById":1,"is_initialized":"true"},"user":{"createdAt":"2025-02-03T07:06:39.365Z","updatedAt":"2025-02-15T04:35:27.484Z","systemSettings":{"themeId":2},"id":1,"nickname":"Super Admin","username":"johndoe","email":"admin@nocobase.com","phone":null,"passwordChangeTz":null,"appLang":null,"user_ids":null,"createdById":null},"roleName":"root"},"status":0,"workflowId":30},"message":"execution (137) finished with status: 0","timestamp":"2025-02-15 09:45:57"}
{"level":"info","message":"request (#217) failed with response, status: 400","timestamp":"2025-02-15 09:45:58"}
{"level":"info","message":"execution (137) resuming from job (357) added to pending list","timestamp":"2025-02-15 09:45:58"}
{"level":"info","message":"pending execution (137) ready to process","timestamp":"2025-02-15 09:45:58"}
{"level":"info","message":"execution (137) resuming...","timestamp":"2025-02-15 09:45:58"}
{"level":"info","message":"execution (137) run instruction [request] for node (217)","timestamp":"2025-02-15 09:45:58"}
{"level":"info","message":"execution (137) run instruction [request] for node (217) finished as status: 1","timestamp":"2025-02-15 09:45:58"}
{"level":"info","message":"execution (137) run instruction [condition] for node (219)","timestamp":"2025-02-15 09:45:58"}
{"level":"info","message":"execution (137) run instruction [notification] for node (222)","timestamp":"2025-02-15 09:45:58"}
{"level":"info","message":"notification (#222) sent, waiting for response...","timestamp":"2025-02-15 09:45:58"}
{"level":"info","message":"execution (137) exiting with status 0","timestamp":"2025-02-15 09:45:58"}
{"level":"info","message":"execution (137) exiting with status 0","timestamp":"2025-02-15 09:45:58"}
{"level":"info","message":"execution (137) exiting with status 0","timestamp":"2025-02-15 09:45:58"}
{"level":"info","execution":{"id":137,"createdAt":"2025-02-15T09:45:56.641Z","updatedAt":"2025-02-15T09:45:56.727Z","key":"zp162z7tkvg","eventKey":"66964700-84f1-4bd4-a3ad-a7844c3e7fca","context":{"data":{"createdAt":"2025-02-15T04:41:04.459Z","updatedAt":"2025-02-15T04:45:29.478Z","workspace_id":37,"repo_roken":"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","organization_name":null,"host_domain":null,"webhook":"https://a1ab-103-130-204-185.ngrok-free.app/api/webhook/14b709b5-89d9-401a-8b30-36eeaf007592","id":43,"host":"github","repo_name":"demo-repository","repository_url":"https://github.com/sanjeevraj-belsterns/demo-repository","updatedById":1,"createdById":1,"is_initialized":"true"},"user":{"createdAt":"2025-02-03T07:06:39.365Z","updatedAt":"2025-02-15T04:35:27.484Z","systemSettings":{"themeId":2},"id":1,"nickname":"Super Admin","username":"johndoe","email":"admin@nocobase.com","phone":null,"passwordChangeTz":null,"appLang":null,"user_ids":null,"createdById":null},"roleName":"root"},"status":0,"workflowId":30},"message":"execution (137) finished with status: 0","timestamp":"2025-02-15 09:45:58"}
{"level":"info","message":"notification (#222) sent successfully.","timestamp":"2025-02-15 09:45:58"}
{"level":"info","message":"execution (137) resuming from job (359) added to pending list","timestamp":"2025-02-15 09:45:58"}
{"level":"info","message":"pending execution (137) ready to process","timestamp":"2025-02-15 09:45:58"}
{"level":"info","message":"execution (137) resuming...","timestamp":"2025-02-15 09:45:58"}
{"level":"info","message":"execution (137) run instruction [notification] for node (222)","timestamp":"2025-02-15 09:45:58"}
{"level":"info","message":"execution (137) run instruction [notification] for node (222) finished as status: 1","timestamp":"2025-02-15 09:45:58"}
{"level":"info","message":"execution (137) run instruction [condition] for node (219)","timestamp":"2025-02-15 09:45:58"}
{"level":"info","message":"execution (137) run instruction [condition] for node (219) finished as status: 1","timestamp":"2025-02-15 09:45:58"}
{"level":"info","message":"execution (137) exiting with status 1","timestamp":"2025-02-15 09:45:58"}
{"level":"info","execution":{"id":137,"createdAt":"2025-02-15T09:45:56.641Z","updatedAt":"2025-02-15T09:45:58.880Z","key":"zp162z7tkvg","eventKey":"66964700-84f1-4bd4-a3ad-a7844c3e7fca","context":{"data":{"createdAt":"2025-02-15T04:41:04.459Z","updatedAt":"2025-02-15T04:45:29.478Z","workspace_id":37,"repo_roken":"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","organization_name":null,"host_domain":null,"webhook":"https://a1ab-103-130-204-185.ngrok-free.app/api/webhook/14b709b5-89d9-401a-8b30-36eeaf007592","id":43,"host":"github","repo_name":"demo-repository","repository_url":"https://github.com/sanjeevraj-belsterns/demo-repository","updatedById":1,"createdById":1,"is_initialized":"true"},"user":{"createdAt":"2025-02-03T07:06:39.365Z","updatedAt":"2025-02-15T04:35:27.484Z","systemSettings":{"themeId":2},"id":1,"nickname":"Super Admin","username":"johndoe","email":"admin@nocobase.com","phone":null,"passwordChangeTz":null,"appLang":null,"user_ids":null,"createdById":null},"roleName":"root"},"status":1,"workflowId":30},"message":"execution (137) finished with status: 1","timestamp":"2025-02-15 09:45:58"}
{"level":"info","message":"new event triggered, now events: 1","timestamp":"2025-02-15 11:56:04"}
{"level":"info","message":"preparing execution for event","timestamp":"2025-02-15 11:56:04"}
{"level":"info","message":"execution of workflow 30 created as 155","timestamp":"2025-02-15 11:56:04"}
{"level":"info","message":"pending execution (155) ready to process","timestamp":"2025-02-15 11:56:05"}
{"level":"info","message":"queueing execution (155) from pending list updated to started","timestamp":"2025-02-15 11:56:05"}
{"level":"info","message":"execution (155) starting...","timestamp":"2025-02-15 11:56:05"}
{"level":"info","message":"execution (155) run instruction [notification] for node (218)","timestamp":"2025-02-15 11:56:05"}
{"level":"info","message":"notification (#218) sent, waiting for response...","timestamp":"2025-02-15 11:56:05"}
{"level":"info","message":"execution (155) exiting with status 0","timestamp":"2025-02-15 11:56:05"}
{"level":"info","message":"execution (155) exiting with status 0","timestamp":"2025-02-15 11:56:05"}
{"level":"info","execution":{"id":155,"context":{"data":{"createdAt":"2025-02-15T11:55:33.926Z","updatedAt":"2025-02-15T11:55:52.932Z","workspace_id":37,"repo_roken":"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","organization_name":null,"host_domain":null,"webhook":" https://a1ab-103-130-204-185.ngrok-free.app/api/webhook/63606450-9bae-4813-889f-c7cb4abe3f63","id":51,"host":"github","repo_name":"demo-repo","repository_url":"https://github.com/sanjeevraj-belsterns/demo-repository","updatedById":1,"createdById":1,"is_initialized":"false","branch":null},"user":{"createdAt":"2025-02-03T07:06:39.365Z","updatedAt":"2025-02-15T11:39:00.967Z","systemSettings":{"themeId":1},"id":1,"nickname":"Super Admin","username":"johndoe","email":"admin@nocobase.com","phone":null,"passwordChangeTz":null,"appLang":null,"user_ids":null,"createdById":null},"roleName":"root"},"key":"zp162z7tkvg","eventKey":"d01ac894-e9d5-4280-b396-5f321af0e3e5","status":0,"workflowId":30,"updatedAt":"2025-02-15T11:56:05.055Z","createdAt":"2025-02-15T11:56:04.828Z"},"message":"execution (155) finished with status: 0","timestamp":"2025-02-15 11:56:05"}
{"level":"info","message":"notification (#218) sent successfully.","timestamp":"2025-02-15 11:56:05"}
{"level":"info","message":"execution (155) resuming from job (435) added to pending list","timestamp":"2025-02-15 11:56:05"}
{"level":"info","message":"pending execution (155) ready to process","timestamp":"2025-02-15 11:56:05"}
{"level":"info","message":"execution (155) resuming...","timestamp":"2025-02-15 11:56:05"}
{"level":"info","message":"execution (155) run instruction [notification] for node (218)","timestamp":"2025-02-15 11:56:05"}
{"level":"info","message":"execution (155) run instruction [notification] for node (218) finished as status: 1","timestamp":"2025-02-15 11:56:05"}
{"level":"info","message":"execution (155) run instruction [request] for node (217)","timestamp":"2025-02-15 11:56:05"}
{"level":"info","message":"request (#217) sent to \"http://192.168.255.34:3000/api/initialize/51\", waiting for response...","timestamp":"2025-02-15 11:56:05"}
{"level":"info","message":"execution (155) exiting with status 0","timestamp":"2025-02-15 11:56:05"}
{"level":"info","execution":{"id":155,"createdAt":"2025-02-15T11:56:04.828Z","updatedAt":"2025-02-15T11:56:05.055Z","key":"zp162z7tkvg","eventKey":"d01ac894-e9d5-4280-b396-5f321af0e3e5","context":{"data":{"createdAt":"2025-02-15T11:55:33.926Z","updatedAt":"2025-02-15T11:55:52.932Z","workspace_id":37,"repo_roken":"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","organization_name":null,"host_domain":null,"webhook":" https://a1ab-103-130-204-185.ngrok-free.app/api/webhook/63606450-9bae-4813-889f-c7cb4abe3f63","id":51,"host":"github","repo_name":"demo-repo","repository_url":"https://github.com/sanjeevraj-belsterns/demo-repository","updatedById":1,"createdById":1,"is_initialized":"false","branch":null},"user":{"createdAt":"2025-02-03T07:06:39.365Z","updatedAt":"2025-02-15T11:39:00.967Z","systemSettings":{"themeId":1},"id":1,"nickname":"Super Admin","username":"johndoe","email":"admin@nocobase.com","phone":null,"passwordChangeTz":null,"appLang":null,"user_ids":null,"createdById":null},"roleName":"root"},"status":0,"workflowId":30},"message":"execution (155) finished with status: 0","timestamp":"2025-02-15 11:56:05"}
{"level":"error","message":"request (#217) failed without resposne: timeout of 5000ms exceeded","timestamp":"2025-02-15 11:56:11"}
{"level":"info","message":"execution (155) resuming from job (436) added to pending list","timestamp":"2025-02-15 11:56:12"}
{"level":"info","message":"pending execution (155) ready to process","timestamp":"2025-02-15 11:56:12"}
{"level":"info","message":"execution (155) resuming...","timestamp":"2025-02-15 11:56:12"}
{"level":"info","message":"execution (155) run instruction [request] for node (217)","timestamp":"2025-02-15 11:56:12"}
{"level":"info","message":"execution (155) run instruction [request] for node (217) finished as status: 1","timestamp":"2025-02-15 11:56:12"}
{"level":"info","message":"execution (155) run instruction [condition] for node (219)","timestamp":"2025-02-15 11:56:12"}
{"level":"info","message":"execution (155) run instruction [notification] for node (222)","timestamp":"2025-02-15 11:56:12"}
{"level":"info","message":"notification (#222) sent, waiting for response...","timestamp":"2025-02-15 11:56:13"}
{"level":"info","message":"execution (155) exiting with status 0","timestamp":"2025-02-15 11:56:13"}
{"level":"info","message":"execution (155) exiting with status 0","timestamp":"2025-02-15 11:56:13"}
{"level":"info","message":"execution (155) exiting with status 0","timestamp":"2025-02-15 11:56:13"}
{"level":"info","execution":{"id":155,"createdAt":"2025-02-15T11:56:04.828Z","updatedAt":"2025-02-15T11:56:05.055Z","key":"zp162z7tkvg","eventKey":"d01ac894-e9d5-4280-b396-5f321af0e3e5","context":{"data":{"createdAt":"2025-02-15T11:55:33.926Z","updatedAt":"2025-02-15T11:55:52.932Z","workspace_id":37,"repo_roken":"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","organization_name":null,"host_domain":null,"webhook":" https://a1ab-103-130-204-185.ngrok-free.app/api/webhook/63606450-9bae-4813-889f-c7cb4abe3f63","id":51,"host":"github","repo_name":"demo-repo","repository_url":"https://github.com/sanjeevraj-belsterns/demo-repository","updatedById":1,"createdById":1,"is_initialized":"false","branch":null},"user":{"createdAt":"2025-02-03T07:06:39.365Z","updatedAt":"2025-02-15T11:39:00.967Z","systemSettings":{"themeId":1},"id":1,"nickname":"Super Admin","username":"johndoe","email":"admin@nocobase.com","phone":null,"passwordChangeTz":null,"appLang":null,"user_ids":null,"createdById":null},"roleName":"root"},"status":0,"workflowId":30},"message":"execution (155) finished with status: 0","timestamp":"2025-02-15 11:56:13"}
{"level":"info","message":"notification (#222) sent successfully.","timestamp":"2025-02-15 11:56:13"}
{"level":"info","message":"execution (155) resuming from job (438) added to pending list","timestamp":"2025-02-15 11:56:13"}
{"level":"info","message":"pending execution (155) ready to process","timestamp":"2025-02-15 11:56:13"}
{"level":"info","message":"execution (155) resuming...","timestamp":"2025-02-15 11:56:13"}
{"level":"info","message":"execution (155) run instruction [notification] for node (222)","timestamp":"2025-02-15 11:56:14"}
{"level":"info","message":"execution (155) run instruction [notification] for node (222) finished as status: 1","timestamp":"2025-02-15 11:56:14"}
{"level":"info","message":"execution (155) run instruction [condition] for node (219)","timestamp":"2025-02-15 11:56:14"}
{"level":"info","message":"execution (155) run instruction [condition] for node (219) finished as status: 1","timestamp":"2025-02-15 11:56:14"}
{"level":"info","message":"execution (155) exiting with status 1","timestamp":"2025-02-15 11:56:14"}
{"level":"info","execution":{"id":155,"createdAt":"2025-02-15T11:56:04.828Z","updatedAt":"2025-02-15T11:56:14.963Z","key":"zp162z7tkvg","eventKey":"d01ac894-e9d5-4280-b396-5f321af0e3e5","context":{"data":{"createdAt":"2025-02-15T11:55:33.926Z","updatedAt":"2025-02-15T11:55:52.932Z","workspace_id":37,"repo_roken":"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","organization_name":null,"host_domain":null,"webhook":" https://a1ab-103-130-204-185.ngrok-free.app/api/webhook/63606450-9bae-4813-889f-c7cb4abe3f63","id":51,"host":"github","repo_name":"demo-repo","repository_url":"https://github.com/sanjeevraj-belsterns/demo-repository","updatedById":1,"createdById":1,"is_initialized":"false","branch":null},"user":{"createdAt":"2025-02-03T07:06:39.365Z","updatedAt":"2025-02-15T11:39:00.967Z","systemSettings":{"themeId":1},"id":1,"nickname":"Super Admin","username":"johndoe","email":"admin@nocobase.com","phone":null,"passwordChangeTz":null,"appLang":null,"user_ids":null,"createdById":null},"roleName":"root"},"status":1,"workflowId":30},"message":"execution (155) finished with status: 1","timestamp":"2025-02-15 11:56:14"}
