{"level":"info","message":"new event triggered, now events: 1","timestamp":"2025-02-14 11:53:52"}
{"level":"info","message":"preparing execution for event","timestamp":"2025-02-14 11:53:52"}
{"level":"info","message":"execution of workflow 20 created as 84","timestamp":"2025-02-14 11:53:52"}
{"level":"info","message":"pending execution (84) ready to process","timestamp":"2025-02-14 11:53:52"}
{"level":"info","message":"queueing execution (84) from pending list updated to started","timestamp":"2025-02-14 11:53:52"}
{"level":"info","message":"execution (84) starting...","timestamp":"2025-02-14 11:53:52"}
{"level":"info","message":"execution (84) run instruction [request] for node (112)","timestamp":"2025-02-14 11:53:52"}
{"level":"info","message":"request (#112) sent to \"http://192.168.255.34:3000/api/repo/validate\", waiting for response...","timestamp":"2025-02-14 11:53:53"}
{"level":"info","message":"execution (84) exiting with status 0","timestamp":"2025-02-14 11:53:53"}
{"level":"info","execution":{"id":84,"context":{"data":{"createdAt":"2025-02-14T11:53:52.243Z","updatedAt":"2025-02-14T11:53:52.296Z","id":22,"host_domain":null,"repo_name":"Dev-utaa","repository_url":"https://github.com/Belsterns/dev-utaa","repo_roken":"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","host":"github","workspace_id":37,"updatedById":1,"createdById":1,"organization_name":null,"webhook":null},"user":{"createdAt":"2025-02-03T07:06:39.365Z","updatedAt":"2025-02-14T06:06:41.530Z","systemSettings":{"themeId":1},"id":1,"nickname":"Super Admin","username":"johndoe","email":"admin@nocobase.com","phone":null,"passwordChangeTz":null,"appLang":null,"user_ids":null,"createdById":null,"updatedById":1},"roleName":"root"},"key":"3pwrk7xtkfq","eventKey":"f49763a6-63cf-4646-a8bb-aedfeec1986b","status":0,"workflowId":20,"updatedAt":"2025-02-14T11:53:52.535Z","createdAt":"2025-02-14T11:53:52.475Z"},"message":"execution (84) finished with status: 0","timestamp":"2025-02-14 11:53:53"}
{"level":"info","message":"request (#112) failed with response, status: 422","timestamp":"2025-02-14 11:53:54"}
{"level":"info","message":"execution (84) resuming from job (209) added to pending list","timestamp":"2025-02-14 11:53:54"}
{"level":"info","message":"pending execution (84) ready to process","timestamp":"2025-02-14 11:53:54"}
{"level":"info","message":"execution (84) resuming...","timestamp":"2025-02-14 11:53:54"}
{"level":"info","message":"execution (84) run instruction [request] for node (112)","timestamp":"2025-02-14 11:53:55"}
{"level":"info","message":"execution (84) run instruction [request] for node (112) finished as status: -1","timestamp":"2025-02-14 11:53:55"}
{"level":"info","message":"execution (84) exiting with status -1","timestamp":"2025-02-14 11:53:55"}
{"level":"info","execution":{"id":84,"context":{"data":{"createdAt":"2025-02-14T11:53:52.243Z","updatedAt":"2025-02-14T11:53:52.296Z","id":22,"host_domain":null,"repo_name":"Dev-utaa","repository_url":"https://github.com/Belsterns/dev-utaa","repo_roken":"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","host":"github","workspace_id":37,"updatedById":1,"createdById":1,"organization_name":null,"webhook":null},"user":{"createdAt":"2025-02-03T07:06:39.365Z","updatedAt":"2025-02-14T06:06:41.530Z","systemSettings":{"themeId":1},"id":1,"nickname":"Super Admin","username":"johndoe","email":"admin@nocobase.com","phone":null,"passwordChangeTz":null,"appLang":null,"user_ids":null,"createdById":null,"updatedById":1},"roleName":"root"},"key":"3pwrk7xtkfq","eventKey":"f49763a6-63cf-4646-a8bb-aedfeec1986b","status":-1,"workflowId":20,"updatedAt":"2025-02-14T11:53:55.042Z","createdAt":"2025-02-14T11:53:52.475Z"},"message":"execution (84) finished with status: -1","timestamp":"2025-02-14 11:53:55"}
{"level":"info","message":"new event triggered, now events: 1","timestamp":"2025-02-14 11:57:43"}
{"level":"info","message":"preparing execution for event","timestamp":"2025-02-14 11:57:43"}
{"level":"info","message":"execution of workflow 20 created as 85","timestamp":"2025-02-14 11:57:44"}
{"level":"info","message":"pending execution (85) ready to process","timestamp":"2025-02-14 11:57:44"}
{"level":"info","message":"queueing execution (85) from pending list updated to started","timestamp":"2025-02-14 11:57:44"}
{"level":"info","message":"execution (85) starting...","timestamp":"2025-02-14 11:57:44"}
{"level":"info","message":"execution (85) run instruction [request] for node (112)","timestamp":"2025-02-14 11:57:44"}
{"level":"info","message":"request (#112) sent to \"http://192.168.255.34:3000/api/repo/validate\", waiting for response...","timestamp":"2025-02-14 11:57:44"}
{"level":"info","message":"execution (85) exiting with status 0","timestamp":"2025-02-14 11:57:44"}
{"level":"info","execution":{"id":85,"context":{"data":{"createdAt":"2025-02-14T11:53:52.243Z","updatedAt":"2025-02-14T11:57:43.903Z","workspace_id":37,"repo_roken":"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","organization_name":null,"host_domain":null,"webhook":null,"id":22,"host":"github","repo_name":"Dev-utaa","repository_url":"https://github.com/Belsterns/dev-utaa","updatedById":1,"createdById":1},"user":{"createdAt":"2025-02-03T07:06:39.365Z","updatedAt":"2025-02-14T06:06:41.530Z","systemSettings":{"themeId":1},"id":1,"nickname":"Super Admin","username":"johndoe","email":"admin@nocobase.com","phone":null,"passwordChangeTz":null,"appLang":null,"user_ids":null,"createdById":null,"updatedById":1},"roleName":"root"},"key":"3pwrk7xtkfq","eventKey":"dd3d09a3-b221-46d2-b366-33fe9f24ac2d","status":0,"workflowId":20,"updatedAt":"2025-02-14T11:57:44.075Z","createdAt":"2025-02-14T11:57:43.988Z"},"message":"execution (85) finished with status: 0","timestamp":"2025-02-14 11:57:44"}
{"level":"info","message":"request (#112) failed with response, status: 422","timestamp":"2025-02-14 11:57:45"}
{"level":"info","message":"execution (85) resuming from job (210) added to pending list","timestamp":"2025-02-14 11:57:45"}
{"level":"info","message":"pending execution (85) ready to process","timestamp":"2025-02-14 11:57:45"}
{"level":"info","message":"execution (85) resuming...","timestamp":"2025-02-14 11:57:45"}
{"level":"info","message":"execution (85) run instruction [request] for node (112)","timestamp":"2025-02-14 11:57:45"}
{"level":"info","message":"execution (85) run instruction [request] for node (112) finished as status: -1","timestamp":"2025-02-14 11:57:45"}
{"level":"info","message":"execution (85) exiting with status -1","timestamp":"2025-02-14 11:57:45"}
{"level":"info","execution":{"id":85,"context":{"data":{"createdAt":"2025-02-14T11:53:52.243Z","updatedAt":"2025-02-14T11:57:43.903Z","workspace_id":37,"repo_roken":"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","organization_name":null,"host_domain":null,"webhook":null,"id":22,"host":"github","repo_name":"Dev-utaa","repository_url":"https://github.com/Belsterns/dev-utaa","updatedById":1,"createdById":1},"user":{"createdAt":"2025-02-03T07:06:39.365Z","updatedAt":"2025-02-14T06:06:41.530Z","systemSettings":{"themeId":1},"id":1,"nickname":"Super Admin","username":"johndoe","email":"admin@nocobase.com","phone":null,"passwordChangeTz":null,"appLang":null,"user_ids":null,"createdById":null,"updatedById":1},"roleName":"root"},"key":"3pwrk7xtkfq","eventKey":"dd3d09a3-b221-46d2-b366-33fe9f24ac2d","status":-1,"workflowId":20,"updatedAt":"2025-02-14T11:57:45.174Z","createdAt":"2025-02-14T11:57:43.988Z"},"message":"execution (85) finished with status: -1","timestamp":"2025-02-14 11:57:45"}
{"level":"info","message":"new event triggered, now events: 1","timestamp":"2025-02-14 12:03:00"}
{"level":"info","message":"preparing execution for event","timestamp":"2025-02-14 12:03:00"}
{"level":"info","message":"execution of workflow 20 created as 87","timestamp":"2025-02-14 12:03:00"}
{"level":"info","message":"pending execution (87) ready to process","timestamp":"2025-02-14 12:03:00"}
{"level":"info","message":"queueing execution (87) from pending list updated to started","timestamp":"2025-02-14 12:03:00"}
{"level":"info","message":"execution (87) starting...","timestamp":"2025-02-14 12:03:00"}
{"level":"info","message":"execution (87) run instruction [request] for node (112)","timestamp":"2025-02-14 12:03:01"}
{"level":"info","message":"request (#112) sent to \"http://192.168.255.34:3000/api/repo/validate\", waiting for response...","timestamp":"2025-02-14 12:03:01"}
{"level":"info","message":"execution (87) exiting with status 0","timestamp":"2025-02-14 12:03:01"}
{"level":"info","execution":{"id":87,"context":{"data":{"createdAt":"2025-02-14T12:03:00.715Z","updatedAt":"2025-02-14T12:03:00.753Z","id":23,"host_domain":null,"repo_name":"Dev-utaa","repository_url":"https://github.com/Belsterns/dev-utaa","repo_roken":"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","host":"github","workspace_id":37,"updatedById":1,"createdById":1,"organization_name":null,"webhook":null},"user":{"createdAt":"2025-02-03T07:06:39.365Z","updatedAt":"2025-02-14T06:06:41.530Z","systemSettings":{"themeId":1},"id":1,"nickname":"Super Admin","username":"johndoe","email":"admin@nocobase.com","phone":null,"passwordChangeTz":null,"appLang":null,"user_ids":null,"createdById":null,"updatedById":1},"roleName":"root"},"key":"3pwrk7xtkfq","eventKey":"479e6d39-0115-402b-8460-fc4061840747","status":0,"workflowId":20,"updatedAt":"2025-02-14T12:03:00.857Z","createdAt":"2025-02-14T12:03:00.804Z"},"message":"execution (87) finished with status: 0","timestamp":"2025-02-14 12:03:01"}
{"level":"info","message":"request (#112) failed with response, status: 422","timestamp":"2025-02-14 12:03:01"}
{"level":"info","message":"execution (87) resuming from job (212) added to pending list","timestamp":"2025-02-14 12:03:01"}
{"level":"info","message":"pending execution (87) ready to process","timestamp":"2025-02-14 12:03:01"}
{"level":"info","message":"execution (87) resuming...","timestamp":"2025-02-14 12:03:01"}
{"level":"info","message":"execution (87) run instruction [request] for node (112)","timestamp":"2025-02-14 12:03:01"}
{"level":"info","message":"execution (87) run instruction [request] for node (112) finished as status: -1","timestamp":"2025-02-14 12:03:01"}
{"level":"info","message":"execution (87) exiting with status -1","timestamp":"2025-02-14 12:03:01"}
{"level":"info","execution":{"id":87,"context":{"data":{"createdAt":"2025-02-14T12:03:00.715Z","updatedAt":"2025-02-14T12:03:00.753Z","id":23,"host_domain":null,"repo_name":"Dev-utaa","repository_url":"https://github.com/Belsterns/dev-utaa","repo_roken":"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","host":"github","workspace_id":37,"updatedById":1,"createdById":1,"organization_name":null,"webhook":null},"user":{"createdAt":"2025-02-03T07:06:39.365Z","updatedAt":"2025-02-14T06:06:41.530Z","systemSettings":{"themeId":1},"id":1,"nickname":"Super Admin","username":"johndoe","email":"admin@nocobase.com","phone":null,"passwordChangeTz":null,"appLang":null,"user_ids":null,"createdById":null,"updatedById":1},"roleName":"root"},"key":"3pwrk7xtkfq","eventKey":"479e6d39-0115-402b-8460-fc4061840747","status":-1,"workflowId":20,"updatedAt":"2025-02-14T12:03:01.777Z","createdAt":"2025-02-14T12:03:00.804Z"},"message":"execution (87) finished with status: -1","timestamp":"2025-02-14 12:03:01"}
{"level":"info","message":"new event triggered, now events: 1","timestamp":"2025-02-14 13:09:48"}
{"level":"info","message":"preparing execution for event","timestamp":"2025-02-14 13:09:48"}
{"level":"info","message":"execution of workflow 20 created as 88","timestamp":"2025-02-14 13:09:48"}
{"level":"info","message":"pending execution (88) ready to process","timestamp":"2025-02-14 13:09:48"}
{"level":"info","message":"queueing execution (88) from pending list updated to started","timestamp":"2025-02-14 13:09:49"}
{"level":"info","message":"execution (88) starting...","timestamp":"2025-02-14 13:09:49"}
{"level":"info","message":"execution (88) run instruction [request] for node (112)","timestamp":"2025-02-14 13:09:49"}
{"level":"info","message":"request (#112) sent to \"http://192.168.255.34:3000/api/repo/validate\", waiting for response...","timestamp":"2025-02-14 13:09:49"}
{"level":"info","message":"execution (88) exiting with status 0","timestamp":"2025-02-14 13:09:49"}
{"level":"info","execution":{"id":88,"context":{"data":{"createdAt":"2025-02-14T12:03:00.715Z","updatedAt":"2025-02-14T13:09:48.859Z","workspace_id":37,"repo_roken":"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","organization_name":null,"host_domain":null,"webhook":null,"id":23,"host":"github","repo_name":"Dev-utaa","repository_url":"https://github.com/Belsterns/dev-utaa","updatedById":1,"createdById":1},"user":{"createdAt":"2025-02-03T07:06:39.365Z","updatedAt":"2025-02-14T06:06:41.530Z","systemSettings":{"themeId":1},"id":1,"nickname":"Super Admin","username":"johndoe","email":"admin@nocobase.com","phone":null,"passwordChangeTz":null,"appLang":null,"user_ids":null,"createdById":null,"updatedById":1},"roleName":"root"},"key":"3pwrk7xtkfq","eventKey":"1143b0c6-8ef9-4143-84fb-0ce809c71b02","status":0,"workflowId":20,"updatedAt":"2025-02-14T13:09:48.999Z","createdAt":"2025-02-14T13:09:48.925Z"},"message":"execution (88) finished with status: 0","timestamp":"2025-02-14 13:09:49"}
{"level":"info","message":"request (#112) failed with response, status: 422","timestamp":"2025-02-14 13:09:49"}
{"level":"info","message":"execution (88) resuming from job (213) added to pending list","timestamp":"2025-02-14 13:09:49"}
{"level":"info","message":"pending execution (88) ready to process","timestamp":"2025-02-14 13:09:49"}
{"level":"info","message":"execution (88) resuming...","timestamp":"2025-02-14 13:09:49"}
{"level":"info","message":"execution (88) run instruction [request] for node (112)","timestamp":"2025-02-14 13:09:49"}
{"level":"info","message":"execution (88) run instruction [request] for node (112) finished as status: -1","timestamp":"2025-02-14 13:09:49"}
{"level":"info","message":"execution (88) exiting with status -1","timestamp":"2025-02-14 13:09:49"}
{"level":"info","execution":{"id":88,"context":{"data":{"createdAt":"2025-02-14T12:03:00.715Z","updatedAt":"2025-02-14T13:09:48.859Z","workspace_id":37,"repo_roken":"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","organization_name":null,"host_domain":null,"webhook":null,"id":23,"host":"github","repo_name":"Dev-utaa","repository_url":"https://github.com/Belsterns/dev-utaa","updatedById":1,"createdById":1},"user":{"createdAt":"2025-02-03T07:06:39.365Z","updatedAt":"2025-02-14T06:06:41.530Z","systemSettings":{"themeId":1},"id":1,"nickname":"Super Admin","username":"johndoe","email":"admin@nocobase.com","phone":null,"passwordChangeTz":null,"appLang":null,"user_ids":null,"createdById":null,"updatedById":1},"roleName":"root"},"key":"3pwrk7xtkfq","eventKey":"1143b0c6-8ef9-4143-84fb-0ce809c71b02","status":-1,"workflowId":20,"updatedAt":"2025-02-14T13:09:49.957Z","createdAt":"2025-02-14T13:09:48.925Z"},"message":"execution (88) finished with status: -1","timestamp":"2025-02-14 13:09:49"}
{"level":"info","message":"new event triggered, now events: 1","timestamp":"2025-02-14 13:10:08"}
{"level":"info","message":"preparing execution for event","timestamp":"2025-02-14 13:10:08"}
{"level":"info","message":"execution of workflow 20 created as 89","timestamp":"2025-02-14 13:10:08"}
{"level":"info","message":"pending execution (89) ready to process","timestamp":"2025-02-14 13:10:08"}
{"level":"info","message":"queueing execution (89) from pending list updated to started","timestamp":"2025-02-14 13:10:08"}
{"level":"info","message":"execution (89) starting...","timestamp":"2025-02-14 13:10:08"}
{"level":"info","message":"execution (89) run instruction [request] for node (112)","timestamp":"2025-02-14 13:10:08"}
{"level":"info","message":"request (#112) sent to \"http://192.168.255.34:3000/api/repo/validate\", waiting for response...","timestamp":"2025-02-14 13:10:08"}
{"level":"info","message":"execution (89) exiting with status 0","timestamp":"2025-02-14 13:10:08"}
{"level":"info","execution":{"id":89,"context":{"data":{"createdAt":"2025-02-14T12:03:00.715Z","updatedAt":"2025-02-14T13:10:08.764Z","workspace_id":37,"repo_roken":"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","organization_name":null,"host_domain":null,"webhook":null,"id":23,"host":"github","repo_name":"Dev-utaa","repository_url":"https://github.com/Belsterns/dev-utaa","updatedById":1,"createdById":1},"user":{"createdAt":"2025-02-03T07:06:39.365Z","updatedAt":"2025-02-14T06:06:41.530Z","systemSettings":{"themeId":1},"id":1,"nickname":"Super Admin","username":"johndoe","email":"admin@nocobase.com","phone":null,"passwordChangeTz":null,"appLang":null,"user_ids":null,"createdById":null,"updatedById":1},"roleName":"root"},"key":"3pwrk7xtkfq","eventKey":"e7c7411f-a410-48d4-9885-165b6f085b0b","status":0,"workflowId":20,"updatedAt":"2025-02-14T13:10:08.797Z","createdAt":"2025-02-14T13:10:08.778Z"},"message":"execution (89) finished with status: 0","timestamp":"2025-02-14 13:10:08"}
{"level":"info","message":"request (#112) failed with response, status: 422","timestamp":"2025-02-14 13:10:09"}
{"level":"info","message":"execution (89) resuming from job (214) added to pending list","timestamp":"2025-02-14 13:10:09"}
{"level":"info","message":"pending execution (89) ready to process","timestamp":"2025-02-14 13:10:09"}
{"level":"info","message":"execution (89) resuming...","timestamp":"2025-02-14 13:10:09"}
{"level":"info","message":"execution (89) run instruction [request] for node (112)","timestamp":"2025-02-14 13:10:09"}
{"level":"info","message":"execution (89) run instruction [request] for node (112) finished as status: -1","timestamp":"2025-02-14 13:10:09"}
{"level":"info","message":"execution (89) exiting with status -1","timestamp":"2025-02-14 13:10:09"}
{"level":"info","execution":{"id":89,"context":{"data":{"createdAt":"2025-02-14T12:03:00.715Z","updatedAt":"2025-02-14T13:10:08.764Z","workspace_id":37,"repo_roken":"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","organization_name":null,"host_domain":null,"webhook":null,"id":23,"host":"github","repo_name":"Dev-utaa","repository_url":"https://github.com/Belsterns/dev-utaa","updatedById":1,"createdById":1},"user":{"createdAt":"2025-02-03T07:06:39.365Z","updatedAt":"2025-02-14T06:06:41.530Z","systemSettings":{"themeId":1},"id":1,"nickname":"Super Admin","username":"johndoe","email":"admin@nocobase.com","phone":null,"passwordChangeTz":null,"appLang":null,"user_ids":null,"createdById":null,"updatedById":1},"roleName":"root"},"key":"3pwrk7xtkfq","eventKey":"e7c7411f-a410-48d4-9885-165b6f085b0b","status":-1,"workflowId":20,"updatedAt":"2025-02-14T13:10:09.095Z","createdAt":"2025-02-14T13:10:08.778Z"},"message":"execution (89) finished with status: -1","timestamp":"2025-02-14 13:10:09"}
{"level":"info","message":"new event triggered, now events: 1","timestamp":"2025-02-14 13:12:48"}
{"level":"info","message":"preparing execution for event","timestamp":"2025-02-14 13:12:48"}
{"level":"info","message":"execution of workflow 20 created as 90","timestamp":"2025-02-14 13:12:48"}
{"level":"info","message":"pending execution (90) ready to process","timestamp":"2025-02-14 13:12:49"}
{"level":"info","message":"queueing execution (90) from pending list updated to started","timestamp":"2025-02-14 13:12:49"}
{"level":"info","message":"execution (90) starting...","timestamp":"2025-02-14 13:12:49"}
{"level":"info","message":"execution (90) run instruction [request] for node (112)","timestamp":"2025-02-14 13:12:49"}
{"level":"info","message":"request (#112) sent to \"http://192.168.255.34:3000/api/repo/validate\", waiting for response...","timestamp":"2025-02-14 13:12:49"}
{"level":"info","message":"execution (90) exiting with status 0","timestamp":"2025-02-14 13:12:49"}
{"level":"info","execution":{"id":90,"context":{"data":{"createdAt":"2025-02-14T12:03:00.715Z","updatedAt":"2025-02-14T13:12:48.876Z","workspace_id":37,"repo_roken":"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","organization_name":null,"host_domain":null,"webhook":null,"id":23,"host":"github","repo_name":"Dev-utaa","repository_url":"https://github.com/Belsterns/dev-utaa","updatedById":1,"createdById":1},"user":{"createdAt":"2025-02-03T07:06:39.365Z","updatedAt":"2025-02-14T06:06:41.530Z","systemSettings":{"themeId":1},"id":1,"nickname":"Super Admin","username":"johndoe","email":"admin@nocobase.com","phone":null,"passwordChangeTz":null,"appLang":null,"user_ids":null,"createdById":null,"updatedById":1},"roleName":"root"},"key":"3pwrk7xtkfq","eventKey":"a27c51fa-e023-4202-a24f-abcd9cbcb259","status":0,"workflowId":20,"updatedAt":"2025-02-14T13:12:49.026Z","createdAt":"2025-02-14T13:12:48.933Z"},"message":"execution (90) finished with status: 0","timestamp":"2025-02-14 13:12:49"}
{"level":"info","message":"request (#112) failed with response, status: 422","timestamp":"2025-02-14 13:12:52"}
{"level":"info","message":"execution (90) resuming from job (215) added to pending list","timestamp":"2025-02-14 13:12:52"}
{"level":"info","message":"pending execution (90) ready to process","timestamp":"2025-02-14 13:12:52"}
{"level":"info","message":"execution (90) resuming...","timestamp":"2025-02-14 13:12:52"}
{"level":"info","message":"execution (90) run instruction [request] for node (112)","timestamp":"2025-02-14 13:12:52"}
{"level":"info","message":"execution (90) run instruction [request] for node (112) finished as status: -1","timestamp":"2025-02-14 13:12:52"}
{"level":"info","message":"execution (90) exiting with status -1","timestamp":"2025-02-14 13:12:52"}
{"level":"info","execution":{"id":90,"context":{"data":{"createdAt":"2025-02-14T12:03:00.715Z","updatedAt":"2025-02-14T13:12:48.876Z","workspace_id":37,"repo_roken":"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","organization_name":null,"host_domain":null,"webhook":null,"id":23,"host":"github","repo_name":"Dev-utaa","repository_url":"https://github.com/Belsterns/dev-utaa","updatedById":1,"createdById":1},"user":{"createdAt":"2025-02-03T07:06:39.365Z","updatedAt":"2025-02-14T06:06:41.530Z","systemSettings":{"themeId":1},"id":1,"nickname":"Super Admin","username":"johndoe","email":"admin@nocobase.com","phone":null,"passwordChangeTz":null,"appLang":null,"user_ids":null,"createdById":null,"updatedById":1},"roleName":"root"},"key":"3pwrk7xtkfq","eventKey":"a27c51fa-e023-4202-a24f-abcd9cbcb259","status":-1,"workflowId":20,"updatedAt":"2025-02-14T13:12:52.892Z","createdAt":"2025-02-14T13:12:48.933Z"},"message":"execution (90) finished with status: -1","timestamp":"2025-02-14 13:12:52"}
{"level":"info","message":"new event triggered, now events: 1","timestamp":"2025-02-14 13:13:31"}
{"level":"info","message":"preparing execution for event","timestamp":"2025-02-14 13:13:31"}
{"level":"info","message":"execution of workflow 20 created as 91","timestamp":"2025-02-14 13:13:31"}
{"level":"info","message":"pending execution (91) ready to process","timestamp":"2025-02-14 13:13:31"}
{"level":"info","message":"queueing execution (91) from pending list updated to started","timestamp":"2025-02-14 13:13:31"}
{"level":"info","message":"execution (91) starting...","timestamp":"2025-02-14 13:13:31"}
{"level":"info","message":"execution (91) run instruction [request] for node (112)","timestamp":"2025-02-14 13:13:31"}
{"level":"info","message":"request (#112) sent to \"http://192.168.255.34:3000/api/repo/validate\", waiting for response...","timestamp":"2025-02-14 13:13:31"}
{"level":"info","message":"execution (91) exiting with status 0","timestamp":"2025-02-14 13:13:31"}
{"level":"info","execution":{"id":91,"context":{"data":{"createdAt":"2025-02-14T12:03:00.715Z","updatedAt":"2025-02-14T13:13:31.500Z","workspace_id":37,"repo_roken":"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","organization_name":null,"host_domain":null,"webhook":null,"id":23,"host":"github","repo_name":"Dev-utaa","repository_url":"https://github.com/Belsterns/dev-utaa","updatedById":1,"createdById":1},"user":{"createdAt":"2025-02-03T07:06:39.365Z","updatedAt":"2025-02-14T06:06:41.530Z","systemSettings":{"themeId":1},"id":1,"nickname":"Super Admin","username":"johndoe","email":"admin@nocobase.com","phone":null,"passwordChangeTz":null,"appLang":null,"user_ids":null,"createdById":null,"updatedById":1},"roleName":"root"},"key":"3pwrk7xtkfq","eventKey":"c0505484-885e-46f0-9547-9ac85655795a","status":0,"workflowId":20,"updatedAt":"2025-02-14T13:13:31.645Z","createdAt":"2025-02-14T13:13:31.529Z"},"message":"execution (91) finished with status: 0","timestamp":"2025-02-14 13:13:31"}
{"level":"info","message":"request (#112) failed with response, status: 422","timestamp":"2025-02-14 13:13:32"}
{"level":"info","message":"execution (91) resuming from job (216) added to pending list","timestamp":"2025-02-14 13:13:32"}
{"level":"info","message":"pending execution (91) ready to process","timestamp":"2025-02-14 13:13:32"}
{"level":"info","message":"execution (91) resuming...","timestamp":"2025-02-14 13:13:32"}
{"level":"info","message":"execution (91) run instruction [request] for node (112)","timestamp":"2025-02-14 13:13:32"}
{"level":"info","message":"execution (91) run instruction [request] for node (112) finished as status: -1","timestamp":"2025-02-14 13:13:32"}
{"level":"info","message":"execution (91) exiting with status -1","timestamp":"2025-02-14 13:13:32"}
{"level":"info","execution":{"id":91,"context":{"data":{"createdAt":"2025-02-14T12:03:00.715Z","updatedAt":"2025-02-14T13:13:31.500Z","workspace_id":37,"repo_roken":"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","organization_name":null,"host_domain":null,"webhook":null,"id":23,"host":"github","repo_name":"Dev-utaa","repository_url":"https://github.com/Belsterns/dev-utaa","updatedById":1,"createdById":1},"user":{"createdAt":"2025-02-03T07:06:39.365Z","updatedAt":"2025-02-14T06:06:41.530Z","systemSettings":{"themeId":1},"id":1,"nickname":"Super Admin","username":"johndoe","email":"admin@nocobase.com","phone":null,"passwordChangeTz":null,"appLang":null,"user_ids":null,"createdById":null,"updatedById":1},"roleName":"root"},"key":"3pwrk7xtkfq","eventKey":"c0505484-885e-46f0-9547-9ac85655795a","status":-1,"workflowId":20,"updatedAt":"2025-02-14T13:13:32.890Z","createdAt":"2025-02-14T13:13:31.529Z"},"message":"execution (91) finished with status: -1","timestamp":"2025-02-14 13:13:32"}
{"level":"info","message":"new event triggered, now events: 1","timestamp":"2025-02-14 13:13:59"}
{"level":"info","message":"preparing execution for event","timestamp":"2025-02-14 13:13:59"}
{"level":"info","message":"execution of workflow 20 created as 92","timestamp":"2025-02-14 13:13:59"}
{"level":"info","message":"pending execution (92) ready to process","timestamp":"2025-02-14 13:13:59"}
{"level":"info","message":"queueing execution (92) from pending list updated to started","timestamp":"2025-02-14 13:13:59"}
{"level":"info","message":"execution (92) starting...","timestamp":"2025-02-14 13:13:59"}
{"level":"info","message":"execution (92) run instruction [request] for node (112)","timestamp":"2025-02-14 13:13:59"}
{"level":"info","message":"request (#112) sent to \"http://192.168.255.34:3000/api/repo/validate\", waiting for response...","timestamp":"2025-02-14 13:13:59"}
{"level":"info","message":"execution (92) exiting with status 0","timestamp":"2025-02-14 13:13:59"}
{"level":"info","execution":{"id":92,"context":{"data":{"createdAt":"2025-02-14T12:03:00.715Z","updatedAt":"2025-02-14T13:13:59.028Z","workspace_id":37,"repo_roken":"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","organization_name":null,"host_domain":null,"webhook":null,"id":23,"host":"github","repo_name":"Dev-utaa","repository_url":"https://github.com/Belsterns/dev-utaa","updatedById":1,"createdById":1},"user":{"createdAt":"2025-02-03T07:06:39.365Z","updatedAt":"2025-02-14T06:06:41.530Z","systemSettings":{"themeId":1},"id":1,"nickname":"Super Admin","username":"johndoe","email":"admin@nocobase.com","phone":null,"passwordChangeTz":null,"appLang":null,"user_ids":null,"createdById":null,"updatedById":1},"roleName":"root"},"key":"3pwrk7xtkfq","eventKey":"a4da8d60-0c86-4385-9eae-ce8289a2256a","status":0,"workflowId":20,"updatedAt":"2025-02-14T13:13:59.077Z","createdAt":"2025-02-14T13:13:59.040Z"},"message":"execution (92) finished with status: 0","timestamp":"2025-02-14 13:13:59"}
{"level":"info","message":"request (#112) failed with response, status: 422","timestamp":"2025-02-14 13:13:59"}
{"level":"info","message":"execution (92) resuming from job (217) added to pending list","timestamp":"2025-02-14 13:13:59"}
{"level":"info","message":"pending execution (92) ready to process","timestamp":"2025-02-14 13:13:59"}
{"level":"info","message":"execution (92) resuming...","timestamp":"2025-02-14 13:13:59"}
{"level":"info","message":"execution (92) run instruction [request] for node (112)","timestamp":"2025-02-14 13:13:59"}
{"level":"info","message":"execution (92) run instruction [request] for node (112) finished as status: -1","timestamp":"2025-02-14 13:13:59"}
{"level":"info","message":"execution (92) exiting with status -1","timestamp":"2025-02-14 13:13:59"}
{"level":"info","execution":{"id":92,"context":{"data":{"createdAt":"2025-02-14T12:03:00.715Z","updatedAt":"2025-02-14T13:13:59.028Z","workspace_id":37,"repo_roken":"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","organization_name":null,"host_domain":null,"webhook":null,"id":23,"host":"github","repo_name":"Dev-utaa","repository_url":"https://github.com/Belsterns/dev-utaa","updatedById":1,"createdById":1},"user":{"createdAt":"2025-02-03T07:06:39.365Z","updatedAt":"2025-02-14T06:06:41.530Z","systemSettings":{"themeId":1},"id":1,"nickname":"Super Admin","username":"johndoe","email":"admin@nocobase.com","phone":null,"passwordChangeTz":null,"appLang":null,"user_ids":null,"createdById":null,"updatedById":1},"roleName":"root"},"key":"3pwrk7xtkfq","eventKey":"a4da8d60-0c86-4385-9eae-ce8289a2256a","status":-1,"workflowId":20,"updatedAt":"2025-02-14T13:13:59.730Z","createdAt":"2025-02-14T13:13:59.040Z"},"message":"execution (92) finished with status: -1","timestamp":"2025-02-14 13:13:59"}
{"level":"info","message":"new event triggered, now events: 1","timestamp":"2025-02-14 13:14:20"}
{"level":"info","message":"preparing execution for event","timestamp":"2025-02-14 13:14:20"}
{"level":"info","message":"execution of workflow 20 created as 93","timestamp":"2025-02-14 13:14:20"}
{"level":"info","message":"pending execution (93) ready to process","timestamp":"2025-02-14 13:14:20"}
{"level":"info","message":"queueing execution (93) from pending list updated to started","timestamp":"2025-02-14 13:14:20"}
{"level":"info","message":"execution (93) starting...","timestamp":"2025-02-14 13:14:20"}
{"level":"info","message":"execution (93) run instruction [request] for node (112)","timestamp":"2025-02-14 13:14:20"}
{"level":"info","message":"request (#112) sent to \"http://192.168.255.34:3000/api/repo/validate\", waiting for response...","timestamp":"2025-02-14 13:14:20"}
{"level":"info","message":"execution (93) exiting with status 0","timestamp":"2025-02-14 13:14:20"}
{"level":"info","execution":{"id":93,"context":{"data":{"createdAt":"2025-02-14T12:03:00.715Z","updatedAt":"2025-02-14T13:14:20.528Z","workspace_id":37,"repo_roken":"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","organization_name":null,"host_domain":null,"webhook":null,"id":23,"host":"github","repo_name":"Dev-utaa","repository_url":"https://github.com/Belsterns/dev-utaa","updatedById":1,"createdById":1},"user":{"createdAt":"2025-02-03T07:06:39.365Z","updatedAt":"2025-02-14T06:06:41.530Z","systemSettings":{"themeId":1},"id":1,"nickname":"Super Admin","username":"johndoe","email":"admin@nocobase.com","phone":null,"passwordChangeTz":null,"appLang":null,"user_ids":null,"createdById":null,"updatedById":1},"roleName":"root"},"key":"3pwrk7xtkfq","eventKey":"32dc3368-cc37-48dd-a72b-a018e38d38f4","status":0,"workflowId":20,"updatedAt":"2025-02-14T13:14:20.582Z","createdAt":"2025-02-14T13:14:20.543Z"},"message":"execution (93) finished with status: 0","timestamp":"2025-02-14 13:14:20"}
{"level":"info","message":"request (#112) failed with response, status: 422","timestamp":"2025-02-14 13:14:21"}
{"level":"info","message":"execution (93) resuming from job (218) added to pending list","timestamp":"2025-02-14 13:14:21"}
{"level":"info","message":"pending execution (93) ready to process","timestamp":"2025-02-14 13:14:21"}
{"level":"info","message":"execution (93) resuming...","timestamp":"2025-02-14 13:14:21"}
{"level":"info","message":"execution (93) run instruction [request] for node (112)","timestamp":"2025-02-14 13:14:21"}
{"level":"info","message":"execution (93) run instruction [request] for node (112) finished as status: -1","timestamp":"2025-02-14 13:14:21"}
{"level":"info","message":"execution (93) exiting with status -1","timestamp":"2025-02-14 13:14:21"}
{"level":"info","execution":{"id":93,"context":{"data":{"createdAt":"2025-02-14T12:03:00.715Z","updatedAt":"2025-02-14T13:14:20.528Z","workspace_id":37,"repo_roken":"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","organization_name":null,"host_domain":null,"webhook":null,"id":23,"host":"github","repo_name":"Dev-utaa","repository_url":"https://github.com/Belsterns/dev-utaa","updatedById":1,"createdById":1},"user":{"createdAt":"2025-02-03T07:06:39.365Z","updatedAt":"2025-02-14T06:06:41.530Z","systemSettings":{"themeId":1},"id":1,"nickname":"Super Admin","username":"johndoe","email":"admin@nocobase.com","phone":null,"passwordChangeTz":null,"appLang":null,"user_ids":null,"createdById":null,"updatedById":1},"roleName":"root"},"key":"3pwrk7xtkfq","eventKey":"32dc3368-cc37-48dd-a72b-a018e38d38f4","status":-1,"workflowId":20,"updatedAt":"2025-02-14T13:14:21.538Z","createdAt":"2025-02-14T13:14:20.543Z"},"message":"execution (93) finished with status: -1","timestamp":"2025-02-14 13:14:21"}
{"level":"info","message":"new event triggered, now events: 1","timestamp":"2025-02-14 13:17:28"}
{"level":"info","message":"preparing execution for event","timestamp":"2025-02-14 13:17:28"}
{"level":"info","message":"execution of workflow 20 created as 95","timestamp":"2025-02-14 13:17:28"}
{"level":"info","message":"pending execution (95) ready to process","timestamp":"2025-02-14 13:17:28"}
{"level":"info","message":"queueing execution (95) from pending list updated to started","timestamp":"2025-02-14 13:17:28"}
{"level":"info","message":"execution (95) starting...","timestamp":"2025-02-14 13:17:28"}
{"level":"info","message":"execution (95) run instruction [request] for node (112)","timestamp":"2025-02-14 13:17:28"}
{"level":"info","message":"request (#112) sent to \"http://192.168.255.34:3000/api/repo/validate\", waiting for response...","timestamp":"2025-02-14 13:17:28"}
{"level":"info","message":"execution (95) exiting with status 0","timestamp":"2025-02-14 13:17:28"}
{"level":"info","execution":{"id":95,"context":{"data":{"createdAt":"2025-02-14T13:17:27.977Z","updatedAt":"2025-02-14T13:17:28.032Z","id":24,"host_domain":null,"repository_url":"https://github.com/Belsterns/dev-utaa","repo_name":"Dev-utaa","repo_roken":"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","host":"github","workspace_id":37,"updatedById":1,"createdById":1,"organization_name":null,"webhook":null},"user":{"createdAt":"2025-02-03T07:06:39.365Z","updatedAt":"2025-02-14T06:06:41.530Z","systemSettings":{"themeId":1},"id":1,"nickname":"Super Admin","username":"johndoe","email":"admin@nocobase.com","phone":null,"passwordChangeTz":null,"appLang":null,"user_ids":null,"createdById":null,"updatedById":1},"roleName":"root"},"key":"3pwrk7xtkfq","eventKey":"f1a5001b-eb88-404b-a290-b32f2fabca06","status":0,"workflowId":20,"updatedAt":"2025-02-14T13:17:28.120Z","createdAt":"2025-02-14T13:17:28.085Z"},"message":"execution (95) finished with status: 0","timestamp":"2025-02-14 13:17:28"}
{"level":"info","message":"request (#112) response success, status: 200","timestamp":"2025-02-14 13:17:29"}
{"level":"info","message":"execution (95) resuming from job (220) added to pending list","timestamp":"2025-02-14 13:17:29"}
{"level":"info","message":"pending execution (95) ready to process","timestamp":"2025-02-14 13:17:29"}
{"level":"info","message":"execution (95) resuming...","timestamp":"2025-02-14 13:17:29"}
{"level":"info","message":"execution (95) run instruction [request] for node (112)","timestamp":"2025-02-14 13:17:29"}
{"level":"info","message":"execution (95) run instruction [request] for node (112) finished as status: 1","timestamp":"2025-02-14 13:17:29"}
{"level":"info","message":"execution (95) run instruction [condition] for node (113)","timestamp":"2025-02-14 13:17:29"}
{"level":"info","message":"execution (95) run instruction [notification] for node (115)","timestamp":"2025-02-14 13:17:29"}
{"level":"info","message":"notification (#115) sent, waiting for response...","timestamp":"2025-02-14 13:17:29"}
{"level":"info","message":"execution (95) exiting with status 0","timestamp":"2025-02-14 13:17:29"}
{"level":"info","message":"execution (95) exiting with status 0","timestamp":"2025-02-14 13:17:29"}
{"level":"info","message":"execution (95) exiting with status 0","timestamp":"2025-02-14 13:17:29"}
{"level":"info","execution":{"id":95,"context":{"data":{"createdAt":"2025-02-14T13:17:27.977Z","updatedAt":"2025-02-14T13:17:28.032Z","id":24,"host_domain":null,"repository_url":"https://github.com/Belsterns/dev-utaa","repo_name":"Dev-utaa","repo_roken":"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","host":"github","workspace_id":37,"updatedById":1,"createdById":1,"organization_name":null,"webhook":null},"user":{"createdAt":"2025-02-03T07:06:39.365Z","updatedAt":"2025-02-14T06:06:41.530Z","systemSettings":{"themeId":1},"id":1,"nickname":"Super Admin","username":"johndoe","email":"admin@nocobase.com","phone":null,"passwordChangeTz":null,"appLang":null,"user_ids":null,"createdById":null,"updatedById":1},"roleName":"root"},"key":"3pwrk7xtkfq","eventKey":"f1a5001b-eb88-404b-a290-b32f2fabca06","status":0,"workflowId":20,"updatedAt":"2025-02-14T13:17:28.120Z","createdAt":"2025-02-14T13:17:28.085Z"},"message":"execution (95) finished with status: 0","timestamp":"2025-02-14 13:17:29"}
{"level":"info","message":"notification (#115) sent successfully.","timestamp":"2025-02-14 13:17:30"}
{"level":"info","message":"execution (95) resuming from job (222) added to pending list","timestamp":"2025-02-14 13:17:30"}
{"level":"info","message":"pending execution (95) ready to process","timestamp":"2025-02-14 13:17:30"}
{"level":"info","message":"execution (95) resuming...","timestamp":"2025-02-14 13:17:30"}
{"level":"info","message":"execution (95) run instruction [notification] for node (115)","timestamp":"2025-02-14 13:17:30"}
{"level":"info","message":"execution (95) run instruction [notification] for node (115) finished as status: 1","timestamp":"2025-02-14 13:17:30"}
{"level":"info","message":"execution (95) run instruction [request] for node (114)","timestamp":"2025-02-14 13:17:30"}
{"level":"info","message":"request (#114) sent to \"http://192.168.255.34:3000/api/repo\", waiting for response...","timestamp":"2025-02-14 13:17:30"}
{"level":"info","message":"execution (95) exiting with status 0","timestamp":"2025-02-14 13:17:30"}
{"level":"info","execution":{"id":95,"createdAt":"2025-02-14T13:17:28.085Z","updatedAt":"2025-02-14T13:17:28.120Z","key":"3pwrk7xtkfq","eventKey":"f1a5001b-eb88-404b-a290-b32f2fabca06","context":{"data":{"createdAt":"2025-02-14T13:17:27.977Z","updatedAt":"2025-02-14T13:17:28.032Z","id":24,"host_domain":null,"repository_url":"https://github.com/Belsterns/dev-utaa","repo_name":"Dev-utaa","repo_roken":"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","host":"github","workspace_id":37,"updatedById":1,"createdById":1,"organization_name":null,"webhook":null},"user":{"createdAt":"2025-02-03T07:06:39.365Z","updatedAt":"2025-02-14T06:06:41.530Z","systemSettings":{"themeId":1},"id":1,"nickname":"Super Admin","username":"johndoe","email":"admin@nocobase.com","phone":null,"passwordChangeTz":null,"appLang":null,"user_ids":null,"createdById":null,"updatedById":1},"roleName":"root"},"status":0,"workflowId":20},"message":"execution (95) finished with status: 0","timestamp":"2025-02-14 13:17:30"}
{"level":"info","message":"request (#114) failed with response, status: 422","timestamp":"2025-02-14 13:17:30"}
{"level":"info","message":"execution (95) resuming from job (223) added to pending list","timestamp":"2025-02-14 13:17:30"}
{"level":"info","message":"pending execution (95) ready to process","timestamp":"2025-02-14 13:17:30"}
{"level":"info","message":"execution (95) resuming...","timestamp":"2025-02-14 13:17:30"}
{"level":"info","message":"execution (95) run instruction [request] for node (114)","timestamp":"2025-02-14 13:17:30"}
{"level":"info","message":"execution (95) run instruction [request] for node (114) finished as status: -1","timestamp":"2025-02-14 13:17:30"}
{"level":"info","message":"execution (95) run instruction [condition] for node (113)","timestamp":"2025-02-14 13:17:30"}
{"level":"info","message":"execution (95) exiting with status -1","timestamp":"2025-02-14 13:17:30"}
{"level":"info","message":"execution (95) exiting with status -1","timestamp":"2025-02-14 13:17:30"}
{"level":"info","execution":{"id":95,"createdAt":"2025-02-14T13:17:28.085Z","updatedAt":"2025-02-14T13:17:30.376Z","key":"3pwrk7xtkfq","eventKey":"f1a5001b-eb88-404b-a290-b32f2fabca06","context":{"data":{"createdAt":"2025-02-14T13:17:27.977Z","updatedAt":"2025-02-14T13:17:28.032Z","id":24,"host_domain":null,"repository_url":"https://github.com/Belsterns/dev-utaa","repo_name":"Dev-utaa","repo_roken":"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","host":"github","workspace_id":37,"updatedById":1,"createdById":1,"organization_name":null,"webhook":null},"user":{"createdAt":"2025-02-03T07:06:39.365Z","updatedAt":"2025-02-14T06:06:41.530Z","systemSettings":{"themeId":1},"id":1,"nickname":"Super Admin","username":"johndoe","email":"admin@nocobase.com","phone":null,"passwordChangeTz":null,"appLang":null,"user_ids":null,"createdById":null,"updatedById":1},"roleName":"root"},"status":-1,"workflowId":20},"message":"execution (95) finished with status: -1","timestamp":"2025-02-14 13:17:30"}
{"level":"info","message":"new event triggered, now events: 1","timestamp":"2025-02-14 13:24:22"}
{"level":"info","message":"preparing execution for event","timestamp":"2025-02-14 13:24:22"}
{"level":"info","message":"execution of workflow 20 created as 97","timestamp":"2025-02-14 13:24:22"}
{"level":"info","message":"pending execution (97) ready to process","timestamp":"2025-02-14 13:24:22"}
{"level":"info","message":"queueing execution (97) from pending list updated to started","timestamp":"2025-02-14 13:24:22"}
{"level":"info","message":"execution (97) starting...","timestamp":"2025-02-14 13:24:22"}
{"level":"info","message":"execution (97) run instruction [request] for node (112)","timestamp":"2025-02-14 13:24:22"}
{"level":"info","message":"request (#112) sent to \"http://192.168.255.34:3000/api/repo/validate\", waiting for response...","timestamp":"2025-02-14 13:24:22"}
{"level":"info","message":"execution (97) exiting with status 0","timestamp":"2025-02-14 13:24:22"}
{"level":"info","execution":{"id":97,"context":{"data":{"createdAt":"2025-02-14T13:24:22.061Z","updatedAt":"2025-02-14T13:24:22.092Z","id":25,"host_domain":null,"repo_name":"Dev-utaa","repository_url":"https://github.com/Belsterns/dev-utaa","repo_roken":"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","host":"github","workspace_id":37,"updatedById":1,"createdById":1,"organization_name":null,"webhook":null},"user":{"createdAt":"2025-02-03T07:06:39.365Z","updatedAt":"2025-02-14T06:06:41.530Z","systemSettings":{"themeId":1},"id":1,"nickname":"Super Admin","username":"johndoe","email":"admin@nocobase.com","phone":null,"passwordChangeTz":null,"appLang":null,"user_ids":null,"createdById":null,"updatedById":1},"roleName":"root"},"key":"3pwrk7xtkfq","eventKey":"c351011e-5671-4b9d-9d9c-ecbc218365b3","status":0,"workflowId":20,"updatedAt":"2025-02-14T13:24:22.160Z","createdAt":"2025-02-14T13:24:22.129Z"},"message":"execution (97) finished with status: 0","timestamp":"2025-02-14 13:24:22"}
{"level":"info","message":"request (#112) response success, status: 200","timestamp":"2025-02-14 13:24:23"}
{"level":"info","message":"execution (97) resuming from job (225) added to pending list","timestamp":"2025-02-14 13:24:23"}
{"level":"info","message":"pending execution (97) ready to process","timestamp":"2025-02-14 13:24:23"}
{"level":"info","message":"execution (97) resuming...","timestamp":"2025-02-14 13:24:23"}
{"level":"info","message":"execution (97) run instruction [request] for node (112)","timestamp":"2025-02-14 13:24:23"}
{"level":"info","message":"execution (97) run instruction [request] for node (112) finished as status: 1","timestamp":"2025-02-14 13:24:23"}
{"level":"info","message":"execution (97) run instruction [condition] for node (113)","timestamp":"2025-02-14 13:24:23"}
{"level":"info","message":"execution (97) run instruction [notification] for node (115)","timestamp":"2025-02-14 13:24:23"}
{"level":"info","message":"notification (#115) sent, waiting for response...","timestamp":"2025-02-14 13:24:23"}
{"level":"info","message":"execution (97) exiting with status 0","timestamp":"2025-02-14 13:24:23"}
{"level":"info","message":"execution (97) exiting with status 0","timestamp":"2025-02-14 13:24:23"}
{"level":"info","message":"execution (97) exiting with status 0","timestamp":"2025-02-14 13:24:23"}
{"level":"info","execution":{"id":97,"context":{"data":{"createdAt":"2025-02-14T13:24:22.061Z","updatedAt":"2025-02-14T13:24:22.092Z","id":25,"host_domain":null,"repo_name":"Dev-utaa","repository_url":"https://github.com/Belsterns/dev-utaa","repo_roken":"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","host":"github","workspace_id":37,"updatedById":1,"createdById":1,"organization_name":null,"webhook":null},"user":{"createdAt":"2025-02-03T07:06:39.365Z","updatedAt":"2025-02-14T06:06:41.530Z","systemSettings":{"themeId":1},"id":1,"nickname":"Super Admin","username":"johndoe","email":"admin@nocobase.com","phone":null,"passwordChangeTz":null,"appLang":null,"user_ids":null,"createdById":null,"updatedById":1},"roleName":"root"},"key":"3pwrk7xtkfq","eventKey":"c351011e-5671-4b9d-9d9c-ecbc218365b3","status":0,"workflowId":20,"updatedAt":"2025-02-14T13:24:22.160Z","createdAt":"2025-02-14T13:24:22.129Z"},"message":"execution (97) finished with status: 0","timestamp":"2025-02-14 13:24:23"}
{"level":"info","message":"notification (#115) sent successfully.","timestamp":"2025-02-14 13:24:23"}
{"level":"info","message":"execution (97) resuming from job (227) added to pending list","timestamp":"2025-02-14 13:24:23"}
{"level":"info","message":"pending execution (97) ready to process","timestamp":"2025-02-14 13:24:23"}
{"level":"info","message":"execution (97) resuming...","timestamp":"2025-02-14 13:24:23"}
{"level":"info","message":"execution (97) run instruction [notification] for node (115)","timestamp":"2025-02-14 13:24:23"}
{"level":"info","message":"execution (97) run instruction [notification] for node (115) finished as status: 1","timestamp":"2025-02-14 13:24:23"}
{"level":"info","message":"execution (97) run instruction [request] for node (114)","timestamp":"2025-02-14 13:24:23"}
{"level":"info","message":"request (#114) sent to \"http://192.168.255.34:3000/api/repo\", waiting for response...","timestamp":"2025-02-14 13:24:23"}
{"level":"info","message":"execution (97) exiting with status 0","timestamp":"2025-02-14 13:24:23"}
{"level":"info","execution":{"id":97,"createdAt":"2025-02-14T13:24:22.129Z","updatedAt":"2025-02-14T13:24:22.160Z","key":"3pwrk7xtkfq","eventKey":"c351011e-5671-4b9d-9d9c-ecbc218365b3","context":{"data":{"createdAt":"2025-02-14T13:24:22.061Z","updatedAt":"2025-02-14T13:24:22.092Z","id":25,"host_domain":null,"repo_name":"Dev-utaa","repository_url":"https://github.com/Belsterns/dev-utaa","repo_roken":"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","host":"github","workspace_id":37,"updatedById":1,"createdById":1,"organization_name":null,"webhook":null},"user":{"createdAt":"2025-02-03T07:06:39.365Z","updatedAt":"2025-02-14T06:06:41.530Z","systemSettings":{"themeId":1},"id":1,"nickname":"Super Admin","username":"johndoe","email":"admin@nocobase.com","phone":null,"passwordChangeTz":null,"appLang":null,"user_ids":null,"createdById":null,"updatedById":1},"roleName":"root"},"status":0,"workflowId":20},"message":"execution (97) finished with status: 0","timestamp":"2025-02-14 13:24:23"}
{"level":"info","message":"request (#114) failed with response, status: 422","timestamp":"2025-02-14 13:24:23"}
{"level":"info","message":"execution (97) resuming from job (228) added to pending list","timestamp":"2025-02-14 13:24:23"}
{"level":"info","message":"pending execution (97) ready to process","timestamp":"2025-02-14 13:24:23"}
{"level":"info","message":"execution (97) resuming...","timestamp":"2025-02-14 13:24:23"}
{"level":"info","message":"execution (97) run instruction [request] for node (114)","timestamp":"2025-02-14 13:24:23"}
{"level":"info","message":"execution (97) run instruction [request] for node (114) finished as status: -1","timestamp":"2025-02-14 13:24:23"}
{"level":"info","message":"execution (97) run instruction [condition] for node (113)","timestamp":"2025-02-14 13:24:23"}
{"level":"info","message":"execution (97) exiting with status -1","timestamp":"2025-02-14 13:24:23"}
{"level":"info","message":"execution (97) exiting with status -1","timestamp":"2025-02-14 13:24:23"}
{"level":"info","execution":{"id":97,"createdAt":"2025-02-14T13:24:22.129Z","updatedAt":"2025-02-14T13:24:23.906Z","key":"3pwrk7xtkfq","eventKey":"c351011e-5671-4b9d-9d9c-ecbc218365b3","context":{"data":{"createdAt":"2025-02-14T13:24:22.061Z","updatedAt":"2025-02-14T13:24:22.092Z","id":25,"host_domain":null,"repo_name":"Dev-utaa","repository_url":"https://github.com/Belsterns/dev-utaa","repo_roken":"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","host":"github","workspace_id":37,"updatedById":1,"createdById":1,"organization_name":null,"webhook":null},"user":{"createdAt":"2025-02-03T07:06:39.365Z","updatedAt":"2025-02-14T06:06:41.530Z","systemSettings":{"themeId":1},"id":1,"nickname":"Super Admin","username":"johndoe","email":"admin@nocobase.com","phone":null,"passwordChangeTz":null,"appLang":null,"user_ids":null,"createdById":null,"updatedById":1},"roleName":"root"},"status":-1,"workflowId":20},"message":"execution (97) finished with status: -1","timestamp":"2025-02-14 13:24:23"}
