{"level":"info","message":"new event triggered, now events: 1","timestamp":"2025-02-14 11:33:43"}
{"level":"info","message":"preparing execution for event","timestamp":"2025-02-14 11:33:43"}
{"level":"info","message":"execution of workflow 18 created as 83","timestamp":"2025-02-14 11:33:43"}
{"level":"info","message":"pending execution (83) ready to process","timestamp":"2025-02-14 11:33:43"}
{"level":"info","message":"queueing execution (83) from pending list updated to started","timestamp":"2025-02-14 11:33:43"}
{"level":"info","message":"execution (83) starting...","timestamp":"2025-02-14 11:33:43"}
{"level":"info","message":"execution (83) run instruction [request] for node (99)","timestamp":"2025-02-14 11:33:43"}
{"level":"info","message":"request (#99) sent to \"http://192.168.255.34:3000/api/repo\", waiting for response...","timestamp":"2025-02-14 11:33:43"}
{"level":"info","message":"execution (83) exiting with status 0","timestamp":"2025-02-14 11:33:43"}
{"level":"info","execution":{"id":83,"context":{"data":{"createdAt":"2025-02-14T09:25:36.481Z","updatedAt":"2025-02-14T11:33:15.077Z","workspace_id":37,"repo_roken":"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","organization_name":null,"host_domain":"","webhook":"http://localhost:3000/api/webhook/caa9bed1-d28d-4f2b-86bc-ff379a5b56e7","id":21,"host":"github","repo_name":"Dev-utaa","repository_url":"https://github.com/Belsterns/dev-utaa","updatedById":1,"createdById":1}},"key":"uaocefjldm6","eventKey":"292966af-5224-45d5-8073-6abc5284d0ab","status":0,"workflowId":18,"updatedAt":"2025-02-14T11:33:43.802Z","createdAt":"2025-02-14T11:33:43.748Z"},"message":"execution (83) finished with status: 0","timestamp":"2025-02-14 11:33:43"}
{"level":"info","message":"request (#99) response success, status: 200","timestamp":"2025-02-14 11:33:44"}
{"level":"info","message":"execution (83) resuming from job (206) added to pending list","timestamp":"2025-02-14 11:33:44"}
{"level":"info","message":"pending execution (83) ready to process","timestamp":"2025-02-14 11:33:44"}
{"level":"info","message":"execution (83) resuming...","timestamp":"2025-02-14 11:33:44"}
{"level":"info","message":"execution (83) run instruction [request] for node (99)","timestamp":"2025-02-14 11:33:44"}
{"level":"info","message":"execution (83) run instruction [request] for node (99) finished as status: 1","timestamp":"2025-02-14 11:33:44"}
{"level":"info","message":"execution (83) run instruction [condition] for node (100)","timestamp":"2025-02-14 11:33:44"}
{"level":"info","message":"execution (83) run instruction [condition] for node (100) finished as status: 1","timestamp":"2025-02-14 11:33:44"}
{"level":"info","message":"execution (83) run instruction [notification] for node (101)","timestamp":"2025-02-14 11:33:44"}
{"level":"info","message":"notification (#101) sent, waiting for response...","timestamp":"2025-02-14 11:33:44"}
{"level":"info","message":"execution (83) exiting with status 0","timestamp":"2025-02-14 11:33:44"}
{"level":"info","message":"execution (83) exiting with status 0","timestamp":"2025-02-14 11:33:44"}
{"level":"info","execution":{"id":83,"context":{"data":{"createdAt":"2025-02-14T09:25:36.481Z","updatedAt":"2025-02-14T11:33:15.077Z","workspace_id":37,"repo_roken":"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","organization_name":null,"host_domain":"","webhook":"http://localhost:3000/api/webhook/caa9bed1-d28d-4f2b-86bc-ff379a5b56e7","id":21,"host":"github","repo_name":"Dev-utaa","repository_url":"https://github.com/Belsterns/dev-utaa","updatedById":1,"createdById":1}},"key":"uaocefjldm6","eventKey":"292966af-5224-45d5-8073-6abc5284d0ab","status":0,"workflowId":18,"updatedAt":"2025-02-14T11:33:43.802Z","createdAt":"2025-02-14T11:33:43.748Z"},"message":"execution (83) finished with status: 0","timestamp":"2025-02-14 11:33:44"}
{"level":"info","message":"notification (#101) sent successfully.","timestamp":"2025-02-14 11:33:44"}
{"level":"info","message":"execution (83) resuming from job (208) added to pending list","timestamp":"2025-02-14 11:33:44"}
{"level":"info","message":"pending execution (83) ready to process","timestamp":"2025-02-14 11:33:44"}
{"level":"info","message":"execution (83) resuming...","timestamp":"2025-02-14 11:33:44"}
{"level":"info","message":"execution (83) run instruction [notification] for node (101)","timestamp":"2025-02-14 11:33:44"}
{"level":"info","message":"execution (83) run instruction [notification] for node (101) finished as status: 1","timestamp":"2025-02-14 11:33:44"}
{"level":"info","message":"execution (83) exiting with status 1","timestamp":"2025-02-14 11:33:44"}
{"level":"info","execution":{"id":83,"createdAt":"2025-02-14T11:33:43.748Z","updatedAt":"2025-02-14T11:33:44.490Z","key":"uaocefjldm6","eventKey":"292966af-5224-45d5-8073-6abc5284d0ab","context":{"data":{"createdAt":"2025-02-14T09:25:36.481Z","updatedAt":"2025-02-14T11:33:15.077Z","workspace_id":37,"repo_roken":"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","organization_name":null,"host_domain":"","webhook":"http://localhost:3000/api/webhook/caa9bed1-d28d-4f2b-86bc-ff379a5b56e7","id":21,"host":"github","repo_name":"Dev-utaa","repository_url":"https://github.com/Belsterns/dev-utaa","updatedById":1,"createdById":1}},"status":1,"workflowId":18},"message":"execution (83) finished with status: 1","timestamp":"2025-02-14 11:33:44"}
{"level":"info","message":"new event triggered, now events: 1","timestamp":"2025-02-14 12:02:22"}
{"level":"info","message":"preparing execution for event","timestamp":"2025-02-14 12:02:22"}
{"level":"info","message":"execution of workflow 18 created as 86","timestamp":"2025-02-14 12:02:22"}
{"level":"info","message":"pending execution (86) ready to process","timestamp":"2025-02-14 12:02:22"}
{"level":"info","message":"queueing execution (86) from pending list updated to started","timestamp":"2025-02-14 12:02:22"}
{"level":"info","message":"execution (86) starting...","timestamp":"2025-02-14 12:02:22"}
{"level":"info","message":"execution (86) run instruction [request] for node (99)","timestamp":"2025-02-14 12:02:22"}
{"level":"info","message":"request (#99) sent to \"http://192.168.255.34:3000/api/repo\", waiting for response...","timestamp":"2025-02-14 12:02:22"}
{"level":"info","message":"execution (86) exiting with status 0","timestamp":"2025-02-14 12:02:22"}
{"level":"info","execution":{"id":86,"context":{"data":{"createdAt":"2025-02-14T11:53:52.243Z","updatedAt":"2025-02-14T11:57:43.903Z","workspace_id":37,"repo_roken":"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","organization_name":null,"host_domain":null,"webhook":null,"id":22,"host":"github","repo_name":"Dev-utaa","repository_url":"https://github.com/Belsterns/dev-utaa","updatedById":1,"createdById":1}},"key":"uaocefjldm6","eventKey":"01514953-3617-4afc-88b8-06dc2c3c3431","status":0,"workflowId":18,"updatedAt":"2025-02-14T12:02:22.436Z","createdAt":"2025-02-14T12:02:22.206Z"},"message":"execution (86) finished with status: 0","timestamp":"2025-02-14 12:02:22"}
{"level":"info","message":"request (#99) failed with response, status: 500","timestamp":"2025-02-14 12:02:23"}
{"level":"info","message":"execution (86) resuming from job (211) added to pending list","timestamp":"2025-02-14 12:02:23"}
{"level":"info","message":"pending execution (86) ready to process","timestamp":"2025-02-14 12:02:23"}
{"level":"info","message":"execution (86) resuming...","timestamp":"2025-02-14 12:02:23"}
{"level":"info","message":"execution (86) run instruction [request] for node (99)","timestamp":"2025-02-14 12:02:23"}
{"level":"info","message":"execution (86) run instruction [request] for node (99) finished as status: -1","timestamp":"2025-02-14 12:02:23"}
{"level":"info","message":"execution (86) exiting with status -1","timestamp":"2025-02-14 12:02:23"}
{"level":"info","execution":{"id":86,"context":{"data":{"createdAt":"2025-02-14T11:53:52.243Z","updatedAt":"2025-02-14T11:57:43.903Z","workspace_id":37,"repo_roken":"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","organization_name":null,"host_domain":null,"webhook":null,"id":22,"host":"github","repo_name":"Dev-utaa","repository_url":"https://github.com/Belsterns/dev-utaa","updatedById":1,"createdById":1}},"key":"uaocefjldm6","eventKey":"01514953-3617-4afc-88b8-06dc2c3c3431","status":-1,"workflowId":18,"updatedAt":"2025-02-14T12:02:23.977Z","createdAt":"2025-02-14T12:02:22.206Z"},"message":"execution (86) finished with status: -1","timestamp":"2025-02-14 12:02:23"}
{"level":"info","message":"new event triggered, now events: 1","timestamp":"2025-02-14 13:17:00"}
{"level":"info","message":"preparing execution for event","timestamp":"2025-02-14 13:17:00"}
{"level":"info","message":"execution of workflow 18 created as 94","timestamp":"2025-02-14 13:17:00"}
{"level":"info","message":"pending execution (94) ready to process","timestamp":"2025-02-14 13:17:00"}
{"level":"info","message":"queueing execution (94) from pending list updated to started","timestamp":"2025-02-14 13:17:00"}
{"level":"info","message":"execution (94) starting...","timestamp":"2025-02-14 13:17:00"}
{"level":"info","message":"execution (94) run instruction [request] for node (99)","timestamp":"2025-02-14 13:17:00"}
{"level":"info","message":"request (#99) sent to \"http://192.168.255.34:3000/api/repo\", waiting for response...","timestamp":"2025-02-14 13:17:00"}
{"level":"info","message":"execution (94) exiting with status 0","timestamp":"2025-02-14 13:17:00"}
{"level":"info","execution":{"id":94,"context":{"data":{"createdAt":"2025-02-14T12:03:00.715Z","updatedAt":"2025-02-14T13:14:20.528Z","workspace_id":37,"repo_roken":"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","organization_name":null,"host_domain":null,"webhook":null,"id":23,"host":"github","repo_name":"Dev-utaa","repository_url":"https://github.com/Belsterns/dev-utaa","updatedById":1,"createdById":1}},"key":"uaocefjldm6","eventKey":"9495f0c7-f63d-42c1-9d19-7712cd12eac4","status":0,"workflowId":18,"updatedAt":"2025-02-14T13:17:00.305Z","createdAt":"2025-02-14T13:17:00.229Z"},"message":"execution (94) finished with status: 0","timestamp":"2025-02-14 13:17:00"}
{"level":"info","message":"request (#99) failed with response, status: 500","timestamp":"2025-02-14 13:17:03"}
{"level":"info","message":"execution (94) resuming from job (219) added to pending list","timestamp":"2025-02-14 13:17:03"}
{"level":"info","message":"pending execution (94) ready to process","timestamp":"2025-02-14 13:17:03"}
{"level":"info","message":"execution (94) resuming...","timestamp":"2025-02-14 13:17:03"}
{"level":"info","message":"execution (94) run instruction [request] for node (99)","timestamp":"2025-02-14 13:17:03"}
{"level":"info","message":"execution (94) run instruction [request] for node (99) finished as status: -1","timestamp":"2025-02-14 13:17:03"}
{"level":"info","message":"execution (94) exiting with status -1","timestamp":"2025-02-14 13:17:04"}
{"level":"info","execution":{"id":94,"context":{"data":{"createdAt":"2025-02-14T12:03:00.715Z","updatedAt":"2025-02-14T13:14:20.528Z","workspace_id":37,"repo_roken":"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","organization_name":null,"host_domain":null,"webhook":null,"id":23,"host":"github","repo_name":"Dev-utaa","repository_url":"https://github.com/Belsterns/dev-utaa","updatedById":1,"createdById":1}},"key":"uaocefjldm6","eventKey":"9495f0c7-f63d-42c1-9d19-7712cd12eac4","status":-1,"workflowId":18,"updatedAt":"2025-02-14T13:17:03.998Z","createdAt":"2025-02-14T13:17:00.229Z"},"message":"execution (94) finished with status: -1","timestamp":"2025-02-14 13:17:04"}
{"level":"info","message":"new event triggered, now events: 1","timestamp":"2025-02-14 13:23:48"}
{"level":"info","message":"preparing execution for event","timestamp":"2025-02-14 13:23:48"}
{"level":"info","message":"execution of workflow 18 created as 96","timestamp":"2025-02-14 13:23:48"}
{"level":"info","message":"pending execution (96) ready to process","timestamp":"2025-02-14 13:23:48"}
{"level":"info","message":"queueing execution (96) from pending list updated to started","timestamp":"2025-02-14 13:23:48"}
{"level":"info","message":"execution (96) starting...","timestamp":"2025-02-14 13:23:48"}
{"level":"info","message":"execution (96) run instruction [request] for node (99)","timestamp":"2025-02-14 13:23:48"}
{"level":"info","message":"request (#99) sent to \"http://192.168.255.34:3000/api/repo\", waiting for response...","timestamp":"2025-02-14 13:23:48"}
{"level":"info","message":"execution (96) exiting with status 0","timestamp":"2025-02-14 13:23:48"}
{"level":"info","execution":{"id":96,"context":{"data":{"createdAt":"2025-02-14T13:17:27.977Z","updatedAt":"2025-02-14T13:17:28.032Z","workspace_id":37,"repo_roken":"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","organization_name":null,"host_domain":null,"webhook":null,"id":24,"host":"github","repo_name":"Dev-utaa","repository_url":"https://github.com/Belsterns/dev-utaa","updatedById":1,"createdById":1}},"key":"uaocefjldm6","eventKey":"c41ddce0-79af-4535-9eae-e8d6017df9be","status":0,"workflowId":18,"updatedAt":"2025-02-14T13:23:48.527Z","createdAt":"2025-02-14T13:23:48.412Z"},"message":"execution (96) finished with status: 0","timestamp":"2025-02-14 13:23:48"}
{"level":"info","message":"request (#99) failed with response, status: 500","timestamp":"2025-02-14 13:23:49"}
{"level":"info","message":"execution (96) resuming from job (224) added to pending list","timestamp":"2025-02-14 13:23:49"}
{"level":"info","message":"pending execution (96) ready to process","timestamp":"2025-02-14 13:23:49"}
{"level":"info","message":"execution (96) resuming...","timestamp":"2025-02-14 13:23:49"}
{"level":"info","message":"execution (96) run instruction [request] for node (99)","timestamp":"2025-02-14 13:23:49"}
{"level":"info","message":"execution (96) run instruction [request] for node (99) finished as status: -1","timestamp":"2025-02-14 13:23:49"}
{"level":"info","message":"execution (96) exiting with status -1","timestamp":"2025-02-14 13:23:49"}
{"level":"info","execution":{"id":96,"context":{"data":{"createdAt":"2025-02-14T13:17:27.977Z","updatedAt":"2025-02-14T13:17:28.032Z","workspace_id":37,"repo_roken":"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","organization_name":null,"host_domain":null,"webhook":null,"id":24,"host":"github","repo_name":"Dev-utaa","repository_url":"https://github.com/Belsterns/dev-utaa","updatedById":1,"createdById":1}},"key":"uaocefjldm6","eventKey":"c41ddce0-79af-4535-9eae-e8d6017df9be","status":-1,"workflowId":18,"updatedAt":"2025-02-14T13:23:49.922Z","createdAt":"2025-02-14T13:23:48.412Z"},"message":"execution (96) finished with status: -1","timestamp":"2025-02-14 13:23:49"}
{"level":"info","message":"new event triggered, now events: 1","timestamp":"2025-02-14 13:26:02"}
{"level":"info","message":"preparing execution for event","timestamp":"2025-02-14 13:26:02"}
{"level":"info","message":"execution of workflow 18 created as 98","timestamp":"2025-02-14 13:26:02"}
{"level":"info","message":"pending execution (98) ready to process","timestamp":"2025-02-14 13:26:02"}
{"level":"info","message":"queueing execution (98) from pending list updated to started","timestamp":"2025-02-14 13:26:02"}
{"level":"info","message":"execution (98) starting...","timestamp":"2025-02-14 13:26:02"}
{"level":"info","message":"execution (98) run instruction [request] for node (99)","timestamp":"2025-02-14 13:26:02"}
{"level":"info","message":"request (#99) sent to \"http://192.168.255.34:3000/api/repo\", waiting for response...","timestamp":"2025-02-14 13:26:02"}
{"level":"info","message":"execution (98) exiting with status 0","timestamp":"2025-02-14 13:26:02"}
{"level":"info","execution":{"id":98,"context":{"data":{"createdAt":"2025-02-14T13:24:22.061Z","updatedAt":"2025-02-14T13:24:22.092Z","workspace_id":37,"repo_roken":"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","organization_name":null,"host_domain":null,"webhook":null,"id":25,"host":"github","repo_name":"Dev-utaa","repository_url":"https://github.com/Belsterns/dev-utaa","updatedById":1,"createdById":1}},"key":"uaocefjldm6","eventKey":"60294b39-49c3-40a9-a857-e4994c93b5df","status":0,"workflowId":18,"updatedAt":"2025-02-14T13:26:02.484Z","createdAt":"2025-02-14T13:26:02.449Z"},"message":"execution (98) finished with status: 0","timestamp":"2025-02-14 13:26:02"}
{"level":"info","message":"request (#99) failed with response, status: 500","timestamp":"2025-02-14 13:26:02"}
{"level":"info","message":"execution (98) resuming from job (229) added to pending list","timestamp":"2025-02-14 13:26:02"}
{"level":"info","message":"pending execution (98) ready to process","timestamp":"2025-02-14 13:26:02"}
{"level":"info","message":"execution (98) resuming...","timestamp":"2025-02-14 13:26:02"}
{"level":"info","message":"execution (98) run instruction [request] for node (99)","timestamp":"2025-02-14 13:26:02"}
{"level":"info","message":"execution (98) run instruction [request] for node (99) finished as status: -1","timestamp":"2025-02-14 13:26:02"}
{"level":"info","message":"execution (98) exiting with status -1","timestamp":"2025-02-14 13:26:02"}
{"level":"info","execution":{"id":98,"context":{"data":{"createdAt":"2025-02-14T13:24:22.061Z","updatedAt":"2025-02-14T13:24:22.092Z","workspace_id":37,"repo_roken":"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","organization_name":null,"host_domain":null,"webhook":null,"id":25,"host":"github","repo_name":"Dev-utaa","repository_url":"https://github.com/Belsterns/dev-utaa","updatedById":1,"createdById":1}},"key":"uaocefjldm6","eventKey":"60294b39-49c3-40a9-a857-e4994c93b5df","status":-1,"workflowId":18,"updatedAt":"2025-02-14T13:26:02.843Z","createdAt":"2025-02-14T13:26:02.449Z"},"message":"execution (98) finished with status: -1","timestamp":"2025-02-14 13:26:02"}
{"level":"info","message":"new event triggered, now events: 1","timestamp":"2025-02-14 13:32:39"}
{"level":"info","message":"preparing execution for event","timestamp":"2025-02-14 13:32:39"}
{"level":"info","message":"execution of workflow 18 created as 100","timestamp":"2025-02-14 13:32:39"}
{"level":"info","message":"pending execution (100) ready to process","timestamp":"2025-02-14 13:32:39"}
{"level":"info","message":"queueing execution (100) from pending list updated to started","timestamp":"2025-02-14 13:32:40"}
{"level":"info","message":"execution (100) starting...","timestamp":"2025-02-14 13:32:40"}
{"level":"info","message":"execution (100) run instruction [request] for node (99)","timestamp":"2025-02-14 13:32:40"}
{"level":"info","message":"request (#99) sent to \"http://192.168.255.34:3000/api/repo\", waiting for response...","timestamp":"2025-02-14 13:32:40"}
{"level":"info","message":"execution (100) exiting with status 0","timestamp":"2025-02-14 13:32:40"}
{"level":"info","execution":{"id":100,"context":{"data":{"createdAt":"2025-02-14T13:30:34.127Z","updatedAt":"2025-02-14T13:30:34.139Z","workspace_id":37,"repo_roken":"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","organization_name":null,"host_domain":null,"webhook":null,"id":26,"host":"github","repo_name":"Dev-utaa","repository_url":"https://github.com/Belsterns/dev-utaa","updatedById":1,"createdById":1}},"key":"uaocefjldm6","eventKey":"7864ae1d-ab7e-4b3e-85ab-ac483c8b54e6","status":0,"workflowId":18,"updatedAt":"2025-02-14T13:32:39.985Z","createdAt":"2025-02-14T13:32:39.777Z"},"message":"execution (100) finished with status: 0","timestamp":"2025-02-14 13:32:40"}
{"level":"info","message":"request (#99) failed with response, status: 500","timestamp":"2025-02-14 13:32:43"}
{"level":"info","message":"execution (100) resuming from job (234) added to pending list","timestamp":"2025-02-14 13:32:43"}
{"level":"info","message":"pending execution (100) ready to process","timestamp":"2025-02-14 13:32:43"}
{"level":"info","message":"execution (100) resuming...","timestamp":"2025-02-14 13:32:43"}
{"level":"info","message":"execution (100) run instruction [request] for node (99)","timestamp":"2025-02-14 13:32:43"}
{"level":"info","message":"execution (100) run instruction [request] for node (99) finished as status: -1","timestamp":"2025-02-14 13:32:43"}
{"level":"info","message":"execution (100) exiting with status -1","timestamp":"2025-02-14 13:32:43"}
{"level":"info","execution":{"id":100,"context":{"data":{"createdAt":"2025-02-14T13:30:34.127Z","updatedAt":"2025-02-14T13:30:34.139Z","workspace_id":37,"repo_roken":"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","organization_name":null,"host_domain":null,"webhook":null,"id":26,"host":"github","repo_name":"Dev-utaa","repository_url":"https://github.com/Belsterns/dev-utaa","updatedById":1,"createdById":1}},"key":"uaocefjldm6","eventKey":"7864ae1d-ab7e-4b3e-85ab-ac483c8b54e6","status":-1,"workflowId":18,"updatedAt":"2025-02-14T13:32:43.362Z","createdAt":"2025-02-14T13:32:39.777Z"},"message":"execution (100) finished with status: -1","timestamp":"2025-02-14 13:32:43"}
{"level":"info","message":"new event triggered, now events: 1","timestamp":"2025-02-14 13:36:46"}
{"level":"info","message":"preparing execution for event","timestamp":"2025-02-14 13:36:46"}
{"level":"info","message":"execution of workflow 18 created as 102","timestamp":"2025-02-14 13:36:46"}
{"level":"info","message":"pending execution (102) ready to process","timestamp":"2025-02-14 13:36:46"}
{"level":"info","message":"queueing execution (102) from pending list updated to started","timestamp":"2025-02-14 13:36:46"}
{"level":"info","message":"execution (102) starting...","timestamp":"2025-02-14 13:36:46"}
{"level":"info","message":"execution (102) run instruction [request] for node (99)","timestamp":"2025-02-14 13:36:47"}
{"level":"info","message":"request (#99) sent to \"http://192.168.255.34:3000/api/repo\", waiting for response...","timestamp":"2025-02-14 13:36:47"}
{"level":"info","message":"execution (102) exiting with status 0","timestamp":"2025-02-14 13:36:47"}
{"level":"info","execution":{"id":102,"context":{"data":{"createdAt":"2025-02-14T13:33:22.129Z","updatedAt":"2025-02-14T13:33:22.172Z","workspace_id":37,"repo_roken":"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","organization_name":null,"host_domain":null,"webhook":null,"id":27,"host":"github","repo_name":"Dev-utaa","repository_url":"https://github.com/Belsterns/dev-utaa","updatedById":1,"createdById":1}},"key":"uaocefjldm6","eventKey":"bb5cbf34-f703-4da3-885a-fc2d1360fa30","status":0,"workflowId":18,"updatedAt":"2025-02-14T13:36:46.925Z","createdAt":"2025-02-14T13:36:46.756Z"},"message":"execution (102) finished with status: 0","timestamp":"2025-02-14 13:36:47"}
{"level":"info","message":"request (#99) failed with response, status: 500","timestamp":"2025-02-14 13:36:49"}
{"level":"info","message":"execution (102) resuming from job (239) added to pending list","timestamp":"2025-02-14 13:36:49"}
{"level":"info","message":"pending execution (102) ready to process","timestamp":"2025-02-14 13:36:49"}
{"level":"info","message":"execution (102) resuming...","timestamp":"2025-02-14 13:36:49"}
{"level":"info","message":"execution (102) run instruction [request] for node (99)","timestamp":"2025-02-14 13:36:49"}
{"level":"info","message":"execution (102) run instruction [request] for node (99) finished as status: -1","timestamp":"2025-02-14 13:36:49"}
{"level":"info","message":"execution (102) exiting with status -1","timestamp":"2025-02-14 13:36:49"}
{"level":"info","execution":{"id":102,"context":{"data":{"createdAt":"2025-02-14T13:33:22.129Z","updatedAt":"2025-02-14T13:33:22.172Z","workspace_id":37,"repo_roken":"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","organization_name":null,"host_domain":null,"webhook":null,"id":27,"host":"github","repo_name":"Dev-utaa","repository_url":"https://github.com/Belsterns/dev-utaa","updatedById":1,"createdById":1}},"key":"uaocefjldm6","eventKey":"bb5cbf34-f703-4da3-885a-fc2d1360fa30","status":-1,"workflowId":18,"updatedAt":"2025-02-14T13:36:49.040Z","createdAt":"2025-02-14T13:36:46.756Z"},"message":"execution (102) finished with status: -1","timestamp":"2025-02-14 13:36:49"}
{"level":"info","message":"new event triggered, now events: 1","timestamp":"2025-02-14 13:38:33"}
{"level":"info","message":"preparing execution for event","timestamp":"2025-02-14 13:38:33"}
{"level":"info","message":"execution of workflow 18 created as 104","timestamp":"2025-02-14 13:38:33"}
{"level":"info","message":"pending execution (104) ready to process","timestamp":"2025-02-14 13:38:33"}
{"level":"info","message":"queueing execution (104) from pending list updated to started","timestamp":"2025-02-14 13:38:33"}
{"level":"info","message":"execution (104) starting...","timestamp":"2025-02-14 13:38:33"}
{"level":"info","message":"execution (104) run instruction [request] for node (99)","timestamp":"2025-02-14 13:38:33"}
{"level":"info","message":"request (#99) sent to \"http://192.168.255.34:3000/api/repo\", waiting for response...","timestamp":"2025-02-14 13:38:33"}
{"level":"info","message":"execution (104) exiting with status 0","timestamp":"2025-02-14 13:38:33"}
{"level":"info","execution":{"id":104,"context":{"data":{"createdAt":"2025-02-14T13:38:02.878Z","updatedAt":"2025-02-14T13:38:02.911Z","workspace_id":37,"repo_roken":"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","organization_name":null,"host_domain":null,"webhook":null,"id":28,"host":"github","repo_name":"Dev-utaa","repository_url":"https://github.com/Belsterns/dev-utaa","updatedById":1,"createdById":1}},"key":"uaocefjldm6","eventKey":"1fb6ff49-e7ff-4b7b-8001-c4cafb81c975","status":0,"workflowId":18,"updatedAt":"2025-02-14T13:38:33.407Z","createdAt":"2025-02-14T13:38:33.360Z"},"message":"execution (104) finished with status: 0","timestamp":"2025-02-14 13:38:33"}
{"level":"info","message":"request (#99) failed with response, status: 500","timestamp":"2025-02-14 13:38:34"}
{"level":"info","message":"execution (104) resuming from job (244) added to pending list","timestamp":"2025-02-14 13:38:34"}
{"level":"info","message":"pending execution (104) ready to process","timestamp":"2025-02-14 13:38:34"}
{"level":"info","message":"execution (104) resuming...","timestamp":"2025-02-14 13:38:34"}
{"level":"info","message":"execution (104) run instruction [request] for node (99)","timestamp":"2025-02-14 13:38:34"}
{"level":"info","message":"execution (104) run instruction [request] for node (99) finished as status: -1","timestamp":"2025-02-14 13:38:34"}
{"level":"info","message":"execution (104) exiting with status -1","timestamp":"2025-02-14 13:38:34"}
{"level":"info","execution":{"id":104,"context":{"data":{"createdAt":"2025-02-14T13:38:02.878Z","updatedAt":"2025-02-14T13:38:02.911Z","workspace_id":37,"repo_roken":"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","organization_name":null,"host_domain":null,"webhook":null,"id":28,"host":"github","repo_name":"Dev-utaa","repository_url":"https://github.com/Belsterns/dev-utaa","updatedById":1,"createdById":1}},"key":"uaocefjldm6","eventKey":"1fb6ff49-e7ff-4b7b-8001-c4cafb81c975","status":-1,"workflowId":18,"updatedAt":"2025-02-14T13:38:34.531Z","createdAt":"2025-02-14T13:38:33.360Z"},"message":"execution (104) finished with status: -1","timestamp":"2025-02-14 13:38:34"}
{"level":"info","message":"new event triggered, now events: 1","timestamp":"2025-02-14 13:41:00"}
{"level":"info","message":"preparing execution for event","timestamp":"2025-02-14 13:41:00"}
{"level":"info","message":"execution of workflow 18 created as 106","timestamp":"2025-02-14 13:41:00"}
{"level":"info","message":"pending execution (106) ready to process","timestamp":"2025-02-14 13:41:00"}
{"level":"info","message":"queueing execution (106) from pending list updated to started","timestamp":"2025-02-14 13:41:00"}
{"level":"info","message":"execution (106) starting...","timestamp":"2025-02-14 13:41:00"}
{"level":"info","message":"execution (106) run instruction [request] for node (99)","timestamp":"2025-02-14 13:41:00"}
{"level":"info","message":"request (#99) sent to \"http://192.168.255.34:3000/api/repo\", waiting for response...","timestamp":"2025-02-14 13:41:00"}
{"level":"info","message":"execution (106) exiting with status 0","timestamp":"2025-02-14 13:41:00"}
{"level":"info","execution":{"id":106,"context":{"data":{"createdAt":"2025-02-14T13:39:14.654Z","updatedAt":"2025-02-14T13:39:14.668Z","workspace_id":37,"repo_roken":"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","organization_name":null,"host_domain":null,"webhook":null,"id":29,"host":"github","repo_name":"Dev-utaa","repository_url":"https://github.com/Belsterns/dev-utaa","updatedById":1,"createdById":1}},"key":"uaocefjldm6","eventKey":"038a06a7-785f-4ddc-8bbd-dd76c1730323","status":0,"workflowId":18,"updatedAt":"2025-02-14T13:41:00.783Z","createdAt":"2025-02-14T13:41:00.674Z"},"message":"execution (106) finished with status: 0","timestamp":"2025-02-14 13:41:00"}
{"level":"info","message":"request (#99) failed with response, status: 500","timestamp":"2025-02-14 13:41:02"}
{"level":"info","message":"execution (106) resuming from job (249) added to pending list","timestamp":"2025-02-14 13:41:02"}
{"level":"info","message":"pending execution (106) ready to process","timestamp":"2025-02-14 13:41:02"}
{"level":"info","message":"execution (106) resuming...","timestamp":"2025-02-14 13:41:02"}
{"level":"info","message":"execution (106) run instruction [request] for node (99)","timestamp":"2025-02-14 13:41:02"}
{"level":"info","message":"execution (106) run instruction [request] for node (99) finished as status: -1","timestamp":"2025-02-14 13:41:02"}
{"level":"info","message":"execution (106) exiting with status -1","timestamp":"2025-02-14 13:41:02"}
{"level":"info","execution":{"id":106,"context":{"data":{"createdAt":"2025-02-14T13:39:14.654Z","updatedAt":"2025-02-14T13:39:14.668Z","workspace_id":37,"repo_roken":"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","organization_name":null,"host_domain":null,"webhook":null,"id":29,"host":"github","repo_name":"Dev-utaa","repository_url":"https://github.com/Belsterns/dev-utaa","updatedById":1,"createdById":1}},"key":"uaocefjldm6","eventKey":"038a06a7-785f-4ddc-8bbd-dd76c1730323","status":-1,"workflowId":18,"updatedAt":"2025-02-14T13:41:02.556Z","createdAt":"2025-02-14T13:41:00.674Z"},"message":"execution (106) finished with status: -1","timestamp":"2025-02-14 13:41:02"}
{"level":"info","message":"new event triggered, now events: 1","timestamp":"2025-02-14 16:44:06"}
{"level":"info","message":"preparing execution for event","timestamp":"2025-02-14 16:44:06"}
{"level":"info","message":"execution of workflow 18 created as 109","timestamp":"2025-02-14 16:44:06"}
{"level":"info","message":"pending execution (109) ready to process","timestamp":"2025-02-14 16:44:07"}
{"level":"info","message":"queueing execution (109) from pending list updated to started","timestamp":"2025-02-14 16:44:07"}
{"level":"info","message":"execution (109) starting...","timestamp":"2025-02-14 16:44:07"}
{"level":"info","message":"execution (109) run instruction [request] for node (99)","timestamp":"2025-02-14 16:44:07"}
{"level":"info","message":"request (#99) sent to \"http://192.168.255.34:3000/api/repo\", waiting for response...","timestamp":"2025-02-14 16:44:07"}
{"level":"info","message":"execution (109) exiting with status 0","timestamp":"2025-02-14 16:44:07"}
{"level":"info","execution":{"id":109,"context":{"data":{"createdAt":"2025-02-14T13:41:29.372Z","updatedAt":"2025-02-14T16:21:54.357Z","workspace_id":37,"repo_roken":"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","organization_name":null,"host_domain":null,"webhook":"http://localhost:3000/api/webhook/c7fd7c77-dee4-4971-b376-0dd5926c5e45","id":30,"host":"github","repo_name":"Dev-utaa","repository_url":"https://github.com/Belsterns/dev-utaa","updatedById":1,"createdById":1}},"key":"uaocefjldm6","eventKey":"845df6a1-8a80-46cf-bbfc-9825e36e9007","status":0,"workflowId":18,"updatedAt":"2025-02-14T16:44:07.014Z","createdAt":"2025-02-14T16:44:06.937Z"},"message":"execution (109) finished with status: 0","timestamp":"2025-02-14 16:44:07"}
{"level":"info","message":"request (#99) response success, status: 200","timestamp":"2025-02-14 16:44:08"}
{"level":"info","message":"execution (109) resuming from job (261) added to pending list","timestamp":"2025-02-14 16:44:08"}
{"level":"info","message":"pending execution (109) ready to process","timestamp":"2025-02-14 16:44:08"}
{"level":"info","message":"execution (109) resuming...","timestamp":"2025-02-14 16:44:08"}
{"level":"info","message":"execution (109) run instruction [request] for node (99)","timestamp":"2025-02-14 16:44:08"}
{"level":"info","message":"execution (109) run instruction [request] for node (99) finished as status: 1","timestamp":"2025-02-14 16:44:08"}
{"level":"info","message":"execution (109) run instruction [condition] for node (100)","timestamp":"2025-02-14 16:44:08"}
{"level":"info","message":"execution (109) run instruction [condition] for node (100) finished as status: 1","timestamp":"2025-02-14 16:44:08"}
{"level":"info","message":"execution (109) run instruction [notification] for node (101)","timestamp":"2025-02-14 16:44:08"}
{"level":"info","message":"notification (#101) sent, waiting for response...","timestamp":"2025-02-14 16:44:08"}
{"level":"info","message":"execution (109) exiting with status 0","timestamp":"2025-02-14 16:44:08"}
{"level":"info","message":"execution (109) exiting with status 0","timestamp":"2025-02-14 16:44:08"}
{"level":"info","execution":{"id":109,"context":{"data":{"createdAt":"2025-02-14T13:41:29.372Z","updatedAt":"2025-02-14T16:21:54.357Z","workspace_id":37,"repo_roken":"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","organization_name":null,"host_domain":null,"webhook":"http://localhost:3000/api/webhook/c7fd7c77-dee4-4971-b376-0dd5926c5e45","id":30,"host":"github","repo_name":"Dev-utaa","repository_url":"https://github.com/Belsterns/dev-utaa","updatedById":1,"createdById":1}},"key":"uaocefjldm6","eventKey":"845df6a1-8a80-46cf-bbfc-9825e36e9007","status":0,"workflowId":18,"updatedAt":"2025-02-14T16:44:07.014Z","createdAt":"2025-02-14T16:44:06.937Z"},"message":"execution (109) finished with status: 0","timestamp":"2025-02-14 16:44:08"}
{"level":"info","message":"notification (#101) sent successfully.","timestamp":"2025-02-14 16:44:09"}
{"level":"info","message":"execution (109) resuming from job (263) added to pending list","timestamp":"2025-02-14 16:44:09"}
{"level":"info","message":"pending execution (109) ready to process","timestamp":"2025-02-14 16:44:09"}
{"level":"info","message":"execution (109) resuming...","timestamp":"2025-02-14 16:44:09"}
{"level":"info","message":"execution (109) run instruction [notification] for node (101)","timestamp":"2025-02-14 16:44:09"}
{"level":"info","message":"execution (109) run instruction [notification] for node (101) finished as status: 1","timestamp":"2025-02-14 16:44:09"}
{"level":"info","message":"execution (109) exiting with status 1","timestamp":"2025-02-14 16:44:09"}
{"level":"info","execution":{"id":109,"createdAt":"2025-02-14T16:44:06.937Z","updatedAt":"2025-02-14T16:44:09.186Z","key":"uaocefjldm6","eventKey":"845df6a1-8a80-46cf-bbfc-9825e36e9007","context":{"data":{"createdAt":"2025-02-14T13:41:29.372Z","updatedAt":"2025-02-14T16:21:54.357Z","workspace_id":37,"repo_roken":"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","organization_name":null,"host_domain":null,"webhook":"http://localhost:3000/api/webhook/c7fd7c77-dee4-4971-b376-0dd5926c5e45","id":30,"host":"github","repo_name":"Dev-utaa","repository_url":"https://github.com/Belsterns/dev-utaa","updatedById":1,"createdById":1}},"status":1,"workflowId":18},"message":"execution (109) finished with status: 1","timestamp":"2025-02-14 16:44:09"}
{"level":"info","message":"new event triggered, now events: 1","timestamp":"2025-02-14 16:55:32"}
{"level":"info","message":"preparing execution for event","timestamp":"2025-02-14 16:55:32"}
{"level":"info","message":"execution of workflow 18 created as 112","timestamp":"2025-02-14 16:55:32"}
{"level":"info","message":"pending execution (112) ready to process","timestamp":"2025-02-14 16:55:32"}
{"level":"info","message":"queueing execution (112) from pending list updated to started","timestamp":"2025-02-14 16:55:32"}
{"level":"info","message":"execution (112) starting...","timestamp":"2025-02-14 16:55:32"}
{"level":"info","message":"execution (112) run instruction [request] for node (99)","timestamp":"2025-02-14 16:55:32"}
{"level":"info","message":"request (#99) sent to \"http://192.168.255.34:3000/api/repo\", waiting for response...","timestamp":"2025-02-14 16:55:32"}
{"level":"info","message":"execution (112) exiting with status 0","timestamp":"2025-02-14 16:55:32"}
{"level":"info","execution":{"id":112,"context":{"data":{"createdAt":"2025-02-14T16:54:10.585Z","updatedAt":"2025-02-14T16:54:14.146Z","workspace_id":22,"repo_roken":"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","organization_name":null,"host_domain":null,"webhook":"http://localhost:3000/api/webhook/55954cec-eeb8-4ff8-8bb1-4b8efeba28e1","id":32,"host":"github","repo_name":"demo-repo","repository_url":"https://github.com/sanjeevraj-belsterns/demo-repository","updatedById":1,"createdById":1}},"key":"uaocefjldm6","eventKey":"17112668-3d78-4c91-a3ee-68123fc5391d","status":0,"workflowId":18,"updatedAt":"2025-02-14T16:55:32.678Z","createdAt":"2025-02-14T16:55:32.629Z"},"message":"execution (112) finished with status: 0","timestamp":"2025-02-14 16:55:32"}
{"level":"info","message":"request (#99) response success, status: 200","timestamp":"2025-02-14 16:55:34"}
{"level":"info","message":"execution (112) resuming from job (278) added to pending list","timestamp":"2025-02-14 16:55:34"}
{"level":"info","message":"pending execution (112) ready to process","timestamp":"2025-02-14 16:55:34"}
{"level":"info","message":"execution (112) resuming...","timestamp":"2025-02-14 16:55:34"}
{"level":"info","message":"execution (112) run instruction [request] for node (99)","timestamp":"2025-02-14 16:55:34"}
{"level":"info","message":"execution (112) run instruction [request] for node (99) finished as status: 1","timestamp":"2025-02-14 16:55:34"}
{"level":"info","message":"execution (112) run instruction [condition] for node (100)","timestamp":"2025-02-14 16:55:34"}
{"level":"info","message":"execution (112) run instruction [condition] for node (100) finished as status: 1","timestamp":"2025-02-14 16:55:34"}
{"level":"info","message":"execution (112) run instruction [notification] for node (101)","timestamp":"2025-02-14 16:55:34"}
{"level":"info","message":"notification (#101) sent, waiting for response...","timestamp":"2025-02-14 16:55:34"}
{"level":"info","message":"execution (112) exiting with status 0","timestamp":"2025-02-14 16:55:34"}
{"level":"info","message":"execution (112) exiting with status 0","timestamp":"2025-02-14 16:55:34"}
{"level":"info","execution":{"id":112,"context":{"data":{"createdAt":"2025-02-14T16:54:10.585Z","updatedAt":"2025-02-14T16:54:14.146Z","workspace_id":22,"repo_roken":"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","organization_name":null,"host_domain":null,"webhook":"http://localhost:3000/api/webhook/55954cec-eeb8-4ff8-8bb1-4b8efeba28e1","id":32,"host":"github","repo_name":"demo-repo","repository_url":"https://github.com/sanjeevraj-belsterns/demo-repository","updatedById":1,"createdById":1}},"key":"uaocefjldm6","eventKey":"17112668-3d78-4c91-a3ee-68123fc5391d","status":0,"workflowId":18,"updatedAt":"2025-02-14T16:55:32.678Z","createdAt":"2025-02-14T16:55:32.629Z"},"message":"execution (112) finished with status: 0","timestamp":"2025-02-14 16:55:34"}
{"level":"info","message":"notification (#101) sent successfully.","timestamp":"2025-02-14 16:55:34"}
{"level":"info","message":"execution (112) resuming from job (280) added to pending list","timestamp":"2025-02-14 16:55:34"}
{"level":"info","message":"pending execution (112) ready to process","timestamp":"2025-02-14 16:55:34"}
{"level":"info","message":"execution (112) resuming...","timestamp":"2025-02-14 16:55:34"}
{"level":"info","message":"execution (112) run instruction [notification] for node (101)","timestamp":"2025-02-14 16:55:34"}
{"level":"info","message":"execution (112) run instruction [notification] for node (101) finished as status: 1","timestamp":"2025-02-14 16:55:35"}
{"level":"info","message":"execution (112) exiting with status 1","timestamp":"2025-02-14 16:55:35"}
{"level":"info","execution":{"id":112,"createdAt":"2025-02-14T16:55:32.629Z","updatedAt":"2025-02-14T16:55:35.025Z","key":"uaocefjldm6","eventKey":"17112668-3d78-4c91-a3ee-68123fc5391d","context":{"data":{"createdAt":"2025-02-14T16:54:10.585Z","updatedAt":"2025-02-14T16:54:14.146Z","workspace_id":22,"repo_roken":"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","organization_name":null,"host_domain":null,"webhook":"http://localhost:3000/api/webhook/55954cec-eeb8-4ff8-8bb1-4b8efeba28e1","id":32,"host":"github","repo_name":"demo-repo","repository_url":"https://github.com/sanjeevraj-belsterns/demo-repository","updatedById":1,"createdById":1}},"status":1,"workflowId":18},"message":"execution (112) finished with status: 1","timestamp":"2025-02-14 16:55:35"}
{"level":"info","message":"new event triggered, now events: 1","timestamp":"2025-02-14 17:06:39"}
{"level":"info","message":"preparing execution for event","timestamp":"2025-02-14 17:06:39"}
{"level":"info","message":"execution of workflow 18 created as 114","timestamp":"2025-02-14 17:06:39"}
{"level":"info","message":"pending execution (114) ready to process","timestamp":"2025-02-14 17:06:39"}
{"level":"info","message":"queueing execution (114) from pending list updated to started","timestamp":"2025-02-14 17:06:39"}
{"level":"info","message":"execution (114) starting...","timestamp":"2025-02-14 17:06:39"}
{"level":"info","message":"execution (114) run instruction [request] for node (99)","timestamp":"2025-02-14 17:06:39"}
{"level":"info","message":"request (#99) sent to \"http://192.168.255.34:3000/api/repo\", waiting for response...","timestamp":"2025-02-14 17:06:39"}
{"level":"info","message":"execution (114) exiting with status 0","timestamp":"2025-02-14 17:06:39"}
{"level":"info","execution":{"id":114,"context":{"data":{"createdAt":"2025-02-14T16:56:07.928Z","updatedAt":"2025-02-14T16:56:10.082Z","workspace_id":22,"repo_roken":"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","organization_name":null,"host_domain":null,"webhook":"https://a1ab-103-130-204-185.ngrok-free.app/api/webhook/378ff496-f078-4c30-8f1b-aa02b4bb9d22","id":33,"host":"github","repo_name":"demo-repo","repository_url":"https://github.com/sanjeevraj-belsterns/demo-repository","updatedById":1,"createdById":1}},"key":"uaocefjldm6","eventKey":"cbefa75a-f9d2-47bd-b735-6217deac67cc","status":0,"workflowId":18,"updatedAt":"2025-02-14T17:06:39.499Z","createdAt":"2025-02-14T17:06:39.308Z"},"message":"execution (114) finished with status: 0","timestamp":"2025-02-14 17:06:39"}
{"level":"info","message":"request (#99) response success, status: 200","timestamp":"2025-02-14 17:06:40"}
{"level":"info","message":"execution (114) resuming from job (288) added to pending list","timestamp":"2025-02-14 17:06:40"}
{"level":"info","message":"pending execution (114) ready to process","timestamp":"2025-02-14 17:06:40"}
{"level":"info","message":"execution (114) resuming...","timestamp":"2025-02-14 17:06:40"}
{"level":"info","message":"execution (114) run instruction [request] for node (99)","timestamp":"2025-02-14 17:06:40"}
{"level":"info","message":"execution (114) run instruction [request] for node (99) finished as status: 1","timestamp":"2025-02-14 17:06:41"}
{"level":"info","message":"execution (114) run instruction [condition] for node (100)","timestamp":"2025-02-14 17:06:41"}
{"level":"info","message":"execution (114) run instruction [condition] for node (100) finished as status: 1","timestamp":"2025-02-14 17:06:41"}
{"level":"info","message":"execution (114) run instruction [notification] for node (101)","timestamp":"2025-02-14 17:06:41"}
{"level":"info","message":"notification (#101) sent, waiting for response...","timestamp":"2025-02-14 17:06:41"}
{"level":"info","message":"execution (114) exiting with status 0","timestamp":"2025-02-14 17:06:41"}
{"level":"info","message":"execution (114) exiting with status 0","timestamp":"2025-02-14 17:06:41"}
{"level":"info","execution":{"id":114,"context":{"data":{"createdAt":"2025-02-14T16:56:07.928Z","updatedAt":"2025-02-14T16:56:10.082Z","workspace_id":22,"repo_roken":"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","organization_name":null,"host_domain":null,"webhook":"https://a1ab-103-130-204-185.ngrok-free.app/api/webhook/378ff496-f078-4c30-8f1b-aa02b4bb9d22","id":33,"host":"github","repo_name":"demo-repo","repository_url":"https://github.com/sanjeevraj-belsterns/demo-repository","updatedById":1,"createdById":1}},"key":"uaocefjldm6","eventKey":"cbefa75a-f9d2-47bd-b735-6217deac67cc","status":0,"workflowId":18,"updatedAt":"2025-02-14T17:06:39.499Z","createdAt":"2025-02-14T17:06:39.308Z"},"message":"execution (114) finished with status: 0","timestamp":"2025-02-14 17:06:41"}
{"level":"info","message":"notification (#101) sent successfully.","timestamp":"2025-02-14 17:06:41"}
{"level":"info","message":"execution (114) resuming from job (290) added to pending list","timestamp":"2025-02-14 17:06:41"}
{"level":"info","message":"pending execution (114) ready to process","timestamp":"2025-02-14 17:06:41"}
{"level":"info","message":"execution (114) resuming...","timestamp":"2025-02-14 17:06:41"}
{"level":"info","message":"execution (114) run instruction [notification] for node (101)","timestamp":"2025-02-14 17:06:41"}
{"level":"info","message":"execution (114) run instruction [notification] for node (101) finished as status: 1","timestamp":"2025-02-14 17:06:41"}
{"level":"info","message":"execution (114) exiting with status 1","timestamp":"2025-02-14 17:06:41"}
{"level":"info","execution":{"id":114,"createdAt":"2025-02-14T17:06:39.308Z","updatedAt":"2025-02-14T17:06:41.597Z","key":"uaocefjldm6","eventKey":"cbefa75a-f9d2-47bd-b735-6217deac67cc","context":{"data":{"createdAt":"2025-02-14T16:56:07.928Z","updatedAt":"2025-02-14T16:56:10.082Z","workspace_id":22,"repo_roken":"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","organization_name":null,"host_domain":null,"webhook":"https://a1ab-103-130-204-185.ngrok-free.app/api/webhook/378ff496-f078-4c30-8f1b-aa02b4bb9d22","id":33,"host":"github","repo_name":"demo-repo","repository_url":"https://github.com/sanjeevraj-belsterns/demo-repository","updatedById":1,"createdById":1}},"status":1,"workflowId":18},"message":"execution (114) finished with status: 1","timestamp":"2025-02-14 17:06:41"}
{"level":"info","message":"new event triggered, now events: 1","timestamp":"2025-02-14 17:11:35"}
{"level":"info","message":"preparing execution for event","timestamp":"2025-02-14 17:11:35"}
{"level":"info","message":"execution of workflow 18 created as 117","timestamp":"2025-02-14 17:11:35"}
{"level":"info","message":"pending execution (117) ready to process","timestamp":"2025-02-14 17:11:35"}
{"level":"info","message":"queueing execution (117) from pending list updated to started","timestamp":"2025-02-14 17:11:35"}
{"level":"info","message":"execution (117) starting...","timestamp":"2025-02-14 17:11:35"}
{"level":"info","message":"execution (117) run instruction [request] for node (99)","timestamp":"2025-02-14 17:11:35"}
{"level":"info","message":"request (#99) sent to \"http://192.168.255.34:3000/api/repo\", waiting for response...","timestamp":"2025-02-14 17:11:35"}
{"level":"info","message":"execution (117) exiting with status 0","timestamp":"2025-02-14 17:11:35"}
{"level":"info","execution":{"id":117,"context":{"data":{"createdAt":"2025-02-14T17:08:41.753Z","updatedAt":"2025-02-14T17:10:37.345Z","workspace_id":22,"repo_roken":"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","organization_name":null,"host_domain":null,"webhook":null,"id":34,"host":"github","repo_name":"demo-repo","repository_url":"https://github.com/sanjeevraj-belsterns/demo-repository.git","updatedById":1,"createdById":1}},"key":"uaocefjldm6","eventKey":"680bcd3a-7d7c-4a22-9167-b6150c6e3ab2","status":0,"workflowId":18,"updatedAt":"2025-02-14T17:11:35.080Z","createdAt":"2025-02-14T17:11:35.047Z"},"message":"execution (117) finished with status: 0","timestamp":"2025-02-14 17:11:35"}
{"level":"info","message":"request (#99) failed with response, status: 500","timestamp":"2025-02-14 17:11:35"}
{"level":"info","message":"execution (117) resuming from job (293) added to pending list","timestamp":"2025-02-14 17:11:35"}
{"level":"info","message":"pending execution (117) ready to process","timestamp":"2025-02-14 17:11:35"}
{"level":"info","message":"execution (117) resuming...","timestamp":"2025-02-14 17:11:35"}
{"level":"info","message":"execution (117) run instruction [request] for node (99)","timestamp":"2025-02-14 17:11:35"}
{"level":"info","message":"execution (117) run instruction [request] for node (99) finished as status: -1","timestamp":"2025-02-14 17:11:35"}
{"level":"info","message":"execution (117) exiting with status -1","timestamp":"2025-02-14 17:11:35"}
{"level":"info","execution":{"id":117,"context":{"data":{"createdAt":"2025-02-14T17:08:41.753Z","updatedAt":"2025-02-14T17:10:37.345Z","workspace_id":22,"repo_roken":"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","organization_name":null,"host_domain":null,"webhook":null,"id":34,"host":"github","repo_name":"demo-repo","repository_url":"https://github.com/sanjeevraj-belsterns/demo-repository.git","updatedById":1,"createdById":1}},"key":"uaocefjldm6","eventKey":"680bcd3a-7d7c-4a22-9167-b6150c6e3ab2","status":-1,"workflowId":18,"updatedAt":"2025-02-14T17:11:35.689Z","createdAt":"2025-02-14T17:11:35.047Z"},"message":"execution (117) finished with status: -1","timestamp":"2025-02-14 17:11:35"}
{"level":"info","message":"new event triggered, now events: 1","timestamp":"2025-02-14 17:48:06"}
{"level":"info","message":"preparing execution for event","timestamp":"2025-02-14 17:48:06"}
{"level":"info","message":"execution of workflow 18 created as 119","timestamp":"2025-02-14 17:48:06"}
{"level":"info","message":"pending execution (119) ready to process","timestamp":"2025-02-14 17:48:07"}
{"level":"info","message":"queueing execution (119) from pending list updated to started","timestamp":"2025-02-14 17:48:07"}
{"level":"info","message":"execution (119) starting...","timestamp":"2025-02-14 17:48:07"}
{"level":"info","message":"execution (119) run instruction [request] for node (99)","timestamp":"2025-02-14 17:48:07"}
{"level":"info","message":"request (#99) sent to \"http://192.168.255.34:3000/api/repo\", waiting for response...","timestamp":"2025-02-14 17:48:07"}
{"level":"info","message":"execution (119) exiting with status 0","timestamp":"2025-02-14 17:48:07"}
{"level":"info","execution":{"id":119,"context":{"data":{"createdAt":"2025-02-14T17:12:44.646Z","updatedAt":"2025-02-14T17:12:44.682Z","workspace_id":22,"repo_roken":"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","organization_name":null,"host_domain":null,"webhook":null,"id":35,"host":"github","repo_name":"demo-repo","repository_url":"https://github.com/sanjeevraj-belsterns/demo-repository.git","updatedById":1,"createdById":1}},"key":"uaocefjldm6","eventKey":"78741557-ccfe-40e9-8c35-81bc54ec9fb7","status":0,"workflowId":18,"updatedAt":"2025-02-14T17:48:07.027Z","createdAt":"2025-02-14T17:48:06.910Z"},"message":"execution (119) finished with status: 0","timestamp":"2025-02-14 17:48:07"}
{"level":"info","message":"request (#99) failed with response, status: 500","timestamp":"2025-02-14 17:48:10"}
{"level":"info","message":"execution (119) resuming from job (295) added to pending list","timestamp":"2025-02-14 17:48:10"}
{"level":"info","message":"pending execution (119) ready to process","timestamp":"2025-02-14 17:48:10"}
{"level":"info","message":"execution (119) resuming...","timestamp":"2025-02-14 17:48:10"}
{"level":"info","message":"execution (119) run instruction [request] for node (99)","timestamp":"2025-02-14 17:48:10"}
{"level":"info","message":"execution (119) run instruction [request] for node (99) finished as status: -1","timestamp":"2025-02-14 17:48:10"}
{"level":"info","message":"execution (119) exiting with status -1","timestamp":"2025-02-14 17:48:10"}
{"level":"info","execution":{"id":119,"context":{"data":{"createdAt":"2025-02-14T17:12:44.646Z","updatedAt":"2025-02-14T17:12:44.682Z","workspace_id":22,"repo_roken":"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","organization_name":null,"host_domain":null,"webhook":null,"id":35,"host":"github","repo_name":"demo-repo","repository_url":"https://github.com/sanjeevraj-belsterns/demo-repository.git","updatedById":1,"createdById":1}},"key":"uaocefjldm6","eventKey":"78741557-ccfe-40e9-8c35-81bc54ec9fb7","status":-1,"workflowId":18,"updatedAt":"2025-02-14T17:48:10.423Z","createdAt":"2025-02-14T17:48:06.910Z"},"message":"execution (119) finished with status: -1","timestamp":"2025-02-14 17:48:10"}
{"level":"info","message":"new event triggered, now events: 1","timestamp":"2025-02-14 17:50:52"}
{"level":"info","message":"preparing execution for event","timestamp":"2025-02-14 17:50:52"}
{"level":"info","message":"execution of workflow 18 created as 121","timestamp":"2025-02-14 17:50:52"}
{"level":"info","message":"pending execution (121) ready to process","timestamp":"2025-02-14 17:50:52"}
{"level":"info","message":"queueing execution (121) from pending list updated to started","timestamp":"2025-02-14 17:50:52"}
{"level":"info","message":"execution (121) starting...","timestamp":"2025-02-14 17:50:52"}
{"level":"info","message":"execution (121) run instruction [request] for node (99)","timestamp":"2025-02-14 17:50:52"}
{"level":"info","message":"request (#99) sent to \"http://192.168.255.34:3000/api/repo\", waiting for response...","timestamp":"2025-02-14 17:50:53"}
{"level":"info","message":"execution (121) exiting with status 0","timestamp":"2025-02-14 17:50:53"}
{"level":"info","execution":{"id":121,"context":{"data":{"createdAt":"2025-02-14T17:49:01.671Z","updatedAt":"2025-02-14T17:49:01.804Z","workspace_id":37,"repo_roken":"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","organization_name":null,"host_domain":null,"webhook":null,"id":36,"host":"github","repo_name":"demo-repo","repository_url":"https://github.com/sanjeevraj-belsterns/demo-repository.git","updatedById":1,"createdById":1}},"key":"uaocefjldm6","eventKey":"351970e7-0d66-4621-89ff-ac1c960f13ab","status":0,"workflowId":18,"updatedAt":"2025-02-14T17:50:52.379Z","createdAt":"2025-02-14T17:50:52.138Z"},"message":"execution (121) finished with status: 0","timestamp":"2025-02-14 17:50:53"}
{"level":"info","message":"request (#99) failed with response, status: 500","timestamp":"2025-02-14 17:50:56"}
{"level":"info","message":"execution (121) resuming from job (297) added to pending list","timestamp":"2025-02-14 17:50:56"}
{"level":"info","message":"pending execution (121) ready to process","timestamp":"2025-02-14 17:50:56"}
{"level":"info","message":"execution (121) resuming...","timestamp":"2025-02-14 17:50:56"}
{"level":"info","message":"execution (121) run instruction [request] for node (99)","timestamp":"2025-02-14 17:50:56"}
{"level":"info","message":"execution (121) run instruction [request] for node (99) finished as status: -1","timestamp":"2025-02-14 17:50:56"}
{"level":"info","message":"execution (121) exiting with status -1","timestamp":"2025-02-14 17:50:57"}
{"level":"info","execution":{"id":121,"context":{"data":{"createdAt":"2025-02-14T17:49:01.671Z","updatedAt":"2025-02-14T17:49:01.804Z","workspace_id":37,"repo_roken":"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","organization_name":null,"host_domain":null,"webhook":null,"id":36,"host":"github","repo_name":"demo-repo","repository_url":"https://github.com/sanjeevraj-belsterns/demo-repository.git","updatedById":1,"createdById":1}},"key":"uaocefjldm6","eventKey":"351970e7-0d66-4621-89ff-ac1c960f13ab","status":-1,"workflowId":18,"updatedAt":"2025-02-14T17:50:57.000Z","createdAt":"2025-02-14T17:50:52.138Z"},"message":"execution (121) finished with status: -1","timestamp":"2025-02-14 17:50:57"}
{"level":"info","message":"new event triggered, now events: 1","timestamp":"2025-02-14 18:03:53"}
{"level":"info","message":"preparing execution for event","timestamp":"2025-02-14 18:03:53"}
{"level":"info","message":"execution of workflow 18 created as 123","timestamp":"2025-02-14 18:03:53"}
{"level":"info","message":"pending execution (123) ready to process","timestamp":"2025-02-14 18:03:53"}
{"level":"info","message":"queueing execution (123) from pending list updated to started","timestamp":"2025-02-14 18:03:53"}
{"level":"info","message":"execution (123) starting...","timestamp":"2025-02-14 18:03:53"}
{"level":"info","message":"execution (123) run instruction [request] for node (99)","timestamp":"2025-02-14 18:03:53"}
{"level":"info","message":"request (#99) sent to \"http://192.168.255.34:3000/api/repo\", waiting for response...","timestamp":"2025-02-14 18:03:53"}
{"level":"info","message":"execution (123) exiting with status 0","timestamp":"2025-02-14 18:03:53"}
{"level":"info","execution":{"id":123,"context":{"data":{"createdAt":"2025-02-14T17:54:52.040Z","updatedAt":"2025-02-14T17:54:52.084Z","workspace_id":37,"repo_roken":"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","organization_name":null,"host_domain":null,"webhook":null,"id":37,"host":"github","repo_name":"demo-repo","repository_url":"https://github.com/sanjeevraj-belsterns/demo-repository","updatedById":1,"createdById":1}},"key":"uaocefjldm6","eventKey":"df1ac3ee-2093-4f0e-b6b5-83a91fb1ded7","status":0,"workflowId":18,"updatedAt":"2025-02-14T18:03:53.409Z","createdAt":"2025-02-14T18:03:53.312Z"},"message":"execution (123) finished with status: 0","timestamp":"2025-02-14 18:03:53"}
{"level":"info","message":"request (#99) failed with response, status: 500","timestamp":"2025-02-14 18:03:55"}
{"level":"info","message":"execution (123) resuming from job (302) added to pending list","timestamp":"2025-02-14 18:03:55"}
{"level":"info","message":"pending execution (123) ready to process","timestamp":"2025-02-14 18:03:55"}
{"level":"info","message":"execution (123) resuming...","timestamp":"2025-02-14 18:03:55"}
{"level":"info","message":"execution (123) run instruction [request] for node (99)","timestamp":"2025-02-14 18:03:55"}
{"level":"info","message":"execution (123) run instruction [request] for node (99) finished as status: -1","timestamp":"2025-02-14 18:03:55"}
{"level":"info","message":"execution (123) exiting with status -1","timestamp":"2025-02-14 18:03:55"}
{"level":"info","execution":{"id":123,"context":{"data":{"createdAt":"2025-02-14T17:54:52.040Z","updatedAt":"2025-02-14T17:54:52.084Z","workspace_id":37,"repo_roken":"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","organization_name":null,"host_domain":null,"webhook":null,"id":37,"host":"github","repo_name":"demo-repo","repository_url":"https://github.com/sanjeevraj-belsterns/demo-repository","updatedById":1,"createdById":1}},"key":"uaocefjldm6","eventKey":"df1ac3ee-2093-4f0e-b6b5-83a91fb1ded7","status":-1,"workflowId":18,"updatedAt":"2025-02-14T18:03:55.897Z","createdAt":"2025-02-14T18:03:53.312Z"},"message":"execution (123) finished with status: -1","timestamp":"2025-02-14 18:03:55"}
{"level":"info","message":"new event triggered, now events: 1","timestamp":"2025-02-14 18:14:41"}
{"level":"info","message":"preparing execution for event","timestamp":"2025-02-14 18:14:41"}
{"level":"info","message":"execution of workflow 18 created as 125","timestamp":"2025-02-14 18:14:41"}
{"level":"info","message":"pending execution (125) ready to process","timestamp":"2025-02-14 18:14:41"}
{"level":"info","message":"queueing execution (125) from pending list updated to started","timestamp":"2025-02-14 18:14:41"}
{"level":"info","message":"execution (125) starting...","timestamp":"2025-02-14 18:14:41"}
{"level":"info","message":"execution (125) run instruction [request] for node (99)","timestamp":"2025-02-14 18:14:42"}
{"level":"info","message":"request (#99) sent to \"http://192.168.255.34:3000/api/repo\", waiting for response...","timestamp":"2025-02-14 18:14:42"}
{"level":"info","message":"execution (125) exiting with status 0","timestamp":"2025-02-14 18:14:42"}
{"level":"info","execution":{"id":125,"context":{"data":{"createdAt":"2025-02-14T18:05:09.187Z","updatedAt":"2025-02-14T18:05:09.277Z","workspace_id":37,"repo_roken":"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","organization_name":null,"host_domain":null,"webhook":null,"id":38,"host":"github","repo_name":"demo-repo","repository_url":"https://github.com/sanjeevraj-belsterns/demo-repository","updatedById":1,"createdById":1,"is_initialized":"false"}},"key":"uaocefjldm6","eventKey":"354bddeb-80c0-4a18-a31b-5bab871d0888","status":0,"workflowId":18,"updatedAt":"2025-02-14T18:14:41.976Z","createdAt":"2025-02-14T18:14:41.896Z"},"message":"execution (125) finished with status: 0","timestamp":"2025-02-14 18:14:42"}
{"level":"info","message":"request (#99) response success, status: 200","timestamp":"2025-02-14 18:14:43"}
{"level":"info","message":"execution (125) resuming from job (309) added to pending list","timestamp":"2025-02-14 18:14:43"}
{"level":"info","message":"pending execution (125) ready to process","timestamp":"2025-02-14 18:14:43"}
{"level":"info","message":"execution (125) resuming...","timestamp":"2025-02-14 18:14:43"}
{"level":"info","message":"execution (125) run instruction [request] for node (99)","timestamp":"2025-02-14 18:14:43"}
{"level":"info","message":"execution (125) run instruction [request] for node (99) finished as status: 1","timestamp":"2025-02-14 18:14:43"}
{"level":"info","message":"execution (125) run instruction [condition] for node (100)","timestamp":"2025-02-14 18:14:43"}
{"level":"info","message":"execution (125) run instruction [condition] for node (100) finished as status: 1","timestamp":"2025-02-14 18:14:43"}
{"level":"info","message":"execution (125) run instruction [notification] for node (101)","timestamp":"2025-02-14 18:14:43"}
{"level":"info","message":"notification (#101) sent, waiting for response...","timestamp":"2025-02-14 18:14:43"}
{"level":"info","message":"execution (125) exiting with status 0","timestamp":"2025-02-14 18:14:43"}
{"level":"info","message":"execution (125) exiting with status 0","timestamp":"2025-02-14 18:14:43"}
{"level":"info","execution":{"id":125,"context":{"data":{"createdAt":"2025-02-14T18:05:09.187Z","updatedAt":"2025-02-14T18:05:09.277Z","workspace_id":37,"repo_roken":"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","organization_name":null,"host_domain":null,"webhook":null,"id":38,"host":"github","repo_name":"demo-repo","repository_url":"https://github.com/sanjeevraj-belsterns/demo-repository","updatedById":1,"createdById":1,"is_initialized":"false"}},"key":"uaocefjldm6","eventKey":"354bddeb-80c0-4a18-a31b-5bab871d0888","status":0,"workflowId":18,"updatedAt":"2025-02-14T18:14:41.976Z","createdAt":"2025-02-14T18:14:41.896Z"},"message":"execution (125) finished with status: 0","timestamp":"2025-02-14 18:14:43"}
{"level":"info","message":"notification (#101) sent successfully.","timestamp":"2025-02-14 18:14:43"}
{"level":"info","message":"execution (125) resuming from job (311) added to pending list","timestamp":"2025-02-14 18:14:43"}
{"level":"info","message":"pending execution (125) ready to process","timestamp":"2025-02-14 18:14:43"}
{"level":"info","message":"execution (125) resuming...","timestamp":"2025-02-14 18:14:43"}
{"level":"info","message":"execution (125) run instruction [notification] for node (101)","timestamp":"2025-02-14 18:14:43"}
{"level":"info","message":"execution (125) run instruction [notification] for node (101) finished as status: 1","timestamp":"2025-02-14 18:14:43"}
{"level":"info","message":"execution (125) exiting with status 1","timestamp":"2025-02-14 18:14:43"}
{"level":"info","execution":{"id":125,"createdAt":"2025-02-14T18:14:41.896Z","updatedAt":"2025-02-14T18:14:43.440Z","key":"uaocefjldm6","eventKey":"354bddeb-80c0-4a18-a31b-5bab871d0888","context":{"data":{"createdAt":"2025-02-14T18:05:09.187Z","updatedAt":"2025-02-14T18:05:09.277Z","workspace_id":37,"repo_roken":"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","organization_name":null,"host_domain":null,"webhook":null,"id":38,"host":"github","repo_name":"demo-repo","repository_url":"https://github.com/sanjeevraj-belsterns/demo-repository","updatedById":1,"createdById":1,"is_initialized":"false"}},"status":1,"workflowId":18},"message":"execution (125) finished with status: 1","timestamp":"2025-02-14 18:14:43"}
{"level":"info","message":"new event triggered, now events: 1","timestamp":"2025-02-14 18:23:32"}
{"level":"info","message":"preparing execution for event","timestamp":"2025-02-14 18:23:32"}
{"level":"info","message":"execution of workflow 18 created as 127","timestamp":"2025-02-14 18:23:32"}
{"level":"info","message":"pending execution (127) ready to process","timestamp":"2025-02-14 18:23:32"}
{"level":"info","message":"queueing execution (127) from pending list updated to started","timestamp":"2025-02-14 18:23:32"}
{"level":"info","message":"execution (127) starting...","timestamp":"2025-02-14 18:23:32"}
{"level":"info","message":"execution (127) run instruction [request] for node (99)","timestamp":"2025-02-14 18:23:32"}
{"level":"info","message":"request (#99) sent to \"http://192.168.255.34:3000/api/repo\", waiting for response...","timestamp":"2025-02-14 18:23:32"}
{"level":"info","message":"execution (127) exiting with status 0","timestamp":"2025-02-14 18:23:32"}
{"level":"info","execution":{"id":127,"context":{"data":{"createdAt":"2025-02-14T18:20:28.636Z","updatedAt":"2025-02-14T18:20:28.720Z","workspace_id":37,"repo_roken":"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","organization_name":null,"host_domain":null,"webhook":null,"id":39,"host":"github","repo_name":"demo-repo","repository_url":"https://github.com/sanjeevraj-belsterns/demo-repository","updatedById":1,"createdById":1,"is_initialized":"false"}},"key":"uaocefjldm6","eventKey":"5ac7e3a5-e5b3-41cf-973e-892fcda3d3d3","status":0,"workflowId":18,"updatedAt":"2025-02-14T18:23:32.616Z","createdAt":"2025-02-14T18:23:32.427Z"},"message":"execution (127) finished with status: 0","timestamp":"2025-02-14 18:23:32"}
{"level":"info","message":"request (#99) failed with response, status: 500","timestamp":"2025-02-14 18:23:35"}
{"level":"info","message":"execution (127) resuming from job (313) added to pending list","timestamp":"2025-02-14 18:23:35"}
{"level":"info","message":"pending execution (127) ready to process","timestamp":"2025-02-14 18:23:35"}
{"level":"info","message":"execution (127) resuming...","timestamp":"2025-02-14 18:23:35"}
{"level":"info","message":"execution (127) run instruction [request] for node (99)","timestamp":"2025-02-14 18:23:35"}
{"level":"info","message":"execution (127) run instruction [request] for node (99) finished as status: -1","timestamp":"2025-02-14 18:23:35"}
{"level":"info","message":"execution (127) exiting with status -1","timestamp":"2025-02-14 18:23:35"}
{"level":"info","execution":{"id":127,"context":{"data":{"createdAt":"2025-02-14T18:20:28.636Z","updatedAt":"2025-02-14T18:20:28.720Z","workspace_id":37,"repo_roken":"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","organization_name":null,"host_domain":null,"webhook":null,"id":39,"host":"github","repo_name":"demo-repo","repository_url":"https://github.com/sanjeevraj-belsterns/demo-repository","updatedById":1,"createdById":1,"is_initialized":"false"}},"key":"uaocefjldm6","eventKey":"5ac7e3a5-e5b3-41cf-973e-892fcda3d3d3","status":-1,"workflowId":18,"updatedAt":"2025-02-14T18:23:35.737Z","createdAt":"2025-02-14T18:23:32.427Z"},"message":"execution (127) finished with status: -1","timestamp":"2025-02-14 18:23:35"}
{"level":"info","message":"new event triggered, now events: 1","timestamp":"2025-02-14 18:36:00"}
{"level":"info","message":"preparing execution for event","timestamp":"2025-02-14 18:36:00"}
{"level":"info","message":"execution of workflow 18 created as 129","timestamp":"2025-02-14 18:36:00"}
{"level":"info","message":"pending execution (129) ready to process","timestamp":"2025-02-14 18:36:00"}
{"level":"info","message":"queueing execution (129) from pending list updated to started","timestamp":"2025-02-14 18:36:00"}
{"level":"info","message":"execution (129) starting...","timestamp":"2025-02-14 18:36:00"}
{"level":"info","message":"execution (129) run instruction [request] for node (99)","timestamp":"2025-02-14 18:36:00"}
{"level":"info","message":"request (#99) sent to \"http://192.168.255.34:3000/api/repo\", waiting for response...","timestamp":"2025-02-14 18:36:00"}
{"level":"info","message":"execution (129) exiting with status 0","timestamp":"2025-02-14 18:36:00"}
{"level":"info","execution":{"id":129,"context":{"data":{"createdAt":"2025-02-14T18:30:24.970Z","updatedAt":"2025-02-14T18:30:25.313Z","workspace_id":37,"repo_roken":"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","organization_name":null,"host_domain":null,"webhook":null,"id":40,"host":"github","repo_name":"demo-repo","repository_url":"https://github.com/sanjeevraj-belsterns/demo-repository","updatedById":1,"createdById":1,"is_initialized":"false"}},"key":"uaocefjldm6","eventKey":"e30fdad0-250e-4fa9-9ec6-3706be96ab95","status":0,"workflowId":18,"updatedAt":"2025-02-14T18:36:00.248Z","createdAt":"2025-02-14T18:36:00.171Z"},"message":"execution (129) finished with status: 0","timestamp":"2025-02-14 18:36:00"}
{"level":"info","message":"request (#99) response success, status: 200","timestamp":"2025-02-14 18:36:02"}
{"level":"info","message":"execution (129) resuming from job (320) added to pending list","timestamp":"2025-02-14 18:36:02"}
{"level":"info","message":"pending execution (129) ready to process","timestamp":"2025-02-14 18:36:02"}
{"level":"info","message":"execution (129) resuming...","timestamp":"2025-02-14 18:36:02"}
{"level":"info","message":"execution (129) run instruction [request] for node (99)","timestamp":"2025-02-14 18:36:02"}
{"level":"info","message":"execution (129) run instruction [request] for node (99) finished as status: 1","timestamp":"2025-02-14 18:36:02"}
{"level":"info","message":"execution (129) run instruction [condition] for node (100)","timestamp":"2025-02-14 18:36:02"}
{"level":"info","message":"execution (129) run instruction [condition] for node (100) finished as status: 1","timestamp":"2025-02-14 18:36:02"}
{"level":"info","message":"execution (129) run instruction [notification] for node (101)","timestamp":"2025-02-14 18:36:02"}
{"level":"info","message":"notification (#101) sent, waiting for response...","timestamp":"2025-02-14 18:36:02"}
{"level":"info","message":"execution (129) exiting with status 0","timestamp":"2025-02-14 18:36:02"}
{"level":"info","message":"execution (129) exiting with status 0","timestamp":"2025-02-14 18:36:02"}
{"level":"info","execution":{"id":129,"context":{"data":{"createdAt":"2025-02-14T18:30:24.970Z","updatedAt":"2025-02-14T18:30:25.313Z","workspace_id":37,"repo_roken":"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","organization_name":null,"host_domain":null,"webhook":null,"id":40,"host":"github","repo_name":"demo-repo","repository_url":"https://github.com/sanjeevraj-belsterns/demo-repository","updatedById":1,"createdById":1,"is_initialized":"false"}},"key":"uaocefjldm6","eventKey":"e30fdad0-250e-4fa9-9ec6-3706be96ab95","status":0,"workflowId":18,"updatedAt":"2025-02-14T18:36:00.248Z","createdAt":"2025-02-14T18:36:00.171Z"},"message":"execution (129) finished with status: 0","timestamp":"2025-02-14 18:36:02"}
{"level":"info","message":"notification (#101) sent successfully.","timestamp":"2025-02-14 18:36:02"}
{"level":"info","message":"execution (129) resuming from job (322) added to pending list","timestamp":"2025-02-14 18:36:02"}
{"level":"info","message":"pending execution (129) ready to process","timestamp":"2025-02-14 18:36:02"}
{"level":"info","message":"execution (129) resuming...","timestamp":"2025-02-14 18:36:02"}
{"level":"info","message":"execution (129) run instruction [notification] for node (101)","timestamp":"2025-02-14 18:36:03"}
{"level":"info","message":"execution (129) run instruction [notification] for node (101) finished as status: 1","timestamp":"2025-02-14 18:36:03"}
{"level":"info","message":"execution (129) exiting with status 1","timestamp":"2025-02-14 18:36:03"}
{"level":"info","execution":{"id":129,"createdAt":"2025-02-14T18:36:00.171Z","updatedAt":"2025-02-14T18:36:03.060Z","key":"uaocefjldm6","eventKey":"e30fdad0-250e-4fa9-9ec6-3706be96ab95","context":{"data":{"createdAt":"2025-02-14T18:30:24.970Z","updatedAt":"2025-02-14T18:30:25.313Z","workspace_id":37,"repo_roken":"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","organization_name":null,"host_domain":null,"webhook":null,"id":40,"host":"github","repo_name":"demo-repo","repository_url":"https://github.com/sanjeevraj-belsterns/demo-repository","updatedById":1,"createdById":1,"is_initialized":"false"}},"status":1,"workflowId":18},"message":"execution (129) finished with status: 1","timestamp":"2025-02-14 18:36:03"}
{"level":"info","message":"new event triggered, now events: 1","timestamp":"2025-02-14 18:47:51"}
{"level":"info","message":"preparing execution for event","timestamp":"2025-02-14 18:47:51"}
{"level":"info","message":"execution of workflow 18 created as 131","timestamp":"2025-02-14 18:47:51"}
{"level":"info","message":"pending execution (131) ready to process","timestamp":"2025-02-14 18:47:51"}
{"level":"info","message":"queueing execution (131) from pending list updated to started","timestamp":"2025-02-14 18:47:51"}
{"level":"info","message":"execution (131) starting...","timestamp":"2025-02-14 18:47:51"}
{"level":"info","message":"execution (131) run instruction [request] for node (99)","timestamp":"2025-02-14 18:47:51"}
{"level":"info","message":"request (#99) sent to \"http://192.168.255.34:3000/api/repo\", waiting for response...","timestamp":"2025-02-14 18:47:51"}
{"level":"info","message":"execution (131) exiting with status 0","timestamp":"2025-02-14 18:47:51"}
{"level":"info","execution":{"id":131,"context":{"data":{"createdAt":"2025-02-14T18:37:36.935Z","updatedAt":"2025-02-14T18:37:37.076Z","workspace_id":37,"repo_roken":"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","organization_name":null,"host_domain":null,"webhook":null,"id":41,"host":"github","repo_name":"demo-repo","repository_url":"https://github.com/sanjeevraj-belsterns/demo-repository","updatedById":1,"createdById":1,"is_initialized":"false"}},"key":"uaocefjldm6","eventKey":"16b883c6-c69a-44c5-ab49-258ab7fba0e1","status":0,"workflowId":18,"updatedAt":"2025-02-14T18:47:51.133Z","createdAt":"2025-02-14T18:47:51.077Z"},"message":"execution (131) finished with status: 0","timestamp":"2025-02-14 18:47:51"}
{"level":"info","message":"request (#99) response success, status: 200","timestamp":"2025-02-14 18:47:53"}
{"level":"info","message":"execution (131) resuming from job (329) added to pending list","timestamp":"2025-02-14 18:47:53"}
{"level":"info","message":"pending execution (131) ready to process","timestamp":"2025-02-14 18:47:53"}
{"level":"info","message":"execution (131) resuming...","timestamp":"2025-02-14 18:47:53"}
{"level":"info","message":"execution (131) run instruction [request] for node (99)","timestamp":"2025-02-14 18:47:53"}
{"level":"info","message":"execution (131) run instruction [request] for node (99) finished as status: 1","timestamp":"2025-02-14 18:47:53"}
{"level":"info","message":"execution (131) run instruction [condition] for node (100)","timestamp":"2025-02-14 18:47:53"}
{"level":"info","message":"execution (131) run instruction [condition] for node (100) finished as status: 1","timestamp":"2025-02-14 18:47:53"}
{"level":"info","message":"execution (131) run instruction [notification] for node (101)","timestamp":"2025-02-14 18:47:53"}
{"level":"info","message":"notification (#101) sent, waiting for response...","timestamp":"2025-02-14 18:47:53"}
{"level":"info","message":"execution (131) exiting with status 0","timestamp":"2025-02-14 18:47:53"}
{"level":"info","message":"execution (131) exiting with status 0","timestamp":"2025-02-14 18:47:53"}
{"level":"info","execution":{"id":131,"context":{"data":{"createdAt":"2025-02-14T18:37:36.935Z","updatedAt":"2025-02-14T18:37:37.076Z","workspace_id":37,"repo_roken":"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","organization_name":null,"host_domain":null,"webhook":null,"id":41,"host":"github","repo_name":"demo-repo","repository_url":"https://github.com/sanjeevraj-belsterns/demo-repository","updatedById":1,"createdById":1,"is_initialized":"false"}},"key":"uaocefjldm6","eventKey":"16b883c6-c69a-44c5-ab49-258ab7fba0e1","status":0,"workflowId":18,"updatedAt":"2025-02-14T18:47:51.133Z","createdAt":"2025-02-14T18:47:51.077Z"},"message":"execution (131) finished with status: 0","timestamp":"2025-02-14 18:47:53"}
{"level":"info","message":"notification (#101) sent successfully.","timestamp":"2025-02-14 18:47:53"}
{"level":"info","message":"execution (131) resuming from job (331) added to pending list","timestamp":"2025-02-14 18:47:53"}
{"level":"info","message":"pending execution (131) ready to process","timestamp":"2025-02-14 18:47:53"}
{"level":"info","message":"execution (131) resuming...","timestamp":"2025-02-14 18:47:53"}
{"level":"info","message":"execution (131) run instruction [notification] for node (101)","timestamp":"2025-02-14 18:47:53"}
{"level":"info","message":"execution (131) run instruction [notification] for node (101) finished as status: 1","timestamp":"2025-02-14 18:47:53"}
{"level":"info","message":"execution (131) exiting with status 1","timestamp":"2025-02-14 18:47:53"}
{"level":"info","execution":{"id":131,"createdAt":"2025-02-14T18:47:51.077Z","updatedAt":"2025-02-14T18:47:53.501Z","key":"uaocefjldm6","eventKey":"16b883c6-c69a-44c5-ab49-258ab7fba0e1","context":{"data":{"createdAt":"2025-02-14T18:37:36.935Z","updatedAt":"2025-02-14T18:37:37.076Z","workspace_id":37,"repo_roken":"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","organization_name":null,"host_domain":null,"webhook":null,"id":41,"host":"github","repo_name":"demo-repo","repository_url":"https://github.com/sanjeevraj-belsterns/demo-repository","updatedById":1,"createdById":1,"is_initialized":"false"}},"status":1,"workflowId":18},"message":"execution (131) finished with status: 1","timestamp":"2025-02-14 18:47:53"}
