{"level":"info","message":"new event triggered, now events: 1","timestamp":"2025-02-14 18:48:56"}
{"level":"info","message":"preparing execution for event","timestamp":"2025-02-14 18:48:56"}
{"level":"info","message":"execution of workflow 26 created as 132","timestamp":"2025-02-14 18:48:56"}
{"level":"info","message":"pending execution (132) ready to process","timestamp":"2025-02-14 18:48:56"}
{"level":"info","message":"queueing execution (132) from pending list updated to started","timestamp":"2025-02-14 18:48:56"}
{"level":"info","message":"execution (132) starting...","timestamp":"2025-02-14 18:48:56"}
{"level":"info","message":"execution (132) run instruction [request] for node (179)","timestamp":"2025-02-14 18:48:56"}
{"level":"info","message":"request (#179) sent to \"http://192.168.255.34:3000/api/repo/validate\", waiting for response...","timestamp":"2025-02-14 18:48:57"}
{"level":"info","message":"execution (132) exiting with status 0","timestamp":"2025-02-14 18:48:57"}
{"level":"info","execution":{"id":132,"context":{"data":{"createdAt":"2025-02-14T18:48:56.304Z","updatedAt":"2025-02-14T18:48:56.412Z","is_initialized":"false","id":42,"host_domain":null,"repo_name":"demo-repo","repository_url":"https://github.com/sanjeevraj-belsterns/demo-repository","repo_roken":"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","host":"github","workspace_id":37,"updatedById":1,"createdById":1,"organization_name":null,"webhook":null},"user":{"createdAt":"2025-02-03T07:06:39.365Z","updatedAt":"2025-02-14T18:38:37.252Z","systemSettings":{"themeId":1},"id":1,"nickname":"Super Admin","username":"johndoe","email":"admin@nocobase.com","phone":null,"passwordChangeTz":null,"appLang":null,"user_ids":null,"createdById":null},"roleName":"root"},"key":"lqjyhsrhjum","eventKey":"710352a9-083f-45ca-bffe-5d72b958c4cf","status":0,"workflowId":26,"updatedAt":"2025-02-14T18:48:56.730Z","createdAt":"2025-02-14T18:48:56.648Z"},"message":"execution (132) finished with status: 0","timestamp":"2025-02-14 18:48:57"}
{"level":"info","message":"request (#179) response success, status: 200","timestamp":"2025-02-14 18:48:58"}
{"level":"info","message":"execution (132) resuming from job (332) added to pending list","timestamp":"2025-02-14 18:48:58"}
{"level":"info","message":"pending execution (132) ready to process","timestamp":"2025-02-14 18:48:58"}
{"level":"info","message":"execution (132) resuming...","timestamp":"2025-02-14 18:48:58"}
{"level":"info","message":"execution (132) run instruction [request] for node (179)","timestamp":"2025-02-14 18:48:58"}
{"level":"info","message":"execution (132) run instruction [request] for node (179) finished as status: 1","timestamp":"2025-02-14 18:48:58"}
{"level":"info","message":"execution (132) run instruction [condition] for node (180)","timestamp":"2025-02-14 18:48:58"}
{"level":"info","message":"execution (132) run instruction [notification] for node (182)","timestamp":"2025-02-14 18:48:58"}
{"level":"info","message":"notification (#182) sent, waiting for response...","timestamp":"2025-02-14 18:48:58"}
{"level":"info","message":"execution (132) exiting with status 0","timestamp":"2025-02-14 18:48:58"}
{"level":"info","message":"execution (132) exiting with status 0","timestamp":"2025-02-14 18:48:58"}
{"level":"info","message":"execution (132) exiting with status 0","timestamp":"2025-02-14 18:48:58"}
{"level":"info","execution":{"id":132,"context":{"data":{"createdAt":"2025-02-14T18:48:56.304Z","updatedAt":"2025-02-14T18:48:56.412Z","is_initialized":"false","id":42,"host_domain":null,"repo_name":"demo-repo","repository_url":"https://github.com/sanjeevraj-belsterns/demo-repository","repo_roken":"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","host":"github","workspace_id":37,"updatedById":1,"createdById":1,"organization_name":null,"webhook":null},"user":{"createdAt":"2025-02-03T07:06:39.365Z","updatedAt":"2025-02-14T18:38:37.252Z","systemSettings":{"themeId":1},"id":1,"nickname":"Super Admin","username":"johndoe","email":"admin@nocobase.com","phone":null,"passwordChangeTz":null,"appLang":null,"user_ids":null,"createdById":null},"roleName":"root"},"key":"lqjyhsrhjum","eventKey":"710352a9-083f-45ca-bffe-5d72b958c4cf","status":0,"workflowId":26,"updatedAt":"2025-02-14T18:48:56.730Z","createdAt":"2025-02-14T18:48:56.648Z"},"message":"execution (132) finished with status: 0","timestamp":"2025-02-14 18:48:58"}
{"level":"info","message":"notification (#182) sent successfully.","timestamp":"2025-02-14 18:48:58"}
{"level":"info","message":"execution (132) resuming from job (334) added to pending list","timestamp":"2025-02-14 18:48:58"}
{"level":"info","message":"pending execution (132) ready to process","timestamp":"2025-02-14 18:48:58"}
{"level":"info","message":"execution (132) resuming...","timestamp":"2025-02-14 18:48:58"}
{"level":"info","message":"execution (132) run instruction [notification] for node (182)","timestamp":"2025-02-14 18:48:59"}
{"level":"info","message":"execution (132) run instruction [notification] for node (182) finished as status: 1","timestamp":"2025-02-14 18:48:59"}
{"level":"info","message":"execution (132) run instruction [request] for node (181)","timestamp":"2025-02-14 18:48:59"}
{"level":"info","message":"request (#181) sent to \"http://192.168.255.34:3000/api/repo\", waiting for response...","timestamp":"2025-02-14 18:48:59"}
{"level":"info","message":"execution (132) exiting with status 0","timestamp":"2025-02-14 18:48:59"}
{"level":"info","execution":{"id":132,"createdAt":"2025-02-14T18:48:56.648Z","updatedAt":"2025-02-14T18:48:56.730Z","key":"lqjyhsrhjum","eventKey":"710352a9-083f-45ca-bffe-5d72b958c4cf","context":{"data":{"createdAt":"2025-02-14T18:48:56.304Z","updatedAt":"2025-02-14T18:48:56.412Z","is_initialized":"false","id":42,"host_domain":null,"repo_name":"demo-repo","repository_url":"https://github.com/sanjeevraj-belsterns/demo-repository","repo_roken":"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","host":"github","workspace_id":37,"updatedById":1,"createdById":1,"organization_name":null,"webhook":null},"user":{"createdAt":"2025-02-03T07:06:39.365Z","updatedAt":"2025-02-14T18:38:37.252Z","systemSettings":{"themeId":1},"id":1,"nickname":"Super Admin","username":"johndoe","email":"admin@nocobase.com","phone":null,"passwordChangeTz":null,"appLang":null,"user_ids":null,"createdById":null},"roleName":"root"},"status":0,"workflowId":26},"message":"execution (132) finished with status: 0","timestamp":"2025-02-14 18:48:59"}
{"level":"info","message":"request (#181) response success, status: 200","timestamp":"2025-02-14 18:48:59"}
{"level":"info","message":"execution (132) resuming from job (335) added to pending list","timestamp":"2025-02-14 18:48:59"}
{"level":"info","message":"pending execution (132) ready to process","timestamp":"2025-02-14 18:48:59"}
{"level":"info","message":"execution (132) resuming...","timestamp":"2025-02-14 18:48:59"}
{"level":"info","message":"execution (132) run instruction [request] for node (181)","timestamp":"2025-02-14 18:48:59"}
{"level":"info","message":"execution (132) run instruction [request] for node (181) finished as status: 1","timestamp":"2025-02-14 18:48:59"}
{"level":"info","message":"execution (132) run instruction [condition] for node (183)","timestamp":"2025-02-14 18:48:59"}
{"level":"info","message":"execution (132) run instruction [sql] for node (188)","timestamp":"2025-02-14 18:48:59"}
{"level":"error","name":"SequelizeDatabaseError","parent":{"length":90,"name":"error","severity":"ERROR","code":"42601","position":"44","file":"scan.l","line":"1244","routine":"scanner_yyerror","sql":"UPDATE \"repositories\"\nSET \n    \"webhook\" = , \n    \"is_initialized\" = \nWHERE \"id\" = 42;"},"original":{"length":90,"name":"error","severity":"ERROR","code":"42601","position":"44","file":"scan.l","line":"1244","routine":"scanner_yyerror","sql":"UPDATE \"repositories\"\nSET \n    \"webhook\" = , \n    \"is_initialized\" = \nWHERE \"id\" = 42;"},"sql":"UPDATE \"repositories\"\nSET \n    \"webhook\" = , \n    \"is_initialized\" = \nWHERE \"id\" = 42;","parameters":{},"message":"execution (132) run instruction [sql] for node (188) failed:  syntax error at or near \",\"","stack":"Error\n    at Query.run (/app/nocobase/node_modules/sequelize/lib/dialects/postgres/query.js:50:25)\n    at /app/nocobase/node_modules/sequelize/lib/sequelize.js:315:28\n    at process.processTicksAndRejections (node:internal/process/task_queues:95:5)\n    at async SQLInstruction_default.run (/app/nocobase/node_modules/@nocobase/plugin-workflow-sql/dist/server/SQLInstruction.js:47:42)\n    at async Processor.exec (/app/nocobase/node_modules/@nocobase/plugin-workflow/dist/server/Processor.js:160:13)\n    at async ConditionInstruction.run (/app/nocobase/node_modules/@nocobase/plugin-workflow/dist/server/instructions/ConditionInstruction.js:77:5)\n    at async Processor.exec (/app/nocobase/node_modules/@nocobase/plugin-workflow/dist/server/Processor.js:160:13)\n    at async Processor.resume (/app/nocobase/node_modules/@nocobase/plugin-workflow/dist/server/Processor.js:153:5)\n    at async PluginWorkflowServer.process (/app/nocobase/node_modules/@nocobase/plugin-workflow/dist/server/Plugin.js:551:7)\n    at async /app/nocobase/node_modules/@nocobase/plugin-workflow/dist/server/Plugin.js:528:9","timestamp":"2025-02-14 18:48:59"}
{"level":"info","message":"execution (132) run instruction [sql] for node (188) finished as status: -2","timestamp":"2025-02-14 18:48:59"}
{"level":"info","message":"execution (132) run instruction [condition] for node (183)","timestamp":"2025-02-14 18:48:59"}
{"level":"info","message":"execution (132) exiting with status -2","timestamp":"2025-02-14 18:48:59"}
{"level":"info","message":"execution (132) exiting with status -2","timestamp":"2025-02-14 18:48:59"}
{"level":"info","message":"execution (132) exiting with status -2","timestamp":"2025-02-14 18:48:59"}
{"level":"info","execution":{"id":132,"createdAt":"2025-02-14T18:48:56.648Z","updatedAt":"2025-02-14T18:48:59.903Z","key":"lqjyhsrhjum","eventKey":"710352a9-083f-45ca-bffe-5d72b958c4cf","context":{"data":{"createdAt":"2025-02-14T18:48:56.304Z","updatedAt":"2025-02-14T18:48:56.412Z","is_initialized":"false","id":42,"host_domain":null,"repo_name":"demo-repo","repository_url":"https://github.com/sanjeevraj-belsterns/demo-repository","repo_roken":"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","host":"github","workspace_id":37,"updatedById":1,"createdById":1,"organization_name":null,"webhook":null},"user":{"createdAt":"2025-02-03T07:06:39.365Z","updatedAt":"2025-02-14T18:38:37.252Z","systemSettings":{"themeId":1},"id":1,"nickname":"Super Admin","username":"johndoe","email":"admin@nocobase.com","phone":null,"passwordChangeTz":null,"appLang":null,"user_ids":null,"createdById":null},"roleName":"root"},"status":-2,"workflowId":26},"message":"execution (132) finished with status: -2","timestamp":"2025-02-14 18:48:59"}
