{"level":"info","message":"new event triggered, now events: 1","timestamp":"2025-02-14 18:20:29"}
{"level":"info","message":"preparing execution for event","timestamp":"2025-02-14 18:20:29"}
{"level":"info","message":"execution of workflow 24 created as 126","timestamp":"2025-02-14 18:20:29"}
{"level":"info","message":"pending execution (126) ready to process","timestamp":"2025-02-14 18:20:29"}
{"level":"info","message":"queueing execution (126) from pending list updated to started","timestamp":"2025-02-14 18:20:29"}
{"level":"info","message":"execution (126) starting...","timestamp":"2025-02-14 18:20:29"}
{"level":"info","message":"execution (126) run instruction [request] for node (158)","timestamp":"2025-02-14 18:20:29"}
{"level":"info","message":"request (#158) sent to \"http://192.168.255.34:3000/api/repo/validate\", waiting for response...","timestamp":"2025-02-14 18:20:30"}
{"level":"info","message":"execution (126) exiting with status 0","timestamp":"2025-02-14 18:20:30"}
{"level":"info","execution":{"id":126,"context":{"data":{"createdAt":"2025-02-14T18:20:28.636Z","updatedAt":"2025-02-14T18:20:28.720Z","is_initialized":"false","id":39,"host_domain":null,"repo_name":"demo-repo","repository_url":"https://github.com/sanjeevraj-belsterns/demo-repository","repo_roken":"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","host":"github","workspace_id":37,"updatedById":1,"createdById":1,"organization_name":null,"webhook":null},"user":{"createdAt":"2025-02-03T07:06:39.365Z","updatedAt":"2025-02-14T17:09:41.631Z","systemSettings":{"themeId":1},"id":1,"nickname":"Super Admin","username":"johndoe","email":"admin@nocobase.com","phone":null,"passwordChangeTz":null,"appLang":null,"user_ids":null,"createdById":null},"roleName":"root"},"key":"lqjyhsrhjum","eventKey":"b14f1e7b-1987-4f6d-9c1f-dcfdfc4ea02e","status":0,"workflowId":24,"updatedAt":"2025-02-14T18:20:29.484Z","createdAt":"2025-02-14T18:20:29.239Z"},"message":"execution (126) finished with status: 0","timestamp":"2025-02-14 18:20:30"}
{"level":"info","message":"request (#158) failed with response, status: 500","timestamp":"2025-02-14 18:20:33"}
{"level":"info","message":"execution (126) resuming from job (312) added to pending list","timestamp":"2025-02-14 18:20:33"}
{"level":"info","message":"pending execution (126) ready to process","timestamp":"2025-02-14 18:20:33"}
{"level":"info","message":"execution (126) resuming...","timestamp":"2025-02-14 18:20:33"}
{"level":"info","message":"execution (126) run instruction [request] for node (158)","timestamp":"2025-02-14 18:20:33"}
{"level":"info","message":"execution (126) run instruction [request] for node (158) finished as status: -1","timestamp":"2025-02-14 18:20:33"}
{"level":"info","message":"execution (126) exiting with status -1","timestamp":"2025-02-14 18:20:33"}
{"level":"info","execution":{"id":126,"context":{"data":{"createdAt":"2025-02-14T18:20:28.636Z","updatedAt":"2025-02-14T18:20:28.720Z","is_initialized":"false","id":39,"host_domain":null,"repo_name":"demo-repo","repository_url":"https://github.com/sanjeevraj-belsterns/demo-repository","repo_roken":"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","host":"github","workspace_id":37,"updatedById":1,"createdById":1,"organization_name":null,"webhook":null},"user":{"createdAt":"2025-02-03T07:06:39.365Z","updatedAt":"2025-02-14T17:09:41.631Z","systemSettings":{"themeId":1},"id":1,"nickname":"Super Admin","username":"johndoe","email":"admin@nocobase.com","phone":null,"passwordChangeTz":null,"appLang":null,"user_ids":null,"createdById":null},"roleName":"root"},"key":"lqjyhsrhjum","eventKey":"b14f1e7b-1987-4f6d-9c1f-dcfdfc4ea02e","status":-1,"workflowId":24,"updatedAt":"2025-02-14T18:20:33.614Z","createdAt":"2025-02-14T18:20:29.239Z"},"message":"execution (126) finished with status: -1","timestamp":"2025-02-14 18:20:33"}
{"level":"info","message":"new event triggered, now events: 1","timestamp":"2025-02-14 18:30:25"}
{"level":"info","message":"preparing execution for event","timestamp":"2025-02-14 18:30:25"}
{"level":"info","message":"execution of workflow 24 created as 128","timestamp":"2025-02-14 18:30:25"}
{"level":"info","message":"pending execution (128) ready to process","timestamp":"2025-02-14 18:30:25"}
{"level":"info","message":"queueing execution (128) from pending list updated to started","timestamp":"2025-02-14 18:30:25"}
{"level":"info","message":"execution (128) starting...","timestamp":"2025-02-14 18:30:25"}
{"level":"info","message":"execution (128) run instruction [request] for node (158)","timestamp":"2025-02-14 18:30:26"}
{"level":"info","message":"request (#158) sent to \"http://192.168.255.34:3000/api/repo/validate\", waiting for response...","timestamp":"2025-02-14 18:30:26"}
{"level":"info","message":"execution (128) exiting with status 0","timestamp":"2025-02-14 18:30:26"}
{"level":"info","execution":{"id":128,"context":{"data":{"createdAt":"2025-02-14T18:30:24.970Z","updatedAt":"2025-02-14T18:30:25.313Z","is_initialized":"false","id":40,"host_domain":null,"repo_name":"demo-repo","repository_url":"https://github.com/sanjeevraj-belsterns/demo-repository","repo_roken":"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","host":"github","workspace_id":37,"updatedById":1,"createdById":1,"organization_name":null,"webhook":null},"user":{"createdAt":"2025-02-03T07:06:39.365Z","updatedAt":"2025-02-14T17:09:41.631Z","systemSettings":{"themeId":1},"id":1,"nickname":"Super Admin","username":"johndoe","email":"admin@nocobase.com","phone":null,"passwordChangeTz":null,"appLang":null,"user_ids":null,"createdById":null},"roleName":"root"},"key":"lqjyhsrhjum","eventKey":"42133837-916d-4494-994e-b564c8958467","status":0,"workflowId":24,"updatedAt":"2025-02-14T18:30:25.736Z","createdAt":"2025-02-14T18:30:25.589Z"},"message":"execution (128) finished with status: 0","timestamp":"2025-02-14 18:30:26"}
{"level":"info","message":"request (#158) response success, status: 200","timestamp":"2025-02-14 18:30:31"}
{"level":"info","message":"execution (128) resuming from job (314) added to pending list","timestamp":"2025-02-14 18:30:31"}
{"level":"info","message":"pending execution (128) ready to process","timestamp":"2025-02-14 18:30:31"}
{"level":"info","message":"execution (128) resuming...","timestamp":"2025-02-14 18:30:31"}
{"level":"info","message":"execution (128) run instruction [request] for node (158)","timestamp":"2025-02-14 18:30:31"}
{"level":"info","message":"execution (128) run instruction [request] for node (158) finished as status: 1","timestamp":"2025-02-14 18:30:31"}
{"level":"info","message":"execution (128) run instruction [condition] for node (159)","timestamp":"2025-02-14 18:30:31"}
{"level":"info","message":"execution (128) run instruction [notification] for node (161)","timestamp":"2025-02-14 18:30:31"}
{"level":"info","message":"notification (#161) sent, waiting for response...","timestamp":"2025-02-14 18:30:31"}
{"level":"info","message":"execution (128) exiting with status 0","timestamp":"2025-02-14 18:30:31"}
{"level":"info","message":"execution (128) exiting with status 0","timestamp":"2025-02-14 18:30:31"}
{"level":"info","message":"execution (128) exiting with status 0","timestamp":"2025-02-14 18:30:31"}
{"level":"info","execution":{"id":128,"context":{"data":{"createdAt":"2025-02-14T18:30:24.970Z","updatedAt":"2025-02-14T18:30:25.313Z","is_initialized":"false","id":40,"host_domain":null,"repo_name":"demo-repo","repository_url":"https://github.com/sanjeevraj-belsterns/demo-repository","repo_roken":"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","host":"github","workspace_id":37,"updatedById":1,"createdById":1,"organization_name":null,"webhook":null},"user":{"createdAt":"2025-02-03T07:06:39.365Z","updatedAt":"2025-02-14T17:09:41.631Z","systemSettings":{"themeId":1},"id":1,"nickname":"Super Admin","username":"johndoe","email":"admin@nocobase.com","phone":null,"passwordChangeTz":null,"appLang":null,"user_ids":null,"createdById":null},"roleName":"root"},"key":"lqjyhsrhjum","eventKey":"42133837-916d-4494-994e-b564c8958467","status":0,"workflowId":24,"updatedAt":"2025-02-14T18:30:25.736Z","createdAt":"2025-02-14T18:30:25.589Z"},"message":"execution (128) finished with status: 0","timestamp":"2025-02-14 18:30:31"}
{"level":"info","message":"notification (#161) sent successfully.","timestamp":"2025-02-14 18:30:31"}
{"level":"info","message":"execution (128) resuming from job (316) added to pending list","timestamp":"2025-02-14 18:30:31"}
{"level":"info","message":"pending execution (128) ready to process","timestamp":"2025-02-14 18:30:31"}
{"level":"info","message":"execution (128) resuming...","timestamp":"2025-02-14 18:30:31"}
{"level":"info","message":"execution (128) run instruction [notification] for node (161)","timestamp":"2025-02-14 18:30:31"}
{"level":"info","message":"execution (128) run instruction [notification] for node (161) finished as status: 1","timestamp":"2025-02-14 18:30:31"}
{"level":"info","message":"execution (128) run instruction [request] for node (160)","timestamp":"2025-02-14 18:30:31"}
{"level":"info","message":"request (#160) sent to \"http://192.168.255.34:3000/api/repo\", waiting for response...","timestamp":"2025-02-14 18:30:32"}
{"level":"info","message":"execution (128) exiting with status 0","timestamp":"2025-02-14 18:30:32"}
{"level":"info","execution":{"id":128,"createdAt":"2025-02-14T18:30:25.589Z","updatedAt":"2025-02-14T18:30:25.736Z","key":"lqjyhsrhjum","eventKey":"42133837-916d-4494-994e-b564c8958467","context":{"data":{"createdAt":"2025-02-14T18:30:24.970Z","updatedAt":"2025-02-14T18:30:25.313Z","is_initialized":"false","id":40,"host_domain":null,"repo_name":"demo-repo","repository_url":"https://github.com/sanjeevraj-belsterns/demo-repository","repo_roken":"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","host":"github","workspace_id":37,"updatedById":1,"createdById":1,"organization_name":null,"webhook":null},"user":{"createdAt":"2025-02-03T07:06:39.365Z","updatedAt":"2025-02-14T17:09:41.631Z","systemSettings":{"themeId":1},"id":1,"nickname":"Super Admin","username":"johndoe","email":"admin@nocobase.com","phone":null,"passwordChangeTz":null,"appLang":null,"user_ids":null,"createdById":null},"roleName":"root"},"status":0,"workflowId":24},"message":"execution (128) finished with status: 0","timestamp":"2025-02-14 18:30:32"}
{"level":"info","message":"request (#160) response success, status: 200","timestamp":"2025-02-14 18:30:33"}
{"level":"info","message":"execution (128) resuming from job (317) added to pending list","timestamp":"2025-02-14 18:30:33"}
{"level":"info","message":"pending execution (128) ready to process","timestamp":"2025-02-14 18:30:33"}
{"level":"info","message":"execution (128) resuming...","timestamp":"2025-02-14 18:30:33"}
{"level":"info","message":"execution (128) run instruction [request] for node (160)","timestamp":"2025-02-14 18:30:33"}
{"level":"info","message":"execution (128) run instruction [request] for node (160) finished as status: 1","timestamp":"2025-02-14 18:30:33"}
{"level":"info","message":"execution (128) run instruction [condition] for node (162)","timestamp":"2025-02-14 18:30:33"}
{"level":"info","message":"execution (128) run instruction [sql] for node (168)","timestamp":"2025-02-14 18:30:33"}
{"level":"error","name":"SequelizeDatabaseError","parent":{"length":90,"name":"error","severity":"ERROR","code":"42601","position":"40","file":"scan.l","line":"1244","routine":"scanner_yyerror","sql":"UPDATE repositories\nSET \n    webhook = , \n    is_initialized = \nWHERE id = 40;"},"original":{"length":90,"name":"error","severity":"ERROR","code":"42601","position":"40","file":"scan.l","line":"1244","routine":"scanner_yyerror","sql":"UPDATE repositories\nSET \n    webhook = , \n    is_initialized = \nWHERE id = 40;"},"sql":"UPDATE repositories\nSET \n    webhook = , \n    is_initialized = \nWHERE id = 40;","parameters":{},"message":"execution (128) run instruction [sql] for node (168) failed:  syntax error at or near \",\"","stack":"Error\n    at Query.run (/app/nocobase/node_modules/sequelize/lib/dialects/postgres/query.js:50:25)\n    at /app/nocobase/node_modules/sequelize/lib/sequelize.js:315:28\n    at process.processTicksAndRejections (node:internal/process/task_queues:95:5)\n    at async SQLInstruction_default.run (/app/nocobase/node_modules/@nocobase/plugin-workflow-sql/dist/server/SQLInstruction.js:47:42)\n    at async Processor.exec (/app/nocobase/node_modules/@nocobase/plugin-workflow/dist/server/Processor.js:160:13)\n    at async ConditionInstruction.run (/app/nocobase/node_modules/@nocobase/plugin-workflow/dist/server/instructions/ConditionInstruction.js:77:5)\n    at async Processor.exec (/app/nocobase/node_modules/@nocobase/plugin-workflow/dist/server/Processor.js:160:13)\n    at async Processor.resume (/app/nocobase/node_modules/@nocobase/plugin-workflow/dist/server/Processor.js:153:5)\n    at async PluginWorkflowServer.process (/app/nocobase/node_modules/@nocobase/plugin-workflow/dist/server/Plugin.js:551:7)\n    at async /app/nocobase/node_modules/@nocobase/plugin-workflow/dist/server/Plugin.js:528:9","timestamp":"2025-02-14 18:30:33"}
{"level":"info","message":"execution (128) run instruction [sql] for node (168) finished as status: -2","timestamp":"2025-02-14 18:30:33"}
{"level":"info","message":"execution (128) run instruction [condition] for node (162)","timestamp":"2025-02-14 18:30:33"}
{"level":"info","message":"execution (128) exiting with status -2","timestamp":"2025-02-14 18:30:33"}
{"level":"info","message":"execution (128) exiting with status -2","timestamp":"2025-02-14 18:30:33"}
{"level":"info","message":"execution (128) exiting with status -2","timestamp":"2025-02-14 18:30:33"}
{"level":"info","execution":{"id":128,"createdAt":"2025-02-14T18:30:25.589Z","updatedAt":"2025-02-14T18:30:33.941Z","key":"lqjyhsrhjum","eventKey":"42133837-916d-4494-994e-b564c8958467","context":{"data":{"createdAt":"2025-02-14T18:30:24.970Z","updatedAt":"2025-02-14T18:30:25.313Z","is_initialized":"false","id":40,"host_domain":null,"repo_name":"demo-repo","repository_url":"https://github.com/sanjeevraj-belsterns/demo-repository","repo_roken":"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","host":"github","workspace_id":37,"updatedById":1,"createdById":1,"organization_name":null,"webhook":null},"user":{"createdAt":"2025-02-03T07:06:39.365Z","updatedAt":"2025-02-14T17:09:41.631Z","systemSettings":{"themeId":1},"id":1,"nickname":"Super Admin","username":"johndoe","email":"admin@nocobase.com","phone":null,"passwordChangeTz":null,"appLang":null,"user_ids":null,"createdById":null},"roleName":"root"},"status":-2,"workflowId":24},"message":"execution (128) finished with status: -2","timestamp":"2025-02-14 18:30:33"}
