{"level":"info","message":"new event triggered, now events: 1","timestamp":"2025-02-15 11:38:12"}
{"level":"info","message":"preparing execution for event","timestamp":"2025-02-15 11:38:12"}
{"level":"info","message":"execution of workflow 34 created as 152","timestamp":"2025-02-15 11:38:14"}
{"level":"info","message":"execution (152) fetched from db","timestamp":"2025-02-15 11:38:14"}
{"level":"info","message":"execution (152) starting...","timestamp":"2025-02-15 11:38:14"}
{"level":"info","message":"execution (152) run instruction [request] for node (249)","timestamp":"2025-02-15 11:38:14"}
{"level":"info","message":"request (#249) sent to \"http://192.168.255.34:3000/api/repo/validate\", waiting for response...","timestamp":"2025-02-15 11:38:14"}
{"level":"info","message":"execution (152) exiting with status 0","timestamp":"2025-02-15 11:38:14"}
{"level":"info","execution":{"id":152,"createdAt":"2025-02-15T11:38:13.204Z","updatedAt":"2025-02-15T11:38:14.447Z","key":"3pwrk7xtkfq","eventKey":"d8d56dde-ad1e-4855-ab9c-10b3342cf7a5","context":{"data":{"createdAt":"2025-02-15T11:38:11.580Z","updatedAt":"2025-02-15T11:38:11.893Z","is_initialized":"false","id":50,"host_domain":null,"repo_name":"demo-repo","repository_url":"https://github.com/sanjeevraj-belsterns/demo-repository","repo_roken":"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","host":"github","workspace_id":37,"updatedById":1,"createdById":1,"organization_name":null,"webhook":null,"branch":null},"user":{"createdAt":"2025-02-03T07:06:39.365Z","updatedAt":"2025-02-15T04:35:27.484Z","systemSettings":{"themeId":2},"id":1,"nickname":"Super Admin","username":"johndoe","email":"admin@nocobase.com","phone":null,"passwordChangeTz":null,"appLang":null,"user_ids":null,"createdById":null},"roleName":"root"},"status":0,"workflowId":34},"message":"execution (152) finished with status: 0","timestamp":"2025-02-15 11:38:14"}
{"level":"info","message":"request (#249) response success, status: 200","timestamp":"2025-02-15 11:38:16"}
{"level":"info","message":"execution (152) resuming from job (419) added to pending list","timestamp":"2025-02-15 11:38:16"}
{"level":"info","message":"pending execution (152) ready to process","timestamp":"2025-02-15 11:38:16"}
{"level":"info","message":"execution (152) resuming...","timestamp":"2025-02-15 11:38:16"}
{"level":"info","message":"execution (152) run instruction [request] for node (249)","timestamp":"2025-02-15 11:38:16"}
{"level":"info","message":"execution (152) run instruction [request] for node (249) finished as status: 1","timestamp":"2025-02-15 11:38:16"}
{"level":"info","message":"execution (152) run instruction [condition] for node (250)","timestamp":"2025-02-15 11:38:16"}
{"level":"info","message":"execution (152) run instruction [notification] for node (252)","timestamp":"2025-02-15 11:38:16"}
{"level":"info","message":"notification (#252) sent, waiting for response...","timestamp":"2025-02-15 11:38:17"}
{"level":"info","message":"execution (152) exiting with status 0","timestamp":"2025-02-15 11:38:17"}
{"level":"info","message":"execution (152) exiting with status 0","timestamp":"2025-02-15 11:38:17"}
{"level":"info","message":"execution (152) exiting with status 0","timestamp":"2025-02-15 11:38:17"}
{"level":"info","execution":{"id":152,"createdAt":"2025-02-15T11:38:13.204Z","updatedAt":"2025-02-15T11:38:14.447Z","key":"3pwrk7xtkfq","eventKey":"d8d56dde-ad1e-4855-ab9c-10b3342cf7a5","context":{"data":{"createdAt":"2025-02-15T11:38:11.580Z","updatedAt":"2025-02-15T11:38:11.893Z","is_initialized":"false","id":50,"host_domain":null,"repo_name":"demo-repo","repository_url":"https://github.com/sanjeevraj-belsterns/demo-repository","repo_roken":"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","host":"github","workspace_id":37,"updatedById":1,"createdById":1,"organization_name":null,"webhook":null,"branch":null},"user":{"createdAt":"2025-02-03T07:06:39.365Z","updatedAt":"2025-02-15T04:35:27.484Z","systemSettings":{"themeId":2},"id":1,"nickname":"Super Admin","username":"johndoe","email":"admin@nocobase.com","phone":null,"passwordChangeTz":null,"appLang":null,"user_ids":null,"createdById":null},"roleName":"root"},"status":0,"workflowId":34},"message":"execution (152) finished with status: 0","timestamp":"2025-02-15 11:38:17"}
{"level":"info","message":"notification (#252) sent successfully.","timestamp":"2025-02-15 11:38:17"}
{"level":"info","message":"execution (152) resuming from job (421) added to pending list","timestamp":"2025-02-15 11:38:17"}
{"level":"info","message":"pending execution (152) ready to process","timestamp":"2025-02-15 11:38:17"}
{"level":"info","message":"execution (152) resuming...","timestamp":"2025-02-15 11:38:17"}
{"level":"info","message":"execution (152) run instruction [notification] for node (252)","timestamp":"2025-02-15 11:38:17"}
{"level":"info","message":"execution (152) run instruction [notification] for node (252) finished as status: 1","timestamp":"2025-02-15 11:38:17"}
{"level":"info","message":"execution (152) run instruction [request] for node (251)","timestamp":"2025-02-15 11:38:17"}
{"level":"info","message":"request (#251) sent to \"http://192.168.255.34:3000/api/repo\", waiting for response...","timestamp":"2025-02-15 11:38:17"}
{"level":"info","message":"execution (152) exiting with status 0","timestamp":"2025-02-15 11:38:17"}
{"level":"info","execution":{"id":152,"createdAt":"2025-02-15T11:38:13.204Z","updatedAt":"2025-02-15T11:38:14.447Z","key":"3pwrk7xtkfq","eventKey":"d8d56dde-ad1e-4855-ab9c-10b3342cf7a5","context":{"data":{"createdAt":"2025-02-15T11:38:11.580Z","updatedAt":"2025-02-15T11:38:11.893Z","is_initialized":"false","id":50,"host_domain":null,"repo_name":"demo-repo","repository_url":"https://github.com/sanjeevraj-belsterns/demo-repository","repo_roken":"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","host":"github","workspace_id":37,"updatedById":1,"createdById":1,"organization_name":null,"webhook":null,"branch":null},"user":{"createdAt":"2025-02-03T07:06:39.365Z","updatedAt":"2025-02-15T04:35:27.484Z","systemSettings":{"themeId":2},"id":1,"nickname":"Super Admin","username":"johndoe","email":"admin@nocobase.com","phone":null,"passwordChangeTz":null,"appLang":null,"user_ids":null,"createdById":null},"roleName":"root"},"status":0,"workflowId":34},"message":"execution (152) finished with status: 0","timestamp":"2025-02-15 11:38:17"}
{"level":"info","message":"request (#251) response success, status: 200","timestamp":"2025-02-15 11:38:18"}
{"level":"info","message":"execution (152) resuming from job (422) added to pending list","timestamp":"2025-02-15 11:38:18"}
{"level":"info","message":"pending execution (152) ready to process","timestamp":"2025-02-15 11:38:18"}
{"level":"info","message":"execution (152) resuming...","timestamp":"2025-02-15 11:38:18"}
{"level":"info","message":"execution (152) run instruction [request] for node (251)","timestamp":"2025-02-15 11:38:18"}
{"level":"info","message":"execution (152) run instruction [request] for node (251) finished as status: 1","timestamp":"2025-02-15 11:38:18"}
{"level":"info","message":"execution (152) run instruction [condition] for node (253)","timestamp":"2025-02-15 11:38:18"}
{"level":"info","message":"execution (152) run instruction [update] for node (258)","timestamp":"2025-02-15 11:38:18"}
{"level":"error","name":"SequelizeValidationError","errors":[{"message":"webhook cannot be an array or an object","type":"string violation","path":"webhook","value":{"webhook_url":" https://a1ab-103-130-204-185.ngrok-free.app/api/webhook/1a0dbeb8-d3da-48b9-887c-99944b71c74a"},"origin":"CORE","instance":{"updatedAt":"2025-02-15T11:38:18.912Z","is_initialized":"false","id":null,"webhook":{"webhook_url":" https://a1ab-103-130-204-185.ngrok-free.app/api/webhook/1a0dbeb8-d3da-48b9-887c-99944b71c74a"}},"validatorKey":"not_a_string","validatorName":null,"validatorArgs":[]}],"message":"execution (152) run instruction [update] for node (258) failed:  string violation: webhook cannot be an array or an object","stack":"SequelizeValidationError: string violation: webhook cannot be an array or an object\n    at InstanceValidator._validate (/app/nocobase/node_modules/sequelize/lib/instance-validator.js:50:13)\n    at process.processTicksAndRejections (node:internal/process/task_queues:95:5)\n    at async InstanceValidator._validateAndRunHooks (/app/nocobase/node_modules/sequelize/lib/instance-validator.js:60:7)\n    at async InstanceValidator.validate (/app/nocobase/node_modules/sequelize/lib/instance-validator.js:54:12)\n    at async repositories.update (/app/nocobase/node_modules/sequelize/lib/model.js:1933:26)\n    at async _Repository.update (/app/nocobase/node_modules/@nocobase/database/lib/repository.js:402:24)\n    at async descriptor.value (/app/nocobase/node_modules/@nocobase/database/lib/decorators/transaction-decorator.js:84:29)\n    at async UpdateInstruction.run (/app/nocobase/node_modules/@nocobase/plugin-workflow/dist/server/instructions/UpdateInstruction.js:42:20)\n    at async Processor.exec (/app/nocobase/node_modules/@nocobase/plugin-workflow/dist/server/Processor.js:160:13)\n    at async ConditionInstruction.run (/app/nocobase/node_modules/@nocobase/plugin-workflow/dist/server/instructions/ConditionInstruction.js:77:5)","timestamp":"2025-02-15 11:38:18"}
{"level":"info","message":"execution (152) run instruction [update] for node (258) finished as status: -2","timestamp":"2025-02-15 11:38:18"}
{"level":"info","message":"execution (152) run instruction [condition] for node (253)","timestamp":"2025-02-15 11:38:18"}
{"level":"info","message":"execution (152) exiting with status -2","timestamp":"2025-02-15 11:38:19"}
{"level":"info","message":"execution (152) exiting with status -2","timestamp":"2025-02-15 11:38:19"}
{"level":"info","message":"execution (152) exiting with status -2","timestamp":"2025-02-15 11:38:19"}
{"level":"info","execution":{"id":152,"createdAt":"2025-02-15T11:38:13.204Z","updatedAt":"2025-02-15T11:38:19.000Z","key":"3pwrk7xtkfq","eventKey":"d8d56dde-ad1e-4855-ab9c-10b3342cf7a5","context":{"data":{"createdAt":"2025-02-15T11:38:11.580Z","updatedAt":"2025-02-15T11:38:11.893Z","is_initialized":"false","id":50,"host_domain":null,"repo_name":"demo-repo","repository_url":"https://github.com/sanjeevraj-belsterns/demo-repository","repo_roken":"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","host":"github","workspace_id":37,"updatedById":1,"createdById":1,"organization_name":null,"webhook":null,"branch":null},"user":{"createdAt":"2025-02-03T07:06:39.365Z","updatedAt":"2025-02-15T04:35:27.484Z","systemSettings":{"themeId":2},"id":1,"nickname":"Super Admin","username":"johndoe","email":"admin@nocobase.com","phone":null,"passwordChangeTz":null,"appLang":null,"user_ids":null,"createdById":null},"roleName":"root"},"status":-2,"workflowId":34},"message":"execution (152) finished with status: -2","timestamp":"2025-02-15 11:38:19"}
{"level":"info","message":"new event triggered, now events: 1","timestamp":"2025-02-15 11:55:34"}
{"level":"info","message":"preparing execution for event","timestamp":"2025-02-15 11:55:35"}
{"level":"info","message":"execution of workflow 34 created as 154","timestamp":"2025-02-15 11:55:35"}
{"level":"info","message":"pending execution (154) ready to process","timestamp":"2025-02-15 11:55:35"}
{"level":"info","message":"queueing execution (154) from pending list updated to started","timestamp":"2025-02-15 11:55:35"}
{"level":"info","message":"execution (154) starting...","timestamp":"2025-02-15 11:55:35"}
{"level":"info","message":"execution (154) run instruction [request] for node (249)","timestamp":"2025-02-15 11:55:36"}
{"level":"info","message":"request (#249) sent to \"http://192.168.255.34:3000/api/repo/validate\", waiting for response...","timestamp":"2025-02-15 11:55:37"}
{"level":"info","message":"execution (154) exiting with status 0","timestamp":"2025-02-15 11:55:37"}
{"level":"info","execution":{"id":154,"context":{"data":{"createdAt":"2025-02-15T11:55:33.926Z","updatedAt":"2025-02-15T11:55:34.552Z","is_initialized":"false","id":51,"host_domain":null,"repo_name":"demo-repo","repository_url":"https://github.com/sanjeevraj-belsterns/demo-repository","repo_roken":"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","host":"github","workspace_id":37,"updatedById":1,"createdById":1,"organization_name":null,"webhook":null,"branch":null},"user":{"createdAt":"2025-02-03T07:06:39.365Z","updatedAt":"2025-02-15T11:39:00.967Z","systemSettings":{"themeId":1},"id":1,"nickname":"Super Admin","username":"johndoe","email":"admin@nocobase.com","phone":null,"passwordChangeTz":null,"appLang":null,"user_ids":null,"createdById":null},"roleName":"root"},"key":"3pwrk7xtkfq","eventKey":"d96d57a6-9792-4c66-92d1-40a4c9317a27","status":0,"workflowId":34,"updatedAt":"2025-02-15T11:55:35.483Z","createdAt":"2025-02-15T11:55:35.174Z"},"message":"execution (154) finished with status: 0","timestamp":"2025-02-15 11:55:37"}
{"level":"info","message":"request (#249) response success, status: 200","timestamp":"2025-02-15 11:55:48"}
{"level":"info","message":"execution (154) resuming from job (428) added to pending list","timestamp":"2025-02-15 11:55:48"}
{"level":"info","message":"pending execution (154) ready to process","timestamp":"2025-02-15 11:55:48"}
{"level":"info","message":"execution (154) resuming...","timestamp":"2025-02-15 11:55:48"}
{"level":"info","message":"execution (154) run instruction [request] for node (249)","timestamp":"2025-02-15 11:55:49"}
{"level":"info","message":"execution (154) run instruction [request] for node (249) finished as status: 1","timestamp":"2025-02-15 11:55:49"}
{"level":"info","message":"execution (154) run instruction [condition] for node (250)","timestamp":"2025-02-15 11:55:49"}
{"level":"info","message":"execution (154) run instruction [notification] for node (252)","timestamp":"2025-02-15 11:55:49"}
{"level":"info","message":"notification (#252) sent, waiting for response...","timestamp":"2025-02-15 11:55:49"}
{"level":"info","message":"execution (154) exiting with status 0","timestamp":"2025-02-15 11:55:49"}
{"level":"info","message":"execution (154) exiting with status 0","timestamp":"2025-02-15 11:55:49"}
{"level":"info","message":"execution (154) exiting with status 0","timestamp":"2025-02-15 11:55:49"}
{"level":"info","execution":{"id":154,"context":{"data":{"createdAt":"2025-02-15T11:55:33.926Z","updatedAt":"2025-02-15T11:55:34.552Z","is_initialized":"false","id":51,"host_domain":null,"repo_name":"demo-repo","repository_url":"https://github.com/sanjeevraj-belsterns/demo-repository","repo_roken":"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","host":"github","workspace_id":37,"updatedById":1,"createdById":1,"organization_name":null,"webhook":null,"branch":null},"user":{"createdAt":"2025-02-03T07:06:39.365Z","updatedAt":"2025-02-15T11:39:00.967Z","systemSettings":{"themeId":1},"id":1,"nickname":"Super Admin","username":"johndoe","email":"admin@nocobase.com","phone":null,"passwordChangeTz":null,"appLang":null,"user_ids":null,"createdById":null},"roleName":"root"},"key":"3pwrk7xtkfq","eventKey":"d96d57a6-9792-4c66-92d1-40a4c9317a27","status":0,"workflowId":34,"updatedAt":"2025-02-15T11:55:35.483Z","createdAt":"2025-02-15T11:55:35.174Z"},"message":"execution (154) finished with status: 0","timestamp":"2025-02-15 11:55:49"}
{"level":"info","message":"notification (#252) sent successfully.","timestamp":"2025-02-15 11:55:50"}
{"level":"info","message":"execution (154) resuming from job (430) added to pending list","timestamp":"2025-02-15 11:55:50"}
{"level":"info","message":"pending execution (154) ready to process","timestamp":"2025-02-15 11:55:50"}
{"level":"info","message":"execution (154) resuming...","timestamp":"2025-02-15 11:55:50"}
{"level":"info","message":"execution (154) run instruction [notification] for node (252)","timestamp":"2025-02-15 11:55:50"}
{"level":"info","message":"execution (154) run instruction [notification] for node (252) finished as status: 1","timestamp":"2025-02-15 11:55:50"}
{"level":"info","message":"execution (154) run instruction [request] for node (251)","timestamp":"2025-02-15 11:55:50"}
{"level":"info","message":"request (#251) sent to \"http://192.168.255.34:3000/api/repo\", waiting for response...","timestamp":"2025-02-15 11:55:50"}
{"level":"info","message":"execution (154) exiting with status 0","timestamp":"2025-02-15 11:55:50"}
{"level":"info","execution":{"id":154,"createdAt":"2025-02-15T11:55:35.174Z","updatedAt":"2025-02-15T11:55:35.483Z","key":"3pwrk7xtkfq","eventKey":"d96d57a6-9792-4c66-92d1-40a4c9317a27","context":{"data":{"createdAt":"2025-02-15T11:55:33.926Z","updatedAt":"2025-02-15T11:55:34.552Z","is_initialized":"false","id":51,"host_domain":null,"repo_name":"demo-repo","repository_url":"https://github.com/sanjeevraj-belsterns/demo-repository","repo_roken":"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","host":"github","workspace_id":37,"updatedById":1,"createdById":1,"organization_name":null,"webhook":null,"branch":null},"user":{"createdAt":"2025-02-03T07:06:39.365Z","updatedAt":"2025-02-15T11:39:00.967Z","systemSettings":{"themeId":1},"id":1,"nickname":"Super Admin","username":"johndoe","email":"admin@nocobase.com","phone":null,"passwordChangeTz":null,"appLang":null,"user_ids":null,"createdById":null},"roleName":"root"},"status":0,"workflowId":34},"message":"execution (154) finished with status: 0","timestamp":"2025-02-15 11:55:50"}
{"level":"info","message":"request (#251) response success, status: 200","timestamp":"2025-02-15 11:55:52"}
{"level":"info","message":"execution (154) resuming from job (431) added to pending list","timestamp":"2025-02-15 11:55:52"}
{"level":"info","message":"pending execution (154) ready to process","timestamp":"2025-02-15 11:55:52"}
{"level":"info","message":"execution (154) resuming...","timestamp":"2025-02-15 11:55:52"}
{"level":"info","message":"execution (154) run instruction [request] for node (251)","timestamp":"2025-02-15 11:55:52"}
{"level":"info","message":"execution (154) run instruction [request] for node (251) finished as status: 1","timestamp":"2025-02-15 11:55:52"}
{"level":"info","message":"execution (154) run instruction [condition] for node (253)","timestamp":"2025-02-15 11:55:52"}
{"level":"info","message":"execution (154) run instruction [update] for node (258)","timestamp":"2025-02-15 11:55:52"}
{"level":"info","message":"execution (154) run instruction [update] for node (258) finished as status: 1","timestamp":"2025-02-15 11:55:52"}
{"level":"info","message":"execution (154) run instruction [notification] for node (254)","timestamp":"2025-02-15 11:55:52"}
{"level":"info","message":"notification (#254) sent, waiting for response...","timestamp":"2025-02-15 11:55:52"}
{"level":"info","message":"execution (154) exiting with status 0","timestamp":"2025-02-15 11:55:52"}
{"level":"info","message":"execution (154) exiting with status 0","timestamp":"2025-02-15 11:55:52"}
{"level":"info","message":"execution (154) exiting with status 0","timestamp":"2025-02-15 11:55:52"}
{"level":"info","execution":{"id":154,"createdAt":"2025-02-15T11:55:35.174Z","updatedAt":"2025-02-15T11:55:35.483Z","key":"3pwrk7xtkfq","eventKey":"d96d57a6-9792-4c66-92d1-40a4c9317a27","context":{"data":{"createdAt":"2025-02-15T11:55:33.926Z","updatedAt":"2025-02-15T11:55:34.552Z","is_initialized":"false","id":51,"host_domain":null,"repo_name":"demo-repo","repository_url":"https://github.com/sanjeevraj-belsterns/demo-repository","repo_roken":"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","host":"github","workspace_id":37,"updatedById":1,"createdById":1,"organization_name":null,"webhook":null,"branch":null},"user":{"createdAt":"2025-02-03T07:06:39.365Z","updatedAt":"2025-02-15T11:39:00.967Z","systemSettings":{"themeId":1},"id":1,"nickname":"Super Admin","username":"johndoe","email":"admin@nocobase.com","phone":null,"passwordChangeTz":null,"appLang":null,"user_ids":null,"createdById":null},"roleName":"root"},"status":0,"workflowId":34},"message":"execution (154) finished with status: 0","timestamp":"2025-02-15 11:55:52"}
{"level":"info","message":"notification (#254) sent successfully.","timestamp":"2025-02-15 11:55:53"}
{"level":"info","message":"execution (154) resuming from job (434) added to pending list","timestamp":"2025-02-15 11:55:53"}
{"level":"info","message":"pending execution (154) ready to process","timestamp":"2025-02-15 11:55:53"}
{"level":"info","message":"execution (154) resuming...","timestamp":"2025-02-15 11:55:53"}
{"level":"info","message":"execution (154) run instruction [notification] for node (254)","timestamp":"2025-02-15 11:55:53"}
{"level":"info","message":"execution (154) run instruction [notification] for node (254) finished as status: 1","timestamp":"2025-02-15 11:55:53"}
{"level":"info","message":"execution (154) run instruction [condition] for node (253)","timestamp":"2025-02-15 11:55:53"}
{"level":"info","message":"execution (154) run instruction [condition] for node (253) finished as status: 1","timestamp":"2025-02-15 11:55:53"}
{"level":"info","message":"execution (154) run instruction [condition] for node (250)","timestamp":"2025-02-15 11:55:53"}
{"level":"info","message":"execution (154) run instruction [condition] for node (250) finished as status: 1","timestamp":"2025-02-15 11:55:53"}
{"level":"info","message":"execution (154) exiting with status 1","timestamp":"2025-02-15 11:55:53"}
{"level":"info","execution":{"id":154,"createdAt":"2025-02-15T11:55:35.174Z","updatedAt":"2025-02-15T11:55:53.619Z","key":"3pwrk7xtkfq","eventKey":"d96d57a6-9792-4c66-92d1-40a4c9317a27","context":{"data":{"createdAt":"2025-02-15T11:55:33.926Z","updatedAt":"2025-02-15T11:55:34.552Z","is_initialized":"false","id":51,"host_domain":null,"repo_name":"demo-repo","repository_url":"https://github.com/sanjeevraj-belsterns/demo-repository","repo_roken":"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","host":"github","workspace_id":37,"updatedById":1,"createdById":1,"organization_name":null,"webhook":null,"branch":null},"user":{"createdAt":"2025-02-03T07:06:39.365Z","updatedAt":"2025-02-15T11:39:00.967Z","systemSettings":{"themeId":1},"id":1,"nickname":"Super Admin","username":"johndoe","email":"admin@nocobase.com","phone":null,"passwordChangeTz":null,"appLang":null,"user_ids":null,"createdById":null},"roleName":"root"},"status":1,"workflowId":34},"message":"execution (154) finished with status: 1","timestamp":"2025-02-15 11:55:53"}
{"level":"info","message":"new event triggered, now events: 1","timestamp":"2025-02-15 13:08:27"}
{"level":"info","message":"preparing execution for event","timestamp":"2025-02-15 13:08:27"}
{"level":"info","message":"execution of workflow 34 created as 166","timestamp":"2025-02-15 13:08:27"}
{"level":"info","message":"pending execution (166) ready to process","timestamp":"2025-02-15 13:08:27"}
{"level":"info","message":"queueing execution (166) from pending list updated to started","timestamp":"2025-02-15 13:08:27"}
{"level":"info","message":"execution (166) starting...","timestamp":"2025-02-15 13:08:27"}
{"level":"info","message":"execution (166) run instruction [request] for node (249)","timestamp":"2025-02-15 13:08:28"}
{"level":"info","message":"request (#249) sent to \"http://192.168.255.34:3000/api/repo/validate\", waiting for response...","timestamp":"2025-02-15 13:08:28"}
{"level":"info","message":"execution (166) exiting with status 0","timestamp":"2025-02-15 13:08:28"}
{"level":"info","execution":{"id":166,"context":{"data":{"createdAt":"2025-02-15T13:08:27.240Z","updatedAt":"2025-02-15T13:08:27.391Z","is_initialized":"false","id":52,"host_domain":null,"repo_name":"demo-repo","repository_url":"https://github.com/sanjeevraj-belsterns/demo-repository","repo_roken":"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","host":"github","workspace_id":37,"updatedById":1,"createdById":1,"organization_name":null,"webhook":null,"branch":null},"user":{"createdAt":"2025-02-03T07:06:39.365Z","updatedAt":"2025-02-15T11:39:00.967Z","systemSettings":{"themeId":1},"id":1,"nickname":"Super Admin","username":"johndoe","email":"admin@nocobase.com","phone":null,"passwordChangeTz":null,"appLang":null,"user_ids":null,"createdById":null},"roleName":"root"},"key":"3pwrk7xtkfq","eventKey":"0a9d43e3-f7dc-4e42-8bb8-a3376904e5a2","status":0,"workflowId":34,"updatedAt":"2025-02-15T13:08:27.750Z","createdAt":"2025-02-15T13:08:27.556Z"},"message":"execution (166) finished with status: 0","timestamp":"2025-02-15 13:08:28"}
{"level":"info","message":"request (#249) response success, status: 200","timestamp":"2025-02-15 13:08:32"}
{"level":"info","message":"execution (166) resuming from job (479) added to pending list","timestamp":"2025-02-15 13:08:32"}
{"level":"info","message":"pending execution (166) ready to process","timestamp":"2025-02-15 13:08:32"}
{"level":"info","message":"execution (166) resuming...","timestamp":"2025-02-15 13:08:32"}
{"level":"info","message":"execution (166) run instruction [request] for node (249)","timestamp":"2025-02-15 13:08:32"}
{"level":"info","message":"execution (166) run instruction [request] for node (249) finished as status: 1","timestamp":"2025-02-15 13:08:32"}
{"level":"info","message":"execution (166) run instruction [condition] for node (250)","timestamp":"2025-02-15 13:08:32"}
{"level":"info","message":"execution (166) run instruction [notification] for node (252)","timestamp":"2025-02-15 13:08:32"}
{"level":"info","message":"notification (#252) sent, waiting for response...","timestamp":"2025-02-15 13:08:33"}
{"level":"info","message":"execution (166) exiting with status 0","timestamp":"2025-02-15 13:08:33"}
{"level":"info","message":"execution (166) exiting with status 0","timestamp":"2025-02-15 13:08:33"}
{"level":"info","message":"execution (166) exiting with status 0","timestamp":"2025-02-15 13:08:33"}
{"level":"info","execution":{"id":166,"context":{"data":{"createdAt":"2025-02-15T13:08:27.240Z","updatedAt":"2025-02-15T13:08:27.391Z","is_initialized":"false","id":52,"host_domain":null,"repo_name":"demo-repo","repository_url":"https://github.com/sanjeevraj-belsterns/demo-repository","repo_roken":"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","host":"github","workspace_id":37,"updatedById":1,"createdById":1,"organization_name":null,"webhook":null,"branch":null},"user":{"createdAt":"2025-02-03T07:06:39.365Z","updatedAt":"2025-02-15T11:39:00.967Z","systemSettings":{"themeId":1},"id":1,"nickname":"Super Admin","username":"johndoe","email":"admin@nocobase.com","phone":null,"passwordChangeTz":null,"appLang":null,"user_ids":null,"createdById":null},"roleName":"root"},"key":"3pwrk7xtkfq","eventKey":"0a9d43e3-f7dc-4e42-8bb8-a3376904e5a2","status":0,"workflowId":34,"updatedAt":"2025-02-15T13:08:27.750Z","createdAt":"2025-02-15T13:08:27.556Z"},"message":"execution (166) finished with status: 0","timestamp":"2025-02-15 13:08:33"}
{"level":"info","message":"notification (#252) sent successfully.","timestamp":"2025-02-15 13:08:33"}
{"level":"info","message":"execution (166) resuming from job (481) added to pending list","timestamp":"2025-02-15 13:08:33"}
{"level":"info","message":"pending execution (166) ready to process","timestamp":"2025-02-15 13:08:33"}
{"level":"info","message":"execution (166) resuming...","timestamp":"2025-02-15 13:08:33"}
{"level":"info","message":"execution (166) run instruction [notification] for node (252)","timestamp":"2025-02-15 13:08:34"}
{"level":"info","message":"execution (166) run instruction [notification] for node (252) finished as status: 1","timestamp":"2025-02-15 13:08:34"}
{"level":"info","message":"execution (166) run instruction [request] for node (251)","timestamp":"2025-02-15 13:08:34"}
{"level":"info","message":"request (#251) sent to \"http://192.168.255.34:3000/api/repo\", waiting for response...","timestamp":"2025-02-15 13:08:34"}
{"level":"info","message":"execution (166) exiting with status 0","timestamp":"2025-02-15 13:08:34"}
{"level":"info","execution":{"id":166,"createdAt":"2025-02-15T13:08:27.556Z","updatedAt":"2025-02-15T13:08:27.750Z","key":"3pwrk7xtkfq","eventKey":"0a9d43e3-f7dc-4e42-8bb8-a3376904e5a2","context":{"data":{"createdAt":"2025-02-15T13:08:27.240Z","updatedAt":"2025-02-15T13:08:27.391Z","is_initialized":"false","id":52,"host_domain":null,"repo_name":"demo-repo","repository_url":"https://github.com/sanjeevraj-belsterns/demo-repository","repo_roken":"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","host":"github","workspace_id":37,"updatedById":1,"createdById":1,"organization_name":null,"webhook":null,"branch":null},"user":{"createdAt":"2025-02-03T07:06:39.365Z","updatedAt":"2025-02-15T11:39:00.967Z","systemSettings":{"themeId":1},"id":1,"nickname":"Super Admin","username":"johndoe","email":"admin@nocobase.com","phone":null,"passwordChangeTz":null,"appLang":null,"user_ids":null,"createdById":null},"roleName":"root"},"status":0,"workflowId":34},"message":"execution (166) finished with status: 0","timestamp":"2025-02-15 13:08:34"}
{"level":"info","message":"request (#251) response success, status: 200","timestamp":"2025-02-15 13:08:35"}
{"level":"info","message":"execution (166) resuming from job (482) added to pending list","timestamp":"2025-02-15 13:08:35"}
{"level":"info","message":"pending execution (166) ready to process","timestamp":"2025-02-15 13:08:35"}
{"level":"info","message":"execution (166) resuming...","timestamp":"2025-02-15 13:08:35"}
{"level":"info","message":"execution (166) run instruction [request] for node (251)","timestamp":"2025-02-15 13:08:35"}
{"level":"info","message":"execution (166) run instruction [request] for node (251) finished as status: 1","timestamp":"2025-02-15 13:08:35"}
{"level":"info","message":"execution (166) run instruction [condition] for node (253)","timestamp":"2025-02-15 13:08:35"}
{"level":"info","message":"execution (166) run instruction [update] for node (258)","timestamp":"2025-02-15 13:08:35"}
{"level":"info","message":"execution (166) run instruction [update] for node (258) finished as status: 1","timestamp":"2025-02-15 13:08:35"}
{"level":"info","message":"execution (166) run instruction [notification] for node (254)","timestamp":"2025-02-15 13:08:35"}
{"level":"info","message":"notification (#254) sent, waiting for response...","timestamp":"2025-02-15 13:08:35"}
{"level":"info","message":"execution (166) exiting with status 0","timestamp":"2025-02-15 13:08:35"}
{"level":"info","message":"execution (166) exiting with status 0","timestamp":"2025-02-15 13:08:35"}
{"level":"info","message":"execution (166) exiting with status 0","timestamp":"2025-02-15 13:08:35"}
{"level":"info","execution":{"id":166,"createdAt":"2025-02-15T13:08:27.556Z","updatedAt":"2025-02-15T13:08:27.750Z","key":"3pwrk7xtkfq","eventKey":"0a9d43e3-f7dc-4e42-8bb8-a3376904e5a2","context":{"data":{"createdAt":"2025-02-15T13:08:27.240Z","updatedAt":"2025-02-15T13:08:27.391Z","is_initialized":"false","id":52,"host_domain":null,"repo_name":"demo-repo","repository_url":"https://github.com/sanjeevraj-belsterns/demo-repository","repo_roken":"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","host":"github","workspace_id":37,"updatedById":1,"createdById":1,"organization_name":null,"webhook":null,"branch":null},"user":{"createdAt":"2025-02-03T07:06:39.365Z","updatedAt":"2025-02-15T11:39:00.967Z","systemSettings":{"themeId":1},"id":1,"nickname":"Super Admin","username":"johndoe","email":"admin@nocobase.com","phone":null,"passwordChangeTz":null,"appLang":null,"user_ids":null,"createdById":null},"roleName":"root"},"status":0,"workflowId":34},"message":"execution (166) finished with status: 0","timestamp":"2025-02-15 13:08:35"}
{"level":"info","message":"notification (#254) sent successfully.","timestamp":"2025-02-15 13:08:35"}
{"level":"info","message":"execution (166) resuming from job (485) added to pending list","timestamp":"2025-02-15 13:08:35"}
{"level":"info","message":"pending execution (166) ready to process","timestamp":"2025-02-15 13:08:35"}
{"level":"info","message":"execution (166) resuming...","timestamp":"2025-02-15 13:08:35"}
{"level":"info","message":"execution (166) run instruction [notification] for node (254)","timestamp":"2025-02-15 13:08:35"}
{"level":"info","message":"execution (166) run instruction [notification] for node (254) finished as status: 1","timestamp":"2025-02-15 13:08:35"}
{"level":"info","message":"execution (166) run instruction [condition] for node (253)","timestamp":"2025-02-15 13:08:35"}
{"level":"info","message":"execution (166) run instruction [condition] for node (253) finished as status: 1","timestamp":"2025-02-15 13:08:35"}
{"level":"info","message":"execution (166) run instruction [condition] for node (250)","timestamp":"2025-02-15 13:08:35"}
{"level":"info","message":"execution (166) run instruction [condition] for node (250) finished as status: 1","timestamp":"2025-02-15 13:08:35"}
{"level":"info","message":"execution (166) exiting with status 1","timestamp":"2025-02-15 13:08:35"}
{"level":"info","execution":{"id":166,"createdAt":"2025-02-15T13:08:27.556Z","updatedAt":"2025-02-15T13:08:35.358Z","key":"3pwrk7xtkfq","eventKey":"0a9d43e3-f7dc-4e42-8bb8-a3376904e5a2","context":{"data":{"createdAt":"2025-02-15T13:08:27.240Z","updatedAt":"2025-02-15T13:08:27.391Z","is_initialized":"false","id":52,"host_domain":null,"repo_name":"demo-repo","repository_url":"https://github.com/sanjeevraj-belsterns/demo-repository","repo_roken":"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","host":"github","workspace_id":37,"updatedById":1,"createdById":1,"organization_name":null,"webhook":null,"branch":null},"user":{"createdAt":"2025-02-03T07:06:39.365Z","updatedAt":"2025-02-15T11:39:00.967Z","systemSettings":{"themeId":1},"id":1,"nickname":"Super Admin","username":"johndoe","email":"admin@nocobase.com","phone":null,"passwordChangeTz":null,"appLang":null,"user_ids":null,"createdById":null},"roleName":"root"},"status":1,"workflowId":34},"message":"execution (166) finished with status: 1","timestamp":"2025-02-15 13:08:35"}
