{"level":"info","message":"new event triggered, now events: 1","timestamp":"2025-02-15 12:00:00"}
{"level":"info","message":"preparing execution for event","timestamp":"2025-02-15 12:00:00"}
{"level":"info","message":"execution of workflow 31 created as 156","timestamp":"2025-02-15 12:00:01"}
{"level":"info","message":"pending execution (156) ready to process","timestamp":"2025-02-15 12:00:01"}
{"level":"info","message":"queueing execution (156) from pending list updated to started","timestamp":"2025-02-15 12:00:01"}
{"level":"info","message":"execution (156) starting...","timestamp":"2025-02-15 12:00:01"}
{"level":"info","message":"execution (156) run instruction [notification] for node (224)","timestamp":"2025-02-15 12:00:01"}
{"level":"info","message":"notification (#224) sent, waiting for response...","timestamp":"2025-02-15 12:00:01"}
{"level":"info","message":"execution (156) exiting with status 0","timestamp":"2025-02-15 12:00:01"}
{"level":"info","message":"execution (156) exiting with status 0","timestamp":"2025-02-15 12:00:01"}
{"level":"info","execution":{"id":156,"context":{"data":{"createdAt":"2025-02-15T11:55:33.926Z","updatedAt":"2025-02-15T11:55:52.932Z","workspace_id":37,"repo_roken":"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","organization_name":null,"host_domain":null,"webhook":" https://a1ab-103-130-204-185.ngrok-free.app/api/webhook/63606450-9bae-4813-889f-c7cb4abe3f63","id":51,"host":"github","repo_name":"demo-repo","repository_url":"https://github.com/sanjeevraj-belsterns/demo-repository","updatedById":1,"createdById":1,"is_initialized":"false","branch":null},"user":{"createdAt":"2025-02-03T07:06:39.365Z","updatedAt":"2025-02-15T11:39:00.967Z","systemSettings":{"themeId":1},"id":1,"nickname":"Super Admin","username":"johndoe","email":"admin@nocobase.com","phone":null,"passwordChangeTz":null,"appLang":null,"user_ids":null,"createdById":null},"roleName":"root"},"key":"zp162z7tkvg","eventKey":"92bb06cf-6458-45b7-a35d-0dbe38acd14b","status":0,"workflowId":31,"updatedAt":"2025-02-15T12:00:01.416Z","createdAt":"2025-02-15T12:00:00.643Z"},"message":"execution (156) finished with status: 0","timestamp":"2025-02-15 12:00:01"}
{"level":"info","message":"notification (#224) sent successfully.","timestamp":"2025-02-15 12:00:02"}
{"level":"info","message":"execution (156) resuming from job (439) added to pending list","timestamp":"2025-02-15 12:00:02"}
{"level":"info","message":"pending execution (156) ready to process","timestamp":"2025-02-15 12:00:02"}
{"level":"info","message":"execution (156) resuming...","timestamp":"2025-02-15 12:00:02"}
{"level":"info","message":"execution (156) run instruction [notification] for node (224)","timestamp":"2025-02-15 12:00:04"}
{"level":"info","message":"execution (156) run instruction [notification] for node (224) finished as status: 1","timestamp":"2025-02-15 12:00:04"}
{"level":"info","message":"execution (156) run instruction [request] for node (223)","timestamp":"2025-02-15 12:00:04"}
{"level":"info","message":"request (#223) sent to \"http://192.168.255.34:3000/api/initialize/51\", waiting for response...","timestamp":"2025-02-15 12:00:04"}
{"level":"info","message":"execution (156) exiting with status 0","timestamp":"2025-02-15 12:00:04"}
{"level":"info","execution":{"id":156,"createdAt":"2025-02-15T12:00:00.643Z","updatedAt":"2025-02-15T12:00:01.416Z","key":"zp162z7tkvg","eventKey":"92bb06cf-6458-45b7-a35d-0dbe38acd14b","context":{"data":{"createdAt":"2025-02-15T11:55:33.926Z","updatedAt":"2025-02-15T11:55:52.932Z","workspace_id":37,"repo_roken":"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","organization_name":null,"host_domain":null,"webhook":" https://a1ab-103-130-204-185.ngrok-free.app/api/webhook/63606450-9bae-4813-889f-c7cb4abe3f63","id":51,"host":"github","repo_name":"demo-repo","repository_url":"https://github.com/sanjeevraj-belsterns/demo-repository","updatedById":1,"createdById":1,"is_initialized":"false","branch":null},"user":{"createdAt":"2025-02-03T07:06:39.365Z","updatedAt":"2025-02-15T11:39:00.967Z","systemSettings":{"themeId":1},"id":1,"nickname":"Super Admin","username":"johndoe","email":"admin@nocobase.com","phone":null,"passwordChangeTz":null,"appLang":null,"user_ids":null,"createdById":null},"roleName":"root"},"status":0,"workflowId":31},"message":"execution (156) finished with status: 0","timestamp":"2025-02-15 12:00:04"}
{"level":"error","message":"request (#223) failed without resposne: timeout of 5000ms exceeded","timestamp":"2025-02-15 12:00:09"}
{"level":"info","message":"execution (156) resuming from job (440) added to pending list","timestamp":"2025-02-15 12:00:09"}
{"level":"info","message":"pending execution (156) ready to process","timestamp":"2025-02-15 12:00:09"}
{"level":"info","message":"execution (156) resuming...","timestamp":"2025-02-15 12:00:09"}
{"level":"info","message":"execution (156) run instruction [request] for node (223)","timestamp":"2025-02-15 12:00:09"}
{"level":"info","message":"execution (156) run instruction [request] for node (223) finished as status: 1","timestamp":"2025-02-15 12:00:09"}
{"level":"info","message":"execution (156) run instruction [condition] for node (225)","timestamp":"2025-02-15 12:00:09"}
{"level":"info","message":"execution (156) run instruction [notification] for node (228)","timestamp":"2025-02-15 12:00:09"}
{"level":"info","message":"notification (#228) sent, waiting for response...","timestamp":"2025-02-15 12:00:09"}
{"level":"info","message":"execution (156) exiting with status 0","timestamp":"2025-02-15 12:00:09"}
{"level":"info","message":"execution (156) exiting with status 0","timestamp":"2025-02-15 12:00:09"}
{"level":"info","message":"execution (156) exiting with status 0","timestamp":"2025-02-15 12:00:09"}
{"level":"info","execution":{"id":156,"createdAt":"2025-02-15T12:00:00.643Z","updatedAt":"2025-02-15T12:00:01.416Z","key":"zp162z7tkvg","eventKey":"92bb06cf-6458-45b7-a35d-0dbe38acd14b","context":{"data":{"createdAt":"2025-02-15T11:55:33.926Z","updatedAt":"2025-02-15T11:55:52.932Z","workspace_id":37,"repo_roken":"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","organization_name":null,"host_domain":null,"webhook":" https://a1ab-103-130-204-185.ngrok-free.app/api/webhook/63606450-9bae-4813-889f-c7cb4abe3f63","id":51,"host":"github","repo_name":"demo-repo","repository_url":"https://github.com/sanjeevraj-belsterns/demo-repository","updatedById":1,"createdById":1,"is_initialized":"false","branch":null},"user":{"createdAt":"2025-02-03T07:06:39.365Z","updatedAt":"2025-02-15T11:39:00.967Z","systemSettings":{"themeId":1},"id":1,"nickname":"Super Admin","username":"johndoe","email":"admin@nocobase.com","phone":null,"passwordChangeTz":null,"appLang":null,"user_ids":null,"createdById":null},"roleName":"root"},"status":0,"workflowId":31},"message":"execution (156) finished with status: 0","timestamp":"2025-02-15 12:00:09"}
{"level":"info","message":"notification (#228) sent successfully.","timestamp":"2025-02-15 12:00:09"}
{"level":"info","message":"execution (156) resuming from job (442) added to pending list","timestamp":"2025-02-15 12:00:09"}
{"level":"info","message":"pending execution (156) ready to process","timestamp":"2025-02-15 12:00:09"}
{"level":"info","message":"execution (156) resuming...","timestamp":"2025-02-15 12:00:09"}
{"level":"info","message":"execution (156) run instruction [notification] for node (228)","timestamp":"2025-02-15 12:00:10"}
{"level":"info","message":"execution (156) run instruction [notification] for node (228) finished as status: 1","timestamp":"2025-02-15 12:00:10"}
{"level":"info","message":"execution (156) run instruction [condition] for node (225)","timestamp":"2025-02-15 12:00:10"}
{"level":"info","message":"execution (156) run instruction [condition] for node (225) finished as status: 1","timestamp":"2025-02-15 12:00:10"}
{"level":"info","message":"execution (156) exiting with status 1","timestamp":"2025-02-15 12:00:10"}
{"level":"info","execution":{"id":156,"createdAt":"2025-02-15T12:00:00.643Z","updatedAt":"2025-02-15T12:00:10.133Z","key":"zp162z7tkvg","eventKey":"92bb06cf-6458-45b7-a35d-0dbe38acd14b","context":{"data":{"createdAt":"2025-02-15T11:55:33.926Z","updatedAt":"2025-02-15T11:55:52.932Z","workspace_id":37,"repo_roken":"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","organization_name":null,"host_domain":null,"webhook":" https://a1ab-103-130-204-185.ngrok-free.app/api/webhook/63606450-9bae-4813-889f-c7cb4abe3f63","id":51,"host":"github","repo_name":"demo-repo","repository_url":"https://github.com/sanjeevraj-belsterns/demo-repository","updatedById":1,"createdById":1,"is_initialized":"false","branch":null},"user":{"createdAt":"2025-02-03T07:06:39.365Z","updatedAt":"2025-02-15T11:39:00.967Z","systemSettings":{"themeId":1},"id":1,"nickname":"Super Admin","username":"johndoe","email":"admin@nocobase.com","phone":null,"passwordChangeTz":null,"appLang":null,"user_ids":null,"createdById":null},"roleName":"root"},"status":1,"workflowId":31},"message":"execution (156) finished with status: 1","timestamp":"2025-02-15 12:00:10"}
{"level":"info","message":"new event triggered, now events: 1","timestamp":"2025-02-15 12:03:28"}
{"level":"info","message":"preparing execution for event","timestamp":"2025-02-15 12:03:28"}
{"level":"info","message":"execution of workflow 31 created as 157","timestamp":"2025-02-15 12:03:28"}
{"level":"info","message":"pending execution (157) ready to process","timestamp":"2025-02-15 12:03:28"}
{"level":"info","message":"queueing execution (157) from pending list updated to started","timestamp":"2025-02-15 12:03:28"}
{"level":"info","message":"execution (157) starting...","timestamp":"2025-02-15 12:03:28"}
{"level":"info","message":"execution (157) run instruction [notification] for node (224)","timestamp":"2025-02-15 12:03:29"}
{"level":"info","message":"notification (#224) sent, waiting for response...","timestamp":"2025-02-15 12:03:29"}
{"level":"info","message":"execution (157) exiting with status 0","timestamp":"2025-02-15 12:03:29"}
{"level":"info","message":"execution (157) exiting with status 0","timestamp":"2025-02-15 12:03:29"}
{"level":"info","execution":{"id":157,"context":{"data":{"createdAt":"2025-02-15T11:55:33.926Z","updatedAt":"2025-02-15T11:55:52.932Z","workspace_id":37,"repo_roken":"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","organization_name":null,"host_domain":null,"webhook":" https://a1ab-103-130-204-185.ngrok-free.app/api/webhook/63606450-9bae-4813-889f-c7cb4abe3f63","id":51,"host":"github","repo_name":"demo-repo","repository_url":"https://github.com/sanjeevraj-belsterns/demo-repository","updatedById":1,"createdById":1,"is_initialized":"false","branch":null},"user":{"createdAt":"2025-02-03T07:06:39.365Z","updatedAt":"2025-02-15T11:39:00.967Z","systemSettings":{"themeId":1},"id":1,"nickname":"Super Admin","username":"johndoe","email":"admin@nocobase.com","phone":null,"passwordChangeTz":null,"appLang":null,"user_ids":null,"createdById":null},"roleName":"root"},"key":"zp162z7tkvg","eventKey":"f8a97c8d-085d-42f8-b92d-7d320794f081","status":0,"workflowId":31,"updatedAt":"2025-02-15T12:03:28.692Z","createdAt":"2025-02-15T12:03:28.302Z"},"message":"execution (157) finished with status: 0","timestamp":"2025-02-15 12:03:29"}
{"level":"info","message":"notification (#224) sent successfully.","timestamp":"2025-02-15 12:03:29"}
{"level":"info","message":"execution (157) resuming from job (443) added to pending list","timestamp":"2025-02-15 12:03:29"}
{"level":"info","message":"pending execution (157) ready to process","timestamp":"2025-02-15 12:03:29"}
{"level":"info","message":"execution (157) resuming...","timestamp":"2025-02-15 12:03:29"}
{"level":"info","message":"execution (157) run instruction [notification] for node (224)","timestamp":"2025-02-15 12:03:29"}
{"level":"info","message":"execution (157) run instruction [notification] for node (224) finished as status: 1","timestamp":"2025-02-15 12:03:29"}
{"level":"info","message":"execution (157) run instruction [request] for node (223)","timestamp":"2025-02-15 12:03:29"}
{"level":"info","message":"request (#223) sent to \"http://192.168.255.34:3000/api/initialize/51\", waiting for response...","timestamp":"2025-02-15 12:03:29"}
{"level":"info","message":"execution (157) exiting with status 0","timestamp":"2025-02-15 12:03:29"}
{"level":"info","execution":{"id":157,"createdAt":"2025-02-15T12:03:28.302Z","updatedAt":"2025-02-15T12:03:28.692Z","key":"zp162z7tkvg","eventKey":"f8a97c8d-085d-42f8-b92d-7d320794f081","context":{"data":{"createdAt":"2025-02-15T11:55:33.926Z","updatedAt":"2025-02-15T11:55:52.932Z","workspace_id":37,"repo_roken":"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","organization_name":null,"host_domain":null,"webhook":" https://a1ab-103-130-204-185.ngrok-free.app/api/webhook/63606450-9bae-4813-889f-c7cb4abe3f63","id":51,"host":"github","repo_name":"demo-repo","repository_url":"https://github.com/sanjeevraj-belsterns/demo-repository","updatedById":1,"createdById":1,"is_initialized":"false","branch":null},"user":{"createdAt":"2025-02-03T07:06:39.365Z","updatedAt":"2025-02-15T11:39:00.967Z","systemSettings":{"themeId":1},"id":1,"nickname":"Super Admin","username":"johndoe","email":"admin@nocobase.com","phone":null,"passwordChangeTz":null,"appLang":null,"user_ids":null,"createdById":null},"roleName":"root"},"status":0,"workflowId":31},"message":"execution (157) finished with status: 0","timestamp":"2025-02-15 12:03:29"}
{"level":"error","message":"request (#223) failed without resposne: timeout of 5000ms exceeded","timestamp":"2025-02-15 12:03:34"}
{"level":"info","message":"execution (157) resuming from job (444) added to pending list","timestamp":"2025-02-15 12:03:35"}
{"level":"info","message":"pending execution (157) ready to process","timestamp":"2025-02-15 12:03:35"}
{"level":"info","message":"execution (157) resuming...","timestamp":"2025-02-15 12:03:35"}
{"level":"info","message":"execution (157) run instruction [request] for node (223)","timestamp":"2025-02-15 12:03:35"}
{"level":"info","message":"execution (157) run instruction [request] for node (223) finished as status: 1","timestamp":"2025-02-15 12:03:35"}
{"level":"info","message":"execution (157) run instruction [condition] for node (225)","timestamp":"2025-02-15 12:03:35"}
{"level":"info","message":"execution (157) run instruction [notification] for node (228)","timestamp":"2025-02-15 12:03:35"}
{"level":"info","message":"notification (#228) sent, waiting for response...","timestamp":"2025-02-15 12:03:35"}
{"level":"info","message":"execution (157) exiting with status 0","timestamp":"2025-02-15 12:03:35"}
{"level":"info","message":"execution (157) exiting with status 0","timestamp":"2025-02-15 12:03:35"}
{"level":"info","message":"execution (157) exiting with status 0","timestamp":"2025-02-15 12:03:35"}
{"level":"info","execution":{"id":157,"createdAt":"2025-02-15T12:03:28.302Z","updatedAt":"2025-02-15T12:03:28.692Z","key":"zp162z7tkvg","eventKey":"f8a97c8d-085d-42f8-b92d-7d320794f081","context":{"data":{"createdAt":"2025-02-15T11:55:33.926Z","updatedAt":"2025-02-15T11:55:52.932Z","workspace_id":37,"repo_roken":"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","organization_name":null,"host_domain":null,"webhook":" https://a1ab-103-130-204-185.ngrok-free.app/api/webhook/63606450-9bae-4813-889f-c7cb4abe3f63","id":51,"host":"github","repo_name":"demo-repo","repository_url":"https://github.com/sanjeevraj-belsterns/demo-repository","updatedById":1,"createdById":1,"is_initialized":"false","branch":null},"user":{"createdAt":"2025-02-03T07:06:39.365Z","updatedAt":"2025-02-15T11:39:00.967Z","systemSettings":{"themeId":1},"id":1,"nickname":"Super Admin","username":"johndoe","email":"admin@nocobase.com","phone":null,"passwordChangeTz":null,"appLang":null,"user_ids":null,"createdById":null},"roleName":"root"},"status":0,"workflowId":31},"message":"execution (157) finished with status: 0","timestamp":"2025-02-15 12:03:35"}
{"level":"info","message":"notification (#228) sent successfully.","timestamp":"2025-02-15 12:03:35"}
{"level":"info","message":"execution (157) resuming from job (446) added to pending list","timestamp":"2025-02-15 12:03:35"}
{"level":"info","message":"pending execution (157) ready to process","timestamp":"2025-02-15 12:03:35"}
{"level":"info","message":"execution (157) resuming...","timestamp":"2025-02-15 12:03:35"}
{"level":"info","message":"execution (157) run instruction [notification] for node (228)","timestamp":"2025-02-15 12:03:35"}
{"level":"info","message":"execution (157) run instruction [notification] for node (228) finished as status: 1","timestamp":"2025-02-15 12:03:35"}
{"level":"info","message":"execution (157) run instruction [condition] for node (225)","timestamp":"2025-02-15 12:03:35"}
{"level":"info","message":"execution (157) run instruction [condition] for node (225) finished as status: 1","timestamp":"2025-02-15 12:03:35"}
{"level":"info","message":"execution (157) exiting with status 1","timestamp":"2025-02-15 12:03:35"}
{"level":"info","execution":{"id":157,"createdAt":"2025-02-15T12:03:28.302Z","updatedAt":"2025-02-15T12:03:35.605Z","key":"zp162z7tkvg","eventKey":"f8a97c8d-085d-42f8-b92d-7d320794f081","context":{"data":{"createdAt":"2025-02-15T11:55:33.926Z","updatedAt":"2025-02-15T11:55:52.932Z","workspace_id":37,"repo_roken":"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","organization_name":null,"host_domain":null,"webhook":" https://a1ab-103-130-204-185.ngrok-free.app/api/webhook/63606450-9bae-4813-889f-c7cb4abe3f63","id":51,"host":"github","repo_name":"demo-repo","repository_url":"https://github.com/sanjeevraj-belsterns/demo-repository","updatedById":1,"createdById":1,"is_initialized":"false","branch":null},"user":{"createdAt":"2025-02-03T07:06:39.365Z","updatedAt":"2025-02-15T11:39:00.967Z","systemSettings":{"themeId":1},"id":1,"nickname":"Super Admin","username":"johndoe","email":"admin@nocobase.com","phone":null,"passwordChangeTz":null,"appLang":null,"user_ids":null,"createdById":null},"roleName":"root"},"status":1,"workflowId":31},"message":"execution (157) finished with status: 1","timestamp":"2025-02-15 12:03:35"}
{"level":"info","message":"new event triggered, now events: 1","timestamp":"2025-02-15 12:04:46"}
{"level":"info","message":"preparing execution for event","timestamp":"2025-02-15 12:04:46"}
{"level":"info","message":"execution of workflow 31 created as 158","timestamp":"2025-02-15 12:04:46"}
{"level":"info","message":"pending execution (158) ready to process","timestamp":"2025-02-15 12:04:46"}
{"level":"info","message":"queueing execution (158) from pending list updated to started","timestamp":"2025-02-15 12:04:46"}
{"level":"info","message":"execution (158) starting...","timestamp":"2025-02-15 12:04:46"}
{"level":"info","message":"execution (158) run instruction [notification] for node (224)","timestamp":"2025-02-15 12:04:46"}
{"level":"info","message":"notification (#224) sent, waiting for response...","timestamp":"2025-02-15 12:04:47"}
{"level":"info","message":"execution (158) exiting with status 0","timestamp":"2025-02-15 12:04:47"}
{"level":"info","message":"execution (158) exiting with status 0","timestamp":"2025-02-15 12:04:47"}
{"level":"info","execution":{"id":158,"context":{"data":{"createdAt":"2025-02-15T11:55:33.926Z","updatedAt":"2025-02-15T11:55:52.932Z","workspace_id":37,"repo_roken":"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","organization_name":null,"host_domain":null,"webhook":" https://a1ab-103-130-204-185.ngrok-free.app/api/webhook/63606450-9bae-4813-889f-c7cb4abe3f63","id":51,"host":"github","repo_name":"demo-repo","repository_url":"https://github.com/sanjeevraj-belsterns/demo-repository","updatedById":1,"createdById":1,"is_initialized":"false","branch":null},"user":{"createdAt":"2025-02-03T07:06:39.365Z","updatedAt":"2025-02-15T11:39:00.967Z","systemSettings":{"themeId":1},"id":1,"nickname":"Super Admin","username":"johndoe","email":"admin@nocobase.com","phone":null,"passwordChangeTz":null,"appLang":null,"user_ids":null,"createdById":null},"roleName":"root"},"key":"zp162z7tkvg","eventKey":"00e0e351-7a0b-48be-b2a6-8bb6054b1662","status":0,"workflowId":31,"updatedAt":"2025-02-15T12:04:46.557Z","createdAt":"2025-02-15T12:04:46.334Z"},"message":"execution (158) finished with status: 0","timestamp":"2025-02-15 12:04:47"}
{"level":"info","message":"notification (#224) sent successfully.","timestamp":"2025-02-15 12:04:47"}
{"level":"info","message":"execution (158) resuming from job (447) added to pending list","timestamp":"2025-02-15 12:04:47"}
{"level":"info","message":"pending execution (158) ready to process","timestamp":"2025-02-15 12:04:47"}
{"level":"info","message":"execution (158) resuming...","timestamp":"2025-02-15 12:04:47"}
{"level":"info","message":"execution (158) run instruction [notification] for node (224)","timestamp":"2025-02-15 12:04:47"}
{"level":"info","message":"execution (158) run instruction [notification] for node (224) finished as status: 1","timestamp":"2025-02-15 12:04:47"}
{"level":"info","message":"execution (158) run instruction [request] for node (223)","timestamp":"2025-02-15 12:04:47"}
{"level":"info","message":"request (#223) sent to \"http://192.168.255.34:3000/api/initialize/51\", waiting for response...","timestamp":"2025-02-15 12:04:47"}
{"level":"info","message":"execution (158) exiting with status 0","timestamp":"2025-02-15 12:04:47"}
{"level":"info","execution":{"id":158,"createdAt":"2025-02-15T12:04:46.334Z","updatedAt":"2025-02-15T12:04:46.557Z","key":"zp162z7tkvg","eventKey":"00e0e351-7a0b-48be-b2a6-8bb6054b1662","context":{"data":{"createdAt":"2025-02-15T11:55:33.926Z","updatedAt":"2025-02-15T11:55:52.932Z","workspace_id":37,"repo_roken":"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","organization_name":null,"host_domain":null,"webhook":" https://a1ab-103-130-204-185.ngrok-free.app/api/webhook/63606450-9bae-4813-889f-c7cb4abe3f63","id":51,"host":"github","repo_name":"demo-repo","repository_url":"https://github.com/sanjeevraj-belsterns/demo-repository","updatedById":1,"createdById":1,"is_initialized":"false","branch":null},"user":{"createdAt":"2025-02-03T07:06:39.365Z","updatedAt":"2025-02-15T11:39:00.967Z","systemSettings":{"themeId":1},"id":1,"nickname":"Super Admin","username":"johndoe","email":"admin@nocobase.com","phone":null,"passwordChangeTz":null,"appLang":null,"user_ids":null,"createdById":null},"roleName":"root"},"status":0,"workflowId":31},"message":"execution (158) finished with status: 0","timestamp":"2025-02-15 12:04:47"}
{"level":"info","message":"request (#223) failed with response, status: 500","timestamp":"2025-02-15 12:04:52"}
{"level":"info","message":"execution (158) resuming from job (448) added to pending list","timestamp":"2025-02-15 12:04:52"}
{"level":"info","message":"pending execution (158) ready to process","timestamp":"2025-02-15 12:04:52"}
{"level":"info","message":"execution (158) resuming...","timestamp":"2025-02-15 12:04:52"}
{"level":"info","message":"execution (158) run instruction [request] for node (223)","timestamp":"2025-02-15 12:04:52"}
{"level":"info","message":"execution (158) run instruction [request] for node (223) finished as status: 1","timestamp":"2025-02-15 12:04:52"}
{"level":"info","message":"execution (158) run instruction [condition] for node (225)","timestamp":"2025-02-15 12:04:52"}
{"level":"info","message":"execution (158) run instruction [notification] for node (228)","timestamp":"2025-02-15 12:04:52"}
{"level":"info","message":"notification (#228) sent, waiting for response...","timestamp":"2025-02-15 12:04:52"}
{"level":"info","message":"execution (158) exiting with status 0","timestamp":"2025-02-15 12:04:52"}
{"level":"info","message":"execution (158) exiting with status 0","timestamp":"2025-02-15 12:04:52"}
{"level":"info","message":"execution (158) exiting with status 0","timestamp":"2025-02-15 12:04:52"}
{"level":"info","execution":{"id":158,"createdAt":"2025-02-15T12:04:46.334Z","updatedAt":"2025-02-15T12:04:46.557Z","key":"zp162z7tkvg","eventKey":"00e0e351-7a0b-48be-b2a6-8bb6054b1662","context":{"data":{"createdAt":"2025-02-15T11:55:33.926Z","updatedAt":"2025-02-15T11:55:52.932Z","workspace_id":37,"repo_roken":"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","organization_name":null,"host_domain":null,"webhook":" https://a1ab-103-130-204-185.ngrok-free.app/api/webhook/63606450-9bae-4813-889f-c7cb4abe3f63","id":51,"host":"github","repo_name":"demo-repo","repository_url":"https://github.com/sanjeevraj-belsterns/demo-repository","updatedById":1,"createdById":1,"is_initialized":"false","branch":null},"user":{"createdAt":"2025-02-03T07:06:39.365Z","updatedAt":"2025-02-15T11:39:00.967Z","systemSettings":{"themeId":1},"id":1,"nickname":"Super Admin","username":"johndoe","email":"admin@nocobase.com","phone":null,"passwordChangeTz":null,"appLang":null,"user_ids":null,"createdById":null},"roleName":"root"},"status":0,"workflowId":31},"message":"execution (158) finished with status: 0","timestamp":"2025-02-15 12:04:52"}
{"level":"info","message":"notification (#228) sent successfully.","timestamp":"2025-02-15 12:04:52"}
{"level":"info","message":"execution (158) resuming from job (450) added to pending list","timestamp":"2025-02-15 12:04:53"}
{"level":"info","message":"pending execution (158) ready to process","timestamp":"2025-02-15 12:04:53"}
{"level":"info","message":"execution (158) resuming...","timestamp":"2025-02-15 12:04:53"}
{"level":"info","message":"execution (158) run instruction [notification] for node (228)","timestamp":"2025-02-15 12:04:53"}
{"level":"info","message":"execution (158) run instruction [notification] for node (228) finished as status: 1","timestamp":"2025-02-15 12:04:53"}
{"level":"info","message":"execution (158) run instruction [condition] for node (225)","timestamp":"2025-02-15 12:04:53"}
{"level":"info","message":"execution (158) run instruction [condition] for node (225) finished as status: 1","timestamp":"2025-02-15 12:04:53"}
{"level":"info","message":"execution (158) exiting with status 1","timestamp":"2025-02-15 12:04:53"}
{"level":"info","execution":{"id":158,"createdAt":"2025-02-15T12:04:46.334Z","updatedAt":"2025-02-15T12:04:53.237Z","key":"zp162z7tkvg","eventKey":"00e0e351-7a0b-48be-b2a6-8bb6054b1662","context":{"data":{"createdAt":"2025-02-15T11:55:33.926Z","updatedAt":"2025-02-15T11:55:52.932Z","workspace_id":37,"repo_roken":"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","organization_name":null,"host_domain":null,"webhook":" https://a1ab-103-130-204-185.ngrok-free.app/api/webhook/63606450-9bae-4813-889f-c7cb4abe3f63","id":51,"host":"github","repo_name":"demo-repo","repository_url":"https://github.com/sanjeevraj-belsterns/demo-repository","updatedById":1,"createdById":1,"is_initialized":"false","branch":null},"user":{"createdAt":"2025-02-03T07:06:39.365Z","updatedAt":"2025-02-15T11:39:00.967Z","systemSettings":{"themeId":1},"id":1,"nickname":"Super Admin","username":"johndoe","email":"admin@nocobase.com","phone":null,"passwordChangeTz":null,"appLang":null,"user_ids":null,"createdById":null},"roleName":"root"},"status":1,"workflowId":31},"message":"execution (158) finished with status: 1","timestamp":"2025-02-15 12:04:53"}
{"level":"info","message":"new event triggered, now events: 1","timestamp":"2025-02-15 12:06:41"}
{"level":"info","message":"preparing execution for event","timestamp":"2025-02-15 12:06:41"}
{"level":"info","message":"execution of workflow 31 created as 159","timestamp":"2025-02-15 12:06:42"}
{"level":"info","message":"pending execution (159) ready to process","timestamp":"2025-02-15 12:06:42"}
{"level":"info","message":"queueing execution (159) from pending list updated to started","timestamp":"2025-02-15 12:06:42"}
{"level":"info","message":"execution (159) starting...","timestamp":"2025-02-15 12:06:42"}
{"level":"info","message":"execution (159) run instruction [notification] for node (224)","timestamp":"2025-02-15 12:06:42"}
{"level":"info","message":"notification (#224) sent, waiting for response...","timestamp":"2025-02-15 12:06:42"}
{"level":"info","message":"execution (159) exiting with status 0","timestamp":"2025-02-15 12:06:42"}
{"level":"info","message":"execution (159) exiting with status 0","timestamp":"2025-02-15 12:06:42"}
{"level":"info","execution":{"id":159,"context":{"data":{"createdAt":"2025-02-15T11:55:33.926Z","updatedAt":"2025-02-15T11:55:52.932Z","workspace_id":37,"repo_roken":"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","organization_name":null,"host_domain":null,"webhook":" https://a1ab-103-130-204-185.ngrok-free.app/api/webhook/63606450-9bae-4813-889f-c7cb4abe3f63","id":51,"host":"github","repo_name":"demo-repo","repository_url":"https://github.com/sanjeevraj-belsterns/demo-repository","updatedById":1,"createdById":1,"is_initialized":"false","branch":null},"user":{"createdAt":"2025-02-03T07:06:39.365Z","updatedAt":"2025-02-15T11:39:00.967Z","systemSettings":{"themeId":1},"id":1,"nickname":"Super Admin","username":"johndoe","email":"admin@nocobase.com","phone":null,"passwordChangeTz":null,"appLang":null,"user_ids":null,"createdById":null},"roleName":"root"},"key":"zp162z7tkvg","eventKey":"876a018d-2754-4656-8fe5-e5fb8df6d22d","status":0,"workflowId":31,"updatedAt":"2025-02-15T12:06:42.182Z","createdAt":"2025-02-15T12:06:42.010Z"},"message":"execution (159) finished with status: 0","timestamp":"2025-02-15 12:06:42"}
{"level":"info","message":"notification (#224) sent successfully.","timestamp":"2025-02-15 12:06:42"}
{"level":"info","message":"execution (159) resuming from job (451) added to pending list","timestamp":"2025-02-15 12:06:42"}
{"level":"info","message":"pending execution (159) ready to process","timestamp":"2025-02-15 12:06:42"}
{"level":"info","message":"execution (159) resuming...","timestamp":"2025-02-15 12:06:42"}
{"level":"info","message":"execution (159) run instruction [notification] for node (224)","timestamp":"2025-02-15 12:06:43"}
{"level":"info","message":"execution (159) run instruction [notification] for node (224) finished as status: 1","timestamp":"2025-02-15 12:06:43"}
{"level":"info","message":"execution (159) run instruction [request] for node (223)","timestamp":"2025-02-15 12:06:43"}
{"level":"info","message":"request (#223) sent to \"http://192.168.255.34:3000/api/initialize/51\", waiting for response...","timestamp":"2025-02-15 12:06:43"}
{"level":"info","message":"execution (159) exiting with status 0","timestamp":"2025-02-15 12:06:43"}
{"level":"info","execution":{"id":159,"createdAt":"2025-02-15T12:06:42.010Z","updatedAt":"2025-02-15T12:06:42.182Z","key":"zp162z7tkvg","eventKey":"876a018d-2754-4656-8fe5-e5fb8df6d22d","context":{"data":{"createdAt":"2025-02-15T11:55:33.926Z","updatedAt":"2025-02-15T11:55:52.932Z","workspace_id":37,"repo_roken":"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","organization_name":null,"host_domain":null,"webhook":" https://a1ab-103-130-204-185.ngrok-free.app/api/webhook/63606450-9bae-4813-889f-c7cb4abe3f63","id":51,"host":"github","repo_name":"demo-repo","repository_url":"https://github.com/sanjeevraj-belsterns/demo-repository","updatedById":1,"createdById":1,"is_initialized":"false","branch":null},"user":{"createdAt":"2025-02-03T07:06:39.365Z","updatedAt":"2025-02-15T11:39:00.967Z","systemSettings":{"themeId":1},"id":1,"nickname":"Super Admin","username":"johndoe","email":"admin@nocobase.com","phone":null,"passwordChangeTz":null,"appLang":null,"user_ids":null,"createdById":null},"roleName":"root"},"status":0,"workflowId":31},"message":"execution (159) finished with status: 0","timestamp":"2025-02-15 12:06:43"}
{"level":"info","message":"request (#223) failed with response, status: 500","timestamp":"2025-02-15 12:06:45"}
{"level":"info","message":"execution (159) resuming from job (452) added to pending list","timestamp":"2025-02-15 12:06:45"}
{"level":"info","message":"pending execution (159) ready to process","timestamp":"2025-02-15 12:06:45"}
{"level":"info","message":"execution (159) resuming...","timestamp":"2025-02-15 12:06:45"}
{"level":"info","message":"execution (159) run instruction [request] for node (223)","timestamp":"2025-02-15 12:06:45"}
{"level":"info","message":"execution (159) run instruction [request] for node (223) finished as status: 1","timestamp":"2025-02-15 12:06:45"}
{"level":"info","message":"execution (159) run instruction [condition] for node (225)","timestamp":"2025-02-15 12:06:45"}
{"level":"info","message":"execution (159) run instruction [notification] for node (228)","timestamp":"2025-02-15 12:06:45"}
{"level":"info","message":"notification (#228) sent, waiting for response...","timestamp":"2025-02-15 12:06:45"}
{"level":"info","message":"execution (159) exiting with status 0","timestamp":"2025-02-15 12:06:45"}
{"level":"info","message":"execution (159) exiting with status 0","timestamp":"2025-02-15 12:06:45"}
{"level":"info","message":"execution (159) exiting with status 0","timestamp":"2025-02-15 12:06:45"}
{"level":"info","execution":{"id":159,"createdAt":"2025-02-15T12:06:42.010Z","updatedAt":"2025-02-15T12:06:42.182Z","key":"zp162z7tkvg","eventKey":"876a018d-2754-4656-8fe5-e5fb8df6d22d","context":{"data":{"createdAt":"2025-02-15T11:55:33.926Z","updatedAt":"2025-02-15T11:55:52.932Z","workspace_id":37,"repo_roken":"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","organization_name":null,"host_domain":null,"webhook":" https://a1ab-103-130-204-185.ngrok-free.app/api/webhook/63606450-9bae-4813-889f-c7cb4abe3f63","id":51,"host":"github","repo_name":"demo-repo","repository_url":"https://github.com/sanjeevraj-belsterns/demo-repository","updatedById":1,"createdById":1,"is_initialized":"false","branch":null},"user":{"createdAt":"2025-02-03T07:06:39.365Z","updatedAt":"2025-02-15T11:39:00.967Z","systemSettings":{"themeId":1},"id":1,"nickname":"Super Admin","username":"johndoe","email":"admin@nocobase.com","phone":null,"passwordChangeTz":null,"appLang":null,"user_ids":null,"createdById":null},"roleName":"root"},"status":0,"workflowId":31},"message":"execution (159) finished with status: 0","timestamp":"2025-02-15 12:06:45"}
{"level":"info","message":"notification (#228) sent successfully.","timestamp":"2025-02-15 12:06:45"}
{"level":"info","message":"execution (159) resuming from job (454) added to pending list","timestamp":"2025-02-15 12:06:45"}
{"level":"info","message":"pending execution (159) ready to process","timestamp":"2025-02-15 12:06:45"}
{"level":"info","message":"execution (159) resuming...","timestamp":"2025-02-15 12:06:45"}
{"level":"info","message":"execution (159) run instruction [notification] for node (228)","timestamp":"2025-02-15 12:06:45"}
{"level":"info","message":"execution (159) run instruction [notification] for node (228) finished as status: 1","timestamp":"2025-02-15 12:06:45"}
{"level":"info","message":"execution (159) run instruction [condition] for node (225)","timestamp":"2025-02-15 12:06:45"}
{"level":"info","message":"execution (159) run instruction [condition] for node (225) finished as status: 1","timestamp":"2025-02-15 12:06:45"}
{"level":"info","message":"execution (159) exiting with status 1","timestamp":"2025-02-15 12:06:45"}
{"level":"info","execution":{"id":159,"createdAt":"2025-02-15T12:06:42.010Z","updatedAt":"2025-02-15T12:06:45.972Z","key":"zp162z7tkvg","eventKey":"876a018d-2754-4656-8fe5-e5fb8df6d22d","context":{"data":{"createdAt":"2025-02-15T11:55:33.926Z","updatedAt":"2025-02-15T11:55:52.932Z","workspace_id":37,"repo_roken":"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","organization_name":null,"host_domain":null,"webhook":" https://a1ab-103-130-204-185.ngrok-free.app/api/webhook/63606450-9bae-4813-889f-c7cb4abe3f63","id":51,"host":"github","repo_name":"demo-repo","repository_url":"https://github.com/sanjeevraj-belsterns/demo-repository","updatedById":1,"createdById":1,"is_initialized":"false","branch":null},"user":{"createdAt":"2025-02-03T07:06:39.365Z","updatedAt":"2025-02-15T11:39:00.967Z","systemSettings":{"themeId":1},"id":1,"nickname":"Super Admin","username":"johndoe","email":"admin@nocobase.com","phone":null,"passwordChangeTz":null,"appLang":null,"user_ids":null,"createdById":null},"roleName":"root"},"status":1,"workflowId":31},"message":"execution (159) finished with status: 1","timestamp":"2025-02-15 12:06:45"}
{"level":"info","message":"new event triggered, now events: 1","timestamp":"2025-02-15 12:07:53"}
{"level":"info","message":"preparing execution for event","timestamp":"2025-02-15 12:07:53"}
{"level":"info","message":"execution of workflow 31 created as 160","timestamp":"2025-02-15 12:07:55"}
{"level":"info","message":"pending execution (160) ready to process","timestamp":"2025-02-15 12:07:55"}
{"level":"info","message":"queueing execution (160) from pending list updated to started","timestamp":"2025-02-15 12:07:55"}
{"level":"info","message":"execution (160) starting...","timestamp":"2025-02-15 12:07:55"}
{"level":"info","message":"execution (160) run instruction [notification] for node (224)","timestamp":"2025-02-15 12:07:56"}
{"level":"info","message":"notification (#224) sent, waiting for response...","timestamp":"2025-02-15 12:07:56"}
{"level":"info","message":"execution (160) exiting with status 0","timestamp":"2025-02-15 12:07:56"}
{"level":"info","message":"execution (160) exiting with status 0","timestamp":"2025-02-15 12:07:56"}
{"level":"info","execution":{"id":160,"context":{"data":{"createdAt":"2025-02-15T11:55:33.926Z","updatedAt":"2025-02-15T11:55:52.932Z","workspace_id":37,"repo_roken":"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","organization_name":null,"host_domain":null,"webhook":" https://a1ab-103-130-204-185.ngrok-free.app/api/webhook/63606450-9bae-4813-889f-c7cb4abe3f63","id":51,"host":"github","repo_name":"demo-repo","repository_url":"https://github.com/sanjeevraj-belsterns/demo-repository","updatedById":1,"createdById":1,"is_initialized":"false","branch":null},"user":{"createdAt":"2025-02-03T07:06:39.365Z","updatedAt":"2025-02-15T11:39:00.967Z","systemSettings":{"themeId":1},"id":1,"nickname":"Super Admin","username":"johndoe","email":"admin@nocobase.com","phone":null,"passwordChangeTz":null,"appLang":null,"user_ids":null,"createdById":null},"roleName":"root"},"key":"zp162z7tkvg","eventKey":"f6a166be-35c1-4f40-ba79-91af4c46052b","status":0,"workflowId":31,"updatedAt":"2025-02-15T12:07:55.808Z","createdAt":"2025-02-15T12:07:53.709Z"},"message":"execution (160) finished with status: 0","timestamp":"2025-02-15 12:07:56"}
{"level":"info","message":"notification (#224) sent successfully.","timestamp":"2025-02-15 12:07:56"}
{"level":"info","message":"execution (160) resuming from job (455) added to pending list","timestamp":"2025-02-15 12:07:56"}
{"level":"info","message":"pending execution (160) ready to process","timestamp":"2025-02-15 12:07:56"}
{"level":"info","message":"execution (160) resuming...","timestamp":"2025-02-15 12:07:56"}
{"level":"info","message":"execution (160) run instruction [notification] for node (224)","timestamp":"2025-02-15 12:07:56"}
{"level":"info","message":"execution (160) run instruction [notification] for node (224) finished as status: 1","timestamp":"2025-02-15 12:07:56"}
{"level":"info","message":"execution (160) run instruction [request] for node (223)","timestamp":"2025-02-15 12:07:56"}
{"level":"info","message":"request (#223) sent to \"http://192.168.255.34:3000/api/initialize/51\", waiting for response...","timestamp":"2025-02-15 12:07:56"}
{"level":"info","message":"execution (160) exiting with status 0","timestamp":"2025-02-15 12:07:56"}
{"level":"info","execution":{"id":160,"createdAt":"2025-02-15T12:07:53.709Z","updatedAt":"2025-02-15T12:07:55.808Z","key":"zp162z7tkvg","eventKey":"f6a166be-35c1-4f40-ba79-91af4c46052b","context":{"data":{"createdAt":"2025-02-15T11:55:33.926Z","updatedAt":"2025-02-15T11:55:52.932Z","workspace_id":37,"repo_roken":"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","organization_name":null,"host_domain":null,"webhook":" https://a1ab-103-130-204-185.ngrok-free.app/api/webhook/63606450-9bae-4813-889f-c7cb4abe3f63","id":51,"host":"github","repo_name":"demo-repo","repository_url":"https://github.com/sanjeevraj-belsterns/demo-repository","updatedById":1,"createdById":1,"is_initialized":"false","branch":null},"user":{"createdAt":"2025-02-03T07:06:39.365Z","updatedAt":"2025-02-15T11:39:00.967Z","systemSettings":{"themeId":1},"id":1,"nickname":"Super Admin","username":"johndoe","email":"admin@nocobase.com","phone":null,"passwordChangeTz":null,"appLang":null,"user_ids":null,"createdById":null},"roleName":"root"},"status":0,"workflowId":31},"message":"execution (160) finished with status: 0","timestamp":"2025-02-15 12:07:56"}
{"level":"info","message":"request (#223) failed with response, status: 500","timestamp":"2025-02-15 12:07:59"}
{"level":"info","message":"execution (160) resuming from job (456) added to pending list","timestamp":"2025-02-15 12:07:59"}
{"level":"info","message":"pending execution (160) ready to process","timestamp":"2025-02-15 12:07:59"}
{"level":"info","message":"execution (160) resuming...","timestamp":"2025-02-15 12:07:59"}
{"level":"info","message":"execution (160) run instruction [request] for node (223)","timestamp":"2025-02-15 12:07:59"}
{"level":"info","message":"execution (160) run instruction [request] for node (223) finished as status: 1","timestamp":"2025-02-15 12:07:59"}
{"level":"info","message":"execution (160) run instruction [condition] for node (225)","timestamp":"2025-02-15 12:07:59"}
{"level":"info","message":"execution (160) run instruction [notification] for node (228)","timestamp":"2025-02-15 12:07:59"}
{"level":"info","message":"notification (#228) sent, waiting for response...","timestamp":"2025-02-15 12:07:59"}
{"level":"info","message":"execution (160) exiting with status 0","timestamp":"2025-02-15 12:07:59"}
{"level":"info","message":"execution (160) exiting with status 0","timestamp":"2025-02-15 12:07:59"}
{"level":"info","message":"execution (160) exiting with status 0","timestamp":"2025-02-15 12:07:59"}
{"level":"info","execution":{"id":160,"createdAt":"2025-02-15T12:07:53.709Z","updatedAt":"2025-02-15T12:07:55.808Z","key":"zp162z7tkvg","eventKey":"f6a166be-35c1-4f40-ba79-91af4c46052b","context":{"data":{"createdAt":"2025-02-15T11:55:33.926Z","updatedAt":"2025-02-15T11:55:52.932Z","workspace_id":37,"repo_roken":"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","organization_name":null,"host_domain":null,"webhook":" https://a1ab-103-130-204-185.ngrok-free.app/api/webhook/63606450-9bae-4813-889f-c7cb4abe3f63","id":51,"host":"github","repo_name":"demo-repo","repository_url":"https://github.com/sanjeevraj-belsterns/demo-repository","updatedById":1,"createdById":1,"is_initialized":"false","branch":null},"user":{"createdAt":"2025-02-03T07:06:39.365Z","updatedAt":"2025-02-15T11:39:00.967Z","systemSettings":{"themeId":1},"id":1,"nickname":"Super Admin","username":"johndoe","email":"admin@nocobase.com","phone":null,"passwordChangeTz":null,"appLang":null,"user_ids":null,"createdById":null},"roleName":"root"},"status":0,"workflowId":31},"message":"execution (160) finished with status: 0","timestamp":"2025-02-15 12:07:59"}
{"level":"info","message":"notification (#228) sent successfully.","timestamp":"2025-02-15 12:08:00"}
{"level":"info","message":"execution (160) resuming from job (458) added to pending list","timestamp":"2025-02-15 12:08:00"}
{"level":"info","message":"pending execution (160) ready to process","timestamp":"2025-02-15 12:08:00"}
{"level":"info","message":"execution (160) resuming...","timestamp":"2025-02-15 12:08:00"}
{"level":"info","message":"execution (160) run instruction [notification] for node (228)","timestamp":"2025-02-15 12:08:00"}
{"level":"info","message":"execution (160) run instruction [notification] for node (228) finished as status: 1","timestamp":"2025-02-15 12:08:00"}
{"level":"info","message":"execution (160) run instruction [condition] for node (225)","timestamp":"2025-02-15 12:08:00"}
{"level":"info","message":"execution (160) run instruction [condition] for node (225) finished as status: 1","timestamp":"2025-02-15 12:08:00"}
{"level":"info","message":"execution (160) exiting with status 1","timestamp":"2025-02-15 12:08:00"}
{"level":"info","execution":{"id":160,"createdAt":"2025-02-15T12:07:53.709Z","updatedAt":"2025-02-15T12:08:00.135Z","key":"zp162z7tkvg","eventKey":"f6a166be-35c1-4f40-ba79-91af4c46052b","context":{"data":{"createdAt":"2025-02-15T11:55:33.926Z","updatedAt":"2025-02-15T11:55:52.932Z","workspace_id":37,"repo_roken":"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","organization_name":null,"host_domain":null,"webhook":" https://a1ab-103-130-204-185.ngrok-free.app/api/webhook/63606450-9bae-4813-889f-c7cb4abe3f63","id":51,"host":"github","repo_name":"demo-repo","repository_url":"https://github.com/sanjeevraj-belsterns/demo-repository","updatedById":1,"createdById":1,"is_initialized":"false","branch":null},"user":{"createdAt":"2025-02-03T07:06:39.365Z","updatedAt":"2025-02-15T11:39:00.967Z","systemSettings":{"themeId":1},"id":1,"nickname":"Super Admin","username":"johndoe","email":"admin@nocobase.com","phone":null,"passwordChangeTz":null,"appLang":null,"user_ids":null,"createdById":null},"roleName":"root"},"status":1,"workflowId":31},"message":"execution (160) finished with status: 1","timestamp":"2025-02-15 12:08:00"}
{"level":"info","message":"new event triggered, now events: 1","timestamp":"2025-02-15 12:19:15"}
{"level":"info","message":"preparing execution for event","timestamp":"2025-02-15 12:19:15"}
{"level":"info","message":"execution of workflow 31 created as 161","timestamp":"2025-02-15 12:19:16"}
{"level":"info","message":"pending execution (161) ready to process","timestamp":"2025-02-15 12:19:16"}
{"level":"info","message":"queueing execution (161) from pending list updated to started","timestamp":"2025-02-15 12:19:16"}
{"level":"info","message":"execution (161) starting...","timestamp":"2025-02-15 12:19:16"}
{"level":"info","message":"execution (161) run instruction [notification] for node (224)","timestamp":"2025-02-15 12:19:17"}
{"level":"info","message":"notification (#224) sent, waiting for response...","timestamp":"2025-02-15 12:19:17"}
{"level":"info","message":"execution (161) exiting with status 0","timestamp":"2025-02-15 12:19:17"}
{"level":"info","message":"execution (161) exiting with status 0","timestamp":"2025-02-15 12:19:17"}
{"level":"info","execution":{"id":161,"context":{"data":{"createdAt":"2025-02-15T11:55:33.926Z","updatedAt":"2025-02-15T11:55:52.932Z","workspace_id":37,"repo_roken":"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","organization_name":null,"host_domain":null,"webhook":" https://a1ab-103-130-204-185.ngrok-free.app/api/webhook/63606450-9bae-4813-889f-c7cb4abe3f63","id":51,"host":"github","repo_name":"demo-repo","repository_url":"https://github.com/sanjeevraj-belsterns/demo-repository","updatedById":1,"createdById":1,"is_initialized":"false","branch":null},"user":{"createdAt":"2025-02-03T07:06:39.365Z","updatedAt":"2025-02-15T11:39:00.967Z","systemSettings":{"themeId":1},"id":1,"nickname":"Super Admin","username":"johndoe","email":"admin@nocobase.com","phone":null,"passwordChangeTz":null,"appLang":null,"user_ids":null,"createdById":null},"roleName":"root"},"key":"zp162z7tkvg","eventKey":"4db03283-7fe4-45e2-9318-114bb060ced5","status":0,"workflowId":31,"updatedAt":"2025-02-15T12:19:16.723Z","createdAt":"2025-02-15T12:19:15.194Z"},"message":"execution (161) finished with status: 0","timestamp":"2025-02-15 12:19:17"}
{"level":"info","message":"notification (#224) sent successfully.","timestamp":"2025-02-15 12:19:18"}
{"level":"info","message":"execution (161) resuming from job (459) added to pending list","timestamp":"2025-02-15 12:19:18"}
{"level":"info","message":"pending execution (161) ready to process","timestamp":"2025-02-15 12:19:18"}
{"level":"info","message":"execution (161) resuming...","timestamp":"2025-02-15 12:19:18"}
{"level":"info","message":"execution (161) run instruction [notification] for node (224)","timestamp":"2025-02-15 12:19:18"}
{"level":"info","message":"execution (161) run instruction [notification] for node (224) finished as status: 1","timestamp":"2025-02-15 12:19:18"}
{"level":"info","message":"execution (161) run instruction [request] for node (223)","timestamp":"2025-02-15 12:19:18"}
{"level":"info","message":"request (#223) sent to \"http://192.168.255.34:3000/api/initialize/51\", waiting for response...","timestamp":"2025-02-15 12:19:18"}
{"level":"info","message":"execution (161) exiting with status 0","timestamp":"2025-02-15 12:19:18"}
{"level":"info","execution":{"id":161,"createdAt":"2025-02-15T12:19:15.194Z","updatedAt":"2025-02-15T12:19:16.723Z","key":"zp162z7tkvg","eventKey":"4db03283-7fe4-45e2-9318-114bb060ced5","context":{"data":{"createdAt":"2025-02-15T11:55:33.926Z","updatedAt":"2025-02-15T11:55:52.932Z","workspace_id":37,"repo_roken":"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","organization_name":null,"host_domain":null,"webhook":" https://a1ab-103-130-204-185.ngrok-free.app/api/webhook/63606450-9bae-4813-889f-c7cb4abe3f63","id":51,"host":"github","repo_name":"demo-repo","repository_url":"https://github.com/sanjeevraj-belsterns/demo-repository","updatedById":1,"createdById":1,"is_initialized":"false","branch":null},"user":{"createdAt":"2025-02-03T07:06:39.365Z","updatedAt":"2025-02-15T11:39:00.967Z","systemSettings":{"themeId":1},"id":1,"nickname":"Super Admin","username":"johndoe","email":"admin@nocobase.com","phone":null,"passwordChangeTz":null,"appLang":null,"user_ids":null,"createdById":null},"roleName":"root"},"status":0,"workflowId":31},"message":"execution (161) finished with status: 0","timestamp":"2025-02-15 12:19:18"}
{"level":"info","message":"request (#223) failed with response, status: 500","timestamp":"2025-02-15 12:19:20"}
{"level":"info","message":"execution (161) resuming from job (460) added to pending list","timestamp":"2025-02-15 12:19:20"}
{"level":"info","message":"pending execution (161) ready to process","timestamp":"2025-02-15 12:19:20"}
{"level":"info","message":"execution (161) resuming...","timestamp":"2025-02-15 12:19:20"}
{"level":"info","message":"execution (161) run instruction [request] for node (223)","timestamp":"2025-02-15 12:19:20"}
{"level":"info","message":"execution (161) run instruction [request] for node (223) finished as status: 1","timestamp":"2025-02-15 12:19:20"}
{"level":"info","message":"execution (161) run instruction [condition] for node (225)","timestamp":"2025-02-15 12:19:20"}
{"level":"info","message":"execution (161) run instruction [notification] for node (228)","timestamp":"2025-02-15 12:19:20"}
{"level":"info","message":"notification (#228) sent, waiting for response...","timestamp":"2025-02-15 12:19:21"}
{"level":"info","message":"execution (161) exiting with status 0","timestamp":"2025-02-15 12:19:21"}
{"level":"info","message":"execution (161) exiting with status 0","timestamp":"2025-02-15 12:19:21"}
{"level":"info","message":"execution (161) exiting with status 0","timestamp":"2025-02-15 12:19:21"}
{"level":"info","execution":{"id":161,"createdAt":"2025-02-15T12:19:15.194Z","updatedAt":"2025-02-15T12:19:16.723Z","key":"zp162z7tkvg","eventKey":"4db03283-7fe4-45e2-9318-114bb060ced5","context":{"data":{"createdAt":"2025-02-15T11:55:33.926Z","updatedAt":"2025-02-15T11:55:52.932Z","workspace_id":37,"repo_roken":"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","organization_name":null,"host_domain":null,"webhook":" https://a1ab-103-130-204-185.ngrok-free.app/api/webhook/63606450-9bae-4813-889f-c7cb4abe3f63","id":51,"host":"github","repo_name":"demo-repo","repository_url":"https://github.com/sanjeevraj-belsterns/demo-repository","updatedById":1,"createdById":1,"is_initialized":"false","branch":null},"user":{"createdAt":"2025-02-03T07:06:39.365Z","updatedAt":"2025-02-15T11:39:00.967Z","systemSettings":{"themeId":1},"id":1,"nickname":"Super Admin","username":"johndoe","email":"admin@nocobase.com","phone":null,"passwordChangeTz":null,"appLang":null,"user_ids":null,"createdById":null},"roleName":"root"},"status":0,"workflowId":31},"message":"execution (161) finished with status: 0","timestamp":"2025-02-15 12:19:21"}
{"level":"info","message":"notification (#228) sent successfully.","timestamp":"2025-02-15 12:19:21"}
{"level":"info","message":"execution (161) resuming from job (462) added to pending list","timestamp":"2025-02-15 12:19:21"}
{"level":"info","message":"pending execution (161) ready to process","timestamp":"2025-02-15 12:19:21"}
{"level":"info","message":"execution (161) resuming...","timestamp":"2025-02-15 12:19:21"}
{"level":"info","message":"execution (161) run instruction [notification] for node (228)","timestamp":"2025-02-15 12:19:21"}
{"level":"info","message":"execution (161) run instruction [notification] for node (228) finished as status: 1","timestamp":"2025-02-15 12:19:21"}
{"level":"info","message":"execution (161) run instruction [condition] for node (225)","timestamp":"2025-02-15 12:19:21"}
{"level":"info","message":"execution (161) run instruction [condition] for node (225) finished as status: 1","timestamp":"2025-02-15 12:19:21"}
{"level":"info","message":"execution (161) exiting with status 1","timestamp":"2025-02-15 12:19:21"}
{"level":"info","execution":{"id":161,"createdAt":"2025-02-15T12:19:15.194Z","updatedAt":"2025-02-15T12:19:21.380Z","key":"zp162z7tkvg","eventKey":"4db03283-7fe4-45e2-9318-114bb060ced5","context":{"data":{"createdAt":"2025-02-15T11:55:33.926Z","updatedAt":"2025-02-15T11:55:52.932Z","workspace_id":37,"repo_roken":"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","organization_name":null,"host_domain":null,"webhook":" https://a1ab-103-130-204-185.ngrok-free.app/api/webhook/63606450-9bae-4813-889f-c7cb4abe3f63","id":51,"host":"github","repo_name":"demo-repo","repository_url":"https://github.com/sanjeevraj-belsterns/demo-repository","updatedById":1,"createdById":1,"is_initialized":"false","branch":null},"user":{"createdAt":"2025-02-03T07:06:39.365Z","updatedAt":"2025-02-15T11:39:00.967Z","systemSettings":{"themeId":1},"id":1,"nickname":"Super Admin","username":"johndoe","email":"admin@nocobase.com","phone":null,"passwordChangeTz":null,"appLang":null,"user_ids":null,"createdById":null},"roleName":"root"},"status":1,"workflowId":31},"message":"execution (161) finished with status: 1","timestamp":"2025-02-15 12:19:21"}
{"level":"info","message":"new event triggered, now events: 1","timestamp":"2025-02-15 12:20:38"}
{"level":"info","message":"preparing execution for event","timestamp":"2025-02-15 12:20:38"}
{"level":"info","message":"execution of workflow 31 created as 162","timestamp":"2025-02-15 12:20:40"}
{"level":"info","message":"pending execution (162) ready to process","timestamp":"2025-02-15 12:20:40"}
{"level":"info","message":"queueing execution (162) from pending list updated to started","timestamp":"2025-02-15 12:20:40"}
{"level":"info","message":"execution (162) starting...","timestamp":"2025-02-15 12:20:40"}
{"level":"info","message":"execution (162) run instruction [notification] for node (224)","timestamp":"2025-02-15 12:20:40"}
{"level":"info","message":"notification (#224) sent, waiting for response...","timestamp":"2025-02-15 12:20:41"}
{"level":"info","message":"execution (162) exiting with status 0","timestamp":"2025-02-15 12:20:41"}
{"level":"info","message":"execution (162) exiting with status 0","timestamp":"2025-02-15 12:20:41"}
{"level":"info","execution":{"id":162,"context":{"data":{"createdAt":"2025-02-15T11:55:33.926Z","updatedAt":"2025-02-15T11:55:52.932Z","workspace_id":37,"repo_roken":"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","organization_name":null,"host_domain":null,"webhook":" https://a1ab-103-130-204-185.ngrok-free.app/api/webhook/63606450-9bae-4813-889f-c7cb4abe3f63","id":51,"host":"github","repo_name":"demo-repo","repository_url":"https://github.com/sanjeevraj-belsterns/demo-repository","updatedById":1,"createdById":1,"is_initialized":"false","branch":null},"user":{"createdAt":"2025-02-03T07:06:39.365Z","updatedAt":"2025-02-15T11:39:00.967Z","systemSettings":{"themeId":1},"id":1,"nickname":"Super Admin","username":"johndoe","email":"admin@nocobase.com","phone":null,"passwordChangeTz":null,"appLang":null,"user_ids":null,"createdById":null},"roleName":"root"},"key":"zp162z7tkvg","eventKey":"a14c4c88-059a-44c9-ae6c-777d6b15df81","status":0,"workflowId":31,"updatedAt":"2025-02-15T12:20:40.621Z","createdAt":"2025-02-15T12:20:38.895Z"},"message":"execution (162) finished with status: 0","timestamp":"2025-02-15 12:20:41"}
{"level":"info","message":"notification (#224) sent successfully.","timestamp":"2025-02-15 12:20:41"}
{"level":"info","message":"execution (162) resuming from job (463) added to pending list","timestamp":"2025-02-15 12:20:41"}
{"level":"info","message":"pending execution (162) ready to process","timestamp":"2025-02-15 12:20:41"}
{"level":"info","message":"execution (162) resuming...","timestamp":"2025-02-15 12:20:41"}
{"level":"info","message":"execution (162) run instruction [notification] for node (224)","timestamp":"2025-02-15 12:20:41"}
{"level":"info","message":"execution (162) run instruction [notification] for node (224) finished as status: 1","timestamp":"2025-02-15 12:20:41"}
{"level":"info","message":"execution (162) run instruction [request] for node (223)","timestamp":"2025-02-15 12:20:41"}
{"level":"info","message":"request (#223) sent to \"http://192.168.255.34:3000/api/initialize/51\", waiting for response...","timestamp":"2025-02-15 12:20:41"}
{"level":"info","message":"execution (162) exiting with status 0","timestamp":"2025-02-15 12:20:41"}
{"level":"info","execution":{"id":162,"createdAt":"2025-02-15T12:20:38.895Z","updatedAt":"2025-02-15T12:20:40.621Z","key":"zp162z7tkvg","eventKey":"a14c4c88-059a-44c9-ae6c-777d6b15df81","context":{"data":{"createdAt":"2025-02-15T11:55:33.926Z","updatedAt":"2025-02-15T11:55:52.932Z","workspace_id":37,"repo_roken":"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","organization_name":null,"host_domain":null,"webhook":" https://a1ab-103-130-204-185.ngrok-free.app/api/webhook/63606450-9bae-4813-889f-c7cb4abe3f63","id":51,"host":"github","repo_name":"demo-repo","repository_url":"https://github.com/sanjeevraj-belsterns/demo-repository","updatedById":1,"createdById":1,"is_initialized":"false","branch":null},"user":{"createdAt":"2025-02-03T07:06:39.365Z","updatedAt":"2025-02-15T11:39:00.967Z","systemSettings":{"themeId":1},"id":1,"nickname":"Super Admin","username":"johndoe","email":"admin@nocobase.com","phone":null,"passwordChangeTz":null,"appLang":null,"user_ids":null,"createdById":null},"roleName":"root"},"status":0,"workflowId":31},"message":"execution (162) finished with status: 0","timestamp":"2025-02-15 12:20:41"}
{"level":"info","message":"request (#223) response success, status: 201","timestamp":"2025-02-15 12:20:45"}
{"level":"info","message":"execution (162) resuming from job (464) added to pending list","timestamp":"2025-02-15 12:20:45"}
{"level":"info","message":"pending execution (162) ready to process","timestamp":"2025-02-15 12:20:45"}
{"level":"info","message":"execution (162) resuming...","timestamp":"2025-02-15 12:20:45"}
{"level":"info","message":"execution (162) run instruction [request] for node (223)","timestamp":"2025-02-15 12:20:45"}
{"level":"info","message":"execution (162) run instruction [request] for node (223) finished as status: 1","timestamp":"2025-02-15 12:20:45"}
{"level":"info","message":"execution (162) run instruction [condition] for node (225)","timestamp":"2025-02-15 12:20:45"}
{"level":"info","message":"execution (162) run instruction [notification] for node (228)","timestamp":"2025-02-15 12:20:45"}
{"level":"info","message":"notification (#228) sent, waiting for response...","timestamp":"2025-02-15 12:20:45"}
{"level":"info","message":"execution (162) exiting with status 0","timestamp":"2025-02-15 12:20:45"}
{"level":"info","message":"execution (162) exiting with status 0","timestamp":"2025-02-15 12:20:45"}
{"level":"info","message":"execution (162) exiting with status 0","timestamp":"2025-02-15 12:20:45"}
{"level":"info","execution":{"id":162,"createdAt":"2025-02-15T12:20:38.895Z","updatedAt":"2025-02-15T12:20:40.621Z","key":"zp162z7tkvg","eventKey":"a14c4c88-059a-44c9-ae6c-777d6b15df81","context":{"data":{"createdAt":"2025-02-15T11:55:33.926Z","updatedAt":"2025-02-15T11:55:52.932Z","workspace_id":37,"repo_roken":"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","organization_name":null,"host_domain":null,"webhook":" https://a1ab-103-130-204-185.ngrok-free.app/api/webhook/63606450-9bae-4813-889f-c7cb4abe3f63","id":51,"host":"github","repo_name":"demo-repo","repository_url":"https://github.com/sanjeevraj-belsterns/demo-repository","updatedById":1,"createdById":1,"is_initialized":"false","branch":null},"user":{"createdAt":"2025-02-03T07:06:39.365Z","updatedAt":"2025-02-15T11:39:00.967Z","systemSettings":{"themeId":1},"id":1,"nickname":"Super Admin","username":"johndoe","email":"admin@nocobase.com","phone":null,"passwordChangeTz":null,"appLang":null,"user_ids":null,"createdById":null},"roleName":"root"},"status":0,"workflowId":31},"message":"execution (162) finished with status: 0","timestamp":"2025-02-15 12:20:45"}
{"level":"info","message":"notification (#228) sent successfully.","timestamp":"2025-02-15 12:20:45"}
{"level":"info","message":"execution (162) resuming from job (466) added to pending list","timestamp":"2025-02-15 12:20:45"}
{"level":"info","message":"pending execution (162) ready to process","timestamp":"2025-02-15 12:20:45"}
{"level":"info","message":"execution (162) resuming...","timestamp":"2025-02-15 12:20:45"}
{"level":"info","message":"execution (162) run instruction [notification] for node (228)","timestamp":"2025-02-15 12:20:45"}
{"level":"info","message":"execution (162) run instruction [notification] for node (228) finished as status: 1","timestamp":"2025-02-15 12:20:45"}
{"level":"info","message":"execution (162) run instruction [condition] for node (225)","timestamp":"2025-02-15 12:20:45"}
{"level":"info","message":"execution (162) run instruction [condition] for node (225) finished as status: 1","timestamp":"2025-02-15 12:20:45"}
{"level":"info","message":"execution (162) exiting with status 1","timestamp":"2025-02-15 12:20:45"}
{"level":"info","execution":{"id":162,"createdAt":"2025-02-15T12:20:38.895Z","updatedAt":"2025-02-15T12:20:45.374Z","key":"zp162z7tkvg","eventKey":"a14c4c88-059a-44c9-ae6c-777d6b15df81","context":{"data":{"createdAt":"2025-02-15T11:55:33.926Z","updatedAt":"2025-02-15T11:55:52.932Z","workspace_id":37,"repo_roken":"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","organization_name":null,"host_domain":null,"webhook":" https://a1ab-103-130-204-185.ngrok-free.app/api/webhook/63606450-9bae-4813-889f-c7cb4abe3f63","id":51,"host":"github","repo_name":"demo-repo","repository_url":"https://github.com/sanjeevraj-belsterns/demo-repository","updatedById":1,"createdById":1,"is_initialized":"false","branch":null},"user":{"createdAt":"2025-02-03T07:06:39.365Z","updatedAt":"2025-02-15T11:39:00.967Z","systemSettings":{"themeId":1},"id":1,"nickname":"Super Admin","username":"johndoe","email":"admin@nocobase.com","phone":null,"passwordChangeTz":null,"appLang":null,"user_ids":null,"createdById":null},"roleName":"root"},"status":1,"workflowId":31},"message":"execution (162) finished with status: 1","timestamp":"2025-02-15 12:20:45"}
{"level":"info","message":"new event triggered, now events: 1","timestamp":"2025-02-15 12:44:05"}
{"level":"info","message":"preparing execution for event","timestamp":"2025-02-15 12:44:05"}
{"level":"info","message":"execution of workflow 31 created as 163","timestamp":"2025-02-15 12:44:05"}
{"level":"info","message":"pending execution (163) ready to process","timestamp":"2025-02-15 12:44:05"}
{"level":"info","message":"queueing execution (163) from pending list updated to started","timestamp":"2025-02-15 12:44:05"}
{"level":"info","message":"execution (163) starting...","timestamp":"2025-02-15 12:44:05"}
{"level":"info","message":"execution (163) run instruction [notification] for node (224)","timestamp":"2025-02-15 12:44:05"}
{"level":"info","message":"notification (#224) sent, waiting for response...","timestamp":"2025-02-15 12:44:05"}
{"level":"info","message":"execution (163) exiting with status 0","timestamp":"2025-02-15 12:44:05"}
{"level":"info","message":"execution (163) exiting with status 0","timestamp":"2025-02-15 12:44:05"}
{"level":"info","execution":{"id":163,"context":{"data":{"createdAt":"2025-02-15T11:55:33.926Z","updatedAt":"2025-02-15T11:55:52.932Z","workspace_id":37,"repo_roken":"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","organization_name":null,"host_domain":null,"webhook":" https://a1ab-103-130-204-185.ngrok-free.app/api/webhook/63606450-9bae-4813-889f-c7cb4abe3f63","id":51,"host":"github","repo_name":"demo-repo","repository_url":"https://github.com/sanjeevraj-belsterns/demo-repository","updatedById":1,"createdById":1,"is_initialized":"false","branch":null},"user":{"createdAt":"2025-02-03T07:06:39.365Z","updatedAt":"2025-02-15T11:39:00.967Z","systemSettings":{"themeId":1},"id":1,"nickname":"Super Admin","username":"johndoe","email":"admin@nocobase.com","phone":null,"passwordChangeTz":null,"appLang":null,"user_ids":null,"createdById":null},"roleName":"root"},"key":"zp162z7tkvg","eventKey":"75cb41d5-e1d0-4947-96b9-ccd543c5ad27","status":0,"workflowId":31,"updatedAt":"2025-02-15T12:44:05.630Z","createdAt":"2025-02-15T12:44:05.510Z"},"message":"execution (163) finished with status: 0","timestamp":"2025-02-15 12:44:05"}
{"level":"info","message":"notification (#224) sent successfully.","timestamp":"2025-02-15 12:44:06"}
{"level":"info","message":"execution (163) resuming from job (467) added to pending list","timestamp":"2025-02-15 12:44:06"}
{"level":"info","message":"pending execution (163) ready to process","timestamp":"2025-02-15 12:44:06"}
{"level":"info","message":"execution (163) resuming...","timestamp":"2025-02-15 12:44:06"}
{"level":"info","message":"execution (163) run instruction [notification] for node (224)","timestamp":"2025-02-15 12:44:06"}
{"level":"info","message":"execution (163) run instruction [notification] for node (224) finished as status: 1","timestamp":"2025-02-15 12:44:06"}
{"level":"info","message":"execution (163) run instruction [request] for node (223)","timestamp":"2025-02-15 12:44:06"}
{"level":"info","message":"request (#223) sent to \"http://192.168.255.34:3000/api/initialize/51\", waiting for response...","timestamp":"2025-02-15 12:44:06"}
{"level":"info","message":"execution (163) exiting with status 0","timestamp":"2025-02-15 12:44:06"}
{"level":"info","execution":{"id":163,"createdAt":"2025-02-15T12:44:05.510Z","updatedAt":"2025-02-15T12:44:05.630Z","key":"zp162z7tkvg","eventKey":"75cb41d5-e1d0-4947-96b9-ccd543c5ad27","context":{"data":{"createdAt":"2025-02-15T11:55:33.926Z","updatedAt":"2025-02-15T11:55:52.932Z","workspace_id":37,"repo_roken":"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","organization_name":null,"host_domain":null,"webhook":" https://a1ab-103-130-204-185.ngrok-free.app/api/webhook/63606450-9bae-4813-889f-c7cb4abe3f63","id":51,"host":"github","repo_name":"demo-repo","repository_url":"https://github.com/sanjeevraj-belsterns/demo-repository","updatedById":1,"createdById":1,"is_initialized":"false","branch":null},"user":{"createdAt":"2025-02-03T07:06:39.365Z","updatedAt":"2025-02-15T11:39:00.967Z","systemSettings":{"themeId":1},"id":1,"nickname":"Super Admin","username":"johndoe","email":"admin@nocobase.com","phone":null,"passwordChangeTz":null,"appLang":null,"user_ids":null,"createdById":null},"roleName":"root"},"status":0,"workflowId":31},"message":"execution (163) finished with status: 0","timestamp":"2025-02-15 12:44:06"}
{"level":"info","message":"request (#223) response success, status: 201","timestamp":"2025-02-15 12:44:09"}
{"level":"info","message":"execution (163) resuming from job (468) added to pending list","timestamp":"2025-02-15 12:44:09"}
{"level":"info","message":"pending execution (163) ready to process","timestamp":"2025-02-15 12:44:09"}
{"level":"info","message":"execution (163) resuming...","timestamp":"2025-02-15 12:44:09"}
{"level":"info","message":"execution (163) run instruction [request] for node (223)","timestamp":"2025-02-15 12:44:09"}
{"level":"info","message":"execution (163) run instruction [request] for node (223) finished as status: 1","timestamp":"2025-02-15 12:44:09"}
{"level":"info","message":"execution (163) run instruction [condition] for node (225)","timestamp":"2025-02-15 12:44:09"}
{"level":"info","message":"execution (163) run instruction [notification] for node (228)","timestamp":"2025-02-15 12:44:09"}
{"level":"info","message":"notification (#228) sent, waiting for response...","timestamp":"2025-02-15 12:44:09"}
{"level":"info","message":"execution (163) exiting with status 0","timestamp":"2025-02-15 12:44:09"}
{"level":"info","message":"execution (163) exiting with status 0","timestamp":"2025-02-15 12:44:09"}
{"level":"info","message":"execution (163) exiting with status 0","timestamp":"2025-02-15 12:44:09"}
{"level":"info","execution":{"id":163,"createdAt":"2025-02-15T12:44:05.510Z","updatedAt":"2025-02-15T12:44:05.630Z","key":"zp162z7tkvg","eventKey":"75cb41d5-e1d0-4947-96b9-ccd543c5ad27","context":{"data":{"createdAt":"2025-02-15T11:55:33.926Z","updatedAt":"2025-02-15T11:55:52.932Z","workspace_id":37,"repo_roken":"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","organization_name":null,"host_domain":null,"webhook":" https://a1ab-103-130-204-185.ngrok-free.app/api/webhook/63606450-9bae-4813-889f-c7cb4abe3f63","id":51,"host":"github","repo_name":"demo-repo","repository_url":"https://github.com/sanjeevraj-belsterns/demo-repository","updatedById":1,"createdById":1,"is_initialized":"false","branch":null},"user":{"createdAt":"2025-02-03T07:06:39.365Z","updatedAt":"2025-02-15T11:39:00.967Z","systemSettings":{"themeId":1},"id":1,"nickname":"Super Admin","username":"johndoe","email":"admin@nocobase.com","phone":null,"passwordChangeTz":null,"appLang":null,"user_ids":null,"createdById":null},"roleName":"root"},"status":0,"workflowId":31},"message":"execution (163) finished with status: 0","timestamp":"2025-02-15 12:44:09"}
{"level":"info","message":"notification (#228) sent successfully.","timestamp":"2025-02-15 12:44:10"}
{"level":"info","message":"execution (163) resuming from job (470) added to pending list","timestamp":"2025-02-15 12:44:10"}
{"level":"info","message":"pending execution (163) ready to process","timestamp":"2025-02-15 12:44:10"}
{"level":"info","message":"execution (163) resuming...","timestamp":"2025-02-15 12:44:10"}
{"level":"info","message":"execution (163) run instruction [notification] for node (228)","timestamp":"2025-02-15 12:44:10"}
{"level":"info","message":"execution (163) run instruction [notification] for node (228) finished as status: 1","timestamp":"2025-02-15 12:44:10"}
{"level":"info","message":"execution (163) run instruction [condition] for node (225)","timestamp":"2025-02-15 12:44:10"}
{"level":"info","message":"execution (163) run instruction [condition] for node (225) finished as status: 1","timestamp":"2025-02-15 12:44:10"}
{"level":"info","message":"execution (163) exiting with status 1","timestamp":"2025-02-15 12:44:10"}
{"level":"info","execution":{"id":163,"createdAt":"2025-02-15T12:44:05.510Z","updatedAt":"2025-02-15T12:44:10.299Z","key":"zp162z7tkvg","eventKey":"75cb41d5-e1d0-4947-96b9-ccd543c5ad27","context":{"data":{"createdAt":"2025-02-15T11:55:33.926Z","updatedAt":"2025-02-15T11:55:52.932Z","workspace_id":37,"repo_roken":"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","organization_name":null,"host_domain":null,"webhook":" https://a1ab-103-130-204-185.ngrok-free.app/api/webhook/63606450-9bae-4813-889f-c7cb4abe3f63","id":51,"host":"github","repo_name":"demo-repo","repository_url":"https://github.com/sanjeevraj-belsterns/demo-repository","updatedById":1,"createdById":1,"is_initialized":"false","branch":null},"user":{"createdAt":"2025-02-03T07:06:39.365Z","updatedAt":"2025-02-15T11:39:00.967Z","systemSettings":{"themeId":1},"id":1,"nickname":"Super Admin","username":"johndoe","email":"admin@nocobase.com","phone":null,"passwordChangeTz":null,"appLang":null,"user_ids":null,"createdById":null},"roleName":"root"},"status":1,"workflowId":31},"message":"execution (163) finished with status: 1","timestamp":"2025-02-15 12:44:10"}
