{"level":"info","message":"new event triggered, now events: 1","timestamp":"2025-02-15 11:32:50"}
{"level":"info","message":"preparing execution for event","timestamp":"2025-02-15 11:32:50"}
{"level":"info","message":"execution of workflow 33 created as 148","timestamp":"2025-02-15 11:32:50"}
{"level":"info","message":"pending execution (148) ready to process","timestamp":"2025-02-15 11:32:51"}
{"level":"info","message":"queueing execution (148) from pending list updated to started","timestamp":"2025-02-15 11:32:51"}
{"level":"info","message":"execution (148) starting...","timestamp":"2025-02-15 11:32:51"}
{"level":"info","message":"execution (148) run instruction [request] for node (239)","timestamp":"2025-02-15 11:32:51"}
{"level":"info","message":"request (#239) sent to \"http://192.168.255.34:3000/api/repo/validate\", waiting for response...","timestamp":"2025-02-15 11:32:51"}
{"level":"info","message":"execution (148) exiting with status 0","timestamp":"2025-02-15 11:32:51"}
{"level":"info","execution":{"id":148,"context":{"data":{"createdAt":"2025-02-15T11:32:49.011Z","updatedAt":"2025-02-15T11:32:49.544Z","is_initialized":"false","id":48,"host_domain":null,"repo_name":"demo-repo","repository_url":"https://github.com/sanjeevraj-belsterns/demo-repository","repo_roken":"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","host":"github","workspace_id":37,"updatedById":1,"createdById":1,"organization_name":null,"webhook":null,"branch":null},"user":{"createdAt":"2025-02-03T07:06:39.365Z","updatedAt":"2025-02-15T04:35:27.484Z","systemSettings":{"themeId":2},"id":1,"nickname":"Super Admin","username":"johndoe","email":"admin@nocobase.com","phone":null,"passwordChangeTz":null,"appLang":null,"user_ids":null,"createdById":null},"roleName":"root"},"key":"lqjyhsrhjum","eventKey":"580bfffb-7dd8-446c-98b1-b3b72561334e","status":0,"workflowId":33,"updatedAt":"2025-02-15T11:32:51.305Z","createdAt":"2025-02-15T11:32:50.520Z"},"message":"execution (148) finished with status: 0","timestamp":"2025-02-15 11:32:51"}
{"level":"info","message":"request (#239) response success, status: 200","timestamp":"2025-02-15 11:32:52"}
{"level":"info","message":"execution (148) resuming from job (400) added to pending list","timestamp":"2025-02-15 11:32:52"}
{"level":"info","message":"pending execution (148) ready to process","timestamp":"2025-02-15 11:32:52"}
{"level":"info","message":"execution (148) resuming...","timestamp":"2025-02-15 11:32:52"}
{"level":"info","message":"execution (148) run instruction [request] for node (239)","timestamp":"2025-02-15 11:32:52"}
{"level":"info","message":"execution (148) run instruction [request] for node (239) finished as status: 1","timestamp":"2025-02-15 11:32:52"}
{"level":"info","message":"execution (148) run instruction [condition] for node (240)","timestamp":"2025-02-15 11:32:52"}
{"level":"info","message":"execution (148) run instruction [notification] for node (242)","timestamp":"2025-02-15 11:32:52"}
{"level":"info","message":"notification (#242) sent, waiting for response...","timestamp":"2025-02-15 11:32:52"}
{"level":"info","message":"execution (148) exiting with status 0","timestamp":"2025-02-15 11:32:52"}
{"level":"info","message":"execution (148) exiting with status 0","timestamp":"2025-02-15 11:32:52"}
{"level":"info","message":"execution (148) exiting with status 0","timestamp":"2025-02-15 11:32:52"}
{"level":"info","execution":{"id":148,"context":{"data":{"createdAt":"2025-02-15T11:32:49.011Z","updatedAt":"2025-02-15T11:32:49.544Z","is_initialized":"false","id":48,"host_domain":null,"repo_name":"demo-repo","repository_url":"https://github.com/sanjeevraj-belsterns/demo-repository","repo_roken":"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","host":"github","workspace_id":37,"updatedById":1,"createdById":1,"organization_name":null,"webhook":null,"branch":null},"user":{"createdAt":"2025-02-03T07:06:39.365Z","updatedAt":"2025-02-15T04:35:27.484Z","systemSettings":{"themeId":2},"id":1,"nickname":"Super Admin","username":"johndoe","email":"admin@nocobase.com","phone":null,"passwordChangeTz":null,"appLang":null,"user_ids":null,"createdById":null},"roleName":"root"},"key":"lqjyhsrhjum","eventKey":"580bfffb-7dd8-446c-98b1-b3b72561334e","status":0,"workflowId":33,"updatedAt":"2025-02-15T11:32:51.305Z","createdAt":"2025-02-15T11:32:50.520Z"},"message":"execution (148) finished with status: 0","timestamp":"2025-02-15 11:32:52"}
{"level":"info","message":"notification (#242) sent successfully.","timestamp":"2025-02-15 11:32:52"}
{"level":"info","message":"execution (148) resuming from job (402) added to pending list","timestamp":"2025-02-15 11:32:53"}
{"level":"info","message":"pending execution (148) ready to process","timestamp":"2025-02-15 11:32:53"}
{"level":"info","message":"execution (148) resuming...","timestamp":"2025-02-15 11:32:53"}
{"level":"info","message":"execution (148) run instruction [notification] for node (242)","timestamp":"2025-02-15 11:32:53"}
{"level":"info","message":"execution (148) run instruction [notification] for node (242) finished as status: 1","timestamp":"2025-02-15 11:32:53"}
{"level":"info","message":"execution (148) run instruction [request] for node (241)","timestamp":"2025-02-15 11:32:53"}
{"level":"info","message":"request (#241) sent to \"http://192.168.255.34:3000/api/repo\", waiting for response...","timestamp":"2025-02-15 11:32:53"}
{"level":"info","message":"execution (148) exiting with status 0","timestamp":"2025-02-15 11:32:53"}
{"level":"info","execution":{"id":148,"createdAt":"2025-02-15T11:32:50.520Z","updatedAt":"2025-02-15T11:32:51.305Z","key":"lqjyhsrhjum","eventKey":"580bfffb-7dd8-446c-98b1-b3b72561334e","context":{"data":{"createdAt":"2025-02-15T11:32:49.011Z","updatedAt":"2025-02-15T11:32:49.544Z","is_initialized":"false","id":48,"host_domain":null,"repo_name":"demo-repo","repository_url":"https://github.com/sanjeevraj-belsterns/demo-repository","repo_roken":"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","host":"github","workspace_id":37,"updatedById":1,"createdById":1,"organization_name":null,"webhook":null,"branch":null},"user":{"createdAt":"2025-02-03T07:06:39.365Z","updatedAt":"2025-02-15T04:35:27.484Z","systemSettings":{"themeId":2},"id":1,"nickname":"Super Admin","username":"johndoe","email":"admin@nocobase.com","phone":null,"passwordChangeTz":null,"appLang":null,"user_ids":null,"createdById":null},"roleName":"root"},"status":0,"workflowId":33},"message":"execution (148) finished with status: 0","timestamp":"2025-02-15 11:32:53"}
{"level":"info","message":"request (#241) response success, status: 200","timestamp":"2025-02-15 11:32:54"}
{"level":"info","message":"execution (148) resuming from job (403) added to pending list","timestamp":"2025-02-15 11:32:54"}
{"level":"info","message":"pending execution (148) ready to process","timestamp":"2025-02-15 11:32:54"}
{"level":"info","message":"execution (148) resuming...","timestamp":"2025-02-15 11:32:54"}
{"level":"info","message":"execution (148) run instruction [request] for node (241)","timestamp":"2025-02-15 11:32:54"}
{"level":"info","message":"execution (148) run instruction [request] for node (241) finished as status: 1","timestamp":"2025-02-15 11:32:54"}
{"level":"info","message":"execution (148) run instruction [condition] for node (243)","timestamp":"2025-02-15 11:32:54"}
{"level":"info","message":"execution (148) run instruction [sql] for node (247)","timestamp":"2025-02-15 11:32:54"}
{"level":"info","message":"execution (148) run instruction [sql] for node (247) finished as status: 1","timestamp":"2025-02-15 11:32:54"}
{"level":"info","message":"execution (148) run instruction [notification] for node (244)","timestamp":"2025-02-15 11:32:54"}
{"level":"info","message":"notification (#244) sent, waiting for response...","timestamp":"2025-02-15 11:32:54"}
{"level":"info","message":"execution (148) exiting with status 0","timestamp":"2025-02-15 11:32:54"}
{"level":"info","message":"execution (148) exiting with status 0","timestamp":"2025-02-15 11:32:54"}
{"level":"info","message":"execution (148) exiting with status 0","timestamp":"2025-02-15 11:32:54"}
{"level":"info","execution":{"id":148,"createdAt":"2025-02-15T11:32:50.520Z","updatedAt":"2025-02-15T11:32:51.305Z","key":"lqjyhsrhjum","eventKey":"580bfffb-7dd8-446c-98b1-b3b72561334e","context":{"data":{"createdAt":"2025-02-15T11:32:49.011Z","updatedAt":"2025-02-15T11:32:49.544Z","is_initialized":"false","id":48,"host_domain":null,"repo_name":"demo-repo","repository_url":"https://github.com/sanjeevraj-belsterns/demo-repository","repo_roken":"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","host":"github","workspace_id":37,"updatedById":1,"createdById":1,"organization_name":null,"webhook":null,"branch":null},"user":{"createdAt":"2025-02-03T07:06:39.365Z","updatedAt":"2025-02-15T04:35:27.484Z","systemSettings":{"themeId":2},"id":1,"nickname":"Super Admin","username":"johndoe","email":"admin@nocobase.com","phone":null,"passwordChangeTz":null,"appLang":null,"user_ids":null,"createdById":null},"roleName":"root"},"status":0,"workflowId":33},"message":"execution (148) finished with status: 0","timestamp":"2025-02-15 11:32:54"}
{"level":"info","message":"notification (#244) sent successfully.","timestamp":"2025-02-15 11:32:54"}
{"level":"info","message":"execution (148) resuming from job (406) added to pending list","timestamp":"2025-02-15 11:32:54"}
{"level":"info","message":"pending execution (148) ready to process","timestamp":"2025-02-15 11:32:54"}
{"level":"info","message":"execution (148) resuming...","timestamp":"2025-02-15 11:32:54"}
{"level":"info","message":"execution (148) run instruction [notification] for node (244)","timestamp":"2025-02-15 11:32:54"}
{"level":"info","message":"execution (148) run instruction [notification] for node (244) finished as status: 1","timestamp":"2025-02-15 11:32:54"}
{"level":"info","message":"execution (148) run instruction [condition] for node (243)","timestamp":"2025-02-15 11:32:54"}
{"level":"info","message":"execution (148) run instruction [condition] for node (243) finished as status: 1","timestamp":"2025-02-15 11:32:54"}
{"level":"info","message":"execution (148) run instruction [condition] for node (240)","timestamp":"2025-02-15 11:32:54"}
{"level":"info","message":"execution (148) run instruction [condition] for node (240) finished as status: 1","timestamp":"2025-02-15 11:32:54"}
{"level":"info","message":"execution (148) exiting with status 1","timestamp":"2025-02-15 11:32:54"}
{"level":"info","execution":{"id":148,"createdAt":"2025-02-15T11:32:50.520Z","updatedAt":"2025-02-15T11:32:54.497Z","key":"lqjyhsrhjum","eventKey":"580bfffb-7dd8-446c-98b1-b3b72561334e","context":{"data":{"createdAt":"2025-02-15T11:32:49.011Z","updatedAt":"2025-02-15T11:32:49.544Z","is_initialized":"false","id":48,"host_domain":null,"repo_name":"demo-repo","repository_url":"https://github.com/sanjeevraj-belsterns/demo-repository","repo_roken":"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","host":"github","workspace_id":37,"updatedById":1,"createdById":1,"organization_name":null,"webhook":null,"branch":null},"user":{"createdAt":"2025-02-03T07:06:39.365Z","updatedAt":"2025-02-15T04:35:27.484Z","systemSettings":{"themeId":2},"id":1,"nickname":"Super Admin","username":"johndoe","email":"admin@nocobase.com","phone":null,"passwordChangeTz":null,"appLang":null,"user_ids":null,"createdById":null},"roleName":"root"},"status":1,"workflowId":33},"message":"execution (148) finished with status: 1","timestamp":"2025-02-15 11:32:54"}
