{"level":"info","message":"new event triggered, now events: 1","timestamp":"2025-02-15 11:35:55"}
{"level":"info","message":"preparing execution for event","timestamp":"2025-02-15 11:35:55"}
{"level":"info","message":"execution of workflow 23 created as 150","timestamp":"2025-02-15 11:35:55"}
{"level":"info","message":"pending execution (150) ready to process","timestamp":"2025-02-15 11:35:56"}
{"level":"info","message":"queueing execution (150) from pending list updated to started","timestamp":"2025-02-15 11:35:56"}
{"level":"info","message":"execution (150) starting...","timestamp":"2025-02-15 11:35:56"}
{"level":"info","message":"execution (150) run instruction [request] for node (147)","timestamp":"2025-02-15 11:35:56"}
{"level":"info","message":"request (#147) sent to \"http://192.168.255.34:3000/api/repo/validate\", waiting for response...","timestamp":"2025-02-15 11:35:56"}
{"level":"info","message":"execution (150) exiting with status 0","timestamp":"2025-02-15 11:35:56"}
{"level":"info","execution":{"id":150,"context":{"data":{"createdAt":"2025-02-15T11:35:55.750Z","updatedAt":"2025-02-15T11:35:55.772Z","is_initialized":"false","id":49,"host_domain":null,"repo_name":"demo-repo","repository_url":"https://github.com/sanjeevraj-belsterns/demo-repository","repo_roken":"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","host":"github","workspace_id":37,"updatedById":1,"createdById":1,"organization_name":null,"webhook":null,"branch":null},"user":{"createdAt":"2025-02-03T07:06:39.365Z","updatedAt":"2025-02-15T04:35:27.484Z","systemSettings":{"themeId":2},"id":1,"nickname":"Super Admin","username":"johndoe","email":"admin@nocobase.com","phone":null,"passwordChangeTz":null,"appLang":null,"user_ids":null,"createdById":null},"roleName":"root"},"key":"3pwrk7xtkfq","eventKey":"99dd49af-a0d9-4a52-a706-dbabdfccdc38","status":0,"workflowId":23,"updatedAt":"2025-02-15T11:35:56.018Z","createdAt":"2025-02-15T11:35:55.961Z"},"message":"execution (150) finished with status: 0","timestamp":"2025-02-15 11:35:56"}
{"level":"info","message":"request (#147) response success, status: 200","timestamp":"2025-02-15 11:35:57"}
{"level":"info","message":"execution (150) resuming from job (410) added to pending list","timestamp":"2025-02-15 11:35:57"}
{"level":"info","message":"pending execution (150) ready to process","timestamp":"2025-02-15 11:35:57"}
{"level":"info","message":"execution (150) resuming...","timestamp":"2025-02-15 11:35:57"}
{"level":"info","message":"execution (150) run instruction [request] for node (147)","timestamp":"2025-02-15 11:35:57"}
{"level":"info","message":"execution (150) run instruction [request] for node (147) finished as status: 1","timestamp":"2025-02-15 11:35:57"}
{"level":"info","message":"execution (150) run instruction [condition] for node (148)","timestamp":"2025-02-15 11:35:57"}
{"level":"info","message":"execution (150) run instruction [notification] for node (150)","timestamp":"2025-02-15 11:35:57"}
{"level":"info","message":"notification (#150) sent, waiting for response...","timestamp":"2025-02-15 11:35:57"}
{"level":"info","message":"execution (150) exiting with status 0","timestamp":"2025-02-15 11:35:57"}
{"level":"info","message":"execution (150) exiting with status 0","timestamp":"2025-02-15 11:35:57"}
{"level":"info","message":"execution (150) exiting with status 0","timestamp":"2025-02-15 11:35:57"}
{"level":"info","execution":{"id":150,"context":{"data":{"createdAt":"2025-02-15T11:35:55.750Z","updatedAt":"2025-02-15T11:35:55.772Z","is_initialized":"false","id":49,"host_domain":null,"repo_name":"demo-repo","repository_url":"https://github.com/sanjeevraj-belsterns/demo-repository","repo_roken":"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","host":"github","workspace_id":37,"updatedById":1,"createdById":1,"organization_name":null,"webhook":null,"branch":null},"user":{"createdAt":"2025-02-03T07:06:39.365Z","updatedAt":"2025-02-15T04:35:27.484Z","systemSettings":{"themeId":2},"id":1,"nickname":"Super Admin","username":"johndoe","email":"admin@nocobase.com","phone":null,"passwordChangeTz":null,"appLang":null,"user_ids":null,"createdById":null},"roleName":"root"},"key":"3pwrk7xtkfq","eventKey":"99dd49af-a0d9-4a52-a706-dbabdfccdc38","status":0,"workflowId":23,"updatedAt":"2025-02-15T11:35:56.018Z","createdAt":"2025-02-15T11:35:55.961Z"},"message":"execution (150) finished with status: 0","timestamp":"2025-02-15 11:35:57"}
{"level":"info","message":"notification (#150) sent successfully.","timestamp":"2025-02-15 11:35:57"}
{"level":"info","message":"execution (150) resuming from job (412) added to pending list","timestamp":"2025-02-15 11:35:57"}
{"level":"info","message":"pending execution (150) ready to process","timestamp":"2025-02-15 11:35:57"}
{"level":"info","message":"execution (150) resuming...","timestamp":"2025-02-15 11:35:57"}
{"level":"info","message":"execution (150) run instruction [notification] for node (150)","timestamp":"2025-02-15 11:35:57"}
{"level":"info","message":"execution (150) run instruction [notification] for node (150) finished as status: 1","timestamp":"2025-02-15 11:35:58"}
{"level":"info","message":"execution (150) run instruction [request] for node (149)","timestamp":"2025-02-15 11:35:58"}
{"level":"info","message":"request (#149) sent to \"http://192.168.255.34:3000/api/repo\", waiting for response...","timestamp":"2025-02-15 11:35:58"}
{"level":"info","message":"execution (150) exiting with status 0","timestamp":"2025-02-15 11:35:58"}
{"level":"info","execution":{"id":150,"createdAt":"2025-02-15T11:35:55.961Z","updatedAt":"2025-02-15T11:35:56.018Z","key":"3pwrk7xtkfq","eventKey":"99dd49af-a0d9-4a52-a706-dbabdfccdc38","context":{"data":{"createdAt":"2025-02-15T11:35:55.750Z","updatedAt":"2025-02-15T11:35:55.772Z","is_initialized":"false","id":49,"host_domain":null,"repo_name":"demo-repo","repository_url":"https://github.com/sanjeevraj-belsterns/demo-repository","repo_roken":"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","host":"github","workspace_id":37,"updatedById":1,"createdById":1,"organization_name":null,"webhook":null,"branch":null},"user":{"createdAt":"2025-02-03T07:06:39.365Z","updatedAt":"2025-02-15T04:35:27.484Z","systemSettings":{"themeId":2},"id":1,"nickname":"Super Admin","username":"johndoe","email":"admin@nocobase.com","phone":null,"passwordChangeTz":null,"appLang":null,"user_ids":null,"createdById":null},"roleName":"root"},"status":0,"workflowId":23},"message":"execution (150) finished with status: 0","timestamp":"2025-02-15 11:35:58"}
{"level":"info","message":"request (#149) response success, status: 200","timestamp":"2025-02-15 11:35:58"}
{"level":"info","message":"execution (150) resuming from job (413) added to pending list","timestamp":"2025-02-15 11:35:58"}
{"level":"info","message":"pending execution (150) ready to process","timestamp":"2025-02-15 11:35:58"}
{"level":"info","message":"execution (150) resuming...","timestamp":"2025-02-15 11:35:58"}
{"level":"info","message":"execution (150) run instruction [request] for node (149)","timestamp":"2025-02-15 11:35:58"}
{"level":"info","message":"execution (150) run instruction [request] for node (149) finished as status: 1","timestamp":"2025-02-15 11:35:58"}
{"level":"info","message":"execution (150) run instruction [condition] for node (151)","timestamp":"2025-02-15 11:35:58"}
{"level":"info","message":"execution (150) run instruction [update] for node (156)","timestamp":"2025-02-15 11:35:58"}
{"level":"error","name":"SequelizeValidationError","errors":[{"message":"webhook cannot be an array or an object","type":"string violation","path":"webhook","value":{"webhook_url":" https://a1ab-103-130-204-185.ngrok-free.app/api/webhook/997cbc46-50da-4126-a665-1e771a07021b"},"origin":"CORE","instance":{"updatedAt":"2025-02-15T11:35:58.620Z","is_initialized":"false","id":null,"webhook":{"webhook_url":" https://a1ab-103-130-204-185.ngrok-free.app/api/webhook/997cbc46-50da-4126-a665-1e771a07021b"}},"validatorKey":"not_a_string","validatorName":null,"validatorArgs":[]}],"message":"execution (150) run instruction [update] for node (156) failed:  string violation: webhook cannot be an array or an object","stack":"SequelizeValidationError: string violation: webhook cannot be an array or an object\n    at InstanceValidator._validate (/app/nocobase/node_modules/sequelize/lib/instance-validator.js:50:13)\n    at process.processTicksAndRejections (node:internal/process/task_queues:95:5)\n    at async InstanceValidator._validateAndRunHooks (/app/nocobase/node_modules/sequelize/lib/instance-validator.js:60:7)\n    at async InstanceValidator.validate (/app/nocobase/node_modules/sequelize/lib/instance-validator.js:54:12)\n    at async repositories.update (/app/nocobase/node_modules/sequelize/lib/model.js:1933:26)\n    at async _Repository.update (/app/nocobase/node_modules/@nocobase/database/lib/repository.js:402:24)\n    at async descriptor.value (/app/nocobase/node_modules/@nocobase/database/lib/decorators/transaction-decorator.js:84:29)\n    at async UpdateInstruction.run (/app/nocobase/node_modules/@nocobase/plugin-workflow/dist/server/instructions/UpdateInstruction.js:42:20)\n    at async Processor.exec (/app/nocobase/node_modules/@nocobase/plugin-workflow/dist/server/Processor.js:160:13)\n    at async ConditionInstruction.run (/app/nocobase/node_modules/@nocobase/plugin-workflow/dist/server/instructions/ConditionInstruction.js:77:5)","timestamp":"2025-02-15 11:35:58"}
{"level":"info","message":"execution (150) run instruction [update] for node (156) finished as status: -2","timestamp":"2025-02-15 11:35:58"}
{"level":"info","message":"execution (150) run instruction [condition] for node (151)","timestamp":"2025-02-15 11:35:58"}
{"level":"info","message":"execution (150) exiting with status -2","timestamp":"2025-02-15 11:35:58"}
{"level":"info","message":"execution (150) exiting with status -2","timestamp":"2025-02-15 11:35:58"}
{"level":"info","message":"execution (150) exiting with status -2","timestamp":"2025-02-15 11:35:58"}
{"level":"info","execution":{"id":150,"createdAt":"2025-02-15T11:35:55.961Z","updatedAt":"2025-02-15T11:35:58.785Z","key":"3pwrk7xtkfq","eventKey":"99dd49af-a0d9-4a52-a706-dbabdfccdc38","context":{"data":{"createdAt":"2025-02-15T11:35:55.750Z","updatedAt":"2025-02-15T11:35:55.772Z","is_initialized":"false","id":49,"host_domain":null,"repo_name":"demo-repo","repository_url":"https://github.com/sanjeevraj-belsterns/demo-repository","repo_roken":"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","host":"github","workspace_id":37,"updatedById":1,"createdById":1,"organization_name":null,"webhook":null,"branch":null},"user":{"createdAt":"2025-02-03T07:06:39.365Z","updatedAt":"2025-02-15T04:35:27.484Z","systemSettings":{"themeId":2},"id":1,"nickname":"Super Admin","username":"johndoe","email":"admin@nocobase.com","phone":null,"passwordChangeTz":null,"appLang":null,"user_ids":null,"createdById":null},"roleName":"root"},"status":-2,"workflowId":23},"message":"execution (150) finished with status: -2","timestamp":"2025-02-15 11:35:58"}
